2024-08-14 18:08:53,389 - INFO - div tokens downloaded successfully
2024-08-14 18:09:03,717 - INFO - div tokens downloaded successfully
2024-08-14 18:09:14,063 - INFO - div tokens downloaded successfully
2024-08-14 18:09:24,504 - INFO - div tokens downloaded successfully
2024-08-14 18:09:35,258 - INFO - div tokens downloaded successfully
2024-08-14 18:09:45,908 - INFO - div tokens downloaded successfully
2024-08-14 18:09:56,458 - INFO - div tokens downloaded successfully
2024-08-14 18:10:06,865 - INFO - div tokens downloaded successfully
2024-08-14 18:10:17,099 - INFO - div tokens downloaded successfully
2024-08-14 18:10:27,347 - INFO - div tokens downloaded successfully
2024-08-14 18:10:37,807 - INFO - div tokens downloaded successfully
2024-08-14 18:10:48,083 - INFO - div tokens downloaded successfully
2024-08-14 18:10:58,829 - INFO - div tokens downloaded successfully
2024-08-14 18:11:09,222 - INFO - div tokens downloaded successfully
2024-08-14 18:11:19,722 - INFO - div tokens downloaded successfully
2024-08-14 18:11:29,934 - INFO - div tokens downloaded successfully
2024-08-14 18:11:40,164 - INFO - div tokens downloaded successfully
2024-08-14 18:11:50,447 - INFO - div tokens downloaded successfully
2024-08-14 18:12:00,654 - INFO - div tokens downloaded successfully
2024-08-14 18:12:11,265 - INFO - div tokens downloaded successfully
2024-08-14 18:12:21,736 - INFO - div tokens downloaded successfully
2024-08-14 18:12:31,969 - INFO - div tokens downloaded successfully
2024-08-14 18:12:42,338 - INFO - div tokens downloaded successfully
2024-08-14 18:12:52,604 - INFO - div tokens downloaded successfully
2024-08-14 18:13:02,857 - INFO - div tokens downloaded successfully
2024-08-14 18:13:13,078 - INFO - div tokens downloaded successfully
2024-08-14 18:13:23,482 - INFO - div tokens downloaded successfully
2024-08-14 18:13:33,961 - INFO - div tokens downloaded successfully
2024-08-14 18:13:44,377 - INFO - div tokens downloaded successfully
2024-08-14 18:13:54,809 - INFO - div tokens downloaded successfully
2024-08-14 18:14:05,016 - INFO - div tokens downloaded successfully
2024-08-14 18:14:15,226 - INFO - div tokens downloaded successfully
2024-08-14 18:14:25,458 - INFO - div tokens downloaded successfully
2024-08-14 18:14:35,706 - INFO - div tokens downloaded successfully
2024-08-14 18:14:45,933 - INFO - div tokens downloaded successfully
2024-08-14 18:14:56,567 - INFO - div tokens downloaded successfully
2024-08-14 18:15:06,945 - INFO - div tokens downloaded successfully
2024-08-14 18:15:17,357 - INFO - div tokens downloaded successfully
2024-08-14 18:15:27,943 - INFO - div tokens downloaded successfully
2024-08-14 18:15:38,678 - INFO - div tokens downloaded successfully
2024-08-14 18:15:48,939 - INFO - div tokens downloaded successfully
2024-08-14 18:15:59,183 - INFO - div tokens downloaded successfully
2024-08-14 18:16:09,468 - INFO - div tokens downloaded successfully
2024-08-14 18:16:20,141 - INFO - div tokens downloaded successfully
2024-08-14 18:16:30,378 - INFO - div tokens downloaded successfully
2024-08-14 18:16:40,754 - INFO - div tokens downloaded successfully
2024-08-14 18:16:51,119 - INFO - div tokens downloaded successfully
2024-08-14 18:17:01,459 - INFO - div tokens downloaded successfully
2024-08-14 18:17:11,683 - INFO - div tokens downloaded successfully
2024-08-14 18:17:21,914 - INFO - div tokens downloaded successfully
2024-08-14 18:17:32,124 - INFO - div tokens downloaded successfully
2024-08-14 18:17:42,474 - INFO - div tokens downloaded successfully
2024-08-14 18:17:52,954 - INFO - div tokens downloaded successfully
2024-08-14 18:18:03,676 - INFO - div tokens downloaded successfully
2024-08-14 18:18:14,151 - INFO - div tokens downloaded successfully
2024-08-14 18:18:24,598 - INFO - div tokens downloaded successfully
2024-08-14 18:18:34,828 - INFO - div tokens downloaded successfully
2024-08-14 18:18:45,066 - INFO - div tokens downloaded successfully
2024-08-14 18:18:55,302 - INFO - div tokens downloaded successfully
2024-08-14 18:19:06,045 - INFO - div tokens downloaded successfully
2024-08-14 18:19:16,510 - INFO - div tokens downloaded successfully
2024-08-14 18:19:26,791 - INFO - div tokens downloaded successfully
2024-08-14 18:19:37,101 - INFO - div tokens downloaded successfully
2024-08-14 18:19:48,137 - INFO - div tokens downloaded successfully
2024-08-14 18:19:58,505 - INFO - div tokens downloaded successfully
2024-08-14 18:20:08,771 - INFO - div tokens downloaded successfully
2024-08-14 18:20:19,008 - INFO - div tokens downloaded successfully
2024-08-14 18:20:29,628 - INFO - div tokens downloaded successfully
2024-08-14 18:20:39,976 - INFO - div tokens downloaded successfully
2024-08-14 18:20:50,815 - INFO - div tokens downloaded successfully
2024-08-14 18:21:01,292 - INFO - div tokens downloaded successfully
2024-08-14 18:21:11,706 - INFO - div tokens downloaded successfully
2024-08-14 18:21:22,110 - INFO - div tokens downloaded successfully
2024-08-14 18:21:32,297 - INFO - div tokens downloaded successfully
2024-08-14 18:21:42,557 - INFO - div tokens downloaded successfully
2024-08-14 18:21:53,206 - INFO - div tokens downloaded successfully
2024-08-14 18:22:03,652 - ERROR - CAN NOT  DOWNLOAD DIV TOKENS!
ERORR:
Traceback (most recent call last):
  File "/home/sjd/Desktop/Realstate-Ads-Data-divar-sheypoor-/sc_ads/scraper/div_sc.py", line 81, in <module>
    print(f"{myfile} exists.")
OSError: [Errno 5] Input/output error
2024-08-14 18:22:13,900 - ERROR - CAN NOT  DOWNLOAD DIV TOKENS!
ERORR:
Traceback (most recent call last):
  File "/home/sjd/Desktop/Realstate-Ads-Data-divar-sheypoor-/sc_ads/scraper/div_sc.py", line 81, in <module>
    print(f"{myfile} exists.")
OSError: [Errno 5] Input/output error
