2024-08-09 07:26:33,981 - INFO - DIV SUPER! cleanup carefully
2024-08-09 07:26:33,988 - INFO - DIV SUPER! cleanup carefully
2024-08-09 07:26:33,994 - INFO - DIV SUPER! cleanup carefully
2024-08-09 07:26:34,000 - INFO - DIV SUPER! cleanup carefully
2024-08-09 07:26:34,006 - INFO - DIV SUPER! cleanup carefully
2024-08-09 07:26:34,016 - INFO - DIV SUPER! cleanup carefully
2024-08-09 07:26:34,026 - INFO - DIV SUPER! cleanup carefully
2024-08-09 07:26:34,036 - INFO - DIV SUPER! cleanup carefully
2024-08-09 07:26:34,043 - INFO - DIV SUPER! cleanup carefully
2024-08-09 07:26:34,050 - INFO - DIV SUPER! cleanup carefully
2024-08-09 07:26:34,058 - INFO - DIV SUPER! cleanup carefully
2024-08-09 07:26:34,065 - INFO - DIV SUPER! cleanup carefully
2024-08-09 07:26:34,072 - INFO - DIV SUPER! cleanup carefully
2024-08-09 07:26:34,079 - INFO - DIV SUPER! cleanup carefully
2024-08-09 07:26:34,086 - INFO - DIV SUPER! cleanup carefully
2024-08-09 07:26:34,094 - INFO - DIV SUPER! cleanup carefully
2024-08-09 07:26:34,101 - INFO - DIV SUPER! cleanup carefully
2024-08-09 07:26:34,110 - INFO - DIV SUPER! cleanup carefully
2024-08-09 07:26:34,116 - INFO - DIV SUPER! cleanup carefully
2024-08-09 07:26:34,124 - INFO - DIV SUPER! cleanup carefully
2024-08-09 07:26:34,131 - INFO - DIV SUPER! cleanup carefully
2024-08-09 07:26:34,138 - INFO - DIV SUPER! cleanup carefully
2024-08-09 07:26:34,144 - INFO - DIV SUPER! cleanup carefully
2024-08-09 07:26:34,151 - INFO - DIV SUPER! cleanup carefully
2024-08-09 07:36:01,983 - INFO - DIV SUPER! cleanup carefully
2024-08-09 07:36:01,991 - INFO - DIV SUPER! cleanup carefully
2024-08-09 07:36:01,999 - INFO - DIV SUPER! cleanup carefully
2024-08-09 07:36:02,009 - INFO - DIV SUPER! cleanup carefully
2024-08-09 07:36:02,016 - INFO - DIV SUPER! cleanup carefully
2024-08-09 07:36:02,026 - INFO - DIV SUPER! cleanup carefully
2024-08-09 07:36:02,036 - INFO - DIV SUPER! cleanup carefully
2024-08-09 07:36:02,044 - INFO - DIV SUPER! cleanup carefully
2024-08-09 07:36:02,051 - INFO - DIV SUPER! cleanup carefully
2024-08-09 07:36:02,061 - INFO - DIV SUPER! cleanup carefully
2024-08-09 07:36:02,069 - INFO - DIV SUPER! cleanup carefully
2024-08-09 07:36:02,077 - INFO - DIV SUPER! cleanup carefully
2024-08-09 07:36:02,084 - INFO - DIV SUPER! cleanup carefully
2024-08-09 07:36:02,094 - INFO - DIV SUPER! cleanup carefully
2024-08-09 07:36:02,101 - INFO - DIV SUPER! cleanup carefully
2024-08-09 07:36:02,110 - INFO - DIV SUPER! cleanup carefully
2024-08-09 07:36:02,117 - INFO - DIV SUPER! cleanup carefully
2024-08-09 07:36:02,126 - INFO - DIV SUPER! cleanup carefully
2024-08-09 07:36:02,133 - INFO - DIV SUPER! cleanup carefully
2024-08-09 07:36:02,142 - INFO - DIV SUPER! cleanup carefully
2024-08-09 07:36:02,149 - INFO - DIV SUPER! cleanup carefully
2024-08-09 07:36:02,156 - INFO - DIV SUPER! cleanup carefully
2024-08-09 07:36:02,164 - INFO - DIV SUPER! cleanup carefully
2024-08-09 07:36:02,172 - INFO - DIV SUPER! cleanup carefully
2024-08-09 07:36:02,179 - INFO - DIV SUPER! cleanup carefully
2024-08-09 07:36:02,186 - INFO - DIV SUPER! cleanup carefully
2024-08-09 07:36:02,194 - INFO - DIV SUPER! cleanup carefully
2024-08-09 07:36:02,201 - INFO - DIV SUPER! cleanup carefully
2024-08-09 07:36:02,209 - INFO - DIV SUPER! cleanup carefully
2024-08-09 07:36:02,215 - INFO - DIV SUPER! cleanup carefully
2024-08-09 07:36:02,222 - INFO - DIV SUPER! cleanup carefully
2024-08-09 07:36:02,230 - INFO - DIV SUPER! cleanup carefully
2024-08-09 07:36:02,237 - INFO - DIV SUPER! cleanup carefully
2024-08-09 07:36:02,244 - INFO - DIV SUPER! cleanup carefully
2024-08-09 07:36:02,250 - INFO - DIV SUPER! cleanup carefully
2024-08-09 07:36:02,259 - INFO - DIV SUPER! cleanup carefully
2024-08-09 07:36:02,267 - INFO - DIV SUPER! cleanup carefully
2024-08-09 07:36:02,279 - INFO - DIV SUPER! cleanup carefully
2024-08-09 07:36:02,288 - INFO - DIV SUPER! cleanup carefully
2024-08-09 07:36:02,295 - INFO - DIV SUPER! cleanup carefully
2024-08-09 07:36:02,302 - INFO - DIV SUPER! cleanup carefully
2024-08-09 07:36:02,310 - INFO - DIV SUPER! cleanup carefully
2024-08-09 07:36:02,317 - INFO - DIV SUPER! cleanup carefully
2024-08-09 07:36:02,328 - INFO - DIV SUPER! cleanup carefully
2024-08-09 07:36:02,340 - INFO - DIV SUPER! cleanup carefully
2024-08-09 07:36:02,347 - INFO - DIV SUPER! cleanup carefully
2024-08-09 07:36:02,354 - INFO - DIV SUPER! cleanup carefully
2024-08-09 07:36:02,362 - INFO - DIV SUPER! cleanup carefully
2024-08-09 07:36:02,369 - INFO - DIV SUPER! cleanup carefully
2024-08-09 07:36:02,377 - INFO - DIV SUPER! cleanup carefully
2024-08-09 07:36:02,383 - INFO - DIV SUPER! cleanup carefully
2024-08-09 07:36:02,390 - INFO - DIV SUPER! cleanup carefully
2024-08-09 07:36:02,398 - INFO - DIV SUPER! cleanup carefully
2024-08-09 07:36:02,405 - INFO - DIV SUPER! cleanup carefully
2024-08-09 07:36:02,412 - INFO - DIV SUPER! cleanup carefully
2024-08-09 07:36:02,421 - INFO - DIV SUPER! cleanup carefully
2024-08-09 07:36:02,428 - INFO - DIV SUPER! cleanup carefully
2024-08-09 07:36:02,435 - INFO - DIV SUPER! cleanup carefully
2024-08-09 07:36:02,443 - INFO - DIV SUPER! cleanup carefully
2024-08-09 07:36:02,450 - INFO - DIV SUPER! cleanup carefully
2024-08-09 07:36:02,457 - INFO - DIV SUPER! cleanup carefully
2024-08-09 07:36:02,464 - INFO - DIV SUPER! cleanup carefully
2024-08-09 07:36:02,471 - INFO - DIV SUPER! cleanup carefully
2024-08-09 07:36:02,478 - INFO - DIV SUPER! cleanup carefully
2024-08-09 07:36:02,485 - INFO - DIV SUPER! cleanup carefully
2024-08-09 07:36:02,493 - INFO - DIV SUPER! cleanup carefully
2024-08-09 07:36:02,500 - INFO - DIV SUPER! cleanup carefully
2024-08-09 07:36:02,507 - INFO - DIV SUPER! cleanup carefully
2024-08-09 07:36:02,514 - INFO - DIV SUPER! cleanup carefully
2024-08-09 07:36:02,516 - INFO - DIV SUPER! cleanup carefully
2024-08-09 07:36:02,526 - INFO - DIV SUPER! cleanup carefully
2024-08-09 07:36:02,533 - INFO - DIV SUPER! cleanup carefully
2024-08-09 07:36:02,541 - INFO - DIV SUPER! cleanup carefully
2024-08-09 07:36:02,548 - INFO - DIV SUPER! cleanup carefully
2024-08-09 07:36:02,555 - INFO - DIV SUPER! cleanup carefully
2024-08-09 07:36:02,562 - INFO - DIV SUPER! cleanup carefully
2024-08-09 07:36:02,570 - INFO - DIV SUPER! cleanup carefully
2024-08-09 07:36:02,578 - INFO - DIV SUPER! cleanup carefully
2024-08-09 07:36:02,586 - INFO - DIV SUPER! cleanup carefully
2024-08-09 07:36:02,593 - INFO - DIV SUPER! cleanup carefully
2024-08-09 07:36:02,601 - INFO - DIV SUPER! cleanup carefully
2024-08-09 07:36:02,609 - INFO - DIV SUPER! cleanup carefully
2024-08-09 07:36:02,616 - INFO - DIV SUPER! cleanup carefully
2024-08-09 07:36:02,623 - INFO - DIV SUPER! cleanup carefully
2024-08-09 07:36:02,629 - INFO - DIV SUPER! cleanup carefully
2024-08-09 07:36:02,636 - INFO - DIV SUPER! cleanup carefully
2024-08-09 07:36:02,642 - INFO - DIV SUPER! cleanup carefully
2024-08-09 07:36:02,649 - INFO - DIV SUPER! cleanup carefully
2024-08-09 07:36:02,656 - INFO - DIV SUPER! cleanup carefully
2024-08-09 07:36:02,664 - INFO - DIV SUPER! cleanup carefully
2024-08-09 07:36:02,672 - INFO - DIV SUPER! cleanup carefully
2024-08-09 07:36:02,678 - INFO - DIV SUPER! cleanup carefully
2024-08-09 07:36:02,685 - INFO - DIV SUPER! cleanup carefully
2024-08-09 07:36:02,696 - INFO - DIV SUPER! cleanup carefully
2024-08-09 07:36:02,704 - INFO - DIV SUPER! cleanup carefully
2024-08-09 07:36:02,720 - INFO - DIV SUPER! cleanup carefully
2024-08-09 07:36:02,736 - INFO - DIV SUPER! cleanup carefully
2024-08-09 07:36:02,743 - INFO - DIV SUPER! cleanup carefully
2024-08-09 07:36:02,750 - INFO - DIV SUPER! cleanup carefully
2024-08-09 07:36:02,758 - INFO - DIV SUPER! cleanup carefully
2024-08-09 07:36:02,768 - INFO - DIV SUPER! cleanup carefully
2024-08-09 07:36:02,780 - INFO - DIV SUPER! cleanup carefully
2024-08-09 07:36:02,787 - INFO - DIV SUPER! cleanup carefully
2024-08-09 07:36:02,795 - INFO - DIV SUPER! cleanup carefully
2024-08-09 07:36:02,803 - INFO - DIV SUPER! cleanup carefully
2024-08-09 07:36:02,811 - INFO - DIV SUPER! cleanup carefully
2024-08-09 07:36:02,818 - INFO - DIV SUPER! cleanup carefully
2024-08-09 07:36:02,826 - INFO - DIV SUPER! cleanup carefully
2024-08-09 07:36:02,833 - INFO - DIV SUPER! cleanup carefully
2024-08-09 07:36:02,842 - INFO - DIV SUPER! cleanup carefully
2024-08-09 07:36:02,849 - INFO - DIV SUPER! cleanup carefully
2024-08-09 07:36:02,858 - INFO - DIV SUPER! cleanup carefully
2024-08-09 07:36:02,866 - INFO - DIV SUPER! cleanup carefully
2024-08-09 07:36:02,874 - INFO - DIV SUPER! cleanup carefully
2024-08-09 07:36:02,882 - INFO - DIV SUPER! cleanup carefully
2024-08-09 07:36:02,889 - INFO - DIV SUPER! cleanup carefully
2024-08-09 07:36:02,896 - INFO - DIV SUPER! cleanup carefully
2024-08-09 07:36:02,903 - INFO - DIV SUPER! cleanup carefully
2024-08-09 07:36:02,911 - INFO - DIV SUPER! cleanup carefully
2024-08-09 07:36:02,919 - INFO - DIV SUPER! cleanup carefully
2024-08-09 07:37:08,664 - INFO - DIV SUPER! cleanup carefully
2024-08-09 07:37:08,672 - INFO - DIV SUPER! cleanup carefully
2024-08-09 07:37:08,679 - INFO - DIV SUPER! cleanup carefully
2024-08-09 07:37:08,687 - INFO - DIV SUPER! cleanup carefully
2024-08-09 07:37:08,695 - INFO - DIV SUPER! cleanup carefully
2024-08-09 07:37:08,702 - INFO - DIV SUPER! cleanup carefully
2024-08-09 07:37:08,711 - INFO - DIV SUPER! cleanup carefully
2024-08-09 07:37:08,719 - INFO - DIV SUPER! cleanup carefully
2024-08-09 07:37:08,729 - INFO - DIV SUPER! cleanup carefully
2024-08-09 07:37:08,737 - INFO - DIV SUPER! cleanup carefully
2024-08-09 07:37:08,747 - INFO - DIV SUPER! cleanup carefully
2024-08-09 07:37:08,757 - INFO - DIV SUPER! cleanup carefully
2024-08-09 07:37:08,764 - INFO - DIV SUPER! cleanup carefully
2024-08-09 07:37:08,773 - INFO - DIV SUPER! cleanup carefully
2024-08-09 07:37:08,782 - INFO - DIV SUPER! cleanup carefully
2024-08-09 07:37:08,790 - INFO - DIV SUPER! cleanup carefully
2024-08-09 07:37:08,797 - INFO - DIV SUPER! cleanup carefully
2024-08-09 07:37:08,806 - INFO - DIV SUPER! cleanup carefully
2024-08-09 07:37:08,816 - INFO - DIV SUPER! cleanup carefully
2024-08-09 07:37:08,825 - INFO - DIV SUPER! cleanup carefully
2024-08-09 07:37:08,833 - INFO - DIV SUPER! cleanup carefully
2024-08-09 07:37:08,841 - INFO - DIV SUPER! cleanup carefully
2024-08-09 07:37:08,849 - INFO - DIV SUPER! cleanup carefully
2024-08-09 07:37:08,856 - INFO - DIV SUPER! cleanup carefully
2024-08-09 07:37:08,865 - INFO - DIV SUPER! cleanup carefully
2024-08-09 07:37:08,873 - INFO - DIV SUPER! cleanup carefully
2024-08-09 07:37:08,879 - INFO - DIV SUPER! cleanup carefully
2024-08-09 07:37:08,885 - INFO - DIV SUPER! cleanup carefully
2024-08-09 07:37:08,893 - INFO - DIV SUPER! cleanup carefully
2024-08-09 07:37:08,900 - INFO - DIV SUPER! cleanup carefully
2024-08-09 07:37:08,907 - INFO - DIV SUPER! cleanup carefully
2024-08-09 07:37:08,914 - INFO - DIV SUPER! cleanup carefully
2024-08-09 07:37:08,921 - INFO - DIV SUPER! cleanup carefully
2024-08-09 07:37:08,929 - INFO - DIV SUPER! cleanup carefully
2024-08-09 07:37:08,936 - INFO - DIV SUPER! cleanup carefully
2024-08-09 07:37:08,943 - INFO - DIV SUPER! cleanup carefully
2024-08-09 07:37:08,950 - INFO - DIV SUPER! cleanup carefully
2024-08-09 07:37:08,959 - INFO - DIV SUPER! cleanup carefully
2024-08-09 07:37:08,966 - INFO - DIV SUPER! cleanup carefully
2024-08-09 07:37:08,977 - INFO - DIV SUPER! cleanup carefully
2024-08-09 07:37:08,983 - INFO - DIV SUPER! cleanup carefully
2024-08-09 07:37:08,991 - INFO - DIV SUPER! cleanup carefully
2024-08-09 07:37:08,998 - INFO - DIV SUPER! cleanup carefully
2024-08-09 07:37:09,005 - INFO - DIV SUPER! cleanup carefully
2024-08-09 07:37:09,013 - INFO - DIV SUPER! cleanup carefully
2024-08-09 07:37:09,020 - INFO - DIV SUPER! cleanup carefully
2024-08-09 07:37:09,023 - INFO - DIV SUPER! cleanup carefully
2024-08-09 07:37:09,031 - INFO - DIV SUPER! cleanup carefully
2024-08-09 07:37:09,039 - INFO - DIV SUPER! cleanup carefully
2024-08-09 07:37:09,046 - INFO - DIV SUPER! cleanup carefully
2024-08-09 07:37:09,052 - INFO - DIV SUPER! cleanup carefully
2024-08-09 07:37:09,058 - ERROR - SHEYP CAN NOT  CAREFULLY CLEANUP!
ERORR:
Traceback (most recent call last):
  File "C:\Users\Sajjad\Documents\sc_ads\parser/lev2_parser/div_lev2_parser\div_parser_lev2.py", line 44, in <module>
    p_clean_sec(data)
  File "C:\Users\Sajjad\Documents\sc_ads\parser\lev2_parser\div_lev2_parser\plus_cleaning_section.py", line 38, in p_clean_sec
    if bool(dicfdr(data['sections'][des_num1]['widgets'], "widget_type", "GROUP_INFO_ROW")):
                   ~~~~~~~~~~~~~~~~~~~~~~~~~~^^^^^^^^^^^
KeyError: 'widgets'
2024-08-09 07:37:09,070 - INFO - DIV SUPER! cleanup carefully
2024-08-09 07:37:09,078 - INFO - DIV SUPER! cleanup carefully
2024-08-09 07:37:09,085 - INFO - DIV SUPER! cleanup carefully
2024-08-09 07:37:09,093 - INFO - DIV SUPER! cleanup carefully
2024-08-09 07:37:09,100 - INFO - DIV SUPER! cleanup carefully
2024-08-09 07:37:09,109 - INFO - DIV SUPER! cleanup carefully
2024-08-09 07:37:09,117 - INFO - DIV SUPER! cleanup carefully
2024-08-09 07:37:09,125 - INFO - DIV SUPER! cleanup carefully
2024-08-09 07:37:09,132 - INFO - DIV SUPER! cleanup carefully
2024-08-09 07:37:09,140 - INFO - DIV SUPER! cleanup carefully
2024-08-09 07:37:09,148 - INFO - DIV SUPER! cleanup carefully
2024-08-09 07:37:09,156 - INFO - DIV SUPER! cleanup carefully
2024-08-09 07:37:09,165 - INFO - DIV SUPER! cleanup carefully
2024-08-09 07:37:09,175 - INFO - DIV SUPER! cleanup carefully
2024-08-09 07:37:09,184 - INFO - DIV SUPER! cleanup carefully
2024-08-09 07:37:09,192 - INFO - DIV SUPER! cleanup carefully
2024-08-09 07:37:09,199 - INFO - DIV SUPER! cleanup carefully
2024-08-09 07:37:09,207 - INFO - DIV SUPER! cleanup carefully
2024-08-09 07:37:09,216 - INFO - DIV SUPER! cleanup carefully
2024-08-09 07:37:09,226 - INFO - DIV SUPER! cleanup carefully
2024-08-09 07:37:09,234 - INFO - DIV SUPER! cleanup carefully
2024-08-09 07:37:09,243 - INFO - DIV SUPER! cleanup carefully
2024-08-09 07:37:09,252 - INFO - DIV SUPER! cleanup carefully
2024-08-09 07:37:09,260 - INFO - DIV SUPER! cleanup carefully
2024-08-09 07:37:09,268 - INFO - DIV SUPER! cleanup carefully
2024-08-09 07:37:09,277 - INFO - DIV SUPER! cleanup carefully
2024-08-09 07:37:09,287 - INFO - DIV SUPER! cleanup carefully
2024-08-09 07:37:09,298 - INFO - DIV SUPER! cleanup carefully
2024-08-09 07:37:09,306 - INFO - DIV SUPER! cleanup carefully
2024-08-09 07:37:09,314 - INFO - DIV SUPER! cleanup carefully
2024-08-09 07:37:09,323 - INFO - DIV SUPER! cleanup carefully
2024-08-09 07:37:09,331 - INFO - DIV SUPER! cleanup carefully
2024-08-09 07:37:09,340 - INFO - DIV SUPER! cleanup carefully
2024-08-09 07:37:09,348 - INFO - DIV SUPER! cleanup carefully
2024-08-09 07:37:09,356 - INFO - DIV SUPER! cleanup carefully
2024-08-09 07:37:09,364 - INFO - DIV SUPER! cleanup carefully
2024-08-09 07:37:09,372 - INFO - DIV SUPER! cleanup carefully
2024-08-09 07:37:09,379 - INFO - DIV SUPER! cleanup carefully
2024-08-09 07:37:09,386 - INFO - DIV SUPER! cleanup carefully
2024-08-09 07:37:09,394 - INFO - DIV SUPER! cleanup carefully
2024-08-09 07:37:09,400 - INFO - DIV SUPER! cleanup carefully
2024-08-09 07:37:09,408 - INFO - DIV SUPER! cleanup carefully
2024-08-09 07:37:09,416 - INFO - DIV SUPER! cleanup carefully
2024-08-09 07:37:09,423 - INFO - DIV SUPER! cleanup carefully
2024-08-09 07:37:09,429 - INFO - DIV SUPER! cleanup carefully
2024-08-09 07:37:09,435 - INFO - DIV SUPER! cleanup carefully
2024-08-09 07:37:09,443 - INFO - DIV SUPER! cleanup carefully
2024-08-09 07:37:09,454 - INFO - DIV SUPER! cleanup carefully
2024-08-09 07:37:09,461 - INFO - DIV SUPER! cleanup carefully
2024-08-09 07:37:09,469 - INFO - DIV SUPER! cleanup carefully
2024-08-09 07:37:09,477 - INFO - DIV SUPER! cleanup carefully
2024-08-09 07:37:09,484 - INFO - DIV SUPER! cleanup carefully
2024-08-09 07:37:09,491 - INFO - DIV SUPER! cleanup carefully
2024-08-09 07:37:09,499 - INFO - DIV SUPER! cleanup carefully
2024-08-09 07:37:09,506 - INFO - DIV SUPER! cleanup carefully
2024-08-09 07:37:09,514 - INFO - DIV SUPER! cleanup carefully
2024-08-09 07:37:09,522 - INFO - DIV SUPER! cleanup carefully
2024-08-09 07:37:09,530 - INFO - DIV SUPER! cleanup carefully
2024-08-09 07:37:09,538 - INFO - DIV SUPER! cleanup carefully
2024-08-09 07:37:09,544 - INFO - DIV SUPER! cleanup carefully
2024-08-09 07:37:09,551 - INFO - DIV SUPER! cleanup carefully
2024-08-09 07:37:09,558 - INFO - DIV SUPER! cleanup carefully
2024-08-09 07:37:09,565 - INFO - DIV SUPER! cleanup carefully
2024-08-09 07:37:09,574 - INFO - DIV SUPER! cleanup carefully
2024-08-09 07:37:09,581 - INFO - DIV SUPER! cleanup carefully
2024-08-09 07:37:09,588 - INFO - DIV SUPER! cleanup carefully
2024-08-09 07:37:09,595 - INFO - DIV SUPER! cleanup carefully
2024-08-09 07:37:09,602 - INFO - DIV SUPER! cleanup carefully
2024-08-09 07:37:09,609 - INFO - DIV SUPER! cleanup carefully
2024-08-09 07:37:09,616 - INFO - DIV SUPER! cleanup carefully
2024-08-09 07:37:09,624 - INFO - DIV SUPER! cleanup carefully
2024-08-09 07:37:09,631 - INFO - DIV SUPER! cleanup carefully
2024-08-09 07:37:09,638 - INFO - DIV SUPER! cleanup carefully
2024-08-09 07:37:09,645 - INFO - DIV SUPER! cleanup carefully
2024-08-09 07:37:09,652 - INFO - DIV SUPER! cleanup carefully
2024-08-09 07:37:09,659 - INFO - DIV SUPER! cleanup carefully
2024-08-09 07:37:09,666 - INFO - DIV SUPER! cleanup carefully
2024-08-09 07:37:09,674 - INFO - DIV SUPER! cleanup carefully
2024-08-09 07:37:09,681 - INFO - DIV SUPER! cleanup carefully
2024-08-09 07:37:09,688 - INFO - DIV SUPER! cleanup carefully
2024-08-09 07:37:09,695 - INFO - DIV SUPER! cleanup carefully
2024-08-09 07:37:09,704 - INFO - DIV SUPER! cleanup carefully
2024-08-09 07:37:09,712 - INFO - DIV SUPER! cleanup carefully
2024-08-09 07:37:09,718 - INFO - DIV SUPER! cleanup carefully
2024-08-09 07:37:09,725 - INFO - DIV SUPER! cleanup carefully
2024-08-09 07:37:09,731 - ERROR - SHEYP CAN NOT  CAREFULLY CLEANUP!
ERORR:
Traceback (most recent call last):
  File "C:\Users\Sajjad\Documents\sc_ads\parser/lev2_parser/div_lev2_parser\div_parser_lev2.py", line 44, in <module>
    p_clean_sec(data)
  File "C:\Users\Sajjad\Documents\sc_ads\parser\lev2_parser\div_lev2_parser\plus_cleaning_section.py", line 38, in p_clean_sec
    if bool(dicfdr(data['sections'][des_num1]['widgets'], "widget_type", "GROUP_INFO_ROW")):
                   ~~~~~~~~~~~~~~~~~~~~~~~~~~^^^^^^^^^^^
KeyError: 'widgets'
2024-08-09 07:37:09,739 - INFO - DIV SUPER! cleanup carefully
2024-08-09 07:37:09,747 - INFO - DIV SUPER! cleanup carefully
2024-08-09 07:37:09,754 - INFO - DIV SUPER! cleanup carefully
2024-08-09 07:37:09,762 - INFO - DIV SUPER! cleanup carefully
2024-08-09 07:37:09,769 - INFO - DIV SUPER! cleanup carefully
2024-08-09 07:37:09,776 - INFO - DIV SUPER! cleanup carefully
2024-08-09 07:37:09,783 - INFO - DIV SUPER! cleanup carefully
2024-08-09 07:37:09,790 - INFO - DIV SUPER! cleanup carefully
2024-08-09 07:37:09,796 - INFO - DIV SUPER! cleanup carefully
2024-08-09 07:37:09,803 - INFO - DIV SUPER! cleanup carefully
2024-08-09 07:37:09,811 - INFO - DIV SUPER! cleanup carefully
2024-08-09 07:37:09,817 - INFO - DIV SUPER! cleanup carefully
2024-08-09 07:37:09,825 - INFO - DIV SUPER! cleanup carefully
2024-08-09 07:37:09,832 - INFO - DIV SUPER! cleanup carefully
2024-08-09 07:37:09,839 - INFO - DIV SUPER! cleanup carefully
2024-08-09 07:37:09,847 - INFO - DIV SUPER! cleanup carefully
2024-08-09 07:37:09,854 - INFO - DIV SUPER! cleanup carefully
2024-08-09 07:37:09,862 - INFO - DIV SUPER! cleanup carefully
2024-08-09 07:37:09,869 - INFO - DIV SUPER! cleanup carefully
2024-08-09 07:37:09,876 - INFO - DIV SUPER! cleanup carefully
2024-08-09 07:37:09,882 - INFO - DIV SUPER! cleanup carefully
2024-08-09 07:37:09,890 - INFO - DIV SUPER! cleanup carefully
2024-08-09 07:37:09,897 - INFO - DIV SUPER! cleanup carefully
2024-08-09 07:37:09,906 - INFO - DIV SUPER! cleanup carefully
2024-08-09 07:37:09,913 - INFO - DIV SUPER! cleanup carefully
2024-08-09 07:37:09,920 - INFO - DIV SUPER! cleanup carefully
2024-08-09 07:37:09,927 - INFO - DIV SUPER! cleanup carefully
2024-08-09 07:37:09,935 - INFO - DIV SUPER! cleanup carefully
2024-08-09 07:37:09,937 - INFO - DIV SUPER! cleanup carefully
2024-08-09 07:37:09,944 - INFO - DIV SUPER! cleanup carefully
2024-08-09 07:37:09,951 - INFO - DIV SUPER! cleanup carefully
2024-08-09 07:37:09,958 - INFO - DIV SUPER! cleanup carefully
2024-08-09 07:37:09,965 - INFO - DIV SUPER! cleanup carefully
2024-08-09 07:37:09,967 - INFO - DIV SUPER! cleanup carefully
2024-08-09 07:37:09,974 - INFO - DIV SUPER! cleanup carefully
2024-08-09 07:37:09,981 - INFO - DIV SUPER! cleanup carefully
2024-08-09 07:37:09,988 - INFO - DIV SUPER! cleanup carefully
2024-08-09 07:37:09,996 - INFO - DIV SUPER! cleanup carefully
2024-08-09 07:37:10,002 - INFO - DIV SUPER! cleanup carefully
2024-08-09 07:37:10,010 - INFO - DIV SUPER! cleanup carefully
2024-08-09 07:37:10,018 - INFO - DIV SUPER! cleanup carefully
2024-08-09 07:37:10,027 - INFO - DIV SUPER! cleanup carefully
2024-08-09 07:37:10,034 - INFO - DIV SUPER! cleanup carefully
2024-08-09 07:37:10,042 - INFO - DIV SUPER! cleanup carefully
2024-08-09 07:37:10,049 - INFO - DIV SUPER! cleanup carefully
2024-08-09 07:37:10,057 - INFO - DIV SUPER! cleanup carefully
2024-08-09 07:37:10,064 - INFO - DIV SUPER! cleanup carefully
2024-08-09 07:37:10,071 - INFO - DIV SUPER! cleanup carefully
2024-08-09 07:37:10,078 - INFO - DIV SUPER! cleanup carefully
2024-08-09 07:37:10,085 - INFO - DIV SUPER! cleanup carefully
2024-08-09 07:37:10,093 - INFO - DIV SUPER! cleanup carefully
2024-08-09 07:37:10,099 - INFO - DIV SUPER! cleanup carefully
2024-08-09 07:37:10,107 - INFO - DIV SUPER! cleanup carefully
2024-08-09 07:37:10,114 - INFO - DIV SUPER! cleanup carefully
2024-08-09 07:37:10,120 - INFO - DIV SUPER! cleanup carefully
2024-08-09 07:37:10,128 - INFO - DIV SUPER! cleanup carefully
2024-08-09 07:37:10,135 - INFO - DIV SUPER! cleanup carefully
2024-08-09 07:37:10,142 - INFO - DIV SUPER! cleanup carefully
2024-08-09 07:37:10,148 - INFO - DIV SUPER! cleanup carefully
2024-08-09 07:37:10,156 - INFO - DIV SUPER! cleanup carefully
2024-08-09 07:37:10,164 - INFO - DIV SUPER! cleanup carefully
2024-08-09 07:37:10,170 - INFO - DIV SUPER! cleanup carefully
2024-08-09 07:37:10,178 - INFO - DIV SUPER! cleanup carefully
2024-08-09 07:37:10,185 - INFO - DIV SUPER! cleanup carefully
2024-08-09 07:37:10,193 - INFO - DIV SUPER! cleanup carefully
2024-08-09 07:37:10,201 - INFO - DIV SUPER! cleanup carefully
2024-08-09 07:37:10,208 - INFO - DIV SUPER! cleanup carefully
2024-08-09 07:37:10,215 - INFO - DIV SUPER! cleanup carefully
2024-08-09 07:37:10,222 - INFO - DIV SUPER! cleanup carefully
2024-08-09 07:37:10,229 - INFO - DIV SUPER! cleanup carefully
2024-08-09 07:37:10,236 - INFO - DIV SUPER! cleanup carefully
2024-08-09 07:37:10,244 - INFO - DIV SUPER! cleanup carefully
2024-08-09 07:37:10,251 - INFO - DIV SUPER! cleanup carefully
2024-08-09 07:37:10,258 - INFO - DIV SUPER! cleanup carefully
2024-08-09 07:37:10,266 - INFO - DIV SUPER! cleanup carefully
2024-08-09 07:37:10,273 - INFO - DIV SUPER! cleanup carefully
2024-08-09 07:37:10,280 - INFO - DIV SUPER! cleanup carefully
2024-08-09 07:37:10,287 - INFO - DIV SUPER! cleanup carefully
2024-08-09 07:37:10,294 - INFO - DIV SUPER! cleanup carefully
2024-08-09 07:37:10,303 - INFO - DIV SUPER! cleanup carefully
2024-08-09 07:37:10,311 - INFO - DIV SUPER! cleanup carefully
2024-08-09 07:37:10,317 - INFO - DIV SUPER! cleanup carefully
2024-08-09 07:37:10,324 - INFO - DIV SUPER! cleanup carefully
2024-08-09 07:37:10,330 - INFO - DIV SUPER! cleanup carefully
2024-08-09 07:37:10,338 - INFO - DIV SUPER! cleanup carefully
2024-08-09 07:37:10,346 - INFO - DIV SUPER! cleanup carefully
2024-08-09 07:37:10,352 - INFO - DIV SUPER! cleanup carefully
2024-08-09 07:37:10,359 - INFO - DIV SUPER! cleanup carefully
2024-08-09 07:37:10,366 - INFO - DIV SUPER! cleanup carefully
2024-08-09 07:37:10,373 - INFO - DIV SUPER! cleanup carefully
2024-08-09 07:37:10,380 - INFO - DIV SUPER! cleanup carefully
2024-08-09 07:37:10,387 - INFO - DIV SUPER! cleanup carefully
2024-08-09 07:37:10,395 - INFO - DIV SUPER! cleanup carefully
2024-08-09 07:37:10,402 - INFO - DIV SUPER! cleanup carefully
2024-08-09 07:37:10,410 - INFO - DIV SUPER! cleanup carefully
2024-08-09 07:37:10,416 - INFO - DIV SUPER! cleanup carefully
2024-08-09 07:37:10,424 - INFO - DIV SUPER! cleanup carefully
2024-08-09 07:37:10,430 - INFO - DIV SUPER! cleanup carefully
2024-08-09 07:37:10,437 - INFO - DIV SUPER! cleanup carefully
2024-08-09 07:37:10,445 - INFO - DIV SUPER! cleanup carefully
2024-08-09 07:37:10,452 - INFO - DIV SUPER! cleanup carefully
2024-08-09 07:37:10,459 - INFO - DIV SUPER! cleanup carefully
2024-08-09 07:38:30,481 - INFO - DIV SUPER! cleanup carefully
2024-08-09 07:38:30,488 - INFO - DIV SUPER! cleanup carefully
2024-08-09 07:38:30,496 - INFO - DIV SUPER! cleanup carefully
2024-08-09 07:38:30,503 - INFO - DIV SUPER! cleanup carefully
2024-08-09 07:38:30,510 - INFO - DIV SUPER! cleanup carefully
2024-08-09 07:38:30,518 - INFO - DIV SUPER! cleanup carefully
2024-08-09 07:38:30,528 - INFO - DIV SUPER! cleanup carefully
2024-08-09 07:38:30,536 - INFO - DIV SUPER! cleanup carefully
2024-08-09 07:38:30,543 - INFO - DIV SUPER! cleanup carefully
2024-08-09 07:38:30,550 - INFO - DIV SUPER! cleanup carefully
2024-08-09 07:38:30,557 - INFO - DIV SUPER! cleanup carefully
2024-08-09 07:38:30,566 - INFO - DIV SUPER! cleanup carefully
2024-08-09 07:38:30,572 - INFO - DIV SUPER! cleanup carefully
2024-08-09 07:38:30,580 - INFO - DIV SUPER! cleanup carefully
2024-08-09 07:38:30,586 - INFO - DIV SUPER! cleanup carefully
2024-08-09 07:38:30,593 - INFO - DIV SUPER! cleanup carefully
2024-08-09 07:38:30,600 - INFO - DIV SUPER! cleanup carefully
2024-08-09 07:38:30,606 - INFO - DIV SUPER! cleanup carefully
2024-08-09 07:38:30,614 - INFO - DIV SUPER! cleanup carefully
2024-08-09 07:38:30,621 - INFO - DIV SUPER! cleanup carefully
2024-08-09 07:38:30,628 - INFO - DIV SUPER! cleanup carefully
2024-08-09 07:38:30,635 - INFO - DIV SUPER! cleanup carefully
2024-08-09 07:38:30,642 - INFO - DIV SUPER! cleanup carefully
2024-08-09 07:38:30,650 - INFO - DIV SUPER! cleanup carefully
2024-08-09 07:38:30,656 - INFO - DIV SUPER! cleanup carefully
2024-08-09 07:38:30,663 - INFO - DIV SUPER! cleanup carefully
2024-08-09 07:38:30,669 - INFO - DIV SUPER! cleanup carefully
2024-08-09 07:38:30,677 - INFO - DIV SUPER! cleanup carefully
2024-08-09 07:38:30,684 - INFO - DIV SUPER! cleanup carefully
2024-08-09 07:38:30,690 - INFO - DIV SUPER! cleanup carefully
2024-08-09 07:38:30,697 - INFO - DIV SUPER! cleanup carefully
2024-08-09 07:38:30,704 - INFO - DIV SUPER! cleanup carefully
2024-08-09 07:38:30,712 - INFO - DIV SUPER! cleanup carefully
2024-08-09 07:38:30,719 - INFO - DIV SUPER! cleanup carefully
2024-08-09 07:38:30,727 - INFO - DIV SUPER! cleanup carefully
2024-08-09 07:38:30,735 - INFO - DIV SUPER! cleanup carefully
2024-08-09 07:38:30,741 - INFO - DIV SUPER! cleanup carefully
2024-08-09 07:38:30,748 - INFO - DIV SUPER! cleanup carefully
2024-08-09 07:38:30,755 - INFO - DIV SUPER! cleanup carefully
2024-08-09 07:38:30,763 - INFO - DIV SUPER! cleanup carefully
2024-08-09 07:38:30,769 - INFO - DIV SUPER! cleanup carefully
2024-08-09 07:38:30,777 - INFO - DIV SUPER! cleanup carefully
2024-08-09 07:38:30,778 - ERROR - SHEYP CAN NOT  CAREFULLY CLEANUP!
ERORR:
Traceback (most recent call last):
  File "C:\Users\Sajjad\Documents\sc_ads\parser/lev2_parser/div_lev2_parser\div_parser_lev2.py", line 44, in <module>
    p_clean_sec(data)
  File "C:\Users\Sajjad\Documents\sc_ads\parser\lev2_parser\div_lev2_parser\plus_cleaning_section.py", line 38, in p_clean_sec
    if bool(dicfdr(data['sections'][des_num1]['widgets'], "widget_type", "GROUP_INFO_ROW")):
                   ~~~~~~~~~~~~~~~~~~~~~~~~~~^^^^^^^^^^^
KeyError: 'widgets'
2024-08-09 07:38:30,785 - INFO - DIV SUPER! cleanup carefully
2024-08-09 07:38:30,793 - INFO - DIV SUPER! cleanup carefully
2024-08-09 07:38:30,800 - INFO - DIV SUPER! cleanup carefully
2024-08-09 07:38:30,806 - INFO - DIV SUPER! cleanup carefully
2024-08-09 07:38:30,813 - INFO - DIV SUPER! cleanup carefully
2024-08-09 07:38:30,821 - INFO - DIV SUPER! cleanup carefully
2024-08-09 07:38:30,829 - INFO - DIV SUPER! cleanup carefully
2024-08-09 07:38:30,836 - INFO - DIV SUPER! cleanup carefully
2024-08-09 07:38:30,844 - INFO - DIV SUPER! cleanup carefully
2024-08-09 07:38:30,851 - INFO - DIV SUPER! cleanup carefully
2024-08-09 07:38:30,858 - INFO - DIV SUPER! cleanup carefully
2024-08-09 07:38:30,866 - INFO - DIV SUPER! cleanup carefully
2024-08-09 07:38:30,872 - INFO - DIV SUPER! cleanup carefully
2024-08-09 07:38:30,881 - INFO - DIV SUPER! cleanup carefully
2024-08-09 07:38:30,887 - INFO - DIV SUPER! cleanup carefully
2024-08-09 07:38:30,895 - INFO - DIV SUPER! cleanup carefully
2024-08-09 07:38:30,903 - INFO - DIV SUPER! cleanup carefully
2024-08-09 07:38:30,910 - INFO - DIV SUPER! cleanup carefully
2024-08-09 07:38:30,918 - INFO - DIV SUPER! cleanup carefully
2024-08-09 07:38:30,925 - INFO - DIV SUPER! cleanup carefully
2024-08-09 07:38:30,933 - INFO - DIV SUPER! cleanup carefully
2024-08-09 07:38:30,940 - INFO - DIV SUPER! cleanup carefully
2024-08-09 07:38:30,949 - INFO - DIV SUPER! cleanup carefully
2024-08-09 07:38:30,956 - INFO - DIV SUPER! cleanup carefully
2024-08-09 07:38:30,964 - INFO - DIV SUPER! cleanup carefully
2024-08-09 07:38:30,965 - ERROR - SHEYP CAN NOT  CAREFULLY CLEANUP!
ERORR:
Traceback (most recent call last):
  File "C:\Users\Sajjad\Documents\sc_ads\parser/lev2_parser/div_lev2_parser\div_parser_lev2.py", line 44, in <module>
    p_clean_sec(data)
  File "C:\Users\Sajjad\Documents\sc_ads\parser\lev2_parser\div_lev2_parser\plus_cleaning_section.py", line 38, in p_clean_sec
    if bool(dicfdr(data['sections'][des_num1]['widgets'], "widget_type", "GROUP_INFO_ROW")):
                   ~~~~~~~~~~~~~~~~~~~~~~~~~~^^^^^^^^^^^
KeyError: 'widgets'
2024-08-09 07:38:30,972 - INFO - DIV SUPER! cleanup carefully
2024-08-09 07:38:30,979 - INFO - DIV SUPER! cleanup carefully
2024-08-09 07:38:30,985 - INFO - DIV SUPER! cleanup carefully
2024-08-09 07:38:30,993 - INFO - DIV SUPER! cleanup carefully
2024-08-09 07:38:31,000 - INFO - DIV SUPER! cleanup carefully
2024-08-09 07:38:31,006 - INFO - DIV SUPER! cleanup carefully
2024-08-09 07:38:31,014 - INFO - DIV SUPER! cleanup carefully
2024-08-09 07:38:31,021 - INFO - DIV SUPER! cleanup carefully
2024-08-09 07:38:31,028 - INFO - DIV SUPER! cleanup carefully
2024-08-09 07:38:31,035 - INFO - DIV SUPER! cleanup carefully
2024-08-09 07:38:31,041 - INFO - DIV SUPER! cleanup carefully
2024-08-09 07:38:31,048 - INFO - DIV SUPER! cleanup carefully
2024-08-09 07:38:31,056 - INFO - DIV SUPER! cleanup carefully
2024-08-09 07:38:31,063 - INFO - DIV SUPER! cleanup carefully
2024-08-09 07:38:31,071 - INFO - DIV SUPER! cleanup carefully
2024-08-09 07:38:31,079 - INFO - DIV SUPER! cleanup carefully
2024-08-09 07:38:31,085 - INFO - DIV SUPER! cleanup carefully
2024-08-09 07:38:31,093 - INFO - DIV SUPER! cleanup carefully
2024-08-09 07:38:31,100 - INFO - DIV SUPER! cleanup carefully
2024-08-09 07:38:31,107 - INFO - DIV SUPER! cleanup carefully
2024-08-09 07:38:31,115 - INFO - DIV SUPER! cleanup carefully
2024-08-09 07:38:31,121 - INFO - DIV SUPER! cleanup carefully
2024-08-09 07:38:31,128 - INFO - DIV SUPER! cleanup carefully
2024-08-09 07:38:31,135 - INFO - DIV SUPER! cleanup carefully
2024-08-09 07:38:31,142 - INFO - DIV SUPER! cleanup carefully
2024-08-09 07:38:31,149 - INFO - DIV SUPER! cleanup carefully
2024-08-09 07:38:31,156 - INFO - DIV SUPER! cleanup carefully
2024-08-09 07:38:31,164 - INFO - DIV SUPER! cleanup carefully
2024-08-09 07:38:31,171 - INFO - DIV SUPER! cleanup carefully
2024-08-09 07:38:31,179 - INFO - DIV SUPER! cleanup carefully
2024-08-09 07:38:31,186 - INFO - DIV SUPER! cleanup carefully
2024-08-09 07:38:31,193 - INFO - DIV SUPER! cleanup carefully
2024-08-09 07:38:31,200 - INFO - DIV SUPER! cleanup carefully
2024-08-09 07:38:31,208 - INFO - DIV SUPER! cleanup carefully
2024-08-09 07:38:31,216 - INFO - DIV SUPER! cleanup carefully
2024-08-09 07:38:31,223 - INFO - DIV SUPER! cleanup carefully
2024-08-09 07:38:31,230 - INFO - DIV SUPER! cleanup carefully
2024-08-09 07:38:31,237 - INFO - DIV SUPER! cleanup carefully
2024-08-09 07:38:31,245 - INFO - DIV SUPER! cleanup carefully
2024-08-09 07:38:31,252 - INFO - DIV SUPER! cleanup carefully
2024-08-09 07:38:31,260 - INFO - DIV SUPER! cleanup carefully
2024-08-09 07:38:31,268 - INFO - DIV SUPER! cleanup carefully
2024-08-09 07:38:31,274 - INFO - DIV SUPER! cleanup carefully
2024-08-09 07:38:31,282 - INFO - DIV SUPER! cleanup carefully
2024-08-09 07:38:31,289 - INFO - DIV SUPER! cleanup carefully
2024-08-09 07:38:31,296 - INFO - DIV SUPER! cleanup carefully
2024-08-09 07:38:31,302 - INFO - DIV SUPER! cleanup carefully
2024-08-09 07:38:31,310 - INFO - DIV SUPER! cleanup carefully
2024-08-09 07:38:31,318 - INFO - DIV SUPER! cleanup carefully
2024-08-09 07:38:31,325 - INFO - DIV SUPER! cleanup carefully
2024-08-09 07:38:31,334 - INFO - DIV SUPER! cleanup carefully
2024-08-09 07:38:31,341 - INFO - DIV SUPER! cleanup carefully
2024-08-09 07:38:31,349 - INFO - DIV SUPER! cleanup carefully
2024-08-09 07:48:51,015 - ERROR - DIV gZ3O29Xy.json CAN NOT CAREFULLY CLEANUP!
ERORR:
Traceback (most recent call last):
  File "C:\Users\Sajjad\Documents\sc_ads\parser/lev2_parser/div_lev2_parser\div_parser_lev2.py", line 44, in <module>
    p_clean_sec(data)
  File "C:\Users\Sajjad\Documents\sc_ads\parser\lev2_parser\div_lev2_parser\plus_cleaning_section.py", line 38, in p_clean_sec
    if bool(dicfdr(data['sections'][des_num1]['widgets'], "widget_type", "GROUP_INFO_ROW")):
                   ~~~~~~~~~~~~~~~~~~~~~~~~~~^^^^^^^^^^^
KeyError: 'widgets'
2024-08-09 07:48:51,024 - ERROR - DIV gZgyOBU-.json CAN NOT CAREFULLY CLEANUP!
ERORR:
Traceback (most recent call last):
  File "C:\Users\Sajjad\Documents\sc_ads\parser/lev2_parser/div_lev2_parser\div_parser_lev2.py", line 44, in <module>
    p_clean_sec(data)
  File "C:\Users\Sajjad\Documents\sc_ads\parser\lev2_parser\div_lev2_parser\plus_cleaning_section.py", line 38, in p_clean_sec
    if bool(dicfdr(data['sections'][des_num1]['widgets'], "widget_type", "GROUP_INFO_ROW")):
                   ~~~~~~~~~~~~~~~~~~~~~~~~~~^^^^^^^^^^^
KeyError: 'widgets'
2024-08-09 07:50:11,054 - INFO - DIV SUPER! cleanup carefully
2024-08-09 07:50:11,062 - INFO - DIV SUPER! cleanup carefully
2024-08-09 07:50:11,069 - INFO - DIV SUPER! cleanup carefully
2024-08-09 07:50:11,076 - INFO - DIV SUPER! cleanup carefully
2024-08-09 07:50:11,084 - INFO - DIV SUPER! cleanup carefully
2024-08-09 07:50:11,091 - INFO - DIV SUPER! cleanup carefully
2024-08-09 07:50:11,100 - INFO - DIV SUPER! cleanup carefully
2024-08-09 07:50:11,106 - INFO - DIV SUPER! cleanup carefully
2024-08-09 07:50:11,114 - INFO - DIV SUPER! cleanup carefully
2024-08-09 07:50:11,123 - INFO - DIV SUPER! cleanup carefully
2024-08-09 07:50:11,133 - INFO - DIV SUPER! cleanup carefully
2024-08-09 07:50:11,139 - INFO - DIV SUPER! cleanup carefully
2024-08-09 07:50:11,148 - INFO - DIV SUPER! cleanup carefully
2024-08-09 07:50:11,155 - INFO - DIV SUPER! cleanup carefully
2024-08-09 07:50:11,162 - INFO - DIV SUPER! cleanup carefully
2024-08-09 07:50:11,171 - INFO - DIV SUPER! cleanup carefully
2024-08-09 07:50:11,177 - INFO - DIV SUPER! cleanup carefully
2024-08-09 07:50:11,185 - INFO - DIV SUPER! cleanup carefully
2024-08-09 07:50:11,192 - INFO - DIV SUPER! cleanup carefully
2024-08-09 07:50:11,199 - INFO - DIV SUPER! cleanup carefully
2024-08-09 07:50:11,205 - INFO - DIV SUPER! cleanup carefully
2024-08-09 07:50:11,213 - INFO - DIV SUPER! cleanup carefully
2024-08-09 07:50:11,220 - INFO - DIV SUPER! cleanup carefully
2024-08-09 07:50:11,228 - INFO - DIV SUPER! cleanup carefully
2024-08-09 07:50:11,235 - INFO - DIV SUPER! cleanup carefully
2024-08-09 07:50:11,242 - INFO - DIV SUPER! cleanup carefully
2024-08-09 07:50:11,249 - INFO - DIV SUPER! cleanup carefully
2024-08-09 07:50:11,256 - INFO - DIV SUPER! cleanup carefully
2024-08-09 07:50:11,262 - INFO - DIV SUPER! cleanup carefully
2024-08-09 07:50:11,269 - INFO - DIV SUPER! cleanup carefully
2024-08-09 07:50:11,276 - INFO - DIV SUPER! cleanup carefully
2024-08-09 07:50:11,284 - INFO - DIV SUPER! cleanup carefully
2024-08-09 07:50:11,291 - INFO - DIV SUPER! cleanup carefully
2024-08-09 07:50:11,298 - INFO - DIV SUPER! cleanup carefully
2024-08-09 07:50:11,305 - INFO - DIV SUPER! cleanup carefully
2024-08-09 07:50:11,313 - INFO - DIV SUPER! cleanup carefully
2024-08-09 07:50:11,320 - INFO - DIV SUPER! cleanup carefully
2024-08-09 07:50:11,327 - INFO - DIV SUPER! cleanup carefully
2024-08-09 07:50:11,334 - INFO - DIV SUPER! cleanup carefully
2024-08-09 07:50:11,341 - INFO - DIV SUPER! cleanup carefully
2024-08-09 07:50:11,348 - INFO - DIV SUPER! cleanup carefully
2024-08-09 07:50:11,355 - INFO - DIV SUPER! cleanup carefully
2024-08-09 07:50:11,361 - INFO - DIV SUPER! cleanup carefully
2024-08-09 07:50:11,369 - INFO - DIV SUPER! cleanup carefully
2024-08-09 07:50:11,375 - INFO - DIV SUPER! cleanup carefully
2024-08-09 07:50:11,383 - INFO - DIV SUPER! cleanup carefully
2024-08-09 07:50:11,391 - INFO - DIV SUPER! cleanup carefully
2024-08-09 07:50:11,398 - INFO - DIV SUPER! cleanup carefully
2024-08-09 07:50:11,405 - INFO - DIV SUPER! cleanup carefully
2024-08-09 07:50:11,412 - INFO - DIV SUPER! cleanup carefully
2024-08-09 07:50:11,419 - INFO - DIV SUPER! cleanup carefully
2024-08-09 07:50:11,420 - ERROR - DIV gZ3O29Xy.json CAN NOT CAREFULLY CLEANUP!
ERORR:
Traceback (most recent call last):
  File "C:\Users\Sajjad\Documents\sc_ads\parser/lev2_parser/div_lev2_parser\div_parser_lev2.py", line 44, in <module>
    p_clean_sec(data)
  File "C:\Users\Sajjad\Documents\sc_ads\parser\lev2_parser\div_lev2_parser\plus_cleaning_section.py", line 38, in p_clean_sec
    if bool(dicfdr(data['sections'][des_num1]['widgets'], "widget_type", "GROUP_INFO_ROW")):
                   ~~~~~~~~~~~~~~~~~~~~~~~~~~^^^^^^^^^^^
KeyError: 'widgets'
2024-08-09 07:50:11,428 - INFO - DIV SUPER! cleanup carefully
2024-08-09 07:50:11,436 - INFO - DIV SUPER! cleanup carefully
2024-08-09 07:50:11,444 - INFO - DIV SUPER! cleanup carefully
2024-08-09 07:50:11,451 - INFO - DIV SUPER! cleanup carefully
2024-08-09 07:50:11,458 - INFO - DIV SUPER! cleanup carefully
2024-08-09 07:50:11,466 - INFO - DIV SUPER! cleanup carefully
2024-08-09 07:50:11,474 - INFO - DIV SUPER! cleanup carefully
2024-08-09 07:50:11,481 - INFO - DIV SUPER! cleanup carefully
2024-08-09 07:50:11,488 - INFO - DIV SUPER! cleanup carefully
2024-08-09 07:50:11,496 - INFO - DIV SUPER! cleanup carefully
2024-08-09 07:50:11,504 - INFO - DIV SUPER! cleanup carefully
2024-08-09 07:50:11,512 - INFO - DIV SUPER! cleanup carefully
2024-08-09 07:50:11,520 - INFO - DIV SUPER! cleanup carefully
2024-08-09 07:50:11,526 - INFO - DIV SUPER! cleanup carefully
2024-08-09 07:50:11,535 - INFO - DIV SUPER! cleanup carefully
2024-08-09 07:50:11,541 - INFO - DIV SUPER! cleanup carefully
2024-08-09 07:50:11,549 - INFO - DIV SUPER! cleanup carefully
2024-08-09 07:50:11,550 - ERROR - DIV gZgyOBU-.json CAN NOT CAREFULLY CLEANUP!
ERORR:
Traceback (most recent call last):
  File "C:\Users\Sajjad\Documents\sc_ads\parser/lev2_parser/div_lev2_parser\div_parser_lev2.py", line 44, in <module>
    p_clean_sec(data)
  File "C:\Users\Sajjad\Documents\sc_ads\parser\lev2_parser\div_lev2_parser\plus_cleaning_section.py", line 38, in p_clean_sec
    if bool(dicfdr(data['sections'][des_num1]['widgets'], "widget_type", "GROUP_INFO_ROW")):
                   ~~~~~~~~~~~~~~~~~~~~~~~~~~^^^^^^^^^^^
KeyError: 'widgets'
2024-08-09 07:50:11,558 - INFO - DIV SUPER! cleanup carefully
2024-08-09 07:50:11,566 - INFO - DIV SUPER! cleanup carefully
2024-08-09 07:50:11,573 - INFO - DIV SUPER! cleanup carefully
2024-08-09 07:50:11,581 - INFO - DIV SUPER! cleanup carefully
2024-08-09 07:50:11,588 - INFO - DIV SUPER! cleanup carefully
2024-08-09 07:50:11,595 - INFO - DIV SUPER! cleanup carefully
2024-08-09 07:50:11,603 - INFO - DIV SUPER! cleanup carefully
2024-08-09 07:50:11,611 - INFO - DIV SUPER! cleanup carefully
2024-08-09 07:50:11,617 - ERROR - DIV gZKadpfY.json CAN NOT CAREFULLY CLEANUP!
ERORR:
Traceback (most recent call last):
  File "C:\Users\Sajjad\Documents\sc_ads\parser/lev2_parser/div_lev2_parser\div_parser_lev2.py", line 44, in <module>
    p_clean_sec(data)
  File "C:\Users\Sajjad\Documents\sc_ads\parser\lev2_parser\div_lev2_parser\plus_cleaning_section.py", line 38, in p_clean_sec
    if bool(dicfdr(data['sections'][des_num1]['widgets'], "widget_type", "GROUP_INFO_ROW")):
                   ~~~~~~~~~~~~~~~~~~~~~~~~~~^^^^^^^^^^^
KeyError: 'widgets'
2024-08-09 07:50:11,625 - INFO - DIV SUPER! cleanup carefully
2024-08-09 07:50:11,633 - INFO - DIV SUPER! cleanup carefully
2024-08-09 07:50:11,641 - INFO - DIV SUPER! cleanup carefully
2024-08-09 07:50:11,648 - INFO - DIV SUPER! cleanup carefully
2024-08-09 07:50:11,655 - INFO - DIV SUPER! cleanup carefully
2024-08-09 07:50:11,663 - INFO - DIV SUPER! cleanup carefully
2024-08-09 07:50:11,670 - INFO - DIV SUPER! cleanup carefully
2024-08-09 07:50:11,677 - INFO - DIV SUPER! cleanup carefully
2024-08-09 07:50:11,684 - INFO - DIV SUPER! cleanup carefully
2024-08-09 07:50:11,692 - INFO - DIV SUPER! cleanup carefully
2024-08-09 07:50:11,699 - INFO - DIV SUPER! cleanup carefully
2024-08-09 07:50:11,707 - INFO - DIV SUPER! cleanup carefully
2024-08-09 07:50:11,714 - INFO - DIV SUPER! cleanup carefully
2024-08-09 07:50:11,721 - INFO - DIV SUPER! cleanup carefully
2024-08-09 07:50:11,729 - INFO - DIV SUPER! cleanup carefully
2024-08-09 07:50:11,736 - INFO - DIV SUPER! cleanup carefully
2024-08-09 07:50:11,741 - INFO - DIV SUPER! cleanup carefully
2024-08-09 07:50:11,749 - INFO - DIV SUPER! cleanup carefully
2024-08-09 07:50:11,755 - INFO - DIV SUPER! cleanup carefully
2024-08-09 07:50:11,763 - INFO - DIV SUPER! cleanup carefully
2024-08-09 07:50:11,770 - INFO - DIV SUPER! cleanup carefully
2024-08-09 07:50:11,778 - INFO - DIV SUPER! cleanup carefully
2024-08-09 07:50:11,785 - INFO - DIV SUPER! cleanup carefully
2024-08-09 07:50:11,792 - INFO - DIV SUPER! cleanup carefully
2024-08-09 07:50:11,800 - INFO - DIV SUPER! cleanup carefully
2024-08-09 07:50:11,807 - INFO - DIV SUPER! cleanup carefully
2024-08-09 07:50:11,815 - INFO - DIV SUPER! cleanup carefully
2024-08-09 07:50:11,822 - INFO - DIV SUPER! cleanup carefully
2024-08-09 07:50:11,829 - INFO - DIV SUPER! cleanup carefully
2024-08-09 07:50:11,837 - INFO - DIV SUPER! cleanup carefully
2024-08-09 07:50:11,844 - INFO - DIV SUPER! cleanup carefully
2024-08-09 07:50:11,852 - INFO - DIV SUPER! cleanup carefully
2024-08-09 07:50:11,858 - INFO - DIV SUPER! cleanup carefully
2024-08-09 07:50:11,866 - INFO - DIV SUPER! cleanup carefully
2024-08-09 07:50:11,873 - INFO - DIV SUPER! cleanup carefully
2024-08-09 07:50:11,880 - INFO - DIV SUPER! cleanup carefully
2024-08-09 07:50:11,887 - INFO - DIV SUPER! cleanup carefully
2024-08-09 07:50:11,894 - INFO - DIV SUPER! cleanup carefully
2024-08-09 07:50:11,901 - INFO - DIV SUPER! cleanup carefully
2024-08-09 07:50:11,909 - INFO - DIV SUPER! cleanup carefully
2024-08-09 07:50:11,917 - INFO - DIV SUPER! cleanup carefully
