2024-08-14 18:02:11,247 - INFO - ADD TO SHEYP ‌DATABASE, SUCCESSFUL!
2024-08-14 18:02:11,256 - INFO - ADD TO SHEYP ‌DATABASE, SUCCESSFUL!
2024-08-14 18:02:11,263 - INFO - ADD TO SHEYP ‌DATABASE, SUCCESSFUL!
2024-08-14 18:02:11,270 - INFO - ADD TO SHEYP ‌DATABASE, SUCCESSFUL!
2024-08-14 18:02:11,278 - INFO - ADD TO SHEYP ‌DATABASE, SUCCESSFUL!
2024-08-14 18:02:11,286 - INFO - ADD TO SHEYP ‌DATABASE, SUCCESSFUL!
2024-08-14 18:02:11,293 - INFO - ADD TO SHEYP ‌DATABASE, SUCCESSFUL!
2024-08-14 18:02:11,301 - INFO - ADD TO SHEYP ‌DATABASE, SUCCESSFUL!
2024-08-14 18:02:11,310 - INFO - ADD TO SHEYP ‌DATABASE, SUCCESSFUL!
2024-08-14 18:02:11,318 - INFO - ADD TO SHEYP ‌DATABASE, SUCCESSFUL!
2024-08-14 18:02:11,325 - INFO - ADD TO SHEYP ‌DATABASE, SUCCESSFUL!
2024-08-14 18:02:11,333 - INFO - ADD TO SHEYP ‌DATABASE, SUCCESSFUL!
2024-08-14 18:02:11,340 - INFO - ADD TO SHEYP ‌DATABASE, SUCCESSFUL!
2024-08-14 18:02:11,348 - INFO - ADD TO SHEYP ‌DATABASE, SUCCESSFUL!
2024-08-14 18:02:11,355 - INFO - ADD TO SHEYP ‌DATABASE, SUCCESSFUL!
2024-08-14 18:02:11,363 - INFO - ADD TO SHEYP ‌DATABASE, SUCCESSFUL!
2024-08-14 18:02:11,371 - INFO - ADD TO SHEYP ‌DATABASE, SUCCESSFUL!
2024-08-14 18:02:11,378 - INFO - ADD TO SHEYP ‌DATABASE, SUCCESSFUL!
2024-08-14 18:02:11,386 - INFO - ADD TO SHEYP ‌DATABASE, SUCCESSFUL!
2024-08-14 18:02:11,394 - INFO - ADD TO SHEYP ‌DATABASE, SUCCESSFUL!
2024-08-14 18:02:11,401 - INFO - ADD TO SHEYP ‌DATABASE, SUCCESSFUL!
2024-08-14 18:02:11,409 - INFO - ADD TO SHEYP ‌DATABASE, SUCCESSFUL!
2024-08-14 18:02:11,418 - INFO - ADD TO SHEYP ‌DATABASE, SUCCESSFUL!
2024-08-14 18:02:11,425 - INFO - ADD TO SHEYP ‌DATABASE, SUCCESSFUL!
2024-08-14 18:02:11,433 - INFO - ADD TO SHEYP ‌DATABASE, SUCCESSFUL!
2024-08-14 18:02:11,439 - INFO - ADD TO SHEYP ‌DATABASE, SUCCESSFUL!
2024-08-14 18:02:11,445 - INFO - ADD TO SHEYP ‌DATABASE, SUCCESSFUL!
2024-08-14 18:02:11,451 - INFO - ADD TO SHEYP ‌DATABASE, SUCCESSFUL!
2024-08-14 18:02:11,457 - INFO - ADD TO SHEYP ‌DATABASE, SUCCESSFUL!
2024-08-14 18:02:11,464 - INFO - ADD TO SHEYP ‌DATABASE, SUCCESSFUL!
2024-08-14 18:02:11,470 - INFO - ADD TO SHEYP ‌DATABASE, SUCCESSFUL!
2024-08-14 18:02:11,476 - INFO - ADD TO SHEYP ‌DATABASE, SUCCESSFUL!
2024-08-14 18:02:11,482 - INFO - ADD TO SHEYP ‌DATABASE, SUCCESSFUL!
2024-08-14 18:02:11,489 - INFO - ADD TO SHEYP ‌DATABASE, SUCCESSFUL!
2024-08-14 18:02:11,497 - INFO - ADD TO SHEYP ‌DATABASE, SUCCESSFUL!
2024-08-14 18:02:11,504 - INFO - ADD TO SHEYP ‌DATABASE, SUCCESSFUL!
2024-08-14 18:03:41,608 - INFO - ADD TO SHEYP ‌DATABASE, SUCCESSFUL!
2024-08-14 18:03:41,613 - ERROR - SHEYP 396964053 IS ALREADY EXISTS!
2024-08-14 18:03:41,621 - INFO - ADD TO SHEYP ‌DATABASE, SUCCESSFUL!
2024-08-14 18:03:41,626 - ERROR - SHEYP 252849465 IS ALREADY EXISTS!
2024-08-14 18:03:41,635 - INFO - ADD TO SHEYP ‌DATABASE, SUCCESSFUL!
2024-08-14 18:03:41,642 - INFO - ADD TO SHEYP ‌DATABASE, SUCCESSFUL!
2024-08-14 18:03:41,650 - INFO - ADD TO SHEYP ‌DATABASE, SUCCESSFUL!
2024-08-14 18:03:41,655 - ERROR - SHEYP 443204239 IS ALREADY EXISTS!
2024-08-14 18:03:41,664 - INFO - ADD TO SHEYP ‌DATABASE, SUCCESSFUL!
2024-08-14 18:03:41,672 - INFO - ADD TO SHEYP ‌DATABASE, SUCCESSFUL!
2024-08-14 18:03:41,677 - ERROR - SHEYP 443278030 IS ALREADY EXISTS!
2024-08-14 18:03:41,685 - INFO - ADD TO SHEYP ‌DATABASE, SUCCESSFUL!
2024-08-14 18:03:41,693 - INFO - ADD TO SHEYP ‌DATABASE, SUCCESSFUL!
2024-08-14 18:03:41,699 - ERROR - SHEYP 229607100 IS ALREADY EXISTS!
2024-08-14 18:03:41,704 - ERROR - SHEYP 442206577 IS ALREADY EXISTS!
2024-08-14 18:03:41,709 - ERROR - SHEYP 439248876 IS ALREADY EXISTS!
2024-08-14 18:03:41,715 - INFO - ADD TO SHEYP ‌DATABASE, SUCCESSFUL!
2024-08-14 18:03:41,720 - INFO - ADD TO SHEYP ‌DATABASE, SUCCESSFUL!
2024-08-14 18:03:41,723 - ERROR - SHEYP 443005933 IS ALREADY EXISTS!
2024-08-14 18:03:41,729 - INFO - ADD TO SHEYP ‌DATABASE, SUCCESSFUL!
2024-08-14 18:03:41,730 - ERROR - SHEYP 440206926 IS ALREADY EXISTS!
2024-08-14 18:03:41,735 - INFO - ADD TO SHEYP ‌DATABASE, SUCCESSFUL!
2024-08-14 18:03:41,736 - ERROR - SHEYP 442343465 IS ALREADY EXISTS!
2024-08-14 18:03:41,740 - INFO - ADD TO SHEYP ‌DATABASE, SUCCESSFUL!
2024-08-14 18:03:41,744 - INFO - ADD TO SHEYP ‌DATABASE, SUCCESSFUL!
2024-08-14 18:03:41,746 - ERROR - SHEYP 443310968 IS ALREADY EXISTS!
2024-08-14 18:03:41,747 - ERROR - SHEYP 442266129 IS ALREADY EXISTS!
2024-08-14 18:03:41,751 - INFO - ADD TO SHEYP ‌DATABASE, SUCCESSFUL!
2024-08-14 18:03:41,753 - ERROR - SHEYP 441455664 IS ALREADY EXISTS!
2024-08-14 18:03:41,757 - INFO - ADD TO SHEYP ‌DATABASE, SUCCESSFUL!
2024-08-14 18:03:41,764 - INFO - ADD TO SHEYP ‌DATABASE, SUCCESSFUL!
2024-08-14 18:03:41,769 - ERROR - SHEYP 441966019 IS ALREADY EXISTS!
2024-08-14 18:03:41,777 - INFO - ADD TO SHEYP ‌DATABASE, SUCCESSFUL!
2024-08-14 18:03:41,782 - ERROR - SHEYP 416893499 IS ALREADY EXISTS!
2024-08-14 18:03:41,788 - ERROR - SHEYP 443311911 IS ALREADY EXISTS!
2024-08-14 18:03:41,795 - INFO - ADD TO SHEYP ‌DATABASE, SUCCESSFUL!
2024-08-14 18:03:41,801 - INFO - ADD TO SHEYP ‌DATABASE, SUCCESSFUL!
2024-08-14 18:03:41,806 - INFO - ADD TO SHEYP ‌DATABASE, SUCCESSFUL!
2024-08-14 18:03:41,809 - ERROR - SHEYP 443262271 IS ALREADY EXISTS!
2024-08-14 18:03:41,812 - ERROR - SHEYP 390651070 IS ALREADY EXISTS!
2024-08-14 18:03:41,815 - ERROR - SHEYP 443278520 IS ALREADY EXISTS!
2024-08-14 18:03:41,820 - INFO - ADD TO SHEYP ‌DATABASE, SUCCESSFUL!
2024-08-14 18:03:41,822 - ERROR - SHEYP 440228135 IS ALREADY EXISTS!
2024-08-14 18:03:41,824 - ERROR - SHEYP 431396012 IS ALREADY EXISTS!
2024-08-14 18:03:41,829 - INFO - ADD TO SHEYP ‌DATABASE, SUCCESSFUL!
2024-08-14 18:03:41,831 - ERROR - SHEYP 443025441 IS ALREADY EXISTS!
2024-08-14 18:03:41,834 - ERROR - SHEYP 442812997 IS ALREADY EXISTS!
2024-08-14 18:03:41,836 - ERROR - SHEYP 443106447 IS ALREADY EXISTS!
2024-08-14 18:03:41,841 - INFO - ADD TO SHEYP ‌DATABASE, SUCCESSFUL!
2024-08-14 18:03:41,844 - ERROR - SHEYP 443270762 IS ALREADY EXISTS!
2024-08-14 18:03:41,849 - INFO - ADD TO SHEYP ‌DATABASE, SUCCESSFUL!
2024-08-14 18:03:41,854 - INFO - ADD TO SHEYP ‌DATABASE, SUCCESSFUL!
2024-08-14 18:03:41,859 - INFO - ADD TO SHEYP ‌DATABASE, SUCCESSFUL!
2024-08-14 18:03:41,864 - INFO - ADD TO SHEYP ‌DATABASE, SUCCESSFUL!
2024-08-14 18:03:41,869 - INFO - ADD TO SHEYP ‌DATABASE, SUCCESSFUL!
2024-08-14 18:03:41,871 - ERROR - SHEYP 442361306 IS ALREADY EXISTS!
2024-08-14 18:03:41,876 - INFO - ADD TO SHEYP ‌DATABASE, SUCCESSFUL!
2024-08-14 18:03:41,878 - ERROR - SHEYP 442264594 IS ALREADY EXISTS!
2024-08-14 18:03:41,883 - INFO - ADD TO SHEYP ‌DATABASE, SUCCESSFUL!
2024-08-14 18:03:41,888 - INFO - ADD TO SHEYP ‌DATABASE, SUCCESSFUL!
2024-08-14 18:03:41,893 - ERROR - SHEYP 443310854 IS ALREADY EXISTS!
2024-08-14 18:03:41,901 - INFO - ADD TO SHEYP ‌DATABASE, SUCCESSFUL!
2024-08-14 18:03:41,908 - INFO - ADD TO SHEYP ‌DATABASE, SUCCESSFUL!
2024-08-14 18:03:41,913 - ERROR - SHEYP 443311887 IS ALREADY EXISTS!
2024-08-14 18:03:41,919 - ERROR - SHEYP 443039913 IS ALREADY EXISTS!
2024-08-14 18:03:41,927 - INFO - ADD TO SHEYP ‌DATABASE, SUCCESSFUL!
2024-08-14 18:03:41,932 - ERROR - SHEYP 443311899 IS ALREADY EXISTS!
2024-08-14 18:03:41,938 - ERROR - SHEYP 439998297 IS ALREADY EXISTS!
2024-08-14 18:03:41,947 - INFO - ADD TO SHEYP ‌DATABASE, SUCCESSFUL!
2024-08-14 18:03:41,952 - ERROR - SHEYP 442049162 IS ALREADY EXISTS!
2024-08-14 18:03:41,961 - INFO - ADD TO SHEYP ‌DATABASE, SUCCESSFUL!
2024-08-14 18:03:41,966 - ERROR - SHEYP 441082592 IS ALREADY EXISTS!
2024-08-14 18:03:41,975 - INFO - ADD TO SHEYP ‌DATABASE, SUCCESSFUL!
2024-08-14 18:03:41,983 - INFO - ADD TO SHEYP ‌DATABASE, SUCCESSFUL!
2024-08-14 18:03:41,991 - INFO - ADD TO SHEYP ‌DATABASE, SUCCESSFUL!
2024-08-14 18:03:41,995 - ERROR - SHEYP 442890464 IS ALREADY EXISTS!
2024-08-14 18:03:42,000 - ERROR - SHEYP 442910750 IS ALREADY EXISTS!
2024-08-14 18:03:42,006 - INFO - ADD TO SHEYP ‌DATABASE, SUCCESSFUL!
2024-08-14 18:03:42,010 - INFO - ADD TO SHEYP ‌DATABASE, SUCCESSFUL!
2024-08-14 18:05:12,101 - ERROR - SHEYP 442832080 IS ALREADY EXISTS!
2024-08-14 18:05:12,103 - ERROR - SHEYP 396964053 IS ALREADY EXISTS!
2024-08-14 18:05:12,105 - ERROR - SHEYP 442265900 IS ALREADY EXISTS!
2024-08-14 18:05:12,106 - ERROR - SHEYP 252849465 IS ALREADY EXISTS!
2024-08-14 18:05:12,111 - INFO - ADD TO SHEYP ‌DATABASE, SUCCESSFUL!
2024-08-14 18:05:12,117 - INFO - ADD TO SHEYP ‌DATABASE, SUCCESSFUL!
2024-08-14 18:05:12,120 - INFO - ADD TO SHEYP ‌DATABASE, SUCCESSFUL!
2024-08-14 18:05:12,122 - ERROR - SHEYP 443311947 IS ALREADY EXISTS!
2024-08-14 18:05:12,123 - ERROR - SHEYP 441371015 IS ALREADY EXISTS!
2024-08-14 18:05:12,125 - ERROR - SHEYP 442265531 IS ALREADY EXISTS!
2024-08-14 18:05:12,126 - ERROR - SHEYP 443204239 IS ALREADY EXISTS!
2024-08-14 18:05:12,128 - ERROR - SHEYP 442570536 IS ALREADY EXISTS!
2024-08-14 18:05:12,129 - ERROR - SHEYP 443311892 IS ALREADY EXISTS!
2024-08-14 18:05:12,131 - ERROR - SHEYP 443278030 IS ALREADY EXISTS!
2024-08-14 18:05:12,136 - INFO - ADD TO SHEYP ‌DATABASE, SUCCESSFUL!
2024-08-14 18:05:12,139 - INFO - ADD TO SHEYP ‌DATABASE, SUCCESSFUL!
2024-08-14 18:05:12,140 - ERROR - SHEYP 417069302 IS ALREADY EXISTS!
2024-08-14 18:05:12,142 - ERROR - SHEYP 441620466 IS ALREADY EXISTS!
2024-08-14 18:05:12,144 - ERROR - SHEYP 229607100 IS ALREADY EXISTS!
2024-08-14 18:05:12,145 - ERROR - SHEYP 442206577 IS ALREADY EXISTS!
2024-08-14 18:05:12,147 - ERROR - SHEYP 439248876 IS ALREADY EXISTS!
2024-08-14 18:05:12,148 - ERROR - SHEYP 438870360 IS ALREADY EXISTS!
2024-08-14 18:05:12,149 - ERROR - SHEYP 440186969 IS ALREADY EXISTS!
2024-08-14 18:05:12,153 - INFO - ADD TO SHEYP ‌DATABASE, SUCCESSFUL!
2024-08-14 18:05:12,155 - ERROR - SHEYP 443005933 IS ALREADY EXISTS!
2024-08-14 18:05:12,157 - ERROR - SHEYP 440859462 IS ALREADY EXISTS!
2024-08-14 18:05:12,159 - ERROR - SHEYP 440206926 IS ALREADY EXISTS!
2024-08-14 18:05:12,160 - ERROR - SHEYP 442518813 IS ALREADY EXISTS!
2024-08-14 18:05:12,162 - ERROR - SHEYP 442343465 IS ALREADY EXISTS!
2024-08-14 18:05:12,163 - ERROR - SHEYP 442536979 IS ALREADY EXISTS!
2024-08-14 18:05:12,165 - ERROR - SHEYP 437948735 IS ALREADY EXISTS!
2024-08-14 18:05:12,166 - ERROR - SHEYP 443310968 IS ALREADY EXISTS!
2024-08-14 18:05:12,168 - ERROR - SHEYP 442266129 IS ALREADY EXISTS!
2024-08-14 18:05:12,172 - INFO - ADD TO SHEYP ‌DATABASE, SUCCESSFUL!
2024-08-14 18:05:12,173 - ERROR - SHEYP 443311917 IS ALREADY EXISTS!
2024-08-14 18:05:12,175 - ERROR - SHEYP 441455664 IS ALREADY EXISTS!
2024-08-14 18:05:12,176 - ERROR - SHEYP 442983681 IS ALREADY EXISTS!
2024-08-14 18:05:12,180 - INFO - ADD TO SHEYP ‌DATABASE, SUCCESSFUL!
2024-08-14 18:05:12,182 - ERROR - SHEYP 439124805 IS ALREADY EXISTS!
2024-08-14 18:05:12,184 - ERROR - SHEYP 441966019 IS ALREADY EXISTS!
2024-08-14 18:05:12,187 - INFO - ADD TO SHEYP ‌DATABASE, SUCCESSFUL!
2024-08-14 18:05:12,191 - INFO - ADD TO SHEYP ‌DATABASE, SUCCESSFUL!
2024-08-14 18:05:12,193 - ERROR - SHEYP 442714107 IS ALREADY EXISTS!
2024-08-14 18:05:12,197 - INFO - ADD TO SHEYP ‌DATABASE, SUCCESSFUL!
2024-08-14 18:05:12,198 - ERROR - SHEYP 416893499 IS ALREADY EXISTS!
2024-08-14 18:05:12,200 - ERROR - SHEYP 443311911 IS ALREADY EXISTS!
2024-08-14 18:05:12,202 - ERROR - SHEYP 442911264 IS ALREADY EXISTS!
2024-08-14 18:05:12,203 - ERROR - SHEYP 442498087 IS ALREADY EXISTS!
2024-08-14 18:05:12,205 - ERROR - SHEYP 443250523 IS ALREADY EXISTS!
2024-08-14 18:05:12,206 - ERROR - CAN NOT  ADD 437111459 TO SHEYP CSV!
ERORR:
Traceback (most recent call last):
  File "/home/sjd/Desktop/Realstate-Ads-Data-divar-sheypoor-/sc_ads/saver/syp_saver/syp_saver2db.py", line 180, in <module>
    real_state['room'] = int(data['main']['property'][decnum(data['main']['property'], 'تعداد اتاق')]['تعداد اتاق'])
ValueError: invalid literal for int() with base 10: '5 به بالا'
2024-08-14 18:05:12,207 - ERROR - SHEYP 443262271 IS ALREADY EXISTS!
2024-08-14 18:05:12,209 - ERROR - SHEYP 390651070 IS ALREADY EXISTS!
2024-08-14 18:05:12,213 - INFO - ADD TO SHEYP ‌DATABASE, SUCCESSFUL!
2024-08-14 18:05:12,217 - INFO - ADD TO SHEYP ‌DATABASE, SUCCESSFUL!
2024-08-14 18:05:12,221 - INFO - ADD TO SHEYP ‌DATABASE, SUCCESSFUL!
2024-08-14 18:05:12,222 - ERROR - SHEYP 443278520 IS ALREADY EXISTS!
2024-08-14 18:05:12,223 - ERROR - SHEYP 443311937 IS ALREADY EXISTS!
2024-08-14 18:05:12,225 - ERROR - SHEYP 440228135 IS ALREADY EXISTS!
2024-08-14 18:05:12,226 - ERROR - SHEYP 431396012 IS ALREADY EXISTS!
2024-08-14 18:05:12,228 - ERROR - SHEYP 443311909 IS ALREADY EXISTS!
2024-08-14 18:05:12,232 - INFO - ADD TO SHEYP ‌DATABASE, SUCCESSFUL!
2024-08-14 18:05:12,233 - ERROR - SHEYP 443025441 IS ALREADY EXISTS!
2024-08-14 18:05:12,235 - ERROR - SHEYP 442812997 IS ALREADY EXISTS!
2024-08-14 18:05:12,236 - ERROR - SHEYP 443106447 IS ALREADY EXISTS!
2024-08-14 18:05:12,238 - ERROR - SHEYP 442575508 IS ALREADY EXISTS!
2024-08-14 18:05:12,239 - ERROR - SHEYP 443270762 IS ALREADY EXISTS!
2024-08-14 18:05:12,240 - ERROR - SHEYP 443311928 IS ALREADY EXISTS!
2024-08-14 18:05:12,244 - INFO - ADD TO SHEYP ‌DATABASE, SUCCESSFUL!
2024-08-14 18:05:12,245 - ERROR - SHEYP 441620992 IS ALREADY EXISTS!
2024-08-14 18:05:12,246 - ERROR - SHEYP 438711280 IS ALREADY EXISTS!
2024-08-14 18:05:12,250 - INFO - ADD TO SHEYP ‌DATABASE, SUCCESSFUL!
2024-08-14 18:05:12,251 - ERROR - SHEYP 442738776 IS ALREADY EXISTS!
2024-08-14 18:05:12,253 - ERROR - SHEYP 443109236 IS ALREADY EXISTS!
2024-08-14 18:05:12,255 - ERROR - SHEYP 442361306 IS ALREADY EXISTS!
2024-08-14 18:05:12,256 - ERROR - SHEYP 443311940 IS ALREADY EXISTS!
2024-08-14 18:05:12,258 - ERROR - SHEYP 442264594 IS ALREADY EXISTS!
2024-08-14 18:05:12,259 - ERROR - SHEYP 442550012 IS ALREADY EXISTS!
2024-08-14 18:05:12,260 - ERROR - SHEYP 443311845 IS ALREADY EXISTS!
2024-08-14 18:05:12,262 - ERROR - SHEYP 443310854 IS ALREADY EXISTS!
2024-08-14 18:05:12,263 - ERROR - SHEYP 442792356 IS ALREADY EXISTS!
2024-08-14 18:05:12,264 - ERROR - SHEYP 441360183 IS ALREADY EXISTS!
2024-08-14 18:05:12,266 - ERROR - SHEYP 443311887 IS ALREADY EXISTS!
2024-08-14 18:05:12,268 - ERROR - SHEYP 443039913 IS ALREADY EXISTS!
2024-08-14 18:05:12,271 - INFO - ADD TO SHEYP ‌DATABASE, SUCCESSFUL!
2024-08-14 18:05:12,273 - ERROR - SHEYP 392143174 IS ALREADY EXISTS!
2024-08-14 18:05:12,274 - ERROR - SHEYP 443311899 IS ALREADY EXISTS!
2024-08-14 18:05:12,279 - INFO - ADD TO SHEYP ‌DATABASE, SUCCESSFUL!
2024-08-14 18:05:12,281 - ERROR - SHEYP 439998297 IS ALREADY EXISTS!
2024-08-14 18:05:12,284 - ERROR - SHEYP 440205146 IS ALREADY EXISTS!
2024-08-14 18:05:12,286 - ERROR - SHEYP 442049162 IS ALREADY EXISTS!
2024-08-14 18:05:12,288 - ERROR - SHEYP 433859768 IS ALREADY EXISTS!
2024-08-14 18:05:12,289 - ERROR - SHEYP 441082592 IS ALREADY EXISTS!
2024-08-14 18:05:12,291 - ERROR - SHEYP 417208382 IS ALREADY EXISTS!
2024-08-14 18:05:12,292 - ERROR - SHEYP 442654612 IS ALREADY EXISTS!
2024-08-14 18:05:12,294 - ERROR - SHEYP 442276937 IS ALREADY EXISTS!
2024-08-14 18:05:12,297 - INFO - ADD TO SHEYP ‌DATABASE, SUCCESSFUL!
2024-08-14 18:05:12,299 - ERROR - SHEYP 442890464 IS ALREADY EXISTS!
2024-08-14 18:05:12,301 - ERROR - SHEYP 442910750 IS ALREADY EXISTS!
2024-08-14 18:05:12,303 - ERROR - SHEYP 403206727 IS ALREADY EXISTS!
2024-08-14 18:05:12,305 - ERROR - SHEYP 443097119 IS ALREADY EXISTS!
