2024-09-16 14:31:13,761 - INFO - clean up div
2024-09-16 14:31:16,618 - INFO - clean up div
2024-09-16 14:31:18,224 - INFO - clean up div
2024-09-16 14:31:18,237 - INFO - clean up div
2024-09-16 14:31:18,342 - INFO - clean up div
2024-09-16 14:31:18,561 - INFO - clean up div
2024-09-16 14:31:19,469 - INFO - clean up div
2024-09-16 14:31:21,039 - INFO - clean up div
2024-09-16 14:31:21,043 - INFO - clean up div
2024-09-16 14:31:21,316 - INFO - clean up div
2024-09-16 14:31:21,466 - INFO - clean up div
2024-09-16 14:31:22,264 - INFO - clean up div
2024-09-16 14:31:23,848 - ERROR - CAN NOT  PARSE gZo_QKdH DIV DATA!
ERORR:
Traceback (most recent call last):
  File "/home/sjd/Documents/Realstate-Ads-Data-divar-sheypoor/parser/lev1_parser/div_lev1_parser/fun_div_parser_lev1.py", line 81, in div_parser1
    section_cleaner(data['sections'], 'BUSINESS_SECTION')
  File "/home/sjd/Documents/Realstate-Ads-Data-divar-sheypoor/parser/lev1_parser/div_lev1_parser/div_cleaning_section.py", line 37, in section_cleaner
    data[des_num1]['widgets'][des_num2]['data'].pop('@type', None)
TypeError: list indices must be integers or slices, not NoneType
2024-09-16 14:31:23,920 - INFO - clean up div
2024-09-16 14:31:24,192 - INFO - clean up div
2024-09-16 14:31:25,012 - INFO - clean up div
2024-09-16 14:31:25,186 - INFO - clean up div
2024-09-16 14:31:26,691 - INFO - clean up div
2024-09-16 14:31:26,773 - INFO - clean up div
2024-09-16 14:31:26,975 - INFO - clean up div
2024-09-16 14:31:27,812 - INFO - clean up div
2024-09-16 14:31:28,100 - INFO - clean up div
2024-09-16 14:31:29,828 - INFO - clean up div
2024-09-16 14:31:30,438 - INFO - clean up div
2024-09-16 14:31:30,901 - INFO - clean up div
2024-09-16 14:31:31,132 - INFO - clean up div
2024-09-16 14:31:31,788 - INFO - clean up div
2024-09-16 14:31:32,866 - INFO - clean up div
2024-09-16 14:31:33,577 - INFO - clean up div
2024-09-16 14:31:33,973 - INFO - clean up div
2024-09-16 14:31:34,505 - INFO - clean up div
2024-09-16 14:31:34,754 - INFO - clean up div
2024-09-16 14:31:35,566 - INFO - clean up div
2024-09-16 14:31:36,430 - INFO - clean up div
2024-09-16 14:31:36,488 - INFO - clean up div
2024-09-16 14:31:37,102 - INFO - clean up div
2024-09-16 14:31:37,360 - INFO - clean up div
2024-09-16 14:31:38,361 - INFO - clean up div
2024-09-16 14:31:39,329 - INFO - clean up div
2024-09-16 14:31:39,362 - INFO - clean up div
2024-09-16 14:31:40,010 - INFO - clean up div
2024-09-16 14:31:40,311 - INFO - clean up div
2024-09-16 14:31:41,644 - INFO - clean up div
2024-09-16 14:31:42,179 - INFO - clean up div
2024-09-16 14:31:42,223 - INFO - clean up div
2024-09-16 14:31:42,804 - INFO - clean up div
2024-09-16 14:31:43,092 - INFO - clean up div
2024-09-16 14:31:44,520 - INFO - clean up div
2024-09-16 14:31:46,215 - INFO - clean up div
2024-09-16 14:31:46,649 - INFO - clean up div
2024-09-16 14:31:47,676 - INFO - clean up div
2024-09-16 14:31:48,488 - INFO - clean up div
2024-09-16 14:31:49,295 - INFO - clean up div
2024-09-16 14:31:49,738 - INFO - clean up div
2024-09-16 14:31:50,026 - INFO - clean up div
2024-09-16 14:31:50,474 - INFO - clean up div
2024-09-16 14:31:50,875 - INFO - clean up div
2024-09-16 14:31:51,601 - INFO - clean up div
2024-09-16 14:31:52,042 - INFO - clean up div
2024-09-16 14:31:52,383 - INFO - clean up div
2024-09-16 14:31:52,776 - INFO - clean up div
2024-09-16 14:31:53,273 - INFO - clean up div
2024-09-16 14:31:54,404 - INFO - clean up div
2024-09-16 14:31:54,603 - INFO - clean up div
2024-09-16 14:31:54,960 - INFO - clean up div
2024-09-16 14:31:55,444 - INFO - clean up div
2024-09-16 14:31:56,056 - INFO - clean up div
2024-09-16 14:31:57,630 - INFO - clean up div
2024-09-16 14:31:57,964 - INFO - clean up div
2024-09-16 14:31:58,326 - INFO - clean up div
2024-09-16 14:31:59,310 - INFO - clean up div
2024-09-16 14:32:00,425 - INFO - clean up div
2024-09-16 14:32:00,737 - INFO - clean up div
2024-09-16 14:32:01,220 - INFO - clean up div
2024-09-16 14:32:01,274 - INFO - clean up div
2024-09-16 14:32:02,204 - INFO - clean up div
2024-09-16 14:32:03,181 - INFO - clean up div
2024-09-16 14:32:03,398 - INFO - clean up div
2024-09-16 14:32:03,914 - INFO - clean up div
2024-09-16 14:32:04,212 - INFO - clean up div
2024-09-16 14:32:05,252 - INFO - clean up div
2024-09-16 14:32:06,029 - INFO - clean up div
2024-09-16 14:32:06,218 - INFO - clean up div
2024-09-16 14:32:06,773 - INFO - clean up div
2024-09-16 14:32:07,093 - INFO - clean up div
2024-09-16 14:32:08,149 - INFO - clean up div
2024-09-16 14:32:08,963 - INFO - clean up div
2024-09-16 14:32:09,425 - INFO - clean up div
2024-09-16 14:32:09,796 - INFO - clean up div
2024-09-16 14:32:10,381 - INFO - clean up div
2024-09-16 14:32:11,058 - INFO - clean up div
2024-09-16 14:32:11,742 - INFO - clean up div
2024-09-16 14:32:12,174 - INFO - clean up div
2024-09-16 14:32:12,470 - INFO - clean up div
2024-09-16 14:32:13,119 - INFO - clean up div
2024-09-16 14:32:14,047 - INFO - clean up div
2024-09-16 14:32:14,815 - INFO - clean up div
2024-09-16 14:32:15,084 - INFO - clean up div
2024-09-16 14:32:15,285 - INFO - clean up div
2024-09-16 14:32:15,773 - INFO - clean up div
2024-09-16 14:32:16,463 - INFO - clean up div
2024-09-16 14:32:17,333 - INFO - clean up div
2024-09-16 14:32:17,531 - INFO - clean up div
2024-09-16 14:32:17,712 - INFO - clean up div
2024-09-16 14:32:18,279 - INFO - clean up div
2024-09-16 14:32:18,935 - INFO - clean up div
2024-09-16 14:32:19,856 - INFO - clean up div
2024-09-16 14:32:20,343 - INFO - clean up div
2024-09-16 14:32:20,413 - INFO - clean up div
2024-09-16 14:32:20,761 - INFO - clean up div
2024-09-16 14:32:21,299 - INFO - clean up div
2024-09-16 14:32:22,328 - INFO - clean up div
2024-09-16 14:32:22,795 - INFO - clean up div
2024-09-16 14:32:22,825 - INFO - clean up div
2024-09-16 14:32:23,300 - INFO - clean up div
2024-09-16 14:32:23,894 - INFO - clean up div
2024-09-16 14:32:25,076 - INFO - clean up div
2024-09-16 14:32:25,652 - INFO - clean up div
2024-09-16 14:32:25,686 - INFO - clean up div
2024-09-16 14:32:26,820 - INFO - clean up div
2024-09-16 14:32:27,954 - INFO - clean up div
2024-09-16 14:32:28,452 - INFO - clean up div
2024-09-16 14:32:28,481 - INFO - clean up div
2024-09-16 14:32:29,455 - INFO - clean up div
2024-09-16 14:32:29,651 - INFO - clean up div
2024-09-16 14:32:30,811 - INFO - clean up div
2024-09-16 14:32:31,257 - INFO - clean up div
2024-09-16 14:32:31,263 - INFO - clean up div
2024-09-16 14:32:32,019 - INFO - clean up div
2024-09-16 14:32:32,250 - INFO - clean up div
2024-09-16 14:32:33,488 - INFO - clean up div
2024-09-16 14:32:33,931 - INFO - clean up div
2024-09-16 14:32:33,942 - INFO - clean up div
2024-09-16 14:32:34,901 - INFO - clean up div
2024-09-16 14:32:35,044 - INFO - clean up div
2024-09-16 14:32:36,382 - INFO - clean up div
2024-09-16 14:32:36,841 - INFO - clean up div
2024-09-16 14:32:36,881 - INFO - clean up div
2024-09-16 14:32:37,665 - INFO - clean up div
2024-09-16 14:32:37,812 - INFO - clean up div
2024-09-16 14:32:38,806 - INFO - clean up div
2024-09-16 14:32:39,397 - INFO - clean up div
2024-09-16 14:32:39,785 - INFO - clean up div
2024-09-16 14:32:40,190 - INFO - clean up div
2024-09-16 14:32:40,409 - INFO - clean up div
2024-09-16 14:32:41,643 - INFO - clean up div
2024-09-16 14:32:43,034 - INFO - clean up div
2024-09-16 14:32:43,132 - ERROR - CAN NOT  PARSE gZoDhLqR DIV DATA!
ERORR:
Traceback (most recent call last):
  File "/home/sjd/Documents/Realstate-Ads-Data-divar-sheypoor/parser/lev1_parser/div_lev1_parser/fun_div_parser_lev1.py", line 81, in div_parser1
    section_cleaner(data['sections'], 'BUSINESS_SECTION')
  File "/home/sjd/Documents/Realstate-Ads-Data-divar-sheypoor/parser/lev1_parser/div_lev1_parser/div_cleaning_section.py", line 37, in section_cleaner
    data[des_num1]['widgets'][des_num2]['data'].pop('@type', None)
TypeError: list indices must be integers or slices, not NoneType
2024-09-16 14:32:43,396 - INFO - clean up div
2024-09-16 14:32:44,355 - INFO - clean up div
2024-09-16 14:32:45,429 - INFO - clean up div
2024-09-16 14:32:45,515 - INFO - clean up div
2024-09-16 14:32:45,692 - INFO - clean up div
2024-09-16 14:32:45,766 - INFO - clean up div
2024-09-16 14:32:46,749 - INFO - clean up div
2024-09-16 14:32:47,742 - INFO - clean up div
2024-09-16 14:32:47,779 - INFO - clean up div
2024-09-16 14:32:47,938 - INFO - clean up div
2024-09-16 14:32:47,968 - INFO - clean up div
2024-09-16 14:32:48,719 - INFO - clean up div
2024-09-16 14:32:49,512 - INFO - clean up div
2024-09-16 14:32:49,535 - INFO - clean up div
2024-09-16 14:32:49,633 - INFO - clean up div
2024-09-16 14:32:49,653 - INFO - clean up div
2024-09-16 14:32:50,514 - INFO - clean up div
2024-09-16 14:32:51,377 - INFO - clean up div
2024-09-16 14:32:51,525 - INFO - clean up div
2024-09-16 14:32:51,678 - INFO - clean up div
2024-09-16 14:32:51,827 - INFO - clean up div
2024-09-16 14:32:52,776 - INFO - clean up div
2024-09-16 14:32:53,254 - INFO - clean up div
2024-09-16 14:32:53,482 - INFO - clean up div
2024-09-16 14:32:53,880 - INFO - clean up div
2024-09-16 14:32:54,266 - INFO - clean up div
2024-09-16 14:32:54,817 - INFO - clean up div
2024-09-16 14:32:55,363 - INFO - clean up div
2024-09-16 14:32:55,757 - INFO - clean up div
2024-09-16 14:32:56,125 - INFO - clean up div
2024-09-16 14:32:56,674 - INFO - clean up div
2024-09-16 14:32:57,541 - INFO - clean up div
2024-09-16 14:32:58,267 - INFO - clean up div
2024-09-16 14:32:59,629 - INFO - clean up div
2024-09-16 14:33:00,426 - INFO - clean up div
2024-09-16 14:33:00,941 - INFO - clean up div
2024-09-16 14:33:01,151 - INFO - clean up div
2024-09-16 14:33:02,488 - INFO - clean up div
2024-09-16 14:33:03,230 - INFO - clean up div
2024-09-16 14:33:03,321 - INFO - clean up div
2024-09-16 14:33:03,757 - INFO - clean up div
2024-09-16 14:33:03,813 - INFO - clean up div
2024-09-16 14:33:05,236 - INFO - clean up div
2024-09-16 14:33:06,061 - INFO - clean up div
2024-09-16 14:33:06,164 - INFO - clean up div
2024-09-16 14:33:06,679 - INFO - clean up div
2024-09-16 14:33:08,060 - INFO - clean up div
2024-09-16 14:33:08,855 - INFO - clean up div
2024-09-16 14:33:08,975 - INFO - clean up div
2024-09-16 14:33:09,334 - INFO - clean up div
2024-09-16 14:33:09,486 - INFO - clean up div
2024-09-16 14:33:11,296 - INFO - clean up div
2024-09-16 14:33:12,242 - INFO - clean up div
2024-09-16 14:33:12,959 - INFO - clean up div
2024-09-16 14:33:13,726 - INFO - clean up div
2024-09-16 14:33:13,799 - INFO - clean up div
2024-09-16 14:33:13,916 - INFO - clean up div
2024-09-16 14:33:14,940 - INFO - clean up div
2024-09-16 14:33:15,882 - INFO - clean up div
2024-09-16 14:33:16,764 - INFO - clean up div
2024-09-16 14:33:16,941 - INFO - clean up div
2024-09-16 14:33:17,142 - INFO - clean up div
2024-09-16 14:33:18,061 - INFO - clean up div
2024-09-16 15:22:17,715 - INFO - clean up div
2024-09-16 15:22:17,841 - INFO - clean up div
2024-09-16 15:22:17,965 - INFO - clean up div
2024-09-16 15:22:18,096 - INFO - clean up div
2024-09-16 15:22:18,204 - INFO - clean up div
2024-09-16 15:22:18,325 - INFO - clean up div
2024-09-16 15:22:18,444 - INFO - clean up div
2024-09-16 15:22:18,572 - INFO - clean up div
2024-09-16 15:22:18,680 - INFO - clean up div
2024-09-16 15:22:18,789 - INFO - clean up div
2024-09-16 15:22:18,903 - INFO - clean up div
2024-09-16 15:22:19,022 - INFO - clean up div
2024-09-16 15:22:19,133 - INFO - clean up div
2024-09-16 15:22:19,239 - INFO - clean up div
2024-09-16 15:22:19,360 - INFO - clean up div
2024-09-16 15:22:19,496 - INFO - clean up div
2024-09-16 15:22:19,599 - INFO - clean up div
2024-09-16 15:22:19,727 - INFO - clean up div
2024-09-16 15:22:19,840 - INFO - clean up div
2024-09-16 15:22:19,954 - INFO - clean up div
2024-09-16 15:22:20,065 - INFO - clean up div
2024-09-16 15:22:20,178 - INFO - clean up div
2024-09-16 15:22:20,272 - INFO - clean up div
2024-09-16 15:22:20,376 - INFO - clean up div
2024-09-16 15:22:21,459 - INFO - clean up div
2024-09-16 15:22:21,486 - INFO - clean up div
2024-09-16 15:22:21,496 - INFO - clean up div
2024-09-16 15:22:21,512 - INFO - clean up div
2024-09-16 15:22:21,622 - INFO - clean up div
2024-09-16 15:22:21,689 - INFO - clean up div
2024-09-16 15:22:21,693 - INFO - clean up div
2024-09-16 15:22:21,711 - INFO - clean up div
2024-09-16 15:22:21,723 - INFO - clean up div
2024-09-16 15:22:21,819 - INFO - clean up div
2024-09-16 15:22:21,924 - INFO - clean up div
2024-09-16 15:22:22,024 - INFO - clean up div
2024-09-16 15:22:22,121 - INFO - clean up div
2024-09-16 15:22:22,255 - INFO - clean up div
2024-09-16 15:22:22,366 - INFO - clean up div
2024-09-16 15:22:22,497 - INFO - clean up div
2024-09-16 15:22:22,594 - INFO - clean up div
2024-09-16 15:22:22,689 - INFO - clean up div
2024-09-16 15:22:22,791 - INFO - clean up div
2024-09-16 15:22:22,917 - INFO - clean up div
2024-09-16 15:22:23,048 - INFO - clean up div
2024-09-16 15:22:23,205 - INFO - clean up div
2024-09-16 15:22:23,332 - INFO - clean up div
2024-09-16 15:22:23,448 - INFO - clean up div
2024-09-16 15:22:23,575 - INFO - clean up div
2024-09-16 15:22:23,677 - INFO - clean up div
2024-09-16 15:22:23,785 - INFO - clean up div
2024-09-16 15:22:23,884 - INFO - clean up div
2024-09-16 15:22:23,979 - INFO - clean up div
2024-09-16 15:22:24,074 - INFO - clean up div
2024-09-16 15:22:24,195 - INFO - clean up div
2024-09-16 15:22:24,293 - INFO - clean up div
2024-09-16 15:22:24,408 - INFO - clean up div
2024-09-16 15:22:24,513 - INFO - clean up div
2024-09-16 15:22:24,610 - INFO - clean up div
2024-09-16 15:22:24,897 - INFO - clean up div
2024-09-16 15:22:24,997 - INFO - clean up div
2024-09-16 15:22:25,110 - INFO - clean up div
2024-09-16 15:22:25,206 - INFO - clean up div
2024-09-16 15:22:25,298 - INFO - clean up div
2024-09-16 15:22:25,392 - INFO - clean up div
2024-09-16 15:22:25,533 - INFO - clean up div
2024-09-16 15:22:25,657 - INFO - clean up div
2024-09-16 15:22:25,742 - INFO - clean up div
2024-09-16 15:22:25,837 - INFO - clean up div
2024-09-16 15:22:25,937 - INFO - clean up div
2024-09-16 15:22:26,059 - INFO - clean up div
2024-09-16 15:22:26,145 - INFO - clean up div
2024-09-16 15:22:26,254 - INFO - clean up div
2024-09-16 15:22:26,369 - INFO - clean up div
2024-09-16 15:22:26,491 - INFO - clean up div
2024-09-16 15:22:26,700 - INFO - clean up div
2024-09-16 15:22:26,818 - INFO - clean up div
2024-09-16 15:22:27,020 - INFO - clean up div
2024-09-16 15:22:27,065 - INFO - clean up div
2024-09-16 15:22:27,065 - INFO - clean up div
2024-09-16 15:22:27,068 - INFO - clean up div
2024-09-16 15:22:27,071 - INFO - clean up div
2024-09-16 15:22:27,154 - ERROR - CAN NOT  PARSE QZ5RmAH7 DIV DATA!
ERORR:
Traceback (most recent call last):
  File "/home/sjd/Documents/Realstate-Ads-Data-divar-sheypoor/parser/lev1_parser/div_lev1_parser/fun_div_parser_lev1.py", line 83, in div_parser1
    section_cleaner(data['sections'], 'BUSINESS_SECTION')
  File "/home/sjd/Documents/Realstate-Ads-Data-divar-sheypoor/parser/lev1_parser/div_lev1_parser/div_cleaning_section.py", line 37, in section_cleaner
    data[des_num1]['widgets'][des_num2]['data'].pop('@type', None)
TypeError: list indices must be integers or slices, not NoneType
2024-09-16 15:22:27,265 - INFO - clean up div
2024-09-16 15:22:27,395 - INFO - clean up div
2024-09-16 15:22:27,509 - INFO - clean up div
2024-09-16 15:22:27,639 - INFO - clean up div
2024-09-16 15:22:27,759 - INFO - clean up div
2024-09-16 15:22:27,881 - INFO - clean up div
2024-09-16 15:22:28,002 - INFO - clean up div
2024-09-16 15:22:28,127 - INFO - clean up div
2024-09-16 15:22:28,283 - INFO - clean up div
2024-09-16 15:22:28,400 - INFO - clean up div
2024-09-16 15:22:28,516 - ERROR - CAN NOT  PARSE gZyJeaVH DIV DATA!
ERORR:
Traceback (most recent call last):
  File "/home/sjd/Documents/Realstate-Ads-Data-divar-sheypoor/parser/lev1_parser/div_lev1_parser/fun_div_parser_lev1.py", line 83, in div_parser1
    section_cleaner(data['sections'], 'BUSINESS_SECTION')
  File "/home/sjd/Documents/Realstate-Ads-Data-divar-sheypoor/parser/lev1_parser/div_lev1_parser/div_cleaning_section.py", line 37, in section_cleaner
    data[des_num1]['widgets'][des_num2]['data'].pop('@type', None)
TypeError: list indices must be integers or slices, not NoneType
2024-09-16 15:22:28,631 - INFO - clean up div
2024-09-16 15:22:28,738 - INFO - clean up div
2024-09-16 15:22:28,860 - INFO - clean up div
2024-09-16 15:22:28,973 - INFO - clean up div
2024-09-16 15:22:29,084 - ERROR - CAN NOT  PARSE QZtWC3Pa DIV DATA!
ERORR:
Traceback (most recent call last):
  File "/home/sjd/Documents/Realstate-Ads-Data-divar-sheypoor/parser/lev1_parser/div_lev1_parser/fun_div_parser_lev1.py", line 83, in div_parser1
    section_cleaner(data['sections'], 'BUSINESS_SECTION')
  File "/home/sjd/Documents/Realstate-Ads-Data-divar-sheypoor/parser/lev1_parser/div_lev1_parser/div_cleaning_section.py", line 37, in section_cleaner
    data[des_num1]['widgets'][des_num2]['data'].pop('@type', None)
TypeError: list indices must be integers or slices, not NoneType
2024-09-16 15:22:29,314 - INFO - clean up div
2024-09-16 15:22:29,441 - INFO - clean up div
2024-09-16 15:22:29,544 - INFO - clean up div
2024-09-16 15:22:29,662 - INFO - clean up div
2024-09-16 15:22:29,785 - INFO - clean up div
2024-09-16 15:22:29,932 - INFO - clean up div
2024-09-16 15:22:30,046 - INFO - clean up div
2024-09-16 15:22:30,153 - INFO - clean up div
2024-09-16 15:22:30,280 - INFO - clean up div
2024-09-16 15:22:30,389 - INFO - clean up div
2024-09-16 15:22:30,493 - INFO - clean up div
2024-09-16 15:22:30,603 - INFO - clean up div
2024-09-16 15:22:30,727 - INFO - clean up div
2024-09-16 15:22:30,849 - INFO - clean up div
2024-09-16 15:22:30,948 - INFO - clean up div
2024-09-16 15:22:31,467 - INFO - clean up div
2024-09-16 15:22:31,567 - INFO - clean up div
2024-09-16 15:22:31,697 - INFO - clean up div
2024-09-16 15:22:31,811 - INFO - clean up div
2024-09-16 15:22:31,915 - INFO - clean up div
2024-09-16 15:22:32,593 - INFO - clean up div
2024-09-16 15:22:32,638 - INFO - clean up div
2024-09-16 15:22:32,643 - INFO - clean up div
2024-09-16 15:22:32,647 - INFO - clean up div
2024-09-16 15:22:32,649 - INFO - clean up div
2024-09-16 15:22:32,914 - INFO - clean up div
2024-09-16 15:22:32,925 - INFO - clean up div
2024-09-16 15:22:32,927 - ERROR - CAN NOT  PARSE QZzaFKMS DIV DATA!
ERORR:
Traceback (most recent call last):
  File "/home/sjd/Documents/Realstate-Ads-Data-divar-sheypoor/parser/lev1_parser/div_lev1_parser/fun_div_parser_lev1.py", line 83, in div_parser1
    section_cleaner(data['sections'], 'BUSINESS_SECTION')
  File "/home/sjd/Documents/Realstate-Ads-Data-divar-sheypoor/parser/lev1_parser/div_lev1_parser/div_cleaning_section.py", line 37, in section_cleaner
    data[des_num1]['widgets'][des_num2]['data'].pop('@type', None)
TypeError: list indices must be integers or slices, not NoneType
2024-09-16 15:22:32,955 - INFO - clean up div
2024-09-16 15:22:38,125 - INFO - clean up div
2024-09-16 15:22:38,156 - INFO - clean up div
2024-09-16 15:22:38,196 - INFO - clean up div
2024-09-16 15:22:38,225 - INFO - clean up div
2024-09-16 15:22:38,250 - INFO - clean up div
2024-09-16 15:22:38,432 - INFO - clean up div
2024-09-16 15:22:38,437 - INFO - clean up div
2024-09-16 15:22:38,548 - INFO - clean up div
2024-09-16 15:22:43,786 - INFO - clean up div
2024-09-16 15:22:43,810 - INFO - clean up div
2024-09-16 15:22:43,812 - INFO - clean up div
2024-09-16 15:22:43,815 - INFO - clean up div
2024-09-16 15:22:43,846 - INFO - clean up div
2024-09-16 15:22:43,972 - INFO - clean up div
2024-09-16 15:22:43,997 - INFO - clean up div
2024-09-16 15:22:44,202 - INFO - clean up div
2024-09-16 15:22:49,398 - INFO - clean up div
2024-09-16 15:22:49,404 - ERROR - CAN NOT  PARSE gZXya_67 DIV DATA!
ERORR:
Traceback (most recent call last):
  File "/home/sjd/Documents/Realstate-Ads-Data-divar-sheypoor/parser/lev1_parser/div_lev1_parser/fun_div_parser_lev1.py", line 83, in div_parser1
    section_cleaner(data['sections'], 'BUSINESS_SECTION')
  File "/home/sjd/Documents/Realstate-Ads-Data-divar-sheypoor/parser/lev1_parser/div_lev1_parser/div_cleaning_section.py", line 37, in section_cleaner
    data[des_num1]['widgets'][des_num2]['data'].pop('@type', None)
TypeError: list indices must be integers or slices, not NoneType
2024-09-16 15:22:49,408 - INFO - clean up div
2024-09-16 15:22:49,409 - INFO - clean up div
2024-09-16 15:22:49,409 - INFO - clean up div
2024-09-16 15:22:49,617 - INFO - clean up div
2024-09-16 15:22:49,637 - INFO - clean up div
2024-09-16 15:22:49,647 - INFO - clean up div
2024-09-16 15:22:49,652 - INFO - clean up div
2024-09-16 15:22:49,656 - INFO - clean up div
2024-09-16 15:22:49,831 - INFO - clean up div
2024-09-16 15:22:49,842 - INFO - clean up div
2024-09-16 15:22:49,861 - INFO - clean up div
2024-09-16 15:22:55,113 - INFO - clean up div
2024-09-16 15:22:55,130 - INFO - clean up div
2024-09-16 15:22:55,135 - INFO - clean up div
2024-09-16 15:22:55,149 - INFO - clean up div
2024-09-16 15:22:55,153 - INFO - clean up div
2024-09-16 15:22:55,312 - INFO - clean up div
2024-09-16 15:22:55,353 - INFO - clean up div
2024-09-16 15:22:55,377 - INFO - clean up div
2024-09-16 15:22:55,380 - INFO - clean up div
2024-09-16 15:22:55,388 - INFO - clean up div
2024-09-16 15:22:55,460 - INFO - clean up div
2024-09-16 15:22:55,528 - INFO - clean up div
2024-09-16 15:22:55,571 - INFO - clean up div
2024-09-16 15:22:55,585 - INFO - clean up div
2024-09-16 15:22:55,644 - INFO - clean up div
2024-09-16 15:23:00,691 - INFO - clean up div
2024-09-16 15:23:00,705 - INFO - clean up div
2024-09-16 15:23:00,719 - INFO - clean up div
2024-09-16 15:23:00,721 - INFO - clean up div
2024-09-16 15:23:00,722 - INFO - clean up div
2024-09-16 15:23:00,915 - INFO - clean up div
2024-09-16 15:23:00,964 - INFO - clean up div
2024-09-16 15:23:00,970 - INFO - clean up div
2024-09-16 15:23:00,976 - INFO - clean up div
2024-09-16 15:23:01,042 - INFO - clean up div
2024-09-16 15:23:01,682 - INFO - clean up div
2024-09-16 15:23:01,826 - INFO - clean up div
2024-09-16 15:23:06,305 - INFO - clean up div
2024-09-16 15:23:06,306 - INFO - clean up div
2024-09-16 15:23:06,326 - INFO - clean up div
2024-09-16 15:23:06,329 - INFO - clean up div
2024-09-16 15:23:06,333 - INFO - clean up div
2024-09-16 15:23:06,468 - INFO - clean up div
2024-09-16 15:23:06,484 - INFO - clean up div
2024-09-16 15:23:11,962 - INFO - clean up div
2024-09-16 15:23:11,964 - INFO - clean up div
2024-09-16 15:23:11,980 - INFO - clean up div
2024-09-16 15:23:11,984 - INFO - clean up div
2024-09-16 15:23:11,988 - INFO - clean up div
2024-09-16 15:23:12,199 - INFO - clean up div
2024-09-16 15:23:12,215 - INFO - clean up div
2024-09-16 15:23:12,217 - INFO - clean up div
2024-09-16 15:23:12,221 - INFO - clean up div
2024-09-16 15:23:12,243 - INFO - clean up div
2024-09-16 15:23:12,344 - INFO - clean up div
2024-09-16 15:23:12,377 - INFO - clean up div
2024-09-16 15:23:17,508 - INFO - clean up div
2024-09-16 15:23:17,530 - INFO - clean up div
2024-09-16 15:23:17,530 - INFO - clean up div
2024-09-16 15:23:17,565 - INFO - clean up div
2024-09-16 15:23:17,568 - INFO - clean up div
2024-09-16 15:23:17,746 - INFO - clean up div
2024-09-16 15:23:17,750 - INFO - clean up div
2024-09-16 15:23:17,758 - ERROR - CAN NOT  PARSE QZvSPttp DIV DATA!
ERORR:
Traceback (most recent call last):
  File "/home/sjd/Documents/Realstate-Ads-Data-divar-sheypoor/parser/lev1_parser/div_lev1_parser/fun_div_parser_lev1.py", line 83, in div_parser1
    section_cleaner(data['sections'], 'BUSINESS_SECTION')
  File "/home/sjd/Documents/Realstate-Ads-Data-divar-sheypoor/parser/lev1_parser/div_lev1_parser/div_cleaning_section.py", line 37, in section_cleaner
    data[des_num1]['widgets'][des_num2]['data'].pop('@type', None)
TypeError: list indices must be integers or slices, not NoneType
2024-09-16 15:23:17,777 - INFO - clean up div
2024-09-16 15:23:17,783 - INFO - clean up div
2024-09-16 15:23:17,949 - INFO - clean up div
2024-09-16 15:23:17,958 - INFO - clean up div
2024-09-16 15:23:17,963 - INFO - clean up div
2024-09-16 15:23:17,969 - INFO - clean up div
2024-09-16 15:23:23,066 - INFO - clean up div
2024-09-16 15:23:23,068 - INFO - clean up div
2024-09-16 15:23:23,075 - INFO - clean up div
2024-09-16 15:23:23,104 - INFO - clean up div
2024-09-16 15:23:23,107 - INFO - clean up div
2024-09-16 15:23:23,273 - INFO - clean up div
2024-09-16 15:23:23,311 - INFO - clean up div
2024-09-16 15:23:23,353 - INFO - clean up div
2024-09-16 15:23:28,653 - INFO - clean up div
2024-09-16 15:23:28,675 - INFO - clean up div
2024-09-16 15:23:28,679 - INFO - clean up div
2024-09-16 15:23:28,682 - INFO - clean up div
2024-09-16 15:23:28,696 - INFO - clean up div
2024-09-16 15:23:28,799 - INFO - clean up div
2024-09-16 15:23:28,853 - INFO - clean up div
2024-09-16 15:23:28,863 - INFO - clean up div
2024-09-16 15:23:34,293 - INFO - clean up div
2024-09-16 15:23:34,300 - INFO - clean up div
2024-09-16 15:23:34,329 - INFO - clean up div
2024-09-16 15:23:34,358 - INFO - clean up div
2024-09-16 15:23:34,469 - INFO - clean up div
2024-09-16 15:23:34,584 - INFO - clean up div
2024-09-16 15:23:34,592 - INFO - clean up div
2024-09-16 15:23:34,607 - INFO - clean up div
2024-09-16 15:23:34,633 - INFO - clean up div
2024-09-16 15:23:34,647 - INFO - clean up div
2024-09-16 15:23:39,844 - INFO - clean up div
2024-09-16 15:23:39,857 - INFO - clean up div
2024-09-16 15:23:39,879 - INFO - clean up div
2024-09-16 15:23:39,879 - INFO - clean up div
2024-09-16 15:23:39,883 - INFO - clean up div
2024-09-16 15:23:40,023 - INFO - clean up div
2024-09-16 15:23:40,070 - INFO - clean up div
2024-09-16 15:23:40,105 - INFO - clean up div
2024-09-16 15:23:40,161 - INFO - clean up div
2024-09-16 16:13:35,841 - INFO - clean up div
2024-09-16 16:13:36,944 - INFO - clean up div
2024-09-16 16:13:38,702 - INFO - clean up div
2024-09-16 16:13:39,796 - INFO - clean up div
2024-09-16 16:13:41,147 - INFO - clean up div
2024-09-16 16:13:42,141 - INFO - clean up div
2024-09-16 16:13:42,154 - INFO - clean up div
2024-09-16 16:13:42,157 - INFO - clean up div
2024-09-16 16:13:42,168 - INFO - clean up div
2024-09-16 16:13:42,249 - INFO - clean up div
2024-09-16 16:13:43,238 - INFO - clean up div
2024-09-16 16:13:43,269 - INFO - clean up div
2024-09-16 16:13:43,276 - INFO - clean up div
2024-09-16 16:13:43,301 - INFO - clean up div
2024-09-16 16:13:43,406 - INFO - clean up div
2024-09-16 16:13:44,413 - INFO - clean up div
2024-09-16 16:13:44,421 - INFO - clean up div
2024-09-16 16:13:44,445 - INFO - clean up div
2024-09-16 16:13:44,455 - INFO - clean up div
2024-09-16 16:13:44,512 - INFO - clean up div
2024-09-16 16:13:45,552 - INFO - clean up div
2024-09-16 16:13:45,568 - INFO - clean up div
2024-09-16 16:13:45,584 - INFO - clean up div
2024-09-16 16:13:45,597 - INFO - clean up div
2024-09-16 16:13:45,912 - INFO - clean up div
2024-09-16 16:13:46,698 - INFO - clean up div
2024-09-16 16:13:46,732 - INFO - clean up div
2024-09-16 16:13:46,736 - INFO - clean up div
2024-09-16 16:13:47,050 - INFO - clean up div
2024-09-16 16:13:47,873 - INFO - clean up div
2024-09-16 16:13:49,093 - INFO - clean up div
2024-09-16 16:13:50,176 - INFO - clean up div
2024-09-16 16:13:50,615 - INFO - clean up div
2024-09-16 16:13:50,617 - INFO - clean up div
2024-09-16 16:13:50,639 - INFO - clean up div
2024-09-16 16:13:50,666 - INFO - clean up div
2024-09-16 16:13:51,285 - INFO - clean up div
2024-09-16 16:13:51,722 - INFO - clean up div
2024-09-16 16:13:51,723 - INFO - clean up div
2024-09-16 16:13:52,086 - INFO - clean up div
2024-09-16 16:13:52,420 - INFO - clean up div
2024-09-16 16:13:52,526 - INFO - clean up div
2024-09-16 16:13:52,833 - INFO - clean up div
2024-09-16 16:13:52,836 - INFO - clean up div
2024-09-16 16:13:53,187 - INFO - clean up div
2024-09-16 16:13:53,511 - INFO - clean up div
2024-09-16 16:13:53,648 - INFO - clean up div
2024-09-16 16:13:54,639 - INFO - clean up div
2024-09-16 16:13:55,797 - INFO - clean up div
2024-09-16 16:13:56,946 - INFO - clean up div
2024-09-16 16:13:58,482 - INFO - clean up div
2024-09-16 16:13:59,103 - INFO - clean up div
2024-09-16 16:13:59,106 - ERROR - CAN NOT  PARSE gZofyxcV DIV DATA!
ERORR:
Traceback (most recent call last):
  File "/home/sjd/Documents/Realstate-Ads-Data-divar-sheypoor/parser/lev1_parser/div_lev1_parser/fun_div_parser_lev1.py", line 83, in div_parser1
    section_cleaner(data['sections'], 'BUSINESS_SECTION')
  File "/home/sjd/Documents/Realstate-Ads-Data-divar-sheypoor/parser/lev1_parser/div_lev1_parser/div_cleaning_section.py", line 37, in section_cleaner
    data[des_num1]['widgets'][des_num2]['data'].pop('@type', None)
TypeError: list indices must be integers or slices, not NoneType
2024-09-16 16:13:59,114 - INFO - clean up div
2024-09-16 16:13:59,130 - INFO - clean up div
2024-09-16 16:13:59,598 - INFO - clean up div
2024-09-16 16:14:00,188 - INFO - clean up div
2024-09-16 16:14:00,191 - INFO - clean up div
2024-09-16 16:14:00,209 - INFO - clean up div
2024-09-16 16:14:00,529 - INFO - clean up div
2024-09-16 16:14:00,731 - INFO - clean up div
2024-09-16 16:14:01,266 - INFO - clean up div
2024-09-16 16:14:01,285 - INFO - clean up div
2024-09-16 16:14:01,300 - INFO - clean up div
2024-09-16 16:14:01,609 - INFO - clean up div
2024-09-16 16:14:01,885 - INFO - clean up div
2024-09-16 16:14:02,680 - INFO - clean up div
2024-09-16 16:14:02,979 - INFO - clean up div
2024-09-16 16:14:04,153 - INFO - clean up div
2024-09-16 16:14:05,253 - INFO - clean up div
2024-09-16 16:14:06,368 - INFO - clean up div
2024-09-16 16:14:07,465 - INFO - clean up div
2024-09-16 16:14:07,703 - INFO - clean up div
2024-09-16 16:14:07,725 - INFO - clean up div
2024-09-16 16:14:07,749 - INFO - clean up div
2024-09-16 16:14:07,763 - INFO - clean up div
2024-09-16 16:14:08,541 - INFO - clean up div
2024-09-16 16:14:08,849 - INFO - clean up div
2024-09-16 16:14:08,876 - INFO - clean up div
2024-09-16 16:14:08,886 - INFO - clean up div
2024-09-16 16:14:08,890 - INFO - clean up div
2024-09-16 16:14:09,643 - INFO - clean up div
2024-09-16 16:14:09,980 - INFO - clean up div
2024-09-16 16:14:10,020 - INFO - clean up div
2024-09-16 16:14:10,026 - INFO - clean up div
2024-09-16 16:14:10,043 - INFO - clean up div
2024-09-16 16:14:10,803 - INFO - clean up div
2024-09-16 16:14:11,137 - INFO - clean up div
2024-09-16 16:14:11,140 - INFO - clean up div
2024-09-16 16:14:11,197 - INFO - clean up div
2024-09-16 16:14:11,198 - INFO - clean up div
2024-09-16 16:14:11,908 - INFO - clean up div
2024-09-16 16:14:12,271 - INFO - clean up div
2024-09-16 16:14:12,279 - INFO - clean up div
2024-09-16 16:14:12,281 - INFO - clean up div
2024-09-16 16:14:12,646 - INFO - clean up div
2024-09-16 16:14:13,044 - INFO - clean up div
2024-09-16 16:14:14,096 - INFO - clean up div
2024-09-16 16:14:15,190 - INFO - clean up div
2024-09-16 16:14:16,183 - INFO - clean up div
2024-09-16 16:14:16,202 - INFO - clean up div
2024-09-16 16:14:16,231 - INFO - clean up div
2024-09-16 16:14:16,299 - INFO - clean up div
2024-09-16 16:14:16,535 - INFO - clean up div
2024-09-16 16:14:17,308 - INFO - clean up div
2024-09-16 16:14:17,310 - INFO - clean up div
2024-09-16 16:14:17,320 - INFO - clean up div
2024-09-16 16:14:17,421 - INFO - clean up div
2024-09-16 16:14:17,637 - INFO - clean up div
2024-09-16 16:14:18,431 - INFO - clean up div
2024-09-16 16:14:18,461 - INFO - clean up div
2024-09-16 16:14:18,494 - INFO - clean up div
2024-09-16 16:14:18,759 - INFO - clean up div
2024-09-16 16:14:19,604 - INFO - clean up div
2024-09-16 16:14:20,939 - INFO - clean up div
2024-09-16 16:14:22,050 - INFO - clean up div
2024-09-16 16:14:23,217 - INFO - clean up div
2024-09-16 16:14:24,312 - INFO - clean up div
2024-09-16 16:14:24,677 - INFO - clean up div
2024-09-16 16:14:24,678 - INFO - clean up div
2024-09-16 16:14:24,685 - INFO - clean up div
2024-09-16 16:14:24,724 - INFO - clean up div
2024-09-16 16:14:25,432 - INFO - clean up div
2024-09-16 16:14:25,803 - INFO - clean up div
2024-09-16 16:14:25,893 - INFO - clean up div
2024-09-16 16:14:26,198 - INFO - clean up div
2024-09-16 16:14:26,263 - INFO - clean up div
2024-09-16 16:14:26,559 - INFO - clean up div
2024-09-16 16:14:26,921 - INFO - clean up div
2024-09-16 16:14:26,985 - INFO - clean up div
2024-09-16 16:14:27,341 - INFO - clean up div
2024-09-16 16:14:27,352 - INFO - clean up div
2024-09-16 16:14:27,684 - INFO - clean up div
2024-09-16 16:14:28,024 - INFO - clean up div
2024-09-16 16:14:28,408 - INFO - clean up div
2024-09-16 16:14:28,459 - INFO - clean up div
2024-09-16 16:14:28,554 - INFO - clean up div
2024-09-16 16:14:29,113 - INFO - clean up div
2024-09-16 16:14:29,124 - INFO - clean up div
2024-09-16 16:14:29,507 - INFO - clean up div
2024-09-16 16:14:29,633 - INFO - clean up div
2024-09-16 16:14:30,233 - INFO - clean up div
2024-09-16 16:14:31,294 - INFO - clean up div
2024-09-16 16:14:32,424 - INFO - clean up div
2024-09-16 16:14:33,190 - INFO - clean up div
2024-09-16 16:14:33,193 - INFO - clean up div
2024-09-16 16:14:33,215 - INFO - clean up div
2024-09-16 16:14:33,216 - INFO - clean up div
2024-09-16 16:14:33,551 - INFO - clean up div
2024-09-16 16:14:34,313 - INFO - clean up div
2024-09-16 16:14:34,343 - INFO - clean up div
2024-09-16 16:14:34,344 - INFO - clean up div
2024-09-16 16:14:34,630 - INFO - clean up div
2024-09-16 16:14:34,770 - INFO - clean up div
2024-09-16 16:14:35,439 - INFO - clean up div
2024-09-16 16:14:35,446 - INFO - clean up div
2024-09-16 16:14:35,460 - INFO - clean up div
2024-09-16 16:14:35,741 - INFO - clean up div
2024-09-16 16:14:35,840 - INFO - clean up div
2024-09-16 16:14:36,516 - INFO - clean up div
2024-09-16 16:14:36,551 - INFO - clean up div
2024-09-16 16:14:36,553 - INFO - clean up div
2024-09-16 16:14:36,859 - INFO - clean up div
2024-09-16 16:14:36,954 - INFO - clean up div
2024-09-16 16:14:37,762 - INFO - clean up div
2024-09-16 16:14:37,768 - INFO - clean up div
2024-09-16 16:14:38,275 - INFO - clean up div
2024-09-16 16:14:38,438 - INFO - clean up div
2024-09-16 16:14:39,341 - INFO - clean up div
2024-09-16 16:14:40,826 - INFO - clean up div
2024-09-16 16:14:41,930 - INFO - clean up div
2024-09-16 16:14:41,955 - INFO - clean up div
2024-09-16 16:14:41,955 - INFO - clean up div
2024-09-16 16:14:41,956 - INFO - clean up div
2024-09-16 16:14:42,287 - INFO - clean up div
2024-09-16 16:14:43,028 - INFO - clean up div
2024-09-16 16:14:43,051 - INFO - clean up div
2024-09-16 16:14:43,052 - INFO - clean up div
2024-09-16 16:14:43,087 - INFO - clean up div
2024-09-16 16:14:43,356 - INFO - clean up div
2024-09-16 16:14:44,136 - INFO - clean up div
2024-09-16 16:14:44,141 - INFO - clean up div
2024-09-16 16:14:44,152 - INFO - clean up div
2024-09-16 16:14:44,186 - INFO - clean up div
2024-09-16 16:14:44,456 - INFO - clean up div
2024-09-16 16:14:45,240 - INFO - clean up div
2024-09-16 16:14:45,257 - INFO - clean up div
2024-09-16 16:14:45,574 - INFO - clean up div
2024-09-16 16:14:46,361 - INFO - clean up div
2024-09-16 16:14:47,497 - INFO - clean up div
2024-09-16 16:14:58,604 - INFO - clean up div
2024-09-16 16:15:00,887 - INFO - clean up div
2024-09-16 16:15:00,887 - INFO - clean up div
2024-09-16 16:15:01,207 - INFO - clean up div
2024-09-16 16:15:01,210 - INFO - clean up div
2024-09-16 16:15:09,681 - INFO - clean up div
2024-09-16 16:15:11,965 - INFO - clean up div
2024-09-16 16:15:11,985 - INFO - clean up div
2024-09-16 16:15:12,271 - INFO - clean up div
2024-09-16 16:15:12,323 - INFO - clean up div
2024-09-16 16:15:20,802 - INFO - clean up div
2024-09-16 16:15:23,095 - INFO - clean up div
2024-09-16 16:15:23,249 - INFO - clean up div
2024-09-16 16:15:23,367 - INFO - clean up div
2024-09-16 16:15:23,470 - INFO - clean up div
2024-09-16 16:15:31,969 - INFO - clean up div
2024-09-16 16:15:34,182 - INFO - clean up div
2024-09-16 16:15:34,353 - INFO - clean up div
2024-09-16 16:15:34,501 - INFO - clean up div
2024-09-16 16:15:34,601 - INFO - clean up div
2024-09-16 16:15:43,115 - INFO - clean up div
2024-09-16 16:15:45,273 - INFO - clean up div
2024-09-16 16:15:45,447 - INFO - clean up div
2024-09-16 16:15:45,604 - INFO - clean up div
2024-09-16 16:15:46,109 - INFO - clean up div
2024-09-16 16:15:54,231 - INFO - clean up div
2024-09-16 16:15:56,422 - INFO - clean up div
2024-09-16 16:15:56,532 - INFO - clean up div
2024-09-16 16:15:56,736 - INFO - clean up div
2024-09-16 16:15:57,249 - INFO - clean up div
2024-09-16 16:16:05,335 - INFO - clean up div
2024-09-16 16:16:07,545 - INFO - clean up div
2024-09-16 16:16:07,631 - INFO - clean up div
2024-09-16 16:16:07,958 - INFO - clean up div
2024-09-16 16:16:08,364 - INFO - clean up div
2024-09-16 16:16:16,438 - INFO - clean up div
2024-09-16 16:16:18,659 - INFO - clean up div
2024-09-16 16:16:18,769 - INFO - clean up div
2024-09-16 16:16:19,077 - INFO - clean up div
2024-09-16 16:16:19,496 - INFO - clean up div
2024-09-16 16:16:27,543 - INFO - clean up div
2024-09-16 16:16:29,824 - INFO - clean up div
2024-09-16 16:16:29,869 - INFO - clean up div
2024-09-16 16:16:30,220 - INFO - clean up div
2024-09-16 16:16:30,622 - INFO - clean up div
2024-09-16 16:16:38,456 - INFO - clean up div
2024-09-16 16:16:38,482 - INFO - clean up div
2024-09-16 16:16:39,624 - INFO - clean up div
2024-09-16 16:16:39,632 - INFO - clean up div
2024-09-16 16:16:40,712 - INFO - clean up div
2024-09-16 16:16:40,734 - INFO - clean up div
2024-09-16 16:16:40,993 - INFO - clean up div
2024-09-16 16:16:41,358 - INFO - clean up div
2024-09-16 16:16:41,849 - INFO - clean up div
2024-09-16 16:16:41,867 - INFO - clean up div
2024-09-16 16:16:41,890 - INFO - clean up div
2024-09-16 16:16:42,127 - INFO - clean up div
2024-09-16 16:16:42,458 - INFO - clean up div
2024-09-16 16:16:42,960 - INFO - clean up div
2024-09-16 16:16:42,972 - INFO - clean up div
2024-09-16 16:16:43,033 - INFO - clean up div
2024-09-16 16:16:43,200 - INFO - clean up div
2024-09-16 16:16:43,549 - INFO - clean up div
2024-09-16 16:16:44,082 - INFO - clean up div
2024-09-16 16:16:44,098 - INFO - clean up div
2024-09-16 16:16:44,138 - INFO - clean up div
2024-09-16 16:16:44,281 - INFO - clean up div
2024-09-16 16:16:44,778 - INFO - clean up div
2024-09-16 16:16:45,278 - INFO - clean up div
2024-09-16 16:16:45,296 - INFO - clean up div
2024-09-16 16:16:45,363 - INFO - clean up div
2024-09-16 16:16:45,412 - INFO - clean up div
2024-09-16 16:16:45,892 - INFO - clean up div
2024-09-16 16:16:46,398 - INFO - clean up div
2024-09-16 16:16:46,413 - INFO - clean up div
2024-09-16 16:16:46,447 - INFO - clean up div
2024-09-16 16:16:46,529 - INFO - clean up div
2024-09-16 16:16:46,994 - INFO - clean up div
2024-09-16 16:16:47,484 - INFO - clean up div
2024-09-16 16:16:47,510 - INFO - clean up div
2024-09-16 16:16:47,517 - INFO - clean up div
2024-09-16 16:16:47,640 - INFO - clean up div
2024-09-16 16:16:48,329 - INFO - clean up div
2024-09-16 16:16:48,629 - INFO - clean up div
2024-09-16 16:16:48,646 - INFO - clean up div
2024-09-16 16:16:48,665 - INFO - clean up div
2024-09-16 16:16:48,809 - INFO - clean up div
2024-09-16 16:16:49,769 - INFO - clean up div
2024-09-16 16:16:49,834 - INFO - clean up div
2024-09-16 16:16:49,849 - INFO - clean up div
2024-09-16 16:16:49,923 - INFO - clean up div
2024-09-16 16:16:50,235 - INFO - clean up div
2024-09-16 16:16:50,853 - INFO - clean up div
2024-09-16 16:16:50,970 - INFO - clean up div
2024-09-16 16:16:50,997 - INFO - clean up div
2024-09-16 16:16:51,016 - INFO - clean up div
2024-09-16 16:16:51,345 - INFO - clean up div
2024-09-16 16:16:51,991 - INFO - clean up div
2024-09-16 16:16:52,085 - INFO - clean up div
2024-09-16 16:16:52,129 - INFO - clean up div
2024-09-16 16:16:52,150 - INFO - clean up div
2024-09-16 16:16:52,426 - INFO - clean up div
2024-09-16 16:16:53,166 - INFO - clean up div
2024-09-16 16:16:53,188 - INFO - clean up div
2024-09-16 16:16:53,208 - INFO - clean up div
2024-09-16 16:16:53,220 - INFO - clean up div
2024-09-16 16:16:53,521 - INFO - clean up div
2024-09-16 16:16:54,303 - INFO - clean up div
2024-09-16 16:16:54,309 - INFO - clean up div
2024-09-16 16:16:54,318 - INFO - clean up div
2024-09-16 16:16:54,342 - INFO - clean up div
2024-09-16 16:16:54,641 - INFO - clean up div
2024-09-16 16:16:55,431 - INFO - clean up div
2024-09-16 16:16:55,446 - INFO - clean up div
2024-09-16 16:16:55,467 - INFO - clean up div
2024-09-16 16:16:55,787 - INFO - clean up div
2024-09-16 16:16:55,812 - INFO - clean up div
2024-09-16 16:16:56,694 - INFO - clean up div
2024-09-16 16:16:56,725 - INFO - clean up div
2024-09-16 16:16:56,740 - INFO - clean up div
2024-09-16 16:16:57,042 - INFO - clean up div
2024-09-16 16:16:57,044 - INFO - clean up div
2024-09-16 16:16:57,848 - INFO - clean up div
2024-09-16 16:16:57,860 - INFO - clean up div
2024-09-16 16:16:58,157 - INFO - clean up div
2024-09-16 16:16:58,197 - INFO - clean up div
2024-09-16 16:16:58,204 - INFO - clean up div
2024-09-16 16:16:58,954 - INFO - clean up div
2024-09-16 16:16:58,967 - INFO - clean up div
2024-09-16 16:16:59,305 - INFO - clean up div
2024-09-16 16:16:59,307 - INFO - clean up div
2024-09-16 16:16:59,346 - INFO - clean up div
2024-09-16 16:17:00,074 - INFO - clean up div
2024-09-16 16:17:00,128 - INFO - clean up div
2024-09-16 16:17:00,415 - INFO - clean up div
2024-09-16 16:17:00,491 - INFO - clean up div
2024-09-16 16:17:01,190 - INFO - clean up div
2024-09-16 16:17:01,218 - INFO - clean up div
2024-09-16 16:17:01,499 - INFO - clean up div
2024-09-16 16:17:01,621 - INFO - clean up div
2024-09-16 16:17:02,326 - INFO - clean up div
2024-09-16 16:17:02,362 - INFO - clean up div
2024-09-16 16:17:02,783 - INFO - clean up div
2024-09-16 16:17:02,799 - INFO - clean up div
2024-09-16 16:17:03,460 - INFO - clean up div
2024-09-16 16:17:03,900 - INFO - clean up div
2024-09-16 16:17:04,214 - INFO - clean up div
2024-09-16 16:17:04,240 - INFO - clean up div
2024-09-16 16:17:04,507 - INFO - clean up div
2024-09-16 16:17:04,585 - INFO - clean up div
2024-09-16 16:17:04,972 - INFO - clean up div
2024-09-16 16:17:05,313 - INFO - clean up div
2024-09-16 16:17:05,361 - INFO - clean up div
2024-09-16 16:17:05,631 - INFO - clean up div
2024-09-16 16:17:05,664 - INFO - clean up div
2024-09-16 16:17:06,066 - INFO - clean up div
2024-09-16 16:17:06,449 - INFO - clean up div
2024-09-16 16:17:06,749 - INFO - clean up div
2024-09-16 16:17:06,814 - INFO - clean up div
2024-09-16 16:17:07,174 - INFO - clean up div
2024-09-16 16:17:07,200 - INFO - clean up div
2024-09-16 16:17:07,541 - INFO - clean up div
2024-09-16 16:17:07,894 - INFO - clean up div
2024-09-16 16:17:07,994 - INFO - clean up div
2024-09-16 16:17:08,300 - INFO - clean up div
2024-09-16 16:17:08,635 - INFO - clean up div
2024-09-16 16:17:10,102 - INFO - clean up div
2024-09-16 16:17:11,208 - INFO - clean up div
2024-09-16 16:17:12,312 - INFO - clean up div
2024-09-16 16:17:12,855 - INFO - clean up div
2024-09-16 16:17:13,040 - INFO - clean up div
2024-09-16 16:17:13,043 - INFO - clean up div
2024-09-16 16:17:13,063 - INFO - clean up div
2024-09-16 16:17:13,421 - INFO - clean up div
2024-09-16 16:17:14,303 - INFO - clean up div
2024-09-16 16:17:14,505 - INFO - clean up div
2024-09-16 16:17:14,509 - INFO - clean up div
2024-09-16 16:17:14,555 - INFO - clean up div
2024-09-16 16:17:14,938 - INFO - clean up div
2024-09-16 16:17:15,471 - INFO - clean up div
2024-09-16 16:17:15,636 - INFO - clean up div
2024-09-16 16:17:15,638 - INFO - clean up div
2024-09-16 16:17:15,698 - INFO - clean up div
2024-09-16 16:17:16,059 - INFO - clean up div
2024-09-16 16:17:16,630 - INFO - clean up div
2024-09-16 16:17:16,793 - INFO - clean up div
2024-09-16 16:17:16,795 - INFO - clean up div
2024-09-16 16:17:17,210 - INFO - clean up div
2024-09-16 16:17:18,307 - INFO - clean up div
2024-09-16 16:17:19,428 - INFO - clean up div
2024-09-16 16:17:20,525 - INFO - clean up div
2024-09-16 16:17:21,469 - INFO - clean up div
2024-09-16 16:17:21,474 - INFO - clean up div
2024-09-16 16:17:21,657 - INFO - clean up div
2024-09-16 16:17:21,669 - INFO - clean up div
2024-09-16 16:17:21,818 - INFO - clean up div
2024-09-16 16:17:22,596 - INFO - clean up div
2024-09-16 16:17:22,656 - INFO - clean up div
2024-09-16 16:17:22,818 - INFO - clean up div
2024-09-16 16:17:22,837 - INFO - clean up div
2024-09-16 16:17:22,944 - INFO - clean up div
2024-09-16 16:17:23,698 - INFO - clean up div
2024-09-16 16:17:23,948 - INFO - clean up div
2024-09-16 16:17:24,046 - INFO - clean up div
2024-09-16 16:17:25,065 - INFO - clean up div
2024-09-16 16:17:26,178 - INFO - clean up div
2024-09-16 16:17:27,437 - INFO - clean up div
2024-09-16 16:17:28,552 - INFO - clean up div
2024-09-16 16:17:29,907 - ERROR - CAN NOT  PARSE gZojStke DIV DATA!
ERORR:
Traceback (most recent call last):
  File "/home/sjd/Documents/Realstate-Ads-Data-divar-sheypoor/parser/lev1_parser/div_lev1_parser/fun_div_parser_lev1.py", line 83, in div_parser1
    section_cleaner(data['sections'], 'BUSINESS_SECTION')
  File "/home/sjd/Documents/Realstate-Ads-Data-divar-sheypoor/parser/lev1_parser/div_lev1_parser/div_cleaning_section.py", line 37, in section_cleaner
    data[des_num1]['widgets'][des_num2]['data'].pop('@type', None)
TypeError: list indices must be integers or slices, not NoneType
2024-09-16 16:17:29,955 - INFO - clean up div
2024-09-16 16:17:29,971 - INFO - clean up div
2024-09-16 16:17:29,978 - INFO - clean up div
2024-09-16 16:17:30,088 - INFO - clean up div
2024-09-16 16:17:31,039 - INFO - clean up div
2024-09-16 16:17:31,068 - INFO - clean up div
2024-09-16 16:17:31,089 - ERROR - CAN NOT  PARSE gZavpv10 DIV DATA!
ERORR:
Traceback (most recent call last):
  File "/home/sjd/Documents/Realstate-Ads-Data-divar-sheypoor/parser/lev1_parser/div_lev1_parser/fun_div_parser_lev1.py", line 83, in div_parser1
    section_cleaner(data['sections'], 'BUSINESS_SECTION')
  File "/home/sjd/Documents/Realstate-Ads-Data-divar-sheypoor/parser/lev1_parser/div_lev1_parser/div_cleaning_section.py", line 37, in section_cleaner
    data[des_num1]['widgets'][des_num2]['data'].pop('@type', None)
TypeError: list indices must be integers or slices, not NoneType
2024-09-16 16:17:31,105 - INFO - clean up div
2024-09-16 16:17:31,592 - INFO - clean up div
2024-09-16 16:17:32,136 - INFO - clean up div
2024-09-16 16:17:32,210 - INFO - clean up div
2024-09-16 16:17:32,222 - INFO - clean up div
2024-09-16 16:17:32,233 - INFO - clean up div
2024-09-16 16:17:32,693 - INFO - clean up div
2024-09-16 16:17:33,214 - INFO - clean up div
2024-09-16 16:17:33,306 - INFO - clean up div
2024-09-16 16:17:33,321 - INFO - clean up div
2024-09-16 16:17:33,324 - INFO - clean up div
2024-09-16 16:17:33,763 - INFO - clean up div
2024-09-16 16:17:34,305 - INFO - clean up div
2024-09-16 16:17:34,399 - INFO - clean up div
2024-09-16 16:17:34,419 - INFO - clean up div
2024-09-16 16:17:34,844 - INFO - clean up div
2024-09-16 16:17:35,423 - INFO - clean up div
2024-09-16 16:17:36,505 - INFO - clean up div
2024-09-16 16:17:37,619 - INFO - clean up div
2024-09-16 16:17:38,458 - INFO - clean up div
2024-09-16 16:17:38,459 - INFO - clean up div
2024-09-16 16:17:38,491 - INFO - clean up div
2024-09-16 16:17:38,710 - INFO - clean up div
2024-09-16 16:17:38,849 - INFO - clean up div
2024-09-16 16:17:39,536 - INFO - clean up div
2024-09-16 16:17:39,537 - INFO - clean up div
2024-09-16 16:17:39,575 - INFO - clean up div
2024-09-16 16:17:39,795 - INFO - clean up div
2024-09-16 16:17:39,945 - INFO - clean up div
2024-09-16 16:17:40,650 - INFO - clean up div
2024-09-16 16:17:40,652 - INFO - clean up div
2024-09-16 16:17:40,703 - INFO - clean up div
2024-09-16 16:17:40,856 - INFO - clean up div
2024-09-16 16:17:41,076 - INFO - clean up div
2024-09-16 16:17:41,784 - INFO - clean up div
2024-09-16 16:17:41,786 - INFO - clean up div
2024-09-16 16:17:41,819 - INFO - clean up div
2024-09-16 16:17:41,953 - INFO - clean up div
2024-09-16 16:17:42,221 - INFO - clean up div
2024-09-16 16:17:43,007 - INFO - clean up div
2024-09-16 16:17:43,048 - INFO - clean up div
2024-09-16 16:17:54,172 - INFO - clean up div
2024-09-16 16:17:57,781 - INFO - clean up div
2024-09-16 16:17:57,785 - INFO - clean up div
2024-09-16 16:17:57,785 - INFO - clean up div
2024-09-16 16:17:57,807 - INFO - clean up div
2024-09-16 16:18:05,283 - INFO - clean up div
2024-09-16 16:18:08,957 - INFO - clean up div
2024-09-16 16:18:08,960 - INFO - clean up div
2024-09-16 16:18:08,966 - INFO - clean up div
2024-09-16 16:18:09,318 - INFO - clean up div
2024-09-16 16:18:16,739 - INFO - clean up div
2024-09-16 16:18:20,092 - INFO - clean up div
2024-09-16 16:18:20,136 - INFO - clean up div
2024-09-16 16:18:20,137 - INFO - clean up div
2024-09-16 16:18:20,452 - INFO - clean up div
2024-09-16 16:18:28,213 - INFO - clean up div
2024-09-16 16:18:31,233 - INFO - clean up div
2024-09-16 16:18:31,238 - INFO - clean up div
2024-09-16 16:18:31,576 - INFO - clean up div
2024-09-16 16:18:31,580 - INFO - clean up div
2024-09-16 16:18:39,381 - INFO - clean up div
2024-09-16 16:18:42,340 - INFO - clean up div
2024-09-16 16:18:42,405 - INFO - clean up div
2024-09-16 16:18:42,673 - INFO - clean up div
2024-09-16 16:18:42,792 - INFO - clean up div
2024-09-16 16:18:50,584 - INFO - clean up div
2024-09-16 16:18:53,552 - INFO - clean up div
2024-09-16 16:18:53,807 - INFO - clean up div
2024-09-16 16:18:53,808 - INFO - clean up div
2024-09-16 16:18:53,878 - INFO - clean up div
2024-09-16 16:19:01,695 - INFO - clean up div
2024-09-16 16:19:04,693 - INFO - clean up div
2024-09-16 16:19:04,963 - INFO - clean up div
2024-09-16 16:19:04,995 - INFO - clean up div
2024-09-16 16:19:05,037 - INFO - clean up div
2024-09-16 16:19:12,791 - INFO - clean up div
2024-09-16 16:19:15,826 - INFO - clean up div
2024-09-16 16:19:16,122 - INFO - clean up div
2024-09-16 16:19:16,124 - INFO - clean up div
2024-09-16 16:19:16,162 - INFO - clean up div
2024-09-16 16:19:23,474 - INFO - clean up div
2024-09-16 16:19:24,951 - INFO - clean up div
2024-09-16 16:19:26,043 - INFO - clean up div
2024-09-16 16:19:26,925 - INFO - clean up div
2024-09-16 16:19:27,140 - INFO - clean up div
2024-09-16 16:19:27,206 - INFO - clean up div
2024-09-16 16:19:27,237 - INFO - clean up div
2024-09-16 16:19:27,301 - INFO - clean up div
2024-09-16 16:19:28,109 - INFO - clean up div
2024-09-16 16:19:28,240 - INFO - clean up div
2024-09-16 16:19:28,285 - INFO - clean up div
2024-09-16 16:19:28,331 - INFO - clean up div
2024-09-16 16:19:28,444 - INFO - clean up div
2024-09-16 16:19:29,216 - INFO - clean up div
2024-09-16 16:19:29,358 - INFO - clean up div
2024-09-16 16:19:29,402 - INFO - clean up div
2024-09-16 16:19:29,422 - INFO - clean up div
2024-09-16 16:19:29,527 - INFO - clean up div
2024-09-16 16:19:30,305 - INFO - clean up div
2024-09-16 16:19:30,507 - INFO - clean up div
2024-09-16 16:19:30,532 - INFO - clean up div
2024-09-16 16:19:30,542 - INFO - clean up div
2024-09-16 16:19:30,639 - INFO - clean up div
2024-09-16 16:19:31,644 - INFO - clean up div
2024-09-16 16:19:31,676 - INFO - clean up div
2024-09-16 16:19:31,682 - INFO - clean up div
2024-09-16 16:19:31,722 - INFO - clean up div
2024-09-16 16:19:31,816 - INFO - clean up div
2024-09-16 16:19:32,772 - INFO - clean up div
2024-09-16 16:19:32,832 - INFO - clean up div
2024-09-16 16:19:32,833 - INFO - clean up div
2024-09-16 16:19:33,269 - INFO - clean up div
2024-09-16 16:19:33,278 - INFO - clean up div
2024-09-16 16:19:33,906 - INFO - clean up div
2024-09-16 16:19:33,942 - INFO - clean up div
2024-09-16 16:19:33,966 - INFO - clean up div
2024-09-16 16:19:34,400 - INFO - clean up div
2024-09-16 16:19:34,405 - INFO - clean up div
2024-09-16 16:19:35,035 - INFO - clean up div
2024-09-16 16:19:35,057 - INFO - clean up div
2024-09-16 16:19:35,072 - INFO - clean up div
2024-09-16 16:19:35,475 - INFO - clean up div
2024-09-16 16:19:35,505 - INFO - clean up div
2024-09-16 16:19:36,205 - INFO - clean up div
2024-09-16 16:19:36,228 - INFO - clean up div
2024-09-16 16:19:36,233 - INFO - clean up div
2024-09-16 16:19:36,552 - INFO - clean up div
2024-09-16 16:19:36,602 - INFO - clean up div
2024-09-16 16:19:37,340 - INFO - clean up div
2024-09-16 16:19:37,343 - INFO - clean up div
2024-09-16 16:19:37,395 - INFO - clean up div
2024-09-16 16:19:37,710 - INFO - clean up div
2024-09-16 16:19:37,732 - INFO - clean up div
2024-09-16 16:19:38,472 - INFO - clean up div
2024-09-16 16:19:38,473 - INFO - clean up div
2024-09-16 16:19:38,819 - INFO - clean up div
2024-09-16 16:19:38,824 - INFO - clean up div
2024-09-16 16:19:38,855 - INFO - clean up div
2024-09-16 16:19:39,562 - INFO - clean up div
2024-09-16 16:19:39,606 - INFO - clean up div
2024-09-16 16:19:39,970 - INFO - clean up div
2024-09-16 16:19:39,973 - INFO - clean up div
2024-09-16 16:19:39,988 - INFO - clean up div
2024-09-16 16:19:40,650 - INFO - clean up div
2024-09-16 16:19:40,738 - INFO - clean up div
2024-09-16 16:19:41,101 - INFO - clean up div
2024-09-16 16:19:41,118 - INFO - clean up div
2024-09-16 16:19:41,131 - INFO - clean up div
2024-09-16 16:19:41,739 - INFO - clean up div
2024-09-16 16:19:41,863 - INFO - clean up div
2024-09-16 16:19:42,202 - INFO - clean up div
2024-09-16 16:19:42,236 - INFO - clean up div
2024-09-16 16:19:42,445 - INFO - clean up div
2024-09-16 16:19:42,847 - INFO - clean up div
2024-09-16 16:19:42,983 - INFO - clean up div
2024-09-16 16:19:43,291 - INFO - clean up div
2024-09-16 16:19:43,327 - INFO - clean up div
2024-09-16 16:19:43,531 - INFO - clean up div
2024-09-16 16:19:43,971 - INFO - clean up div
2024-09-16 16:19:44,069 - INFO - clean up div
2024-09-16 16:19:44,408 - INFO - clean up div
2024-09-16 16:19:44,419 - INFO - clean up div
2024-09-16 16:19:44,645 - INFO - clean up div
2024-09-16 16:19:45,062 - INFO - clean up div
2024-09-16 16:19:45,128 - INFO - clean up div
2024-09-16 16:19:45,487 - INFO - clean up div
2024-09-16 16:19:45,528 - INFO - clean up div
2024-09-16 16:19:45,780 - INFO - clean up div
2024-09-16 16:19:46,173 - INFO - clean up div
2024-09-16 16:19:46,204 - INFO - clean up div
2024-09-16 16:19:46,625 - INFO - clean up div
2024-09-16 16:19:46,650 - INFO - clean up div
2024-09-16 16:19:46,896 - INFO - clean up div
2024-09-16 16:19:47,294 - INFO - clean up div
2024-09-16 16:19:47,313 - INFO - clean up div
2024-09-16 16:19:47,673 - INFO - clean up div
2024-09-16 16:19:47,783 - INFO - clean up div
2024-09-16 16:19:47,992 - INFO - clean up div
2024-09-16 16:19:48,425 - INFO - clean up div
2024-09-16 16:19:48,783 - INFO - clean up div
2024-09-16 16:19:58,789 - INFO - clean up div
2024-09-16 16:19:58,856 - INFO - clean up div
2024-09-16 16:19:59,105 - INFO - clean up div
2024-09-16 16:19:59,524 - INFO - clean up div
2024-09-16 16:20:00,313 - INFO - clean up div
2024-09-16 16:20:09,864 - INFO - clean up div
2024-09-16 16:20:09,953 - INFO - clean up div
2024-09-16 16:20:10,237 - INFO - clean up div
2024-09-16 16:20:10,647 - INFO - clean up div
2024-09-16 16:20:11,413 - INFO - clean up div
2024-09-16 16:20:21,095 - INFO - clean up div
2024-09-16 16:20:21,307 - INFO - clean up div
2024-09-16 16:20:21,361 - INFO - clean up div
2024-09-16 16:20:21,800 - INFO - clean up div
2024-09-16 16:20:22,551 - INFO - clean up div
2024-09-16 16:20:32,207 - INFO - clean up div
2024-09-16 16:20:32,448 - INFO - clean up div
2024-09-16 16:20:32,479 - INFO - clean up div
2024-09-16 16:20:32,917 - INFO - clean up div
2024-09-16 16:20:33,663 - INFO - clean up div
2024-09-16 16:20:43,291 - INFO - clean up div
2024-09-16 16:20:43,596 - INFO - clean up div
2024-09-16 16:20:44,062 - INFO - clean up div
2024-09-16 16:20:44,064 - INFO - clean up div
2024-09-16 16:20:44,805 - INFO - clean up div
2024-09-16 16:20:54,409 - INFO - clean up div
2024-09-16 16:20:54,662 - INFO - clean up div
2024-09-16 16:20:55,171 - INFO - clean up div
2024-09-16 16:20:55,179 - INFO - clean up div
2024-09-16 16:20:55,949 - INFO - clean up div
2024-09-16 16:21:05,490 - INFO - clean up div
2024-09-16 16:21:05,807 - INFO - clean up div
2024-09-16 16:21:06,254 - INFO - clean up div
2024-09-16 16:21:06,294 - INFO - clean up div
2024-09-16 16:21:07,069 - INFO - clean up div
2024-09-16 16:21:16,604 - INFO - clean up div
2024-09-16 16:21:16,885 - INFO - clean up div
2024-09-16 16:21:17,407 - INFO - clean up div
2024-09-16 16:21:17,772 - INFO - clean up div
2024-09-16 16:21:18,195 - INFO - clean up div
2024-09-16 16:21:27,736 - INFO - clean up div
2024-09-16 16:21:28,089 - INFO - clean up div
2024-09-16 16:21:28,511 - INFO - clean up div
2024-09-16 16:21:28,855 - INFO - clean up div
2024-09-16 16:21:29,309 - INFO - clean up div
2024-09-16 16:21:38,873 - INFO - clean up div
2024-09-16 16:21:39,204 - INFO - clean up div
2024-09-16 16:21:40,026 - INFO - clean up div
2024-09-16 16:21:40,445 - ERROR - CAN NOT  PARSE wYo3Yc5b DIV DATA!
ERORR:
Traceback (most recent call last):
  File "/home/sjd/Documents/Realstate-Ads-Data-divar-sheypoor/parser/lev1_parser/div_lev1_parser/fun_div_parser_lev1.py", line 83, in div_parser1
    section_cleaner(data['sections'], 'BUSINESS_SECTION')
  File "/home/sjd/Documents/Realstate-Ads-Data-divar-sheypoor/parser/lev1_parser/div_lev1_parser/div_cleaning_section.py", line 37, in section_cleaner
    data[des_num1]['widgets'][des_num2]['data'].pop('@type', None)
TypeError: list indices must be integers or slices, not NoneType
2024-09-16 16:21:40,449 - INFO - clean up div
2024-09-16 16:21:41,559 - INFO - clean up div
2024-09-16 16:21:50,007 - INFO - clean up div
2024-09-16 16:21:50,277 - ERROR - CAN NOT  PARSE gZKzeIeH DIV DATA!
ERORR:
Traceback (most recent call last):
  File "/home/sjd/Documents/Realstate-Ads-Data-divar-sheypoor/parser/lev1_parser/div_lev1_parser/fun_div_parser_lev1.py", line 83, in div_parser1
    section_cleaner(data['sections'], 'BUSINESS_SECTION')
  File "/home/sjd/Documents/Realstate-Ads-Data-divar-sheypoor/parser/lev1_parser/div_lev1_parser/div_cleaning_section.py", line 37, in section_cleaner
    data[des_num1]['widgets'][des_num2]['data'].pop('@type', None)
TypeError: list indices must be integers or slices, not NoneType
2024-09-16 16:21:51,133 - INFO - clean up div
2024-09-16 16:21:51,366 - INFO - clean up div
2024-09-16 16:21:51,573 - INFO - clean up div
2024-09-16 16:21:52,650 - INFO - clean up div
2024-09-16 16:22:01,164 - INFO - clean up div
2024-09-16 16:22:02,366 - INFO - clean up div
2024-09-16 16:22:02,461 - INFO - clean up div
2024-09-16 16:22:02,685 - INFO - clean up div
2024-09-16 16:22:03,799 - INFO - clean up div
2024-09-16 16:22:12,267 - ERROR - CAN NOT  PARSE wYiKM142 DIV DATA!
ERORR:
Traceback (most recent call last):
  File "/home/sjd/Documents/Realstate-Ads-Data-divar-sheypoor/parser/lev1_parser/div_lev1_parser/fun_div_parser_lev1.py", line 83, in div_parser1
    section_cleaner(data['sections'], 'BUSINESS_SECTION')
  File "/home/sjd/Documents/Realstate-Ads-Data-divar-sheypoor/parser/lev1_parser/div_lev1_parser/div_cleaning_section.py", line 37, in section_cleaner
    data[des_num1]['widgets'][des_num2]['data'].pop('@type', None)
TypeError: list indices must be integers or slices, not NoneType
2024-09-16 16:22:13,444 - INFO - clean up div
2024-09-16 16:22:13,499 - INFO - clean up div
2024-09-16 16:22:13,588 - INFO - clean up div
2024-09-16 16:22:13,782 - INFO - clean up div
2024-09-16 16:22:14,919 - INFO - clean up div
2024-09-16 16:22:24,645 - INFO - clean up div
2024-09-16 16:22:24,871 - INFO - clean up div
2024-09-16 16:22:24,884 - INFO - clean up div
2024-09-16 16:22:25,250 - INFO - clean up div
2024-09-16 16:22:26,047 - INFO - clean up div
2024-09-16 16:22:35,779 - INFO - clean up div
2024-09-16 16:22:35,972 - INFO - clean up div
2024-09-16 16:22:35,985 - INFO - clean up div
2024-09-16 16:22:36,321 - INFO - clean up div
2024-09-16 16:22:37,137 - INFO - clean up div
2024-09-16 16:22:46,900 - INFO - clean up div
2024-09-16 16:22:47,073 - INFO - clean up div
2024-09-16 16:22:47,073 - INFO - clean up div
2024-09-16 16:22:47,444 - INFO - clean up div
2024-09-16 16:22:48,248 - INFO - clean up div
2024-09-16 16:22:58,080 - INFO - clean up div
2024-09-16 16:22:58,176 - INFO - clean up div
2024-09-16 16:22:58,210 - INFO - clean up div
2024-09-16 16:22:58,477 - INFO - clean up div
2024-09-16 16:22:58,493 - INFO - clean up div
2024-09-16 16:22:59,158 - INFO - clean up div
2024-09-16 16:22:59,296 - INFO - clean up div
2024-09-16 16:22:59,608 - INFO - clean up div
2024-09-16 16:22:59,622 - INFO - clean up div
2024-09-16 16:22:59,826 - INFO - clean up div
2024-09-16 16:23:00,246 - INFO - clean up div
2024-09-16 16:23:00,362 - INFO - clean up div
2024-09-16 16:23:00,695 - INFO - clean up div
2024-09-16 16:23:00,711 - INFO - clean up div
2024-09-16 16:23:00,969 - INFO - clean up div
2024-09-16 16:23:01,350 - INFO - clean up div
2024-09-16 16:23:01,436 - INFO - clean up div
2024-09-16 16:23:01,779 - INFO - clean up div
2024-09-16 16:23:01,818 - ERROR - CAN NOT  PARSE gZ5Jierw DIV DATA!
ERORR:
Traceback (most recent call last):
  File "/home/sjd/Documents/Realstate-Ads-Data-divar-sheypoor/parser/lev1_parser/div_lev1_parser/fun_div_parser_lev1.py", line 83, in div_parser1
    section_cleaner(data['sections'], 'BUSINESS_SECTION')
  File "/home/sjd/Documents/Realstate-Ads-Data-divar-sheypoor/parser/lev1_parser/div_lev1_parser/div_cleaning_section.py", line 37, in section_cleaner
    data[des_num1]['widgets'][des_num2]['data'].pop('@type', None)
TypeError: list indices must be integers or slices, not NoneType
2024-09-16 16:23:02,097 - INFO - clean up div
2024-09-16 16:23:02,465 - INFO - clean up div
2024-09-16 16:23:02,502 - INFO - clean up div
2024-09-16 16:23:02,869 - INFO - clean up div
2024-09-16 16:23:03,060 - INFO - clean up div
2024-09-16 16:23:03,223 - INFO - clean up div
2024-09-16 16:23:03,619 - INFO - clean up div
2024-09-16 16:23:04,025 - INFO - clean up div
2024-09-16 16:23:04,057 - INFO - clean up div
2024-09-16 16:23:04,241 - INFO - clean up div
2024-09-16 16:23:04,435 - INFO - clean up div
2024-09-16 16:23:04,701 - INFO - clean up div
2024-09-16 16:23:05,134 - INFO - clean up div
2024-09-16 16:23:05,158 - INFO - clean up div
2024-09-16 16:23:05,320 - INFO - clean up div
2024-09-16 16:23:05,514 - INFO - clean up div
2024-09-16 16:23:05,818 - INFO - clean up div
2024-09-16 16:23:06,241 - INFO - clean up div
2024-09-16 16:23:06,256 - INFO - clean up div
2024-09-16 16:23:06,417 - INFO - clean up div
2024-09-16 16:23:06,644 - INFO - clean up div
2024-09-16 16:23:06,967 - INFO - clean up div
2024-09-16 16:23:07,349 - INFO - clean up div
2024-09-16 16:23:07,359 - INFO - clean up div
2024-09-16 16:23:07,559 - ERROR - CAN NOT  PARSE gZ06NE32 DIV DATA!
ERORR:
Traceback (most recent call last):
  File "/home/sjd/Documents/Realstate-Ads-Data-divar-sheypoor/parser/lev1_parser/div_lev1_parser/fun_div_parser_lev1.py", line 83, in div_parser1
    section_cleaner(data['sections'], 'BUSINESS_SECTION')
  File "/home/sjd/Documents/Realstate-Ads-Data-divar-sheypoor/parser/lev1_parser/div_lev1_parser/div_cleaning_section.py", line 37, in section_cleaner
    data[des_num1]['widgets'][des_num2]['data'].pop('@type', None)
TypeError: list indices must be integers or slices, not NoneType
2024-09-16 16:23:07,807 - INFO - clean up div
2024-09-16 16:23:08,413 - INFO - clean up div
2024-09-16 16:23:08,542 - INFO - clean up div
2024-09-16 16:23:08,688 - INFO - clean up div
2024-09-16 16:23:08,691 - INFO - clean up div
2024-09-16 16:23:08,915 - INFO - clean up div
2024-09-16 16:23:09,504 - INFO - clean up div
2024-09-16 16:23:09,643 - INFO - clean up div
2024-09-16 16:23:09,816 - INFO - clean up div
2024-09-16 16:23:09,860 - INFO - clean up div
2024-09-16 16:23:10,049 - INFO - clean up div
2024-09-16 16:23:10,626 - INFO - clean up div
2024-09-16 16:23:10,753 - INFO - clean up div
2024-09-16 16:23:10,966 - INFO - clean up div
2024-09-16 16:23:10,988 - INFO - clean up div
2024-09-16 16:23:11,170 - INFO - clean up div
2024-09-16 16:23:11,738 - INFO - clean up div
2024-09-16 16:23:11,803 - INFO - clean up div
2024-09-16 16:23:12,257 - INFO - clean up div
2024-09-16 16:23:12,449 - INFO - clean up div
2024-09-16 16:23:12,450 - INFO - clean up div
2024-09-16 16:23:12,800 - INFO - clean up div
2024-09-16 16:23:12,939 - INFO - clean up div
2024-09-16 16:23:13,408 - INFO - clean up div
2024-09-16 16:23:13,543 - INFO - clean up div
2024-09-16 16:23:13,549 - INFO - clean up div
2024-09-16 16:23:13,891 - INFO - clean up div
2024-09-16 16:23:14,041 - INFO - clean up div
2024-09-16 16:23:14,517 - INFO - clean up div
2024-09-16 16:23:14,652 - INFO - clean up div
2024-09-16 16:23:15,003 - INFO - clean up div
2024-09-16 16:23:15,039 - INFO - clean up div
2024-09-16 16:23:15,147 - INFO - clean up div
2024-09-16 16:23:15,644 - INFO - clean up div
2024-09-16 16:23:15,737 - INFO - clean up div
2024-09-16 16:23:16,138 - INFO - clean up div
2024-09-16 16:23:16,167 - INFO - clean up div
2024-09-16 16:23:16,281 - INFO - clean up div
2024-09-16 16:23:16,767 - INFO - clean up div
2024-09-16 16:23:16,810 - INFO - clean up div
2024-09-16 16:23:17,282 - INFO - clean up div
2024-09-16 16:23:17,411 - INFO - clean up div
2024-09-16 16:23:17,582 - INFO - clean up div
2024-09-16 16:23:17,885 - INFO - clean up div
2024-09-16 16:23:17,890 - INFO - clean up div
2024-09-16 16:23:18,424 - INFO - clean up div
2024-09-16 16:23:18,533 - INFO - clean up div
2024-09-16 16:23:18,735 - INFO - clean up div
2024-09-16 16:23:18,977 - INFO - clean up div
2024-09-16 16:23:19,155 - INFO - clean up div
2024-09-16 16:23:19,526 - INFO - clean up div
2024-09-16 16:23:19,647 - INFO - clean up div
2024-09-16 16:23:20,050 - INFO - clean up div
2024-09-16 16:23:20,072 - INFO - clean up div
2024-09-16 16:23:20,265 - INFO - clean up div
2024-09-16 16:23:20,641 - INFO - clean up div
2024-09-16 16:23:20,753 - INFO - clean up div
2024-09-16 16:23:21,131 - INFO - clean up div
2024-09-16 16:23:21,153 - INFO - clean up div
2024-09-16 16:23:21,402 - INFO - clean up div
2024-09-16 16:23:21,766 - INFO - clean up div
2024-09-16 16:23:22,238 - INFO - clean up div
2024-09-16 16:23:22,243 - INFO - clean up div
2024-09-16 16:23:22,348 - INFO - clean up div
2024-09-16 16:23:22,976 - INFO - clean up div
2024-09-16 16:23:22,982 - INFO - clean up div
2024-09-16 16:23:23,356 - INFO - clean up div
2024-09-16 16:23:23,379 - INFO - clean up div
2024-09-16 16:23:23,481 - INFO - clean up div
2024-09-16 16:23:24,076 - INFO - clean up div
2024-09-16 16:23:24,083 - INFO - clean up div
2024-09-16 16:23:24,461 - INFO - clean up div
2024-09-16 16:23:24,484 - INFO - clean up div
2024-09-16 16:23:24,591 - INFO - clean up div
2024-09-16 16:23:25,175 - INFO - clean up div
2024-09-16 16:23:25,203 - INFO - clean up div
2024-09-16 16:23:25,565 - INFO - clean up div
2024-09-16 16:23:25,635 - INFO - clean up div
2024-09-16 16:23:25,683 - INFO - clean up div
2024-09-16 16:23:26,316 - INFO - clean up div
2024-09-16 16:23:26,338 - INFO - clean up div
2024-09-16 16:23:26,704 - INFO - clean up div
2024-09-16 16:23:26,734 - INFO - clean up div
2024-09-16 16:23:26,782 - INFO - clean up div
2024-09-16 16:23:27,492 - INFO - clean up div
2024-09-16 16:23:27,495 - INFO - clean up div
2024-09-16 16:23:27,901 - INFO - clean up div
2024-09-16 16:23:27,907 - INFO - clean up div
2024-09-16 16:23:27,908 - INFO - clean up div
2024-09-16 16:23:28,631 - INFO - clean up div
2024-09-16 16:23:28,673 - INFO - clean up div
2024-09-16 16:23:29,034 - INFO - clean up div
2024-09-16 16:23:29,037 - INFO - clean up div
2024-09-16 16:23:29,037 - INFO - clean up div
2024-09-16 16:23:29,734 - INFO - clean up div
2024-09-16 16:23:29,787 - INFO - clean up div
2024-09-16 16:23:30,156 - INFO - clean up div
2024-09-16 16:23:30,175 - INFO - clean up div
2024-09-16 16:23:30,637 - INFO - clean up div
2024-09-16 16:23:30,913 - INFO - clean up div
2024-09-16 16:23:31,794 - INFO - clean up div
2024-09-16 16:23:31,807 - INFO - clean up div
2024-09-16 16:23:31,962 - INFO - clean up div
2024-09-16 16:23:33,029 - INFO - clean up div
2024-09-16 16:23:33,252 - INFO - clean up div
2024-09-16 16:23:33,254 - INFO - clean up div
2024-09-16 16:23:33,372 - INFO - clean up div
2024-09-16 16:23:33,392 - INFO - clean up div
2024-09-16 16:23:34,108 - INFO - clean up div
2024-09-16 16:23:34,333 - INFO - clean up div
2024-09-16 16:23:34,396 - ERROR - CAN NOT  PARSE gZdj0Yzr DIV DATA!
ERORR:
Traceback (most recent call last):
  File "/home/sjd/Documents/Realstate-Ads-Data-divar-sheypoor/parser/lev1_parser/div_lev1_parser/fun_div_parser_lev1.py", line 83, in div_parser1
    section_cleaner(data['sections'], 'BUSINESS_SECTION')
  File "/home/sjd/Documents/Realstate-Ads-Data-divar-sheypoor/parser/lev1_parser/div_lev1_parser/div_cleaning_section.py", line 37, in section_cleaner
    data[des_num1]['widgets'][des_num2]['data'].pop('@type', None)
TypeError: list indices must be integers or slices, not NoneType
2024-09-16 16:23:34,463 - INFO - clean up div
2024-09-16 16:23:34,464 - INFO - clean up div
2024-09-16 16:23:35,482 - INFO - clean up div
2024-09-16 16:23:35,579 - INFO - clean up div
2024-09-16 16:23:41,609 - INFO - clean up div
2024-09-16 16:23:41,613 - INFO - clean up div
2024-09-16 16:23:41,655 - INFO - clean up div
2024-09-16 16:23:41,658 - INFO - clean up div
2024-09-16 16:23:41,659 - INFO - clean up div
2024-09-16 16:23:42,759 - INFO - clean up div
2024-09-16 16:23:42,789 - INFO - clean up div
2024-09-16 16:23:42,810 - INFO - clean up div
2024-09-16 16:23:42,813 - INFO - clean up div
2024-09-16 16:23:42,813 - INFO - clean up div
2024-09-16 16:23:43,819 - INFO - clean up div
2024-09-16 16:23:43,869 - INFO - clean up div
2024-09-16 16:23:43,883 - INFO - clean up div
2024-09-16 16:23:43,935 - INFO - clean up div
2024-09-16 16:23:43,964 - INFO - clean up div
2024-09-16 16:23:44,906 - INFO - clean up div
2024-09-16 16:23:44,945 - INFO - clean up div
2024-09-16 16:23:44,970 - INFO - clean up div
2024-09-16 16:23:45,032 - INFO - clean up div
2024-09-16 16:23:45,067 - INFO - clean up div
2024-09-16 16:23:45,980 - INFO - clean up div
2024-09-16 16:23:46,035 - ERROR - CAN NOT  PARSE QZFeE3HI DIV DATA!
ERORR:
Traceback (most recent call last):
  File "/home/sjd/Documents/Realstate-Ads-Data-divar-sheypoor/parser/lev1_parser/div_lev1_parser/fun_div_parser_lev1.py", line 83, in div_parser1
    section_cleaner(data['sections'], 'BUSINESS_SECTION')
  File "/home/sjd/Documents/Realstate-Ads-Data-divar-sheypoor/parser/lev1_parser/div_lev1_parser/div_cleaning_section.py", line 37, in section_cleaner
    data[des_num1]['widgets'][des_num2]['data'].pop('@type', None)
TypeError: list indices must be integers or slices, not NoneType
2024-09-16 16:23:46,116 - INFO - clean up div
2024-09-16 16:23:46,132 - INFO - clean up div
2024-09-16 16:23:50,348 - INFO - clean up div
2024-09-16 16:23:50,363 - ERROR - CAN NOT  PARSE gZorSQ9u DIV DATA!
ERORR:
Traceback (most recent call last):
  File "/home/sjd/Documents/Realstate-Ads-Data-divar-sheypoor/parser/lev1_parser/div_lev1_parser/fun_div_parser_lev1.py", line 83, in div_parser1
    section_cleaner(data['sections'], 'BUSINESS_SECTION')
  File "/home/sjd/Documents/Realstate-Ads-Data-divar-sheypoor/parser/lev1_parser/div_lev1_parser/div_cleaning_section.py", line 37, in section_cleaner
    data[des_num1]['widgets'][des_num2]['data'].pop('@type', None)
TypeError: list indices must be integers or slices, not NoneType
2024-09-16 16:23:50,369 - INFO - clean up div
2024-09-16 16:23:50,371 - INFO - clean up div
2024-09-16 16:23:50,384 - INFO - clean up div
2024-09-16 16:23:51,560 - INFO - clean up div
2024-09-16 16:23:51,564 - INFO - clean up div
2024-09-16 16:23:51,565 - INFO - clean up div
2024-09-16 16:23:51,567 - INFO - clean up div
2024-09-16 16:23:51,570 - INFO - clean up div
2024-09-16 16:23:52,645 - INFO - clean up div
2024-09-16 16:23:52,660 - INFO - clean up div
2024-09-16 16:23:52,689 - INFO - clean up div
2024-09-16 16:23:52,697 - INFO - clean up div
2024-09-16 16:23:52,699 - INFO - clean up div
2024-09-16 16:23:53,728 - INFO - clean up div
2024-09-16 16:23:53,767 - INFO - clean up div
2024-09-16 16:23:53,795 - INFO - clean up div
2024-09-16 16:23:53,799 - INFO - clean up div
2024-09-16 16:23:53,832 - INFO - clean up div
2024-09-16 16:23:54,833 - INFO - clean up div
2024-09-16 16:23:54,839 - INFO - clean up div
2024-09-16 16:23:54,982 - INFO - clean up div
2024-09-16 16:23:54,993 - INFO - clean up div
2024-09-16 16:23:58,957 - INFO - clean up div
2024-09-16 16:23:58,974 - INFO - clean up div
2024-09-16 16:23:58,989 - INFO - clean up div
2024-09-16 16:23:59,040 - INFO - clean up div
2024-09-16 16:23:59,305 - INFO - clean up div
2024-09-16 16:24:00,043 - INFO - clean up div
2024-09-16 16:24:00,074 - INFO - clean up div
2024-09-16 16:24:00,166 - INFO - clean up div
2024-09-16 16:24:00,428 - INFO - clean up div
2024-09-16 16:24:00,489 - INFO - clean up div
2024-09-16 16:24:01,138 - INFO - clean up div
2024-09-16 16:24:01,188 - INFO - clean up div
2024-09-16 16:24:01,268 - INFO - clean up div
2024-09-16 16:24:01,548 - INFO - clean up div
2024-09-16 16:24:07,785 - INFO - clean up div
2024-09-16 16:24:07,795 - INFO - clean up div
2024-09-16 16:24:07,826 - INFO - clean up div
2024-09-16 16:24:07,828 - INFO - clean up div
2024-09-16 16:24:07,843 - INFO - clean up div
2024-09-16 16:24:08,954 - INFO - clean up div
2024-09-16 16:24:08,971 - INFO - clean up div
2024-09-16 16:24:08,974 - INFO - clean up div
2024-09-16 16:24:08,992 - INFO - clean up div
2024-09-16 16:24:09,027 - INFO - clean up div
2024-09-16 16:24:10,056 - INFO - clean up div
2024-09-16 16:24:10,096 - INFO - clean up div
2024-09-16 16:24:10,100 - INFO - clean up div
2024-09-16 16:24:10,114 - INFO - clean up div
2024-09-16 16:24:10,162 - INFO - clean up div
2024-09-16 16:24:11,137 - INFO - clean up div
2024-09-16 16:24:11,206 - INFO - clean up div
2024-09-16 16:24:11,212 - INFO - clean up div
2024-09-16 16:24:11,283 - INFO - clean up div
2024-09-16 16:24:11,508 - INFO - clean up div
2024-09-16 16:24:12,296 - INFO - clean up div
2024-09-16 16:24:12,296 - INFO - clean up div
2024-09-16 16:24:12,358 - INFO - clean up div
2024-09-16 16:24:16,412 - INFO - clean up div
2024-09-16 16:24:16,444 - INFO - clean up div
2024-09-16 16:24:16,448 - INFO - clean up div
2024-09-16 16:24:16,455 - INFO - clean up div
2024-09-16 16:24:16,777 - INFO - clean up div
2024-09-16 16:24:17,580 - INFO - clean up div
2024-09-16 16:24:17,625 - INFO - clean up div
2024-09-16 16:24:17,633 - INFO - clean up div
2024-09-16 16:24:17,636 - INFO - clean up div
2024-09-16 16:24:18,137 - INFO - clean up div
2024-09-16 16:24:18,716 - INFO - clean up div
2024-09-16 16:24:18,757 - INFO - clean up div
2024-09-16 16:24:18,782 - INFO - clean up div
2024-09-16 16:24:18,801 - INFO - clean up div
2024-09-16 16:24:19,234 - INFO - clean up div
2024-09-16 16:24:19,862 - INFO - clean up div
2024-09-16 16:24:19,873 - INFO - clean up div
2024-09-16 16:24:19,898 - INFO - clean up div
2024-09-16 16:24:19,931 - INFO - clean up div
2024-09-16 16:24:25,034 - INFO - clean up div
2024-09-16 16:24:25,053 - INFO - clean up div
2024-09-16 16:24:25,058 - INFO - clean up div
2024-09-16 16:24:25,099 - INFO - clean up div
2024-09-16 16:24:25,392 - INFO - clean up div
2024-09-16 16:24:26,163 - INFO - clean up div
2024-09-16 16:24:26,251 - INFO - clean up div
2024-09-16 16:24:26,266 - INFO - clean up div
2024-09-16 16:24:26,583 - INFO - clean up div
2024-09-16 16:24:26,835 - INFO - clean up div
2024-09-16 16:24:27,344 - INFO - clean up div
2024-09-16 16:24:27,354 - INFO - clean up div
2024-09-16 16:24:27,645 - INFO - clean up div
2024-09-16 16:24:27,686 - INFO - clean up div
2024-09-16 16:24:27,980 - INFO - clean up div
2024-09-16 16:24:28,799 - INFO - clean up div
2024-09-16 16:24:33,491 - INFO - clean up div
2024-09-16 16:24:33,504 - INFO - clean up div
2024-09-16 16:24:33,513 - INFO - clean up div
2024-09-16 16:24:33,521 - INFO - clean up div
2024-09-16 16:24:33,532 - INFO - clean up div
2024-09-16 16:24:34,588 - INFO - clean up div
2024-09-16 16:24:34,617 - INFO - clean up div
2024-09-16 16:24:34,623 - INFO - clean up div
2024-09-16 16:24:34,641 - INFO - clean up div
2024-09-16 16:24:34,648 - INFO - clean up div
2024-09-16 16:24:35,703 - INFO - clean up div
2024-09-16 16:24:35,726 - INFO - clean up div
2024-09-16 16:24:35,764 - INFO - clean up div
2024-09-16 16:24:35,768 - INFO - clean up div
2024-09-16 16:24:35,771 - INFO - clean up div
2024-09-16 16:24:36,848 - INFO - clean up div
2024-09-16 16:24:42,144 - INFO - clean up div
2024-09-16 16:24:42,150 - INFO - clean up div
2024-09-16 16:24:42,156 - INFO - clean up div
2024-09-16 16:24:42,173 - INFO - clean up div
2024-09-16 16:24:42,174 - ERROR - CAN NOT  PARSE gZBP5vDb DIV DATA!
ERORR:
Traceback (most recent call last):
  File "/home/sjd/Documents/Realstate-Ads-Data-divar-sheypoor/parser/lev1_parser/div_lev1_parser/fun_div_parser_lev1.py", line 83, in div_parser1
    section_cleaner(data['sections'], 'BUSINESS_SECTION')
  File "/home/sjd/Documents/Realstate-Ads-Data-divar-sheypoor/parser/lev1_parser/div_lev1_parser/div_cleaning_section.py", line 37, in section_cleaner
    data[des_num1]['widgets'][des_num2]['data'].pop('@type', None)
TypeError: list indices must be integers or slices, not NoneType
2024-09-16 16:24:43,247 - INFO - clean up div
2024-09-16 16:24:43,277 - INFO - clean up div
2024-09-16 16:24:43,295 - INFO - clean up div
2024-09-16 16:24:50,719 - INFO - clean up div
2024-09-16 16:24:50,730 - INFO - clean up div
2024-09-16 16:24:50,781 - INFO - clean up div
2024-09-16 16:24:50,795 - INFO - clean up div
2024-09-16 16:24:50,847 - INFO - clean up div
2024-09-16 16:24:51,843 - INFO - clean up div
2024-09-16 16:24:51,865 - INFO - clean up div
2024-09-16 16:24:51,906 - INFO - clean up div
2024-09-16 16:24:51,939 - INFO - clean up div
2024-09-16 16:24:51,973 - INFO - clean up div
2024-09-16 16:24:52,958 - INFO - clean up div
2024-09-16 16:24:52,991 - INFO - clean up div
2024-09-16 16:24:53,001 - INFO - clean up div
2024-09-16 16:24:53,046 - INFO - clean up div
2024-09-16 16:24:53,071 - INFO - clean up div
2024-09-16 16:24:54,072 - INFO - clean up div
2024-09-16 16:24:54,127 - INFO - clean up div
2024-09-16 16:24:54,144 - INFO - clean up div
2024-09-16 16:24:54,150 - INFO - clean up div
2024-09-16 16:24:54,167 - INFO - clean up div
2024-09-16 16:24:55,207 - INFO - clean up div
2024-09-16 16:24:55,218 - INFO - clean up div
2024-09-16 16:24:55,246 - INFO - clean up div
2024-09-16 16:24:55,282 - INFO - clean up div
2024-09-16 16:24:59,261 - INFO - clean up div
2024-09-16 16:24:59,262 - INFO - clean up div
2024-09-16 16:24:59,277 - INFO - clean up div
2024-09-16 16:24:59,315 - INFO - clean up div
2024-09-16 16:24:59,636 - INFO - clean up div
2024-09-16 16:25:00,455 - INFO - clean up div
2024-09-16 16:25:00,464 - INFO - clean up div
2024-09-16 16:25:00,465 - INFO - clean up div
2024-09-16 16:25:00,472 - INFO - clean up div
2024-09-16 16:25:00,886 - INFO - clean up div
2024-09-16 16:25:01,746 - INFO - clean up div
2024-09-16 16:25:01,776 - INFO - clean up div
2024-09-16 16:25:01,785 - INFO - clean up div
2024-09-16 16:25:01,924 - INFO - clean up div
2024-09-16 16:25:01,987 - INFO - clean up div
2024-09-16 16:25:07,819 - INFO - clean up div
2024-09-16 16:25:07,823 - INFO - clean up div
2024-09-16 16:25:07,836 - INFO - clean up div
2024-09-16 16:25:07,998 - INFO - clean up div
2024-09-16 16:25:08,189 - INFO - clean up div
2024-09-16 16:25:08,991 - INFO - clean up div
2024-09-16 16:25:09,033 - INFO - clean up div
2024-09-16 16:25:09,217 - INFO - clean up div
2024-09-16 16:25:09,218 - INFO - clean up div
2024-09-16 16:25:09,756 - INFO - clean up div
2024-09-16 16:25:10,098 - INFO - clean up div
2024-09-16 16:25:10,162 - INFO - clean up div
2024-09-16 16:25:10,296 - INFO - clean up div
2024-09-16 16:25:10,301 - INFO - clean up div
2024-09-16 16:25:10,857 - INFO - clean up div
2024-09-16 16:25:11,194 - INFO - clean up div
2024-09-16 16:25:11,270 - INFO - clean up div
2024-09-16 16:25:11,405 - INFO - clean up div
2024-09-16 16:25:11,413 - INFO - clean up div
2024-09-16 16:25:12,332 - INFO - clean up div
2024-09-16 16:25:12,349 - INFO - clean up div
2024-09-16 16:25:12,418 - INFO - clean up div
2024-09-16 16:25:12,478 - INFO - clean up div
2024-09-16 16:25:13,435 - INFO - clean up div
2024-09-16 16:25:16,412 - INFO - clean up div
2024-09-16 16:25:16,426 - INFO - clean up div
2024-09-16 16:25:16,450 - INFO - clean up div
2024-09-16 16:25:16,461 - INFO - clean up div
2024-09-16 16:25:16,504 - INFO - clean up div
2024-09-16 16:25:17,533 - INFO - clean up div
2024-09-16 16:25:17,534 - INFO - clean up div
2024-09-16 16:25:17,538 - INFO - clean up div
2024-09-16 16:25:17,542 - INFO - clean up div
2024-09-16 16:25:17,614 - INFO - clean up div
2024-09-16 16:25:28,644 - INFO - clean up div
2024-09-16 16:25:28,646 - INFO - clean up div
2024-09-16 16:25:28,648 - INFO - clean up div
2024-09-16 16:25:28,660 - INFO - clean up div
2024-09-16 16:25:28,753 - INFO - clean up div
2024-09-16 16:25:39,717 - INFO - clean up div
2024-09-16 16:25:39,763 - INFO - clean up div
2024-09-16 16:25:39,779 - INFO - clean up div
2024-09-16 16:25:39,780 - INFO - clean up div
2024-09-16 16:25:40,213 - INFO - clean up div
2024-09-16 16:25:50,840 - INFO - clean up div
2024-09-16 16:25:50,880 - INFO - clean up div
2024-09-16 16:25:50,904 - INFO - clean up div
2024-09-16 16:25:51,198 - INFO - clean up div
2024-09-16 16:25:51,315 - INFO - clean up div
2024-09-16 16:26:01,977 - INFO - clean up div
2024-09-16 16:26:02,009 - INFO - clean up div
2024-09-16 16:26:02,022 - INFO - clean up div
2024-09-16 16:26:02,331 - INFO - clean up div
2024-09-16 16:26:02,436 - INFO - clean up div
2024-09-16 16:26:13,173 - INFO - clean up div
2024-09-16 16:26:13,190 - INFO - clean up div
2024-09-16 16:26:13,205 - INFO - clean up div
2024-09-16 16:26:13,459 - INFO - clean up div
2024-09-16 16:26:13,572 - INFO - clean up div
2024-09-16 16:26:24,302 - INFO - clean up div
2024-09-16 16:26:24,306 - INFO - clean up div
2024-09-16 16:26:24,320 - INFO - clean up div
2024-09-16 16:26:24,575 - INFO - clean up div
2024-09-16 16:26:24,665 - INFO - clean up div
2024-09-16 16:26:35,419 - INFO - clean up div
2024-09-16 16:26:35,439 - INFO - clean up div
2024-09-16 16:26:35,456 - INFO - clean up div
2024-09-16 16:26:35,666 - INFO - clean up div
2024-09-16 16:26:35,778 - INFO - clean up div
2024-09-16 16:26:46,528 - INFO - clean up div
2024-09-16 16:26:46,574 - INFO - clean up div
2024-09-16 16:26:46,589 - INFO - clean up div
2024-09-16 16:26:46,767 - INFO - clean up div
2024-09-16 16:26:46,865 - INFO - clean up div
