2024-09-16 14:31:42,480 - INFO - JSON IS READY!
2024-09-16 14:31:42,487 - INFO - JSON IS READY!
2024-09-16 14:31:42,492 - INFO - JSON IS READY!
2024-09-16 14:31:42,497 - INFO - JSON IS READY!
2024-09-16 14:31:42,502 - INFO - JSON IS READY!
2024-09-16 14:31:42,509 - INFO - JSON IS READY!
2024-09-16 14:31:42,515 - INFO - JSON IS READY!
2024-09-16 14:31:42,522 - INFO - JSON IS READY!
2024-09-16 14:31:42,527 - INFO - JSON IS READY!
2024-09-16 14:31:42,533 - INFO - JSON IS READY!
2024-09-16 14:31:42,539 - INFO - JSON IS READY!
2024-09-16 14:31:42,546 - INFO - JSON IS READY!
2024-09-16 14:31:42,551 - INFO - JSON IS READY!
2024-09-16 14:31:42,558 - INFO - JSON IS READY!
2024-09-16 14:31:42,564 - INFO - JSON IS READY!
2024-09-16 14:31:42,571 - INFO - JSON IS READY!
2024-09-16 14:31:42,578 - INFO - JSON IS READY!
2024-09-16 14:31:42,584 - INFO - JSON IS READY!
2024-09-16 14:31:42,598 - INFO - JSON IS READY!
2024-09-16 14:31:42,605 - INFO - JSON IS READY!
2024-09-16 14:31:42,618 - INFO - JSON IS READY!
2024-09-16 14:31:42,627 - INFO - JSON IS READY!
2024-09-16 14:31:42,641 - INFO - JSON IS READY!
2024-09-16 14:31:42,648 - INFO - JSON IS READY!
2024-09-16 14:31:42,654 - INFO - JSON IS READY!
2024-09-16 14:31:42,661 - INFO - JSON IS READY!
2024-09-16 14:31:42,667 - INFO - JSON IS READY!
2024-09-16 14:31:42,674 - INFO - JSON IS READY!
2024-09-16 14:31:42,681 - INFO - JSON IS READY!
2024-09-16 14:31:42,687 - INFO - JSON IS READY!
2024-09-16 14:31:42,693 - INFO - JSON IS READY!
2024-09-16 14:31:42,700 - INFO - JSON IS READY!
2024-09-16 14:31:42,707 - INFO - JSON IS READY!
2024-09-16 14:31:42,713 - INFO - JSON IS READY!
2024-09-16 14:31:42,719 - INFO - JSON IS READY!
2024-09-16 14:31:42,727 - INFO - JSON IS READY!
2024-09-16 14:31:42,733 - INFO - JSON IS READY!
2024-09-16 14:31:42,740 - INFO - JSON IS READY!
2024-09-16 14:31:42,745 - INFO - JSON IS READY!
2024-09-16 14:31:42,750 - INFO - JSON IS READY!
2024-09-16 14:31:42,757 - INFO - JSON IS READY!
2024-09-16 14:31:42,764 - INFO - JSON IS READY!
2024-09-16 14:31:42,771 - INFO - JSON IS READY!
2024-09-16 14:31:42,779 - INFO - JSON IS READY!
2024-09-16 14:31:42,817 - INFO - JSON IS READY!
2024-09-16 14:31:43,116 - INFO - JSON IS READY!
2024-09-16 14:31:44,551 - INFO - JSON IS READY!
2024-09-16 14:31:46,230 - INFO - JSON IS READY!
2024-09-16 14:31:46,659 - INFO - JSON IS READY!
2024-09-16 14:31:47,708 - INFO - JSON IS READY!
2024-09-16 14:31:48,501 - INFO - JSON IS READY!
2024-09-16 14:31:49,330 - INFO - JSON IS READY!
2024-09-16 14:31:49,772 - INFO - JSON IS READY!
2024-09-16 14:31:50,055 - INFO - JSON IS READY!
2024-09-16 14:31:50,488 - INFO - JSON IS READY!
2024-09-16 14:31:50,889 - INFO - JSON IS READY!
2024-09-16 14:31:51,621 - INFO - JSON IS READY!
2024-09-16 14:31:52,079 - INFO - JSON IS READY!
2024-09-16 14:31:52,402 - INFO - JSON IS READY!
2024-09-16 14:31:52,810 - INFO - JSON IS READY!
2024-09-16 14:31:53,285 - INFO - JSON IS READY!
2024-09-16 14:31:54,428 - INFO - JSON IS READY!
2024-09-16 14:31:54,642 - INFO - JSON IS READY!
2024-09-16 14:31:55,000 - INFO - JSON IS READY!
2024-09-16 14:31:55,481 - INFO - JSON IS READY!
2024-09-16 14:31:56,090 - INFO - JSON IS READY!
2024-09-16 14:31:57,665 - INFO - JSON IS READY!
2024-09-16 14:31:57,975 - INFO - JSON IS READY!
2024-09-16 14:31:58,336 - INFO - JSON IS READY!
2024-09-16 14:31:59,321 - INFO - JSON IS READY!
2024-09-16 14:32:00,435 - INFO - JSON IS READY!
2024-09-16 14:32:00,748 - INFO - JSON IS READY!
2024-09-16 14:32:01,231 - INFO - JSON IS READY!
2024-09-16 14:32:01,290 - INFO - JSON IS READY!
2024-09-16 14:32:02,220 - INFO - JSON IS READY!
2024-09-16 14:32:03,193 - INFO - JSON IS READY!
2024-09-16 14:32:03,424 - INFO - JSON IS READY!
2024-09-16 14:32:03,951 - INFO - JSON IS READY!
2024-09-16 14:32:04,241 - INFO - JSON IS READY!
2024-09-16 14:32:05,289 - INFO - JSON IS READY!
2024-09-16 14:32:06,062 - INFO - JSON IS READY!
2024-09-16 14:32:06,256 - INFO - JSON IS READY!
2024-09-16 14:32:06,794 - INFO - JSON IS READY!
2024-09-16 14:32:07,128 - INFO - JSON IS READY!
2024-09-16 14:32:08,162 - INFO - JSON IS READY!
2024-09-16 14:32:08,995 - INFO - JSON IS READY!
2024-09-16 14:32:09,441 - INFO - JSON IS READY!
2024-09-16 14:32:09,816 - INFO - JSON IS READY!
2024-09-16 14:32:10,400 - INFO - JSON IS READY!
2024-09-16 14:32:11,081 - INFO - JSON IS READY!
2024-09-16 14:32:12,190 - INFO - JSON IS READY!
2024-09-16 14:32:12,481 - INFO - JSON IS READY!
2024-09-16 14:32:13,147 - INFO - JSON IS READY!
2024-09-16 14:32:14,062 - INFO - JSON IS READY!
2024-09-16 14:32:14,831 - INFO - JSON IS READY!
2024-09-16 14:32:15,103 - INFO - JSON IS READY!
2024-09-16 14:32:15,301 - INFO - JSON IS READY!
2024-09-16 14:32:15,787 - INFO - JSON IS READY!
2024-09-16 14:32:16,479 - INFO - JSON IS READY!
2024-09-16 14:32:17,348 - INFO - JSON IS READY!
2024-09-16 14:32:17,544 - INFO - JSON IS READY!
2024-09-16 14:32:17,727 - INFO - JSON IS READY!
2024-09-16 14:32:18,292 - INFO - JSON IS READY!
2024-09-16 14:32:18,954 - INFO - JSON IS READY!
2024-09-16 14:32:19,867 - INFO - JSON IS READY!
2024-09-16 14:32:20,356 - INFO - JSON IS READY!
2024-09-16 14:32:20,429 - INFO - JSON IS READY!
2024-09-16 14:32:20,784 - INFO - JSON IS READY!
2024-09-16 14:32:21,316 - INFO - JSON IS READY!
2024-09-16 14:32:22,339 - INFO - JSON IS READY!
2024-09-16 14:32:22,840 - INFO - JSON IS READY!
2024-09-16 14:32:22,852 - INFO - JSON IS READY!
2024-09-16 14:32:23,314 - INFO - JSON IS READY!
2024-09-16 14:32:23,905 - INFO - JSON IS READY!
2024-09-16 14:32:25,089 - INFO - JSON IS READY!
2024-09-16 14:32:25,691 - INFO - JSON IS READY!
2024-09-16 14:32:25,705 - INFO - JSON IS READY!
2024-09-16 14:32:26,831 - INFO - JSON IS READY!
2024-09-16 14:32:27,979 - INFO - JSON IS READY!
2024-09-16 14:32:28,481 - INFO - JSON IS READY!
2024-09-16 14:32:28,499 - INFO - JSON IS READY!
2024-09-16 14:32:29,466 - INFO - JSON IS READY!
2024-09-16 14:32:29,663 - INFO - JSON IS READY!
2024-09-16 14:32:30,828 - INFO - JSON IS READY!
2024-09-16 14:32:31,276 - INFO - JSON IS READY!
2024-09-16 14:32:31,283 - INFO - JSON IS READY!
2024-09-16 14:32:32,052 - INFO - JSON IS READY!
2024-09-16 14:32:32,266 - INFO - JSON IS READY!
2024-09-16 14:32:33,514 - INFO - JSON IS READY!
2024-09-16 14:32:33,942 - INFO - JSON IS READY!
2024-09-16 14:32:33,952 - INFO - JSON IS READY!
2024-09-16 14:32:34,917 - INFO - JSON IS READY!
2024-09-16 14:32:35,059 - INFO - JSON IS READY!
2024-09-16 14:32:36,401 - INFO - JSON IS READY!
2024-09-16 14:32:36,852 - INFO - JSON IS READY!
2024-09-16 14:32:36,899 - INFO - JSON IS READY!
2024-09-16 14:32:37,682 - INFO - JSON IS READY!
2024-09-16 14:32:37,823 - INFO - JSON IS READY!
2024-09-16 14:32:38,820 - INFO - JSON IS READY!
2024-09-16 14:32:39,409 - INFO - JSON IS READY!
2024-09-16 14:32:39,825 - INFO - JSON IS READY!
2024-09-16 14:32:40,206 - INFO - JSON IS READY!
2024-09-16 14:32:40,432 - INFO - JSON IS READY!
2024-09-16 14:32:41,657 - INFO - JSON IS READY!
2024-09-16 14:32:43,073 - INFO - JSON IS READY!
2024-09-16 14:32:43,426 - INFO - JSON IS READY!
2024-09-16 14:32:44,367 - INFO - JSON IS READY!
2024-09-16 14:32:45,451 - INFO - JSON IS READY!
2024-09-16 14:32:45,525 - INFO - JSON IS READY!
2024-09-16 14:32:45,706 - INFO - JSON IS READY!
2024-09-16 14:32:45,780 - INFO - JSON IS READY!
2024-09-16 14:32:46,759 - INFO - JSON IS READY!
2024-09-16 14:32:47,754 - INFO - JSON IS READY!
2024-09-16 14:32:47,791 - INFO - JSON IS READY!
2024-09-16 14:32:47,975 - INFO - JSON IS READY!
2024-09-16 14:32:47,989 - INFO - JSON IS READY!
2024-09-16 14:32:48,757 - INFO - JSON IS READY!
2024-09-16 14:32:49,547 - INFO - JSON IS READY!
2024-09-16 14:32:49,556 - INFO - JSON IS READY!
2024-09-16 14:32:49,646 - INFO - JSON IS READY!
2024-09-16 14:32:49,664 - INFO - JSON IS READY!
2024-09-16 14:32:51,393 - INFO - JSON IS READY!
2024-09-16 14:32:51,543 - INFO - JSON IS READY!
2024-09-16 14:32:51,689 - INFO - JSON IS READY!
2024-09-16 14:32:51,839 - INFO - JSON IS READY!
2024-09-16 14:32:52,789 - INFO - JSON IS READY!
2024-09-16 14:32:53,268 - INFO - JSON IS READY!
2024-09-16 14:32:53,511 - INFO - JSON IS READY!
2024-09-16 14:32:53,895 - INFO - JSON IS READY!
2024-09-16 14:32:54,307 - INFO - JSON IS READY!
2024-09-16 14:32:54,844 - INFO - JSON IS READY!
2024-09-16 14:32:55,409 - INFO - JSON IS READY!
2024-09-16 14:32:55,773 - INFO - JSON IS READY!
2024-09-16 14:32:56,144 - INFO - JSON IS READY!
2024-09-16 14:32:56,708 - INFO - JSON IS READY!
2024-09-16 14:32:57,557 - INFO - JSON IS READY!
2024-09-16 14:32:58,284 - INFO - JSON IS READY!
2024-09-16 14:32:59,643 - INFO - JSON IS READY!
2024-09-16 14:33:00,443 - INFO - JSON IS READY!
2024-09-16 14:33:00,960 - INFO - JSON IS READY!
2024-09-16 14:33:01,168 - INFO - JSON IS READY!
2024-09-16 14:33:02,508 - INFO - JSON IS READY!
2024-09-16 14:33:03,247 - INFO - JSON IS READY!
2024-09-16 14:33:03,332 - INFO - JSON IS READY!
2024-09-16 14:33:03,788 - INFO - JSON IS READY!
2024-09-16 14:33:03,825 - INFO - JSON IS READY!
2024-09-16 14:33:05,277 - INFO - JSON IS READY!
2024-09-16 14:33:06,072 - INFO - JSON IS READY!
2024-09-16 14:33:06,176 - INFO - JSON IS READY!
2024-09-16 14:33:06,717 - INFO - JSON IS READY!
2024-09-16 14:33:08,096 - INFO - JSON IS READY!
2024-09-16 14:33:08,879 - INFO - JSON IS READY!
2024-09-16 14:33:08,997 - INFO - JSON IS READY!
2024-09-16 14:33:11,309 - INFO - JSON IS READY!
2024-09-16 14:33:12,255 - INFO - JSON IS READY!
2024-09-16 14:33:12,969 - INFO - JSON IS READY!
2024-09-16 14:33:13,738 - INFO - JSON IS READY!
2024-09-16 14:33:13,813 - INFO - JSON IS READY!
2024-09-16 14:33:13,927 - INFO - JSON IS READY!
2024-09-16 14:33:14,952 - INFO - JSON IS READY!
2024-09-16 14:33:15,909 - INFO - JSON IS READY!
2024-09-16 15:26:26,993 - INFO - JSON IS READY!
2024-09-16 15:27:03,585 - INFO - JSON IS READY!
2024-09-16 15:27:12,163 - INFO - JSON IS READY!
2024-09-16 15:27:21,238 - INFO - JSON IS READY!
2024-09-16 15:27:58,000 - INFO - JSON IS READY!
2024-09-16 15:27:58,015 - INFO - JSON IS READY!
2024-09-16 15:27:58,029 - INFO - JSON IS READY!
2024-09-16 15:27:58,042 - INFO - JSON IS READY!
2024-09-16 15:27:58,055 - INFO - JSON IS READY!
2024-09-16 15:27:58,067 - INFO - JSON IS READY!
2024-09-16 15:27:58,077 - INFO - JSON IS READY!
2024-09-16 15:27:58,087 - INFO - JSON IS READY!
2024-09-16 15:27:58,105 - INFO - JSON IS READY!
2024-09-16 15:27:58,116 - INFO - JSON IS READY!
2024-09-16 15:27:58,133 - INFO - JSON IS READY!
2024-09-16 15:27:58,150 - INFO - JSON IS READY!
2024-09-16 15:27:58,160 - INFO - JSON IS READY!
2024-09-16 15:27:58,173 - INFO - JSON IS READY!
2024-09-16 15:27:58,183 - INFO - JSON IS READY!
2024-09-16 15:27:58,194 - INFO - JSON IS READY!
2024-09-16 15:27:58,204 - INFO - JSON IS READY!
2024-09-16 15:27:58,213 - INFO - JSON IS READY!
2024-09-16 15:27:58,224 - INFO - JSON IS READY!
2024-09-16 15:27:58,233 - INFO - JSON IS READY!
2024-09-16 15:27:58,242 - INFO - JSON IS READY!
2024-09-16 15:27:58,251 - INFO - JSON IS READY!
2024-09-16 15:27:58,261 - INFO - JSON IS READY!
2024-09-16 15:27:58,271 - INFO - JSON IS READY!
2024-09-16 15:27:58,281 - INFO - JSON IS READY!
2024-09-16 15:27:58,294 - INFO - JSON IS READY!
2024-09-16 15:27:58,305 - INFO - JSON IS READY!
2024-09-16 15:27:58,318 - INFO - JSON IS READY!
2024-09-16 15:27:58,332 - INFO - JSON IS READY!
2024-09-16 15:27:58,343 - INFO - JSON IS READY!
2024-09-16 15:27:58,355 - INFO - JSON IS READY!
2024-09-16 15:27:58,366 - INFO - JSON IS READY!
2024-09-16 15:27:58,377 - INFO - JSON IS READY!
2024-09-16 15:27:58,390 - INFO - JSON IS READY!
2024-09-16 15:27:58,401 - INFO - JSON IS READY!
2024-09-16 15:27:58,412 - INFO - JSON IS READY!
2024-09-16 15:27:58,427 - INFO - JSON IS READY!
2024-09-16 15:27:58,439 - INFO - JSON IS READY!
2024-09-16 15:27:58,450 - INFO - JSON IS READY!
2024-09-16 15:27:58,462 - INFO - JSON IS READY!
2024-09-16 15:27:58,475 - INFO - JSON IS READY!
2024-09-16 15:27:58,487 - INFO - JSON IS READY!
2024-09-16 15:27:58,499 - INFO - JSON IS READY!
2024-09-16 15:27:58,512 - INFO - JSON IS READY!
2024-09-16 15:27:58,524 - INFO - JSON IS READY!
2024-09-16 15:27:58,538 - INFO - JSON IS READY!
2024-09-16 15:27:58,548 - INFO - JSON IS READY!
2024-09-16 15:27:58,558 - INFO - JSON IS READY!
2024-09-16 15:27:58,566 - INFO - JSON IS READY!
2024-09-16 15:27:58,576 - INFO - JSON IS READY!
2024-09-16 15:27:58,587 - INFO - JSON IS READY!
2024-09-16 15:27:58,598 - INFO - JSON IS READY!
2024-09-16 15:27:58,610 - INFO - JSON IS READY!
2024-09-16 15:27:58,621 - INFO - JSON IS READY!
2024-09-16 15:27:58,637 - INFO - JSON IS READY!
2024-09-16 15:27:58,650 - INFO - JSON IS READY!
2024-09-16 15:27:58,660 - INFO - JSON IS READY!
2024-09-16 15:27:58,670 - INFO - JSON IS READY!
2024-09-16 15:27:58,680 - INFO - JSON IS READY!
2024-09-16 15:27:58,692 - INFO - JSON IS READY!
2024-09-16 15:27:58,706 - INFO - JSON IS READY!
2024-09-16 15:27:58,718 - INFO - JSON IS READY!
2024-09-16 15:27:58,730 - INFO - JSON IS READY!
2024-09-16 15:27:58,741 - INFO - JSON IS READY!
2024-09-16 15:27:58,754 - INFO - JSON IS READY!
2024-09-16 15:27:58,764 - INFO - JSON IS READY!
2024-09-16 15:27:58,775 - INFO - JSON IS READY!
2024-09-16 15:27:58,783 - INFO - JSON IS READY!
2024-09-16 15:27:58,794 - INFO - JSON IS READY!
2024-09-16 15:27:58,806 - INFO - JSON IS READY!
2024-09-16 15:27:58,816 - INFO - JSON IS READY!
2024-09-16 15:27:58,826 - INFO - JSON IS READY!
2024-09-16 15:27:58,836 - INFO - JSON IS READY!
2024-09-16 15:27:58,848 - INFO - JSON IS READY!
2024-09-16 15:27:58,858 - INFO - JSON IS READY!
2024-09-16 15:27:58,870 - INFO - JSON IS READY!
2024-09-16 15:27:58,880 - INFO - JSON IS READY!
2024-09-16 15:27:58,891 - INFO - JSON IS READY!
2024-09-16 15:27:58,900 - INFO - JSON IS READY!
2024-09-16 15:27:58,910 - INFO - JSON IS READY!
2024-09-16 15:27:58,919 - INFO - JSON IS READY!
2024-09-16 15:27:58,928 - INFO - JSON IS READY!
2024-09-16 15:27:58,938 - INFO - JSON IS READY!
2024-09-16 15:27:58,949 - INFO - JSON IS READY!
2024-09-16 15:27:58,962 - INFO - JSON IS READY!
2024-09-16 15:27:58,973 - INFO - JSON IS READY!
2024-09-16 15:27:58,984 - INFO - JSON IS READY!
2024-09-16 15:27:58,996 - INFO - JSON IS READY!
2024-09-16 15:27:59,008 - INFO - JSON IS READY!
2024-09-16 15:27:59,020 - INFO - JSON IS READY!
2024-09-16 15:27:59,040 - INFO - JSON IS READY!
2024-09-16 15:27:59,061 - INFO - JSON IS READY!
2024-09-16 15:27:59,081 - INFO - JSON IS READY!
2024-09-16 15:27:59,093 - INFO - JSON IS READY!
2024-09-16 15:27:59,104 - INFO - JSON IS READY!
2024-09-16 15:27:59,117 - INFO - JSON IS READY!
2024-09-16 15:27:59,127 - INFO - JSON IS READY!
2024-09-16 15:27:59,136 - INFO - JSON IS READY!
2024-09-16 15:27:59,145 - INFO - JSON IS READY!
2024-09-16 15:27:59,154 - INFO - JSON IS READY!
2024-09-16 15:27:59,167 - INFO - JSON IS READY!
2024-09-16 15:27:59,179 - INFO - JSON IS READY!
2024-09-16 15:27:59,192 - INFO - JSON IS READY!
2024-09-16 15:27:59,204 - INFO - JSON IS READY!
2024-09-16 15:27:59,217 - INFO - JSON IS READY!
2024-09-16 15:27:59,230 - INFO - JSON IS READY!
2024-09-16 15:27:59,241 - INFO - JSON IS READY!
2024-09-16 15:27:59,255 - INFO - JSON IS READY!
2024-09-16 15:27:59,270 - INFO - JSON IS READY!
2024-09-16 15:27:59,282 - INFO - JSON IS READY!
2024-09-16 15:27:59,295 - INFO - JSON IS READY!
2024-09-16 15:27:59,304 - INFO - JSON IS READY!
2024-09-16 15:27:59,313 - INFO - JSON IS READY!
2024-09-16 15:27:59,323 - INFO - JSON IS READY!
2024-09-16 15:27:59,332 - INFO - JSON IS READY!
2024-09-16 15:27:59,341 - INFO - JSON IS READY!
2024-09-16 15:27:59,352 - INFO - JSON IS READY!
2024-09-16 15:27:59,361 - INFO - JSON IS READY!
2024-09-16 15:27:59,370 - INFO - JSON IS READY!
2024-09-16 15:27:59,379 - INFO - JSON IS READY!
2024-09-16 15:27:59,388 - INFO - JSON IS READY!
2024-09-16 15:27:59,396 - INFO - JSON IS READY!
2024-09-16 15:27:59,405 - INFO - JSON IS READY!
2024-09-16 15:27:59,413 - INFO - JSON IS READY!
2024-09-16 15:27:59,424 - INFO - JSON IS READY!
2024-09-16 15:27:59,433 - INFO - JSON IS READY!
2024-09-16 15:27:59,442 - INFO - JSON IS READY!
2024-09-16 15:27:59,451 - INFO - JSON IS READY!
2024-09-16 15:27:59,460 - INFO - JSON IS READY!
2024-09-16 15:27:59,468 - INFO - JSON IS READY!
2024-09-16 15:27:59,477 - INFO - JSON IS READY!
2024-09-16 15:27:59,486 - INFO - JSON IS READY!
2024-09-16 15:27:59,495 - INFO - JSON IS READY!
2024-09-16 15:27:59,504 - INFO - JSON IS READY!
2024-09-16 15:27:59,512 - INFO - JSON IS READY!
2024-09-16 15:27:59,521 - INFO - JSON IS READY!
2024-09-16 15:27:59,530 - INFO - JSON IS READY!
2024-09-16 15:27:59,539 - INFO - JSON IS READY!
2024-09-16 15:27:59,547 - INFO - JSON IS READY!
2024-09-16 15:27:59,556 - INFO - JSON IS READY!
2024-09-16 15:27:59,564 - INFO - JSON IS READY!
2024-09-16 15:27:59,573 - INFO - JSON IS READY!
2024-09-16 15:27:59,582 - INFO - JSON IS READY!
2024-09-16 15:27:59,592 - INFO - JSON IS READY!
2024-09-16 15:27:59,601 - INFO - JSON IS READY!
2024-09-16 15:27:59,612 - INFO - JSON IS READY!
2024-09-16 15:27:59,622 - INFO - JSON IS READY!
2024-09-16 15:27:59,631 - INFO - JSON IS READY!
2024-09-16 15:27:59,640 - INFO - JSON IS READY!
2024-09-16 15:27:59,648 - INFO - JSON IS READY!
2024-09-16 15:27:59,657 - INFO - JSON IS READY!
2024-09-16 15:27:59,665 - INFO - JSON IS READY!
2024-09-16 15:27:59,674 - INFO - JSON IS READY!
2024-09-16 15:27:59,683 - INFO - JSON IS READY!
2024-09-16 15:27:59,692 - INFO - JSON IS READY!
2024-09-16 15:27:59,701 - INFO - JSON IS READY!
2024-09-16 15:27:59,709 - INFO - JSON IS READY!
2024-09-16 15:27:59,719 - INFO - JSON IS READY!
2024-09-16 15:27:59,727 - INFO - JSON IS READY!
2024-09-16 15:27:59,736 - INFO - JSON IS READY!
2024-09-16 15:27:59,744 - INFO - JSON IS READY!
2024-09-16 15:27:59,753 - INFO - JSON IS READY!
2024-09-16 15:27:59,762 - INFO - JSON IS READY!
2024-09-16 15:27:59,771 - INFO - JSON IS READY!
2024-09-16 15:27:59,779 - INFO - JSON IS READY!
2024-09-16 15:27:59,788 - INFO - JSON IS READY!
2024-09-16 15:27:59,797 - INFO - JSON IS READY!
2024-09-16 15:27:59,806 - INFO - JSON IS READY!
2024-09-16 15:27:59,816 - INFO - JSON IS READY!
2024-09-16 15:27:59,826 - INFO - JSON IS READY!
2024-09-16 15:27:59,836 - INFO - JSON IS READY!
2024-09-16 15:27:59,844 - INFO - JSON IS READY!
2024-09-16 15:27:59,853 - INFO - JSON IS READY!
2024-09-16 15:27:59,861 - INFO - JSON IS READY!
2024-09-16 15:27:59,870 - INFO - JSON IS READY!
2024-09-16 15:27:59,879 - INFO - JSON IS READY!
2024-09-16 15:27:59,888 - INFO - JSON IS READY!
2024-09-16 15:27:59,897 - INFO - JSON IS READY!
2024-09-16 15:27:59,905 - INFO - JSON IS READY!
2024-09-16 15:27:59,915 - INFO - JSON IS READY!
2024-09-16 15:27:59,923 - INFO - JSON IS READY!
2024-09-16 15:27:59,933 - INFO - JSON IS READY!
2024-09-16 15:27:59,944 - INFO - JSON IS READY!
2024-09-16 15:27:59,953 - INFO - JSON IS READY!
2024-09-16 15:27:59,962 - INFO - JSON IS READY!
2024-09-16 15:27:59,971 - INFO - JSON IS READY!
2024-09-16 15:27:59,979 - INFO - JSON IS READY!
2024-09-16 15:27:59,988 - INFO - JSON IS READY!
2024-09-16 15:27:59,997 - INFO - JSON IS READY!
2024-09-16 15:28:00,008 - INFO - JSON IS READY!
2024-09-16 15:28:00,017 - INFO - JSON IS READY!
2024-09-16 15:28:00,026 - INFO - JSON IS READY!
2024-09-16 15:28:00,033 - INFO - JSON IS READY!
2024-09-16 15:28:00,042 - INFO - JSON IS READY!
2024-09-16 15:28:00,050 - INFO - JSON IS READY!
2024-09-16 15:28:00,059 - INFO - JSON IS READY!
2024-09-16 15:28:00,068 - INFO - JSON IS READY!
2024-09-16 15:28:00,076 - INFO - JSON IS READY!
2024-09-16 15:28:00,086 - INFO - JSON IS READY!
2024-09-16 15:28:00,095 - INFO - JSON IS READY!
2024-09-16 15:28:00,104 - INFO - JSON IS READY!
2024-09-16 15:28:00,112 - INFO - JSON IS READY!
2024-09-16 15:28:00,121 - INFO - JSON IS READY!
2024-09-16 15:28:00,131 - INFO - JSON IS READY!
2024-09-16 15:28:00,140 - INFO - JSON IS READY!
2024-09-16 15:28:00,148 - INFO - JSON IS READY!
2024-09-16 15:28:00,157 - INFO - JSON IS READY!
2024-09-16 15:28:00,166 - INFO - JSON IS READY!
2024-09-16 15:28:00,175 - ERROR - CAN NOT  PREPARE gZozhEO1!
ERORR:
Traceback (most recent call last):
  File "/home/sjd/Documents/Realstate-Ads-Data-divar-sheypoor/parser/lev3_parser/div_lev3_parser/fun_div_parser_lev3.py", line 94, in div_parser3
    real_state.update(listd_p(data['sections'][decnum(data, 'LIST_DATA')]['LIST_DATA'], real_state))
  File "/home/sjd/Documents/Realstate-Ads-Data-divar-sheypoor/parser/lev3_parser/div_lev3_parser/div_listdata_pass.py", line 18, in listd_p
    real_state['unitpf'] = int(item['value'])
ValueError: invalid literal for int() with base 10: 'بیشتر از ۸'
2024-09-16 15:28:00,176 - INFO - JSON IS READY!
2024-09-16 15:28:00,184 - INFO - JSON IS READY!
2024-09-16 15:28:00,193 - INFO - JSON IS READY!
2024-09-16 15:28:00,202 - INFO - JSON IS READY!
2024-09-16 15:28:00,211 - INFO - JSON IS READY!
2024-09-16 15:28:00,220 - INFO - JSON IS READY!
2024-09-16 15:28:00,229 - INFO - JSON IS READY!
2024-09-16 15:28:00,237 - INFO - JSON IS READY!
2024-09-16 15:28:00,246 - INFO - JSON IS READY!
2024-09-16 15:28:00,255 - INFO - JSON IS READY!
2024-09-16 15:28:00,267 - INFO - JSON IS READY!
2024-09-16 15:28:00,276 - INFO - JSON IS READY!
2024-09-16 15:28:00,285 - INFO - JSON IS READY!
2024-09-16 15:28:00,296 - INFO - JSON IS READY!
2024-09-16 15:28:00,307 - INFO - JSON IS READY!
2024-09-16 15:28:00,319 - INFO - JSON IS READY!
2024-09-16 15:28:00,332 - INFO - JSON IS READY!
2024-09-16 15:28:00,344 - INFO - JSON IS READY!
2024-09-16 15:28:00,355 - INFO - JSON IS READY!
2024-09-16 15:28:00,365 - INFO - JSON IS READY!
2024-09-16 15:28:00,375 - INFO - JSON IS READY!
2024-09-16 15:28:00,385 - INFO - JSON IS READY!
2024-09-16 15:28:00,394 - INFO - JSON IS READY!
2024-09-16 15:28:00,406 - INFO - JSON IS READY!
2024-09-16 15:28:00,417 - INFO - JSON IS READY!
2024-09-16 15:28:00,431 - INFO - JSON IS READY!
2024-09-16 15:28:00,443 - INFO - JSON IS READY!
2024-09-16 15:28:00,454 - INFO - JSON IS READY!
2024-09-16 15:28:00,467 - INFO - JSON IS READY!
2024-09-16 15:28:00,480 - INFO - JSON IS READY!
2024-09-16 15:28:00,491 - INFO - JSON IS READY!
2024-09-16 15:28:00,502 - INFO - JSON IS READY!
2024-09-16 15:28:00,516 - INFO - JSON IS READY!
2024-09-16 15:28:00,529 - INFO - JSON IS READY!
2024-09-16 15:28:00,541 - INFO - JSON IS READY!
2024-09-16 16:14:07,003 - INFO - JSON IS READY!
2024-09-16 16:14:07,011 - INFO - JSON IS READY!
2024-09-16 16:14:07,017 - INFO - JSON IS READY!
2024-09-16 16:14:07,023 - INFO - JSON IS READY!
2024-09-16 16:14:07,029 - INFO - JSON IS READY!
2024-09-16 16:14:07,035 - INFO - JSON IS READY!
2024-09-16 16:14:07,041 - INFO - JSON IS READY!
2024-09-16 16:14:07,047 - INFO - JSON IS READY!
2024-09-16 16:14:07,053 - INFO - JSON IS READY!
2024-09-16 16:14:07,060 - INFO - JSON IS READY!
2024-09-16 16:14:07,066 - INFO - JSON IS READY!
2024-09-16 16:14:07,075 - INFO - JSON IS READY!
2024-09-16 16:14:07,081 - INFO - JSON IS READY!
2024-09-16 16:14:07,090 - INFO - JSON IS READY!
2024-09-16 16:14:07,101 - INFO - JSON IS READY!
2024-09-16 16:14:07,108 - INFO - JSON IS READY!
2024-09-16 16:14:07,114 - INFO - JSON IS READY!
2024-09-16 16:14:07,123 - INFO - JSON IS READY!
2024-09-16 16:14:07,129 - INFO - JSON IS READY!
2024-09-16 16:14:07,136 - INFO - JSON IS READY!
2024-09-16 16:14:07,143 - INFO - JSON IS READY!
2024-09-16 16:14:07,149 - INFO - JSON IS READY!
2024-09-16 16:14:07,158 - INFO - JSON IS READY!
2024-09-16 16:14:07,164 - INFO - JSON IS READY!
2024-09-16 16:14:07,173 - INFO - JSON IS READY!
2024-09-16 16:14:07,179 - INFO - JSON IS READY!
2024-09-16 16:14:07,187 - INFO - JSON IS READY!
2024-09-16 16:14:07,195 - INFO - JSON IS READY!
2024-09-16 16:14:07,201 - INFO - JSON IS READY!
2024-09-16 16:14:07,208 - INFO - JSON IS READY!
2024-09-16 16:14:07,215 - INFO - JSON IS READY!
2024-09-16 16:14:07,221 - INFO - JSON IS READY!
2024-09-16 16:14:07,229 - INFO - JSON IS READY!
2024-09-16 16:14:07,234 - INFO - JSON IS READY!
2024-09-16 16:14:07,242 - INFO - JSON IS READY!
2024-09-16 16:14:07,248 - INFO - JSON IS READY!
2024-09-16 16:14:07,253 - INFO - JSON IS READY!
2024-09-16 16:14:07,260 - INFO - JSON IS READY!
2024-09-16 16:14:07,265 - INFO - JSON IS READY!
2024-09-16 16:14:07,272 - INFO - JSON IS READY!
2024-09-16 16:14:07,278 - INFO - JSON IS READY!
2024-09-16 16:14:07,283 - INFO - JSON IS READY!
2024-09-16 16:14:07,291 - INFO - JSON IS READY!
2024-09-16 16:14:07,297 - INFO - JSON IS READY!
2024-09-16 16:14:07,304 - INFO - JSON IS READY!
2024-09-16 16:14:07,310 - INFO - JSON IS READY!
2024-09-16 16:14:07,315 - INFO - JSON IS READY!
2024-09-16 16:14:07,326 - INFO - JSON IS READY!
2024-09-16 16:14:07,332 - INFO - JSON IS READY!
2024-09-16 16:14:07,341 - INFO - JSON IS READY!
2024-09-16 16:14:07,348 - INFO - JSON IS READY!
2024-09-16 16:14:07,356 - INFO - JSON IS READY!
2024-09-16 16:14:07,365 - INFO - JSON IS READY!
2024-09-16 16:14:07,374 - INFO - JSON IS READY!
2024-09-16 16:14:07,381 - INFO - JSON IS READY!
2024-09-16 16:14:07,397 - INFO - JSON IS READY!
2024-09-16 16:14:07,406 - INFO - JSON IS READY!
2024-09-16 16:14:07,413 - INFO - JSON IS READY!
2024-09-16 16:14:07,422 - INFO - JSON IS READY!
2024-09-16 16:14:07,428 - INFO - JSON IS READY!
2024-09-16 16:14:07,435 - INFO - JSON IS READY!
2024-09-16 16:14:07,443 - INFO - JSON IS READY!
2024-09-16 16:14:07,449 - INFO - JSON IS READY!
2024-09-16 16:14:07,456 - INFO - JSON IS READY!
2024-09-16 16:14:07,462 - INFO - JSON IS READY!
2024-09-16 16:14:07,468 - INFO - JSON IS READY!
2024-09-16 16:14:07,475 - INFO - JSON IS READY!
2024-09-16 16:14:07,482 - INFO - JSON IS READY!
2024-09-16 16:14:07,489 - INFO - JSON IS READY!
2024-09-16 16:14:07,495 - INFO - JSON IS READY!
2024-09-16 16:14:07,762 - INFO - JSON IS READY!
2024-09-16 16:14:07,784 - INFO - JSON IS READY!
2024-09-16 16:14:07,792 - INFO - JSON IS READY!
2024-09-16 16:14:07,801 - INFO - JSON IS READY!
2024-09-16 16:14:08,555 - INFO - JSON IS READY!
2024-09-16 16:14:08,898 - INFO - JSON IS READY!
2024-09-16 16:14:08,908 - INFO - JSON IS READY!
2024-09-16 16:14:08,919 - INFO - JSON IS READY!
2024-09-16 16:14:08,927 - INFO - JSON IS READY!
2024-09-16 16:14:09,682 - INFO - JSON IS READY!
2024-09-16 16:14:10,032 - INFO - JSON IS READY!
2024-09-16 16:14:10,059 - INFO - JSON IS READY!
2024-09-16 16:14:10,065 - INFO - JSON IS READY!
2024-09-16 16:14:10,071 - INFO - JSON IS READY!
2024-09-16 16:14:10,814 - INFO - JSON IS READY!
2024-09-16 16:14:11,187 - INFO - JSON IS READY!
2024-09-16 16:14:11,201 - INFO - JSON IS READY!
2024-09-16 16:14:11,214 - INFO - JSON IS READY!
2024-09-16 16:14:11,221 - INFO - JSON IS READY!
2024-09-16 16:14:11,951 - INFO - JSON IS READY!
2024-09-16 16:14:12,302 - INFO - JSON IS READY!
2024-09-16 16:14:12,311 - INFO - JSON IS READY!
2024-09-16 16:14:12,319 - INFO - JSON IS READY!
2024-09-16 16:14:12,659 - INFO - JSON IS READY!
2024-09-16 16:14:13,057 - INFO - JSON IS READY!
2024-09-16 16:14:14,108 - INFO - JSON IS READY!
2024-09-16 16:14:15,205 - INFO - JSON IS READY!
2024-09-16 16:14:16,229 - INFO - JSON IS READY!
2024-09-16 16:14:16,244 - INFO - JSON IS READY!
2024-09-16 16:14:16,251 - INFO - JSON IS READY!
2024-09-16 16:14:16,310 - INFO - JSON IS READY!
2024-09-16 16:14:16,557 - INFO - JSON IS READY!
2024-09-16 16:14:17,327 - INFO - JSON IS READY!
2024-09-16 16:14:17,335 - INFO - JSON IS READY!
2024-09-16 16:14:17,342 - INFO - JSON IS READY!
2024-09-16 16:14:17,432 - INFO - JSON IS READY!
2024-09-16 16:14:17,676 - INFO - JSON IS READY!
2024-09-16 16:14:18,471 - INFO - JSON IS READY!
2024-09-16 16:14:18,485 - INFO - JSON IS READY!
2024-09-16 16:14:18,506 - INFO - JSON IS READY!
2024-09-16 16:14:18,798 - INFO - JSON IS READY!
2024-09-16 16:14:19,624 - INFO - JSON IS READY!
2024-09-16 16:14:20,978 - INFO - JSON IS READY!
2024-09-16 16:14:22,088 - INFO - JSON IS READY!
2024-09-16 16:14:23,230 - INFO - JSON IS READY!
2024-09-16 16:14:24,326 - INFO - JSON IS READY!
2024-09-16 16:14:24,691 - INFO - JSON IS READY!
2024-09-16 16:14:24,697 - INFO - JSON IS READY!
2024-09-16 16:14:24,704 - INFO - JSON IS READY!
2024-09-16 16:14:24,737 - INFO - JSON IS READY!
2024-09-16 16:14:25,444 - INFO - JSON IS READY!
2024-09-16 16:14:25,833 - INFO - JSON IS READY!
2024-09-16 16:14:25,904 - INFO - JSON IS READY!
2024-09-16 16:14:26,212 - INFO - JSON IS READY!
2024-09-16 16:14:26,275 - INFO - JSON IS READY!
2024-09-16 16:14:26,593 - INFO - JSON IS READY!
2024-09-16 16:14:26,936 - INFO - JSON IS READY!
2024-09-16 16:14:26,995 - INFO - JSON IS READY!
2024-09-16 16:14:27,352 - INFO - JSON IS READY!
2024-09-16 16:14:27,363 - INFO - JSON IS READY!
2024-09-16 16:14:27,699 - INFO - JSON IS READY!
2024-09-16 16:14:28,035 - INFO - JSON IS READY!
2024-09-16 16:14:28,417 - INFO - JSON IS READY!
2024-09-16 16:14:28,470 - INFO - JSON IS READY!
2024-09-16 16:14:28,568 - INFO - JSON IS READY!
2024-09-16 16:14:29,124 - INFO - JSON IS READY!
2024-09-16 16:14:29,138 - INFO - JSON IS READY!
2024-09-16 16:14:29,518 - INFO - JSON IS READY!
2024-09-16 16:14:29,646 - INFO - JSON IS READY!
2024-09-16 16:14:30,245 - INFO - JSON IS READY!
2024-09-16 16:14:31,309 - INFO - JSON IS READY!
2024-09-16 16:14:32,455 - INFO - JSON IS READY!
2024-09-16 16:14:33,204 - INFO - JSON IS READY!
2024-09-16 16:14:33,210 - INFO - JSON IS READY!
2024-09-16 16:14:33,229 - INFO - JSON IS READY!
2024-09-16 16:14:33,235 - INFO - JSON IS READY!
2024-09-16 16:14:33,587 - INFO - JSON IS READY!
2024-09-16 16:14:34,326 - INFO - JSON IS READY!
2024-09-16 16:14:34,358 - INFO - JSON IS READY!
2024-09-16 16:14:34,363 - INFO - JSON IS READY!
2024-09-16 16:14:34,641 - INFO - JSON IS READY!
2024-09-16 16:14:34,782 - INFO - JSON IS READY!
2024-09-16 16:14:35,452 - INFO - JSON IS READY!
2024-09-16 16:14:35,460 - INFO - JSON IS READY!
2024-09-16 16:14:35,473 - INFO - JSON IS READY!
2024-09-16 16:14:35,761 - INFO - JSON IS READY!
2024-09-16 16:14:35,850 - INFO - JSON IS READY!
2024-09-16 16:14:36,526 - INFO - JSON IS READY!
2024-09-16 16:14:36,578 - INFO - JSON IS READY!
2024-09-16 16:14:36,595 - INFO - JSON IS READY!
2024-09-16 16:14:36,897 - INFO - JSON IS READY!
2024-09-16 16:14:36,971 - INFO - JSON IS READY!
2024-09-16 16:14:37,776 - INFO - JSON IS READY!
2024-09-16 16:14:37,783 - INFO - JSON IS READY!
2024-09-16 16:14:38,292 - INFO - JSON IS READY!
2024-09-16 16:14:38,475 - INFO - JSON IS READY!
2024-09-16 16:14:39,352 - INFO - JSON IS READY!
2024-09-16 16:14:40,839 - INFO - JSON IS READY!
2024-09-16 16:14:41,942 - INFO - JSON IS READY!
2024-09-16 16:14:41,971 - INFO - JSON IS READY!
2024-09-16 16:14:41,977 - INFO - JSON IS READY!
2024-09-16 16:14:41,983 - INFO - JSON IS READY!
2024-09-16 16:14:42,298 - INFO - JSON IS READY!
2024-09-16 16:14:43,039 - INFO - JSON IS READY!
2024-09-16 16:14:43,063 - INFO - JSON IS READY!
2024-09-16 16:14:43,069 - INFO - JSON IS READY!
2024-09-16 16:14:43,098 - INFO - JSON IS READY!
2024-09-16 16:14:43,392 - INFO - JSON IS READY!
2024-09-16 16:14:44,148 - INFO - JSON IS READY!
2024-09-16 16:14:44,157 - INFO - JSON IS READY!
2024-09-16 16:14:44,165 - INFO - JSON IS READY!
2024-09-16 16:14:44,201 - INFO - JSON IS READY!
2024-09-16 16:14:44,467 - INFO - JSON IS READY!
2024-09-16 16:14:45,266 - INFO - JSON IS READY!
2024-09-16 16:14:45,272 - INFO - JSON IS READY!
2024-09-16 16:14:45,585 - INFO - JSON IS READY!
2024-09-16 16:14:46,379 - INFO - JSON IS READY!
2024-09-16 16:15:07,539 - INFO - JSON IS READY!
2024-09-16 16:15:18,624 - INFO - JSON IS READY!
2024-09-16 16:15:28,639 - INFO - JSON IS READY!
2024-09-16 16:15:38,648 - INFO - JSON IS READY!
2024-09-16 16:15:48,664 - INFO - JSON IS READY!
2024-09-16 16:15:58,679 - INFO - JSON IS READY!
2024-09-16 16:16:08,692 - INFO - JSON IS READY!
2024-09-16 16:16:18,707 - INFO - JSON IS READY!
2024-09-16 16:16:28,727 - INFO - JSON IS READY!
2024-09-16 16:16:37,320 - INFO - JSON IS READY!
2024-09-16 16:16:37,330 - INFO - JSON IS READY!
2024-09-16 16:16:37,336 - INFO - JSON IS READY!
2024-09-16 16:16:37,343 - INFO - JSON IS READY!
2024-09-16 16:16:37,349 - INFO - JSON IS READY!
2024-09-16 16:16:37,354 - INFO - JSON IS READY!
2024-09-16 16:16:37,360 - INFO - JSON IS READY!
2024-09-16 16:16:37,368 - INFO - JSON IS READY!
2024-09-16 16:16:37,374 - INFO - JSON IS READY!
2024-09-16 16:16:37,379 - INFO - JSON IS READY!
2024-09-16 16:16:37,385 - INFO - JSON IS READY!
2024-09-16 16:16:37,391 - INFO - JSON IS READY!
2024-09-16 16:16:37,396 - INFO - JSON IS READY!
2024-09-16 16:16:37,402 - INFO - JSON IS READY!
2024-09-16 16:16:37,408 - INFO - JSON IS READY!
2024-09-16 16:16:37,414 - INFO - JSON IS READY!
2024-09-16 16:16:37,420 - INFO - JSON IS READY!
2024-09-16 16:16:37,426 - INFO - JSON IS READY!
2024-09-16 16:16:37,431 - INFO - JSON IS READY!
2024-09-16 16:16:37,437 - INFO - JSON IS READY!
2024-09-16 16:16:37,444 - INFO - JSON IS READY!
2024-09-16 16:16:37,451 - INFO - JSON IS READY!
2024-09-16 16:16:37,456 - INFO - JSON IS READY!
2024-09-16 16:16:37,463 - INFO - JSON IS READY!
2024-09-16 16:16:37,469 - INFO - JSON IS READY!
2024-09-16 16:16:37,476 - INFO - JSON IS READY!
2024-09-16 16:16:37,486 - INFO - JSON IS READY!
2024-09-16 16:16:37,500 - INFO - JSON IS READY!
2024-09-16 16:16:37,510 - INFO - JSON IS READY!
2024-09-16 16:16:37,519 - INFO - JSON IS READY!
2024-09-16 16:16:37,530 - INFO - JSON IS READY!
2024-09-16 16:16:37,541 - INFO - JSON IS READY!
2024-09-16 16:16:37,548 - INFO - JSON IS READY!
2024-09-16 16:16:38,467 - INFO - JSON IS READY!
2024-09-16 16:16:38,492 - INFO - JSON IS READY!
2024-09-16 16:16:39,638 - INFO - JSON IS READY!
2024-09-16 16:16:39,646 - INFO - JSON IS READY!
2024-09-16 16:16:39,909 - INFO - JSON IS READY!
2024-09-16 16:16:40,257 - INFO - JSON IS READY!
2024-09-16 16:16:40,644 - INFO - JSON IS READY!
2024-09-16 16:16:40,735 - INFO - JSON IS READY!
2024-09-16 16:16:40,760 - INFO - JSON IS READY!
2024-09-16 16:16:41,011 - INFO - JSON IS READY!
2024-09-16 16:16:41,378 - INFO - JSON IS READY!
2024-09-16 16:16:41,867 - INFO - JSON IS READY!
2024-09-16 16:16:41,886 - INFO - JSON IS READY!
2024-09-16 16:16:41,907 - INFO - JSON IS READY!
2024-09-16 16:16:42,139 - INFO - JSON IS READY!
2024-09-16 16:16:42,499 - INFO - JSON IS READY!
2024-09-16 16:16:43,010 - INFO - JSON IS READY!
2024-09-16 16:16:43,026 - INFO - JSON IS READY!
2024-09-16 16:16:43,046 - INFO - JSON IS READY!
2024-09-16 16:16:43,211 - INFO - JSON IS READY!
2024-09-16 16:16:43,581 - INFO - JSON IS READY!
2024-09-16 16:16:44,092 - INFO - JSON IS READY!
2024-09-16 16:16:44,108 - INFO - JSON IS READY!
2024-09-16 16:16:44,151 - INFO - JSON IS READY!
2024-09-16 16:16:44,312 - INFO - JSON IS READY!
2024-09-16 16:16:44,788 - INFO - JSON IS READY!
2024-09-16 16:16:45,288 - INFO - JSON IS READY!
2024-09-16 16:16:45,307 - INFO - JSON IS READY!
2024-09-16 16:16:45,399 - INFO - JSON IS READY!
2024-09-16 16:16:45,431 - INFO - JSON IS READY!
2024-09-16 16:16:45,903 - INFO - JSON IS READY!
2024-09-16 16:16:46,416 - INFO - JSON IS READY!
2024-09-16 16:16:46,426 - INFO - JSON IS READY!
2024-09-16 16:16:46,460 - INFO - JSON IS READY!
2024-09-16 16:16:46,545 - INFO - JSON IS READY!
2024-09-16 16:16:47,010 - INFO - JSON IS READY!
2024-09-16 16:16:47,495 - INFO - JSON IS READY!
2024-09-16 16:16:47,527 - INFO - JSON IS READY!
2024-09-16 16:16:47,537 - INFO - JSON IS READY!
2024-09-16 16:16:47,658 - INFO - JSON IS READY!
2024-09-16 16:16:48,362 - INFO - JSON IS READY!
2024-09-16 16:16:48,682 - INFO - JSON IS READY!
2024-09-16 16:16:48,698 - INFO - JSON IS READY!
2024-09-16 16:16:48,707 - INFO - JSON IS READY!
2024-09-16 16:16:48,819 - INFO - JSON IS READY!
2024-09-16 16:16:49,779 - INFO - JSON IS READY!
2024-09-16 16:16:49,850 - INFO - JSON IS READY!
2024-09-16 16:16:49,864 - INFO - JSON IS READY!
2024-09-16 16:16:49,935 - INFO - JSON IS READY!
2024-09-16 16:16:50,249 - INFO - JSON IS READY!
2024-09-16 16:16:50,866 - INFO - JSON IS READY!
2024-09-16 16:16:51,001 - INFO - JSON IS READY!
2024-09-16 16:16:51,030 - INFO - JSON IS READY!
2024-09-16 16:16:51,042 - INFO - JSON IS READY!
2024-09-16 16:16:51,360 - INFO - JSON IS READY!
2024-09-16 16:16:52,029 - INFO - JSON IS READY!
2024-09-16 16:16:52,096 - INFO - JSON IS READY!
2024-09-16 16:16:52,142 - INFO - JSON IS READY!
2024-09-16 16:16:52,160 - INFO - JSON IS READY!
2024-09-16 16:16:52,439 - INFO - JSON IS READY!
2024-09-16 16:16:53,181 - INFO - JSON IS READY!
2024-09-16 16:16:53,205 - INFO - JSON IS READY!
2024-09-16 16:16:53,227 - INFO - JSON IS READY!
2024-09-16 16:16:53,234 - INFO - JSON IS READY!
2024-09-16 16:16:53,532 - INFO - JSON IS READY!
2024-09-16 16:16:54,358 - INFO - JSON IS READY!
2024-09-16 16:16:54,366 - INFO - JSON IS READY!
2024-09-16 16:16:54,375 - INFO - JSON IS READY!
2024-09-16 16:16:54,383 - INFO - JSON IS READY!
2024-09-16 16:16:54,664 - INFO - JSON IS READY!
2024-09-16 16:16:55,442 - INFO - JSON IS READY!
2024-09-16 16:16:55,456 - INFO - JSON IS READY!
2024-09-16 16:16:55,483 - INFO - JSON IS READY!
2024-09-16 16:16:55,821 - INFO - JSON IS READY!
2024-09-16 16:16:55,830 - INFO - JSON IS READY!
2024-09-16 16:16:56,721 - INFO - JSON IS READY!
2024-09-16 16:16:56,758 - INFO - JSON IS READY!
2024-09-16 16:16:56,772 - INFO - JSON IS READY!
2024-09-16 16:16:57,091 - INFO - JSON IS READY!
2024-09-16 16:16:57,105 - INFO - JSON IS READY!
2024-09-16 16:16:57,871 - INFO - JSON IS READY!
2024-09-16 16:16:57,877 - INFO - JSON IS READY!
2024-09-16 16:16:58,168 - INFO - JSON IS READY!
2024-09-16 16:16:58,211 - INFO - JSON IS READY!
2024-09-16 16:16:58,219 - INFO - JSON IS READY!
2024-09-16 16:16:59,011 - INFO - JSON IS READY!
2024-09-16 16:16:59,024 - INFO - JSON IS READY!
2024-09-16 16:16:59,351 - INFO - JSON IS READY!
2024-09-16 16:16:59,361 - INFO - JSON IS READY!
2024-09-16 16:16:59,369 - INFO - JSON IS READY!
2024-09-16 16:17:00,115 - INFO - JSON IS READY!
2024-09-16 16:17:00,147 - INFO - JSON IS READY!
2024-09-16 16:17:00,427 - INFO - JSON IS READY!
2024-09-16 16:17:00,504 - INFO - JSON IS READY!
2024-09-16 16:17:01,241 - INFO - JSON IS READY!
2024-09-16 16:17:01,257 - INFO - JSON IS READY!
2024-09-16 16:17:01,540 - INFO - JSON IS READY!
2024-09-16 16:17:01,632 - INFO - JSON IS READY!
2024-09-16 16:17:02,337 - INFO - JSON IS READY!
2024-09-16 16:17:02,373 - INFO - JSON IS READY!
2024-09-16 16:17:02,796 - INFO - JSON IS READY!
2024-09-16 16:17:02,809 - INFO - JSON IS READY!
2024-09-16 16:17:03,472 - INFO - JSON IS READY!
2024-09-16 16:17:03,911 - INFO - JSON IS READY!
2024-09-16 16:17:04,225 - INFO - JSON IS READY!
2024-09-16 16:17:04,250 - INFO - JSON IS READY!
2024-09-16 16:17:04,518 - INFO - JSON IS READY!
2024-09-16 16:17:04,596 - INFO - JSON IS READY!
2024-09-16 16:17:04,982 - INFO - JSON IS READY!
2024-09-16 16:17:05,350 - INFO - JSON IS READY!
2024-09-16 16:17:05,379 - INFO - JSON IS READY!
2024-09-16 16:17:05,643 - INFO - JSON IS READY!
2024-09-16 16:17:05,675 - INFO - JSON IS READY!
2024-09-16 16:17:06,077 - INFO - JSON IS READY!
2024-09-16 16:17:06,462 - INFO - JSON IS READY!
2024-09-16 16:17:06,787 - INFO - JSON IS READY!
2024-09-16 16:17:06,829 - INFO - JSON IS READY!
2024-09-16 16:17:07,191 - INFO - JSON IS READY!
2024-09-16 16:17:07,212 - INFO - JSON IS READY!
2024-09-16 16:17:07,578 - INFO - JSON IS READY!
2024-09-16 16:17:07,932 - INFO - JSON IS READY!
2024-09-16 16:17:08,033 - INFO - JSON IS READY!
2024-09-16 16:17:08,339 - INFO - JSON IS READY!
2024-09-16 16:17:08,669 - INFO - JSON IS READY!
2024-09-16 16:17:10,113 - INFO - JSON IS READY!
2024-09-16 16:17:11,248 - INFO - JSON IS READY!
2024-09-16 16:17:12,334 - INFO - JSON IS READY!
2024-09-16 16:17:12,867 - INFO - JSON IS READY!
2024-09-16 16:17:13,053 - INFO - JSON IS READY!
2024-09-16 16:17:13,059 - INFO - JSON IS READY!
2024-09-16 16:17:13,072 - INFO - JSON IS READY!
2024-09-16 16:17:13,435 - INFO - JSON IS READY!
2024-09-16 16:17:14,347 - INFO - JSON IS READY!
2024-09-16 16:17:14,555 - INFO - JSON IS READY!
2024-09-16 16:17:14,570 - INFO - JSON IS READY!
2024-09-16 16:17:14,578 - INFO - JSON IS READY!
2024-09-16 16:17:14,959 - INFO - JSON IS READY!
2024-09-16 16:17:15,482 - INFO - JSON IS READY!
2024-09-16 16:17:15,679 - INFO - JSON IS READY!
2024-09-16 16:17:15,702 - INFO - JSON IS READY!
2024-09-16 16:17:15,714 - INFO - JSON IS READY!
2024-09-16 16:17:16,077 - INFO - JSON IS READY!
2024-09-16 16:17:16,641 - INFO - JSON IS READY!
2024-09-16 16:17:16,836 - INFO - JSON IS READY!
2024-09-16 16:17:16,847 - INFO - JSON IS READY!
2024-09-16 16:17:17,223 - INFO - JSON IS READY!
2024-09-16 16:17:18,318 - INFO - JSON IS READY!
2024-09-16 16:17:19,471 - INFO - JSON IS READY!
2024-09-16 16:17:20,565 - INFO - JSON IS READY!
2024-09-16 16:17:21,486 - INFO - JSON IS READY!
2024-09-16 16:17:21,493 - INFO - JSON IS READY!
2024-09-16 16:17:21,710 - INFO - JSON IS READY!
2024-09-16 16:17:21,731 - INFO - JSON IS READY!
2024-09-16 16:17:21,851 - INFO - JSON IS READY!
2024-09-16 16:17:22,632 - INFO - JSON IS READY!
2024-09-16 16:17:22,684 - INFO - JSON IS READY!
2024-09-16 16:17:22,870 - INFO - JSON IS READY!
2024-09-16 16:17:22,882 - INFO - JSON IS READY!
2024-09-16 16:17:22,955 - INFO - JSON IS READY!
2024-09-16 16:17:23,714 - INFO - JSON IS READY!
2024-09-16 16:17:23,985 - INFO - JSON IS READY!
2024-09-16 16:17:24,071 - INFO - JSON IS READY!
2024-09-16 16:17:25,104 - INFO - JSON IS READY!
2024-09-16 16:17:26,217 - INFO - JSON IS READY!
2024-09-16 16:17:27,477 - INFO - JSON IS READY!
2024-09-16 16:17:28,589 - INFO - JSON IS READY!
2024-09-16 16:17:29,968 - INFO - JSON IS READY!
2024-09-16 16:17:29,991 - INFO - JSON IS READY!
2024-09-16 16:17:30,000 - INFO - JSON IS READY!
2024-09-16 16:17:30,129 - INFO - JSON IS READY!
2024-09-16 16:17:31,085 - INFO - JSON IS READY!
2024-09-16 16:17:31,119 - INFO - JSON IS READY!
2024-09-16 16:17:31,605 - INFO - JSON IS READY!
2024-09-16 16:17:32,147 - INFO - JSON IS READY!
2024-09-16 16:17:32,222 - INFO - JSON IS READY!
2024-09-16 16:17:32,234 - INFO - JSON IS READY!
2024-09-16 16:17:32,250 - INFO - JSON IS READY!
2024-09-16 16:17:32,710 - INFO - JSON IS READY!
2024-09-16 16:17:33,242 - INFO - JSON IS READY!
2024-09-16 16:17:33,322 - INFO - JSON IS READY!
2024-09-16 16:17:33,341 - INFO - JSON IS READY!
2024-09-16 16:17:33,348 - INFO - JSON IS READY!
2024-09-16 16:17:33,774 - INFO - JSON IS READY!
2024-09-16 16:17:34,317 - INFO - JSON IS READY!
2024-09-16 16:17:34,413 - INFO - JSON IS READY!
2024-09-16 16:17:34,430 - INFO - JSON IS READY!
2024-09-16 16:17:34,872 - INFO - JSON IS READY!
2024-09-16 16:17:35,436 - INFO - JSON IS READY!
2024-09-16 16:17:36,519 - INFO - JSON IS READY!
2024-09-16 16:17:37,630 - INFO - JSON IS READY!
2024-09-16 16:17:38,470 - INFO - JSON IS READY!
2024-09-16 16:17:38,476 - INFO - JSON IS READY!
2024-09-16 16:17:38,503 - INFO - JSON IS READY!
2024-09-16 16:17:38,722 - INFO - JSON IS READY!
2024-09-16 16:17:38,861 - INFO - JSON IS READY!
2024-09-16 16:17:39,549 - INFO - JSON IS READY!
2024-09-16 16:17:39,555 - INFO - JSON IS READY!
2024-09-16 16:17:39,588 - INFO - JSON IS READY!
2024-09-16 16:17:39,805 - INFO - JSON IS READY!
2024-09-16 16:17:39,957 - INFO - JSON IS READY!
2024-09-16 16:17:40,697 - INFO - JSON IS READY!
2024-09-16 16:17:40,714 - INFO - JSON IS READY!
2024-09-16 16:17:40,723 - INFO - JSON IS READY!
2024-09-16 16:17:40,875 - INFO - JSON IS READY!
2024-09-16 16:17:41,099 - INFO - JSON IS READY!
2024-09-16 16:17:41,796 - INFO - JSON IS READY!
2024-09-16 16:17:41,803 - INFO - JSON IS READY!
2024-09-16 16:17:41,830 - INFO - JSON IS READY!
2024-09-16 16:17:41,964 - INFO - JSON IS READY!
2024-09-16 16:17:42,255 - INFO - JSON IS READY!
2024-09-16 16:18:03,034 - INFO - JSON IS READY!
2024-09-16 16:18:13,057 - INFO - JSON IS READY!
2024-09-16 16:18:23,076 - INFO - JSON IS READY!
2024-09-16 16:18:33,098 - INFO - JSON IS READY!
2024-09-16 16:18:43,122 - INFO - JSON IS READY!
2024-09-16 16:18:53,138 - INFO - JSON IS READY!
2024-09-16 16:19:03,154 - INFO - JSON IS READY!
2024-09-16 16:19:13,168 - INFO - JSON IS READY!
2024-09-16 16:19:22,361 - INFO - JSON IS READY!
2024-09-16 16:19:22,381 - INFO - JSON IS READY!
2024-09-16 16:19:22,391 - INFO - JSON IS READY!
2024-09-16 16:19:22,400 - INFO - JSON IS READY!
2024-09-16 16:19:22,407 - INFO - JSON IS READY!
2024-09-16 16:19:22,413 - INFO - JSON IS READY!
2024-09-16 16:19:22,420 - INFO - JSON IS READY!
2024-09-16 16:19:22,427 - INFO - JSON IS READY!
2024-09-16 16:19:22,433 - INFO - JSON IS READY!
2024-09-16 16:19:22,439 - INFO - JSON IS READY!
2024-09-16 16:19:22,444 - INFO - JSON IS READY!
2024-09-16 16:19:22,451 - INFO - JSON IS READY!
2024-09-16 16:19:22,457 - INFO - JSON IS READY!
2024-09-16 16:19:22,463 - INFO - JSON IS READY!
2024-09-16 16:19:22,469 - INFO - JSON IS READY!
2024-09-16 16:19:22,475 - INFO - JSON IS READY!
2024-09-16 16:19:22,482 - INFO - JSON IS READY!
2024-09-16 16:19:22,488 - INFO - JSON IS READY!
2024-09-16 16:19:22,494 - INFO - JSON IS READY!
2024-09-16 16:19:22,499 - INFO - JSON IS READY!
2024-09-16 16:19:22,505 - INFO - JSON IS READY!
2024-09-16 16:19:22,512 - INFO - JSON IS READY!
2024-09-16 16:19:22,518 - INFO - JSON IS READY!
2024-09-16 16:19:22,523 - INFO - JSON IS READY!
2024-09-16 16:19:22,529 - INFO - JSON IS READY!
2024-09-16 16:19:22,543 - INFO - JSON IS READY!
2024-09-16 16:19:22,559 - INFO - JSON IS READY!
2024-09-16 16:19:22,582 - INFO - JSON IS READY!
2024-09-16 16:19:22,602 - INFO - JSON IS READY!
2024-09-16 16:19:22,621 - INFO - JSON IS READY!
2024-09-16 16:19:23,513 - INFO - JSON IS READY!
2024-09-16 16:19:24,961 - INFO - JSON IS READY!
2024-09-16 16:19:25,846 - INFO - JSON IS READY!
2024-09-16 16:19:26,058 - INFO - JSON IS READY!
2024-09-16 16:19:26,141 - INFO - JSON IS READY!
2024-09-16 16:19:26,148 - INFO - JSON IS READY!
2024-09-16 16:19:26,178 - INFO - JSON IS READY!
2024-09-16 16:19:26,935 - INFO - JSON IS READY!
2024-09-16 16:19:27,158 - INFO - JSON IS READY!
2024-09-16 16:19:27,223 - INFO - JSON IS READY!
2024-09-16 16:19:27,248 - INFO - JSON IS READY!
2024-09-16 16:19:27,313 - INFO - JSON IS READY!
2024-09-16 16:19:28,128 - INFO - JSON IS READY!
2024-09-16 16:19:28,253 - INFO - JSON IS READY!
2024-09-16 16:19:28,304 - INFO - JSON IS READY!
2024-09-16 16:19:28,343 - INFO - JSON IS READY!
2024-09-16 16:19:28,455 - INFO - JSON IS READY!
2024-09-16 16:19:29,232 - INFO - JSON IS READY!
2024-09-16 16:19:29,403 - INFO - JSON IS READY!
2024-09-16 16:19:29,426 - INFO - JSON IS READY!
2024-09-16 16:19:29,434 - INFO - JSON IS READY!
2024-09-16 16:19:29,537 - INFO - JSON IS READY!
2024-09-16 16:19:30,326 - INFO - JSON IS READY!
2024-09-16 16:19:30,566 - INFO - JSON IS READY!
2024-09-16 16:19:30,579 - INFO - JSON IS READY!
2024-09-16 16:19:30,588 - INFO - JSON IS READY!
2024-09-16 16:19:30,658 - INFO - JSON IS READY!
2024-09-16 16:19:31,677 - INFO - JSON IS READY!
2024-09-16 16:19:31,697 - INFO - JSON IS READY!
2024-09-16 16:19:31,705 - INFO - JSON IS READY!
2024-09-16 16:19:31,736 - INFO - JSON IS READY!
2024-09-16 16:19:31,829 - INFO - JSON IS READY!
2024-09-16 16:19:32,812 - INFO - JSON IS READY!
2024-09-16 16:19:32,848 - INFO - JSON IS READY!
2024-09-16 16:19:32,857 - INFO - JSON IS READY!
2024-09-16 16:19:33,283 - INFO - JSON IS READY!
2024-09-16 16:19:33,293 - INFO - JSON IS READY!
2024-09-16 16:19:33,944 - INFO - JSON IS READY!
2024-09-16 16:19:33,968 - INFO - JSON IS READY!
2024-09-16 16:19:33,981 - INFO - JSON IS READY!
2024-09-16 16:19:34,416 - INFO - JSON IS READY!
2024-09-16 16:19:34,422 - INFO - JSON IS READY!
2024-09-16 16:19:35,094 - INFO - JSON IS READY!
2024-09-16 16:19:35,110 - INFO - JSON IS READY!
2024-09-16 16:19:35,488 - INFO - JSON IS READY!
2024-09-16 16:19:35,517 - INFO - JSON IS READY!
2024-09-16 16:19:36,219 - INFO - JSON IS READY!
2024-09-16 16:19:36,247 - INFO - JSON IS READY!
2024-09-16 16:19:36,264 - INFO - JSON IS READY!
2024-09-16 16:19:36,594 - INFO - JSON IS READY!
2024-09-16 16:19:36,618 - INFO - JSON IS READY!
2024-09-16 16:19:37,360 - INFO - JSON IS READY!
2024-09-16 16:19:37,367 - INFO - JSON IS READY!
2024-09-16 16:19:37,406 - INFO - JSON IS READY!
2024-09-16 16:19:37,736 - INFO - JSON IS READY!
2024-09-16 16:19:37,752 - INFO - JSON IS READY!
2024-09-16 16:19:38,490 - INFO - JSON IS READY!
2024-09-16 16:19:38,499 - INFO - JSON IS READY!
2024-09-16 16:19:38,862 - INFO - JSON IS READY!
2024-09-16 16:19:38,872 - INFO - JSON IS READY!
2024-09-16 16:19:38,880 - INFO - JSON IS READY!
2024-09-16 16:19:39,608 - INFO - JSON IS READY!
2024-09-16 16:19:39,624 - INFO - JSON IS READY!
2024-09-16 16:19:40,003 - INFO - JSON IS READY!
2024-09-16 16:19:40,011 - INFO - JSON IS READY!
2024-09-16 16:19:40,020 - INFO - JSON IS READY!
2024-09-16 16:19:40,665 - INFO - JSON IS READY!
2024-09-16 16:19:40,753 - INFO - JSON IS READY!
2024-09-16 16:19:41,125 - INFO - JSON IS READY!
2024-09-16 16:19:41,147 - INFO - JSON IS READY!
2024-09-16 16:19:41,161 - INFO - JSON IS READY!
2024-09-16 16:19:41,757 - INFO - JSON IS READY!
2024-09-16 16:19:41,886 - INFO - JSON IS READY!
2024-09-16 16:19:42,218 - INFO - JSON IS READY!
2024-09-16 16:19:42,255 - INFO - JSON IS READY!
2024-09-16 16:19:42,460 - INFO - JSON IS READY!
2024-09-16 16:19:42,869 - INFO - JSON IS READY!
2024-09-16 16:19:43,309 - INFO - JSON IS READY!
2024-09-16 16:19:43,357 - INFO - JSON IS READY!
2024-09-16 16:19:43,546 - INFO - JSON IS READY!
2024-09-16 16:19:43,988 - INFO - JSON IS READY!
2024-09-16 16:19:44,086 - INFO - JSON IS READY!
2024-09-16 16:19:44,443 - INFO - JSON IS READY!
2024-09-16 16:19:44,462 - INFO - JSON IS READY!
2024-09-16 16:19:44,673 - INFO - JSON IS READY!
2024-09-16 16:19:45,079 - INFO - JSON IS READY!
2024-09-16 16:19:45,155 - INFO - JSON IS READY!
2024-09-16 16:19:45,502 - INFO - JSON IS READY!
2024-09-16 16:19:45,549 - INFO - JSON IS READY!
2024-09-16 16:19:45,792 - INFO - JSON IS READY!
2024-09-16 16:19:46,188 - INFO - JSON IS READY!
2024-09-16 16:19:46,219 - INFO - JSON IS READY!
2024-09-16 16:19:46,639 - INFO - JSON IS READY!
2024-09-16 16:19:46,669 - INFO - JSON IS READY!
2024-09-16 16:19:46,907 - INFO - JSON IS READY!
2024-09-16 16:19:47,310 - INFO - JSON IS READY!
2024-09-16 16:19:47,335 - INFO - JSON IS READY!
2024-09-16 16:20:07,689 - INFO - JSON IS READY!
2024-09-16 16:20:17,704 - INFO - JSON IS READY!
2024-09-16 16:20:27,719 - INFO - JSON IS READY!
2024-09-16 16:20:37,744 - INFO - JSON IS READY!
2024-09-16 16:20:47,767 - INFO - JSON IS READY!
2024-09-16 16:20:57,794 - INFO - JSON IS READY!
2024-09-16 16:21:07,806 - INFO - JSON IS READY!
2024-09-16 16:21:17,827 - INFO - JSON IS READY!
2024-09-16 16:21:27,844 - INFO - JSON IS READY!
2024-09-16 16:21:37,856 - INFO - JSON IS READY!
2024-09-16 16:21:47,871 - INFO - JSON IS READY!
2024-09-16 16:21:57,892 - INFO - JSON IS READY!
2024-09-16 16:22:07,908 - INFO - JSON IS READY!
2024-09-16 16:22:17,917 - INFO - JSON IS READY!
2024-09-16 16:22:27,931 - INFO - JSON IS READY!
2024-09-16 16:22:37,952 - INFO - JSON IS READY!
2024-09-16 16:22:47,395 - INFO - JSON IS READY!
2024-09-16 16:22:57,400 - INFO - JSON IS READY!
2024-09-16 16:22:57,411 - INFO - JSON IS READY!
2024-09-16 16:22:57,422 - INFO - JSON IS READY!
2024-09-16 16:22:57,432 - INFO - JSON IS READY!
2024-09-16 16:22:57,441 - INFO - JSON IS READY!
2024-09-16 16:22:57,455 - INFO - JSON IS READY!
2024-09-16 16:22:57,463 - INFO - JSON IS READY!
2024-09-16 16:22:57,473 - INFO - JSON IS READY!
2024-09-16 16:22:57,482 - INFO - JSON IS READY!
2024-09-16 16:22:57,492 - INFO - JSON IS READY!
2024-09-16 16:22:57,503 - INFO - JSON IS READY!
2024-09-16 16:22:57,513 - INFO - JSON IS READY!
2024-09-16 16:22:57,522 - INFO - JSON IS READY!
2024-09-16 16:22:57,533 - INFO - JSON IS READY!
2024-09-16 16:22:57,550 - INFO - JSON IS READY!
2024-09-16 16:22:57,561 - INFO - JSON IS READY!
2024-09-16 16:22:57,570 - INFO - JSON IS READY!
2024-09-16 16:22:57,579 - INFO - JSON IS READY!
2024-09-16 16:22:57,586 - INFO - JSON IS READY!
2024-09-16 16:22:57,592 - INFO - JSON IS READY!
2024-09-16 16:22:57,603 - INFO - JSON IS READY!
2024-09-16 16:22:57,614 - INFO - JSON IS READY!
2024-09-16 16:22:57,633 - INFO - JSON IS READY!
2024-09-16 16:22:57,651 - INFO - JSON IS READY!
2024-09-16 16:22:57,667 - INFO - JSON IS READY!
2024-09-16 16:22:57,680 - INFO - JSON IS READY!
2024-09-16 16:22:57,688 - INFO - JSON IS READY!
2024-09-16 16:22:57,695 - INFO - JSON IS READY!
2024-09-16 16:22:57,703 - INFO - JSON IS READY!
2024-09-16 16:22:57,713 - INFO - JSON IS READY!
2024-09-16 16:22:57,721 - INFO - JSON IS READY!
2024-09-16 16:22:57,728 - INFO - JSON IS READY!
2024-09-16 16:22:57,734 - INFO - JSON IS READY!
2024-09-16 16:22:57,741 - INFO - JSON IS READY!
2024-09-16 16:22:57,747 - INFO - JSON IS READY!
2024-09-16 16:22:57,757 - INFO - JSON IS READY!
2024-09-16 16:22:57,763 - INFO - JSON IS READY!
2024-09-16 16:22:57,769 - INFO - JSON IS READY!
2024-09-16 16:22:57,779 - INFO - JSON IS READY!
2024-09-16 16:22:57,787 - INFO - JSON IS READY!
2024-09-16 16:22:57,797 - INFO - JSON IS READY!
2024-09-16 16:22:57,804 - INFO - JSON IS READY!
2024-09-16 16:22:57,814 - INFO - JSON IS READY!
2024-09-16 16:22:57,821 - INFO - JSON IS READY!
2024-09-16 16:22:57,829 - INFO - JSON IS READY!
2024-09-16 16:22:57,839 - INFO - JSON IS READY!
2024-09-16 16:22:57,849 - INFO - JSON IS READY!
2024-09-16 16:22:57,856 - INFO - JSON IS READY!
2024-09-16 16:22:57,864 - INFO - JSON IS READY!
2024-09-16 16:22:57,870 - INFO - JSON IS READY!
2024-09-16 16:22:57,876 - INFO - JSON IS READY!
2024-09-16 16:22:57,884 - INFO - JSON IS READY!
2024-09-16 16:22:57,891 - INFO - JSON IS READY!
2024-09-16 16:22:57,899 - INFO - JSON IS READY!
2024-09-16 16:22:57,907 - INFO - JSON IS READY!
2024-09-16 16:22:57,915 - INFO - JSON IS READY!
2024-09-16 16:22:57,923 - INFO - JSON IS READY!
2024-09-16 16:22:57,930 - INFO - JSON IS READY!
2024-09-16 16:22:57,937 - INFO - JSON IS READY!
2024-09-16 16:22:57,944 - INFO - JSON IS READY!
2024-09-16 16:22:57,950 - INFO - JSON IS READY!
2024-09-16 16:22:57,957 - INFO - JSON IS READY!
2024-09-16 16:22:57,963 - INFO - JSON IS READY!
2024-09-16 16:22:57,969 - INFO - JSON IS READY!
2024-09-16 16:22:57,976 - INFO - JSON IS READY!
2024-09-16 16:22:57,983 - INFO - JSON IS READY!
2024-09-16 16:22:57,989 - INFO - JSON IS READY!
2024-09-16 16:22:58,091 - INFO - JSON IS READY!
2024-09-16 16:22:58,188 - INFO - JSON IS READY!
2024-09-16 16:22:58,221 - INFO - JSON IS READY!
2024-09-16 16:22:58,488 - INFO - JSON IS READY!
2024-09-16 16:22:58,503 - INFO - JSON IS READY!
2024-09-16 16:22:59,174 - INFO - JSON IS READY!
2024-09-16 16:22:59,312 - INFO - JSON IS READY!
2024-09-16 16:22:59,622 - INFO - JSON IS READY!
2024-09-16 16:22:59,636 - INFO - JSON IS READY!
2024-09-16 16:22:59,837 - INFO - JSON IS READY!
2024-09-16 16:23:00,262 - INFO - JSON IS READY!
2024-09-16 16:23:00,378 - INFO - JSON IS READY!
2024-09-16 16:23:00,707 - INFO - JSON IS READY!
2024-09-16 16:23:00,731 - INFO - JSON IS READY!
2024-09-16 16:23:00,987 - INFO - JSON IS READY!
2024-09-16 16:23:01,363 - INFO - JSON IS READY!
2024-09-16 16:23:01,447 - INFO - JSON IS READY!
2024-09-16 16:23:01,789 - INFO - JSON IS READY!
2024-09-16 16:23:02,138 - INFO - JSON IS READY!
2024-09-16 16:23:02,477 - INFO - JSON IS READY!
2024-09-16 16:23:02,515 - INFO - JSON IS READY!
2024-09-16 16:23:02,884 - INFO - JSON IS READY!
2024-09-16 16:23:03,094 - INFO - JSON IS READY!
2024-09-16 16:23:03,251 - INFO - JSON IS READY!
2024-09-16 16:23:03,637 - INFO - JSON IS READY!
2024-09-16 16:23:04,035 - INFO - JSON IS READY!
2024-09-16 16:23:04,068 - INFO - JSON IS READY!
2024-09-16 16:23:04,255 - INFO - JSON IS READY!
2024-09-16 16:23:04,448 - INFO - JSON IS READY!
2024-09-16 16:23:04,714 - INFO - JSON IS READY!
2024-09-16 16:23:05,146 - INFO - JSON IS READY!
2024-09-16 16:23:05,170 - INFO - JSON IS READY!
2024-09-16 16:23:05,343 - INFO - JSON IS READY!
2024-09-16 16:23:05,532 - INFO - JSON IS READY!
2024-09-16 16:23:05,850 - INFO - JSON IS READY!
2024-09-16 16:23:06,267 - INFO - JSON IS READY!
2024-09-16 16:23:06,275 - INFO - JSON IS READY!
2024-09-16 16:23:06,450 - INFO - JSON IS READY!
2024-09-16 16:23:06,657 - INFO - JSON IS READY!
2024-09-16 16:23:06,982 - INFO - JSON IS READY!
2024-09-16 16:23:07,372 - INFO - JSON IS READY!
2024-09-16 16:23:07,378 - INFO - JSON IS READY!
2024-09-16 16:23:07,818 - INFO - JSON IS READY!
2024-09-16 16:23:08,425 - INFO - JSON IS READY!
2024-09-16 16:23:08,554 - INFO - JSON IS READY!
2024-09-16 16:23:08,735 - INFO - JSON IS READY!
2024-09-16 16:23:08,747 - INFO - JSON IS READY!
2024-09-16 16:23:08,952 - INFO - JSON IS READY!
2024-09-16 16:23:09,542 - INFO - JSON IS READY!
2024-09-16 16:23:09,682 - INFO - JSON IS READY!
2024-09-16 16:23:09,850 - INFO - JSON IS READY!
2024-09-16 16:23:09,874 - INFO - JSON IS READY!
2024-09-16 16:23:10,060 - INFO - JSON IS READY!
2024-09-16 16:23:10,636 - INFO - JSON IS READY!
2024-09-16 16:23:10,763 - INFO - JSON IS READY!
2024-09-16 16:23:11,009 - INFO - JSON IS READY!
2024-09-16 16:23:11,028 - INFO - JSON IS READY!
2024-09-16 16:23:11,184 - INFO - JSON IS READY!
2024-09-16 16:23:11,752 - INFO - JSON IS READY!
2024-09-16 16:23:11,817 - INFO - JSON IS READY!
2024-09-16 16:23:12,270 - INFO - JSON IS READY!
2024-09-16 16:23:12,463 - INFO - JSON IS READY!
2024-09-16 16:23:12,470 - INFO - JSON IS READY!
2024-09-16 16:23:12,814 - INFO - JSON IS READY!
2024-09-16 16:23:12,956 - INFO - JSON IS READY!
2024-09-16 16:23:13,419 - INFO - JSON IS READY!
2024-09-16 16:23:13,590 - INFO - JSON IS READY!
2024-09-16 16:23:13,599 - INFO - JSON IS READY!
2024-09-16 16:23:13,902 - INFO - JSON IS READY!
2024-09-16 16:23:14,053 - INFO - JSON IS READY!
2024-09-16 16:23:14,529 - INFO - JSON IS READY!
2024-09-16 16:23:14,668 - INFO - JSON IS READY!
2024-09-16 16:23:15,015 - INFO - JSON IS READY!
2024-09-16 16:23:15,052 - INFO - JSON IS READY!
2024-09-16 16:23:15,158 - INFO - JSON IS READY!
2024-09-16 16:23:15,655 - INFO - JSON IS READY!
2024-09-16 16:23:15,749 - INFO - JSON IS READY!
2024-09-16 16:23:16,149 - INFO - JSON IS READY!
2024-09-16 16:23:16,179 - INFO - JSON IS READY!
2024-09-16 16:23:16,292 - INFO - JSON IS READY!
2024-09-16 16:23:16,778 - INFO - JSON IS READY!
2024-09-16 16:23:16,828 - INFO - JSON IS READY!
2024-09-16 16:23:17,320 - INFO - JSON IS READY!
2024-09-16 16:23:17,422 - INFO - JSON IS READY!
2024-09-16 16:23:17,621 - INFO - JSON IS READY!
2024-09-16 16:23:17,899 - INFO - JSON IS READY!
2024-09-16 16:23:17,906 - INFO - JSON IS READY!
2024-09-16 16:23:18,461 - INFO - JSON IS READY!
2024-09-16 16:23:18,551 - INFO - JSON IS READY!
2024-09-16 16:23:18,774 - INFO - JSON IS READY!
2024-09-16 16:23:18,989 - INFO - JSON IS READY!
2024-09-16 16:23:19,173 - INFO - JSON IS READY!
2024-09-16 16:23:19,542 - INFO - JSON IS READY!
2024-09-16 16:23:19,660 - INFO - JSON IS READY!
2024-09-16 16:23:20,063 - INFO - JSON IS READY!
2024-09-16 16:23:20,084 - INFO - JSON IS READY!
2024-09-16 16:23:20,298 - INFO - JSON IS READY!
2024-09-16 16:23:20,679 - INFO - JSON IS READY!
2024-09-16 16:23:20,766 - INFO - JSON IS READY!
2024-09-16 16:23:21,145 - INFO - JSON IS READY!
2024-09-16 16:23:21,165 - INFO - JSON IS READY!
2024-09-16 16:23:21,418 - INFO - JSON IS READY!
2024-09-16 16:23:21,781 - INFO - JSON IS READY!
2024-09-16 16:23:22,253 - INFO - JSON IS READY!
2024-09-16 16:23:22,259 - INFO - JSON IS READY!
2024-09-16 16:23:22,360 - INFO - JSON IS READY!
2024-09-16 16:23:22,995 - INFO - JSON IS READY!
2024-09-16 16:23:23,002 - INFO - JSON IS READY!
2024-09-16 16:23:23,378 - INFO - JSON IS READY!
2024-09-16 16:23:23,394 - INFO - JSON IS READY!
2024-09-16 16:23:23,494 - INFO - JSON IS READY!
2024-09-16 16:23:24,097 - INFO - JSON IS READY!
2024-09-16 16:23:24,104 - INFO - JSON IS READY!
2024-09-16 16:23:24,475 - INFO - JSON IS READY!
2024-09-16 16:23:24,498 - INFO - JSON IS READY!
2024-09-16 16:23:24,608 - INFO - JSON IS READY!
2024-09-16 16:23:25,225 - INFO - JSON IS READY!
2024-09-16 16:23:25,243 - INFO - JSON IS READY!
2024-09-16 16:23:25,592 - INFO - JSON IS READY!
2024-09-16 16:23:25,646 - INFO - JSON IS READY!
2024-09-16 16:23:25,694 - INFO - JSON IS READY!
2024-09-16 16:23:26,364 - INFO - JSON IS READY!
2024-09-16 16:23:26,375 - INFO - JSON IS READY!
2024-09-16 16:23:26,744 - INFO - JSON IS READY!
2024-09-16 16:23:26,757 - INFO - JSON IS READY!
2024-09-16 16:23:26,794 - INFO - JSON IS READY!
2024-09-16 16:23:27,539 - INFO - JSON IS READY!
2024-09-16 16:23:27,549 - INFO - JSON IS READY!
2024-09-16 16:23:27,929 - INFO - JSON IS READY!
2024-09-16 16:23:27,939 - INFO - JSON IS READY!
2024-09-16 16:23:27,945 - INFO - JSON IS READY!
2024-09-16 16:23:28,645 - INFO - JSON IS READY!
2024-09-16 16:23:28,685 - INFO - JSON IS READY!
2024-09-16 16:23:29,049 - INFO - JSON IS READY!
2024-09-16 16:23:29,056 - INFO - JSON IS READY!
2024-09-16 16:23:29,063 - INFO - JSON IS READY!
2024-09-16 16:23:29,745 - INFO - JSON IS READY!
2024-09-16 16:23:29,800 - INFO - JSON IS READY!
2024-09-16 16:23:30,169 - INFO - JSON IS READY!
2024-09-16 16:23:30,190 - INFO - JSON IS READY!
2024-09-16 16:23:30,651 - INFO - JSON IS READY!
2024-09-16 16:23:30,947 - INFO - JSON IS READY!
2024-09-16 16:23:31,837 - INFO - JSON IS READY!
2024-09-16 16:23:31,848 - INFO - JSON IS READY!
2024-09-16 16:23:31,973 - INFO - JSON IS READY!
2024-09-16 16:23:33,040 - INFO - JSON IS READY!
2024-09-16 16:23:33,300 - INFO - JSON IS READY!
2024-09-16 16:23:33,315 - INFO - JSON IS READY!
2024-09-16 16:23:33,382 - INFO - JSON IS READY!
2024-09-16 16:23:33,406 - INFO - JSON IS READY!
2024-09-16 16:23:34,146 - INFO - JSON IS READY!
2024-09-16 16:23:34,344 - INFO - JSON IS READY!
2024-09-16 16:23:34,480 - INFO - JSON IS READY!
2024-09-16 16:23:34,488 - INFO - JSON IS READY!
2024-09-16 16:23:35,520 - INFO - JSON IS READY!
2024-09-16 16:23:35,593 - INFO - JSON IS READY!
2024-09-16 16:23:41,649 - INFO - JSON IS READY!
2024-09-16 16:23:41,658 - INFO - JSON IS READY!
2024-09-16 16:23:41,674 - INFO - JSON IS READY!
2024-09-16 16:23:41,681 - INFO - JSON IS READY!
2024-09-16 16:23:42,770 - INFO - JSON IS READY!
2024-09-16 16:23:42,804 - INFO - JSON IS READY!
2024-09-16 16:23:42,828 - INFO - JSON IS READY!
2024-09-16 16:23:42,836 - INFO - JSON IS READY!
2024-09-16 16:23:42,842 - INFO - JSON IS READY!
2024-09-16 16:23:43,829 - INFO - JSON IS READY!
2024-09-16 16:23:43,884 - INFO - JSON IS READY!
2024-09-16 16:23:43,895 - INFO - JSON IS READY!
2024-09-16 16:23:43,947 - INFO - JSON IS READY!
2024-09-16 16:23:43,976 - INFO - JSON IS READY!
2024-09-16 16:23:44,921 - INFO - JSON IS READY!
2024-09-16 16:23:44,960 - INFO - JSON IS READY!
2024-09-16 16:23:44,984 - INFO - JSON IS READY!
2024-09-16 16:23:45,042 - INFO - JSON IS READY!
2024-09-16 16:23:45,079 - INFO - JSON IS READY!
2024-09-16 16:23:46,000 - INFO - JSON IS READY!
2024-09-16 16:23:46,129 - INFO - JSON IS READY!
2024-09-16 16:23:46,145 - INFO - JSON IS READY!
2024-09-16 16:23:50,362 - INFO - JSON IS READY!
2024-09-16 16:23:50,383 - INFO - JSON IS READY!
2024-09-16 16:23:50,390 - INFO - JSON IS READY!
2024-09-16 16:23:50,398 - INFO - JSON IS READY!
2024-09-16 16:23:51,586 - INFO - JSON IS READY!
2024-09-16 16:23:51,594 - INFO - JSON IS READY!
2024-09-16 16:23:51,601 - INFO - JSON IS READY!
2024-09-16 16:23:51,607 - INFO - JSON IS READY!
2024-09-16 16:23:51,614 - INFO - JSON IS READY!
2024-09-16 16:23:52,656 - INFO - JSON IS READY!
2024-09-16 16:23:52,671 - INFO - JSON IS READY!
2024-09-16 16:23:52,706 - INFO - JSON IS READY!
2024-09-16 16:23:52,715 - INFO - JSON IS READY!
2024-09-16 16:23:52,726 - INFO - JSON IS READY!
2024-09-16 16:23:53,740 - INFO - JSON IS READY!
2024-09-16 16:23:53,781 - INFO - JSON IS READY!
2024-09-16 16:23:53,811 - INFO - JSON IS READY!
2024-09-16 16:23:53,817 - INFO - JSON IS READY!
2024-09-16 16:23:53,843 - INFO - JSON IS READY!
2024-09-16 16:23:54,847 - INFO - JSON IS READY!
2024-09-16 16:23:54,853 - INFO - JSON IS READY!
2024-09-16 16:23:54,995 - INFO - JSON IS READY!
2024-09-16 16:23:55,005 - INFO - JSON IS READY!
2024-09-16 16:23:58,978 - INFO - JSON IS READY!
2024-09-16 16:23:59,001 - INFO - JSON IS READY!
2024-09-16 16:23:59,011 - INFO - JSON IS READY!
2024-09-16 16:23:59,053 - INFO - JSON IS READY!
2024-09-16 16:23:59,317 - INFO - JSON IS READY!
2024-09-16 16:24:00,100 - INFO - JSON IS READY!
2024-09-16 16:24:00,178 - INFO - JSON IS READY!
2024-09-16 16:24:00,440 - INFO - JSON IS READY!
2024-09-16 16:24:00,501 - INFO - JSON IS READY!
2024-09-16 16:24:01,153 - INFO - JSON IS READY!
2024-09-16 16:24:01,207 - INFO - JSON IS READY!
2024-09-16 16:24:01,302 - INFO - JSON IS READY!
2024-09-16 16:24:01,576 - INFO - JSON IS READY!
2024-09-16 16:24:07,856 - INFO - JSON IS READY!
2024-09-16 16:24:07,873 - INFO - JSON IS READY!
2024-09-16 16:24:07,881 - INFO - JSON IS READY!
2024-09-16 16:24:07,889 - INFO - JSON IS READY!
2024-09-16 16:24:07,896 - INFO - JSON IS READY!
2024-09-16 16:24:08,980 - INFO - JSON IS READY!
2024-09-16 16:24:09,003 - INFO - JSON IS READY!
2024-09-16 16:24:09,011 - INFO - JSON IS READY!
2024-09-16 16:24:09,017 - INFO - JSON IS READY!
2024-09-16 16:24:09,039 - INFO - JSON IS READY!
2024-09-16 16:24:10,093 - INFO - JSON IS READY!
2024-09-16 16:24:10,120 - INFO - JSON IS READY!
2024-09-16 16:24:10,127 - INFO - JSON IS READY!
2024-09-16 16:24:10,138 - INFO - JSON IS READY!
2024-09-16 16:24:10,175 - INFO - JSON IS READY!
2024-09-16 16:24:11,161 - INFO - JSON IS READY!
2024-09-16 16:24:11,222 - INFO - JSON IS READY!
2024-09-16 16:24:11,229 - INFO - JSON IS READY!
2024-09-16 16:24:11,294 - INFO - JSON IS READY!
2024-09-16 16:24:11,521 - INFO - JSON IS READY!
2024-09-16 16:24:12,307 - INFO - JSON IS READY!
2024-09-16 16:24:12,314 - INFO - JSON IS READY!
2024-09-16 16:24:12,373 - INFO - JSON IS READY!
2024-09-16 16:24:16,477 - INFO - JSON IS READY!
2024-09-16 16:24:16,491 - INFO - JSON IS READY!
2024-09-16 16:24:16,500 - INFO - JSON IS READY!
2024-09-16 16:24:16,506 - INFO - JSON IS READY!
2024-09-16 16:24:16,791 - INFO - JSON IS READY!
2024-09-16 16:24:17,619 - INFO - JSON IS READY!
2024-09-16 16:24:17,652 - INFO - JSON IS READY!
2024-09-16 16:24:17,659 - INFO - JSON IS READY!
2024-09-16 16:24:17,667 - INFO - JSON IS READY!
2024-09-16 16:24:18,148 - INFO - JSON IS READY!
2024-09-16 16:24:18,729 - INFO - JSON IS READY!
2024-09-16 16:24:18,770 - INFO - JSON IS READY!
2024-09-16 16:24:18,795 - INFO - JSON IS READY!
2024-09-16 16:24:18,816 - INFO - JSON IS READY!
2024-09-16 16:24:19,245 - INFO - JSON IS READY!
2024-09-16 16:24:19,879 - INFO - JSON IS READY!
2024-09-16 16:24:19,916 - INFO - JSON IS READY!
2024-09-16 16:24:19,945 - INFO - JSON IS READY!
2024-09-16 16:24:25,092 - INFO - JSON IS READY!
2024-09-16 16:24:25,100 - INFO - JSON IS READY!
2024-09-16 16:24:25,106 - INFO - JSON IS READY!
2024-09-16 16:24:25,113 - INFO - JSON IS READY!
2024-09-16 16:24:25,410 - INFO - JSON IS READY!
2024-09-16 16:24:26,173 - INFO - JSON IS READY!
2024-09-16 16:24:26,262 - INFO - JSON IS READY!
2024-09-16 16:24:26,280 - INFO - JSON IS READY!
2024-09-16 16:24:26,593 - INFO - JSON IS READY!
2024-09-16 16:24:26,847 - INFO - JSON IS READY!
2024-09-16 16:24:27,364 - INFO - JSON IS READY!
2024-09-16 16:24:27,373 - INFO - JSON IS READY!
2024-09-16 16:24:27,656 - INFO - JSON IS READY!
2024-09-16 16:24:27,705 - INFO - JSON IS READY!
2024-09-16 16:24:28,000 - INFO - JSON IS READY!
2024-09-16 16:24:28,810 - INFO - JSON IS READY!
2024-09-16 16:24:33,506 - INFO - JSON IS READY!
2024-09-16 16:24:33,526 - INFO - JSON IS READY!
2024-09-16 16:24:33,543 - INFO - JSON IS READY!
2024-09-16 16:24:33,551 - INFO - JSON IS READY!
2024-09-16 16:24:33,558 - INFO - JSON IS READY!
2024-09-16 16:24:34,604 - INFO - JSON IS READY!
2024-09-16 16:24:34,640 - INFO - JSON IS READY!
2024-09-16 16:24:34,650 - INFO - JSON IS READY!
2024-09-16 16:24:34,660 - INFO - JSON IS READY!
2024-09-16 16:24:34,667 - INFO - JSON IS READY!
2024-09-16 16:24:35,751 - INFO - JSON IS READY!
2024-09-16 16:24:35,768 - INFO - JSON IS READY!
2024-09-16 16:24:35,786 - INFO - JSON IS READY!
2024-09-16 16:24:35,792 - INFO - JSON IS READY!
2024-09-16 16:24:35,801 - INFO - JSON IS READY!
2024-09-16 16:24:36,859 - INFO - JSON IS READY!
2024-09-16 16:24:42,162 - INFO - JSON IS READY!
2024-09-16 16:24:42,169 - INFO - JSON IS READY!
2024-09-16 16:24:42,176 - INFO - JSON IS READY!
2024-09-16 16:24:42,185 - INFO - JSON IS READY!
2024-09-16 16:24:43,287 - INFO - JSON IS READY!
2024-09-16 16:24:43,306 - INFO - JSON IS READY!
2024-09-16 16:24:43,314 - INFO - JSON IS READY!
2024-09-16 16:24:50,730 - INFO - JSON IS READY!
2024-09-16 16:24:50,741 - INFO - JSON IS READY!
2024-09-16 16:24:50,807 - INFO - JSON IS READY!
2024-09-16 16:24:50,815 - INFO - JSON IS READY!
2024-09-16 16:24:50,860 - INFO - JSON IS READY!
2024-09-16 16:24:51,861 - INFO - JSON IS READY!
2024-09-16 16:24:51,891 - INFO - JSON IS READY!
2024-09-16 16:24:51,920 - INFO - JSON IS READY!
2024-09-16 16:24:51,949 - INFO - JSON IS READY!
2024-09-16 16:24:51,985 - INFO - JSON IS READY!
2024-09-16 16:24:52,989 - INFO - JSON IS READY!
2024-09-16 16:24:53,007 - INFO - JSON IS READY!
2024-09-16 16:24:53,015 - INFO - JSON IS READY!
2024-09-16 16:24:53,058 - INFO - JSON IS READY!
2024-09-16 16:24:53,081 - INFO - JSON IS READY!
2024-09-16 16:24:54,090 - INFO - JSON IS READY!
2024-09-16 16:24:54,144 - INFO - JSON IS READY!
2024-09-16 16:24:54,167 - INFO - JSON IS READY!
2024-09-16 16:24:54,177 - INFO - JSON IS READY!
2024-09-16 16:24:54,183 - INFO - JSON IS READY!
2024-09-16 16:24:55,224 - INFO - JSON IS READY!
2024-09-16 16:24:55,231 - INFO - JSON IS READY!
2024-09-16 16:24:55,257 - INFO - JSON IS READY!
2024-09-16 16:24:55,294 - INFO - JSON IS READY!
2024-09-16 16:24:59,276 - INFO - JSON IS READY!
2024-09-16 16:24:59,283 - INFO - JSON IS READY!
2024-09-16 16:24:59,290 - INFO - JSON IS READY!
2024-09-16 16:24:59,325 - INFO - JSON IS READY!
2024-09-16 16:24:59,648 - INFO - JSON IS READY!
2024-09-16 16:25:00,520 - INFO - JSON IS READY!
2024-09-16 16:25:00,530 - INFO - JSON IS READY!
2024-09-16 16:25:00,537 - INFO - JSON IS READY!
2024-09-16 16:25:00,543 - INFO - JSON IS READY!
2024-09-16 16:25:00,902 - INFO - JSON IS READY!
2024-09-16 16:25:01,778 - INFO - JSON IS READY!
2024-09-16 16:25:01,796 - INFO - JSON IS READY!
2024-09-16 16:25:01,803 - INFO - JSON IS READY!
2024-09-16 16:25:01,938 - INFO - JSON IS READY!
2024-09-16 16:25:02,000 - INFO - JSON IS READY!
2024-09-16 16:25:07,837 - INFO - JSON IS READY!
2024-09-16 16:25:07,846 - INFO - JSON IS READY!
2024-09-16 16:25:07,855 - INFO - JSON IS READY!
2024-09-16 16:25:08,009 - INFO - JSON IS READY!
2024-09-16 16:25:08,208 - INFO - JSON IS READY!
2024-09-16 16:25:09,003 - INFO - JSON IS READY!
2024-09-16 16:25:09,044 - INFO - JSON IS READY!
2024-09-16 16:25:09,231 - INFO - JSON IS READY!
2024-09-16 16:25:09,238 - INFO - JSON IS READY!
2024-09-16 16:25:09,766 - INFO - JSON IS READY!
2024-09-16 16:25:10,109 - INFO - JSON IS READY!
2024-09-16 16:25:10,175 - INFO - JSON IS READY!
2024-09-16 16:25:10,312 - INFO - JSON IS READY!
2024-09-16 16:25:10,319 - INFO - JSON IS READY!
2024-09-16 16:25:10,887 - INFO - JSON IS READY!
2024-09-16 16:25:11,205 - INFO - JSON IS READY!
2024-09-16 16:25:11,283 - INFO - JSON IS READY!
2024-09-16 16:25:11,420 - INFO - JSON IS READY!
2024-09-16 16:25:11,428 - INFO - JSON IS READY!
2024-09-16 16:25:12,374 - INFO - JSON IS READY!
2024-09-16 16:25:12,384 - INFO - JSON IS READY!
2024-09-16 16:25:12,433 - INFO - JSON IS READY!
2024-09-16 16:25:12,489 - INFO - JSON IS READY!
2024-09-16 16:25:13,446 - INFO - JSON IS READY!
2024-09-16 16:25:16,423 - INFO - JSON IS READY!
2024-09-16 16:25:16,437 - INFO - JSON IS READY!
2024-09-16 16:25:16,461 - INFO - JSON IS READY!
2024-09-16 16:25:16,472 - INFO - JSON IS READY!
2024-09-16 16:25:16,515 - INFO - JSON IS READY!
2024-09-16 16:25:37,569 - INFO - JSON IS READY!
2024-09-16 16:25:47,583 - INFO - JSON IS READY!
2024-09-16 16:25:57,603 - INFO - JSON IS READY!
2024-09-16 16:26:07,624 - INFO - JSON IS READY!
2024-09-16 16:26:17,648 - INFO - JSON IS READY!
2024-09-16 16:26:27,670 - INFO - JSON IS READY!
2024-09-16 16:26:37,685 - INFO - JSON IS READY!
2024-09-16 16:26:47,699 - INFO - JSON IS READY!
