2024-09-16 14:31:25,661 - INFO - DIV SUPER! cleanup carefully
2024-09-16 14:31:25,668 - INFO - DIV SUPER! cleanup carefully
2024-09-16 14:31:25,674 - INFO - DIV SUPER! cleanup carefully
2024-09-16 14:31:25,680 - INFO - DIV SUPER! cleanup carefully
2024-09-16 14:31:25,686 - INFO - DIV SUPER! cleanup carefully
2024-09-16 14:31:25,692 - INFO - DIV SUPER! cleanup carefully
2024-09-16 14:31:25,700 - INFO - DIV SUPER! cleanup carefully
2024-09-16 14:31:25,707 - INFO - DIV SUPER! cleanup carefully
2024-09-16 14:31:25,713 - INFO - DIV SUPER! cleanup carefully
2024-09-16 14:31:25,719 - INFO - DIV SUPER! cleanup carefully
2024-09-16 14:31:25,725 - INFO - DIV SUPER! cleanup carefully
2024-09-16 14:31:25,730 - INFO - DIV SUPER! cleanup carefully
2024-09-16 14:31:25,736 - INFO - DIV SUPER! cleanup carefully
2024-09-16 14:31:25,742 - INFO - DIV SUPER! cleanup carefully
2024-09-16 14:31:25,748 - INFO - DIV SUPER! cleanup carefully
2024-09-16 14:31:25,754 - INFO - DIV SUPER! cleanup carefully
2024-09-16 14:31:26,711 - INFO - DIV SUPER! cleanup carefully
2024-09-16 14:31:26,779 - INFO - DIV SUPER! cleanup carefully
2024-09-16 14:31:26,996 - INFO - DIV SUPER! cleanup carefully
2024-09-16 14:31:27,834 - INFO - DIV SUPER! cleanup carefully
2024-09-16 14:31:28,122 - INFO - DIV SUPER! cleanup carefully
2024-09-16 14:31:29,838 - INFO - DIV SUPER! cleanup carefully
2024-09-16 14:31:30,448 - INFO - DIV SUPER! cleanup carefully
2024-09-16 14:31:30,908 - INFO - DIV SUPER! cleanup carefully
2024-09-16 14:31:31,138 - INFO - DIV SUPER! cleanup carefully
2024-09-16 14:31:31,808 - INFO - DIV SUPER! cleanup carefully
2024-09-16 14:31:32,872 - INFO - DIV SUPER! cleanup carefully
2024-09-16 14:31:33,584 - INFO - DIV SUPER! cleanup carefully
2024-09-16 14:31:33,992 - INFO - DIV SUPER! cleanup carefully
2024-09-16 14:31:34,513 - INFO - DIV SUPER! cleanup carefully
2024-09-16 14:31:34,774 - INFO - DIV SUPER! cleanup carefully
2024-09-16 14:31:35,578 - INFO - DIV SUPER! cleanup carefully
2024-09-16 14:31:36,442 - INFO - DIV SUPER! cleanup carefully
2024-09-16 14:31:36,494 - INFO - DIV SUPER! cleanup carefully
2024-09-16 14:31:37,115 - INFO - DIV SUPER! cleanup carefully
2024-09-16 14:31:37,366 - INFO - DIV SUPER! cleanup carefully
2024-09-16 14:31:38,366 - INFO - DIV SUPER! cleanup carefully
2024-09-16 14:31:39,341 - INFO - DIV SUPER! cleanup carefully
2024-09-16 14:31:39,369 - INFO - DIV SUPER! cleanup carefully
2024-09-16 14:31:40,030 - INFO - DIV SUPER! cleanup carefully
2024-09-16 14:31:40,330 - INFO - DIV SUPER! cleanup carefully
2024-09-16 14:31:41,655 - INFO - DIV SUPER! cleanup carefully
2024-09-16 14:31:42,185 - INFO - DIV SUPER! cleanup carefully
2024-09-16 14:31:42,228 - INFO - DIV SUPER! cleanup carefully
2024-09-16 14:31:42,811 - INFO - DIV SUPER! cleanup carefully
2024-09-16 14:31:43,104 - INFO - DIV SUPER! cleanup carefully
2024-09-16 14:31:44,541 - INFO - DIV SUPER! cleanup carefully
2024-09-16 14:31:46,223 - INFO - DIV SUPER! cleanup carefully
2024-09-16 14:31:46,654 - INFO - DIV SUPER! cleanup carefully
2024-09-16 14:31:47,694 - INFO - DIV SUPER! cleanup carefully
2024-09-16 14:31:48,495 - INFO - DIV SUPER! cleanup carefully
2024-09-16 14:31:49,312 - INFO - DIV SUPER! cleanup carefully
2024-09-16 14:31:49,761 - INFO - DIV SUPER! cleanup carefully
2024-09-16 14:31:50,044 - INFO - DIV SUPER! cleanup carefully
2024-09-16 14:31:50,481 - INFO - DIV SUPER! cleanup carefully
2024-09-16 14:31:50,883 - INFO - DIV SUPER! cleanup carefully
2024-09-16 14:31:51,612 - INFO - DIV SUPER! cleanup carefully
2024-09-16 14:31:52,062 - INFO - DIV SUPER! cleanup carefully
2024-09-16 14:31:52,394 - INFO - DIV SUPER! cleanup carefully
2024-09-16 14:31:52,797 - INFO - DIV SUPER! cleanup carefully
2024-09-16 14:31:53,279 - INFO - DIV SUPER! cleanup carefully
2024-09-16 14:31:54,416 - INFO - DIV SUPER! cleanup carefully
2024-09-16 14:31:54,624 - INFO - DIV SUPER! cleanup carefully
2024-09-16 14:31:54,981 - INFO - DIV SUPER! cleanup carefully
2024-09-16 14:31:55,465 - INFO - DIV SUPER! cleanup carefully
2024-09-16 14:31:56,078 - INFO - DIV SUPER! cleanup carefully
2024-09-16 14:31:57,650 - INFO - DIV SUPER! cleanup carefully
2024-09-16 14:31:57,970 - INFO - DIV SUPER! cleanup carefully
2024-09-16 14:31:58,331 - INFO - DIV SUPER! cleanup carefully
2024-09-16 14:31:59,316 - INFO - DIV SUPER! cleanup carefully
2024-09-16 14:32:00,430 - INFO - DIV SUPER! cleanup carefully
2024-09-16 14:32:00,742 - INFO - DIV SUPER! cleanup carefully
2024-09-16 14:32:01,227 - INFO - DIV SUPER! cleanup carefully
2024-09-16 14:32:01,283 - INFO - DIV SUPER! cleanup carefully
2024-09-16 14:32:02,214 - INFO - DIV SUPER! cleanup carefully
2024-09-16 14:32:03,187 - INFO - DIV SUPER! cleanup carefully
2024-09-16 14:32:03,414 - INFO - DIV SUPER! cleanup carefully
2024-09-16 14:32:03,934 - INFO - DIV SUPER! cleanup carefully
2024-09-16 14:32:04,230 - INFO - DIV SUPER! cleanup carefully
2024-09-16 14:32:05,271 - INFO - DIV SUPER! cleanup carefully
2024-09-16 14:32:06,047 - INFO - DIV SUPER! cleanup carefully
2024-09-16 14:32:06,237 - INFO - DIV SUPER! cleanup carefully
2024-09-16 14:32:06,785 - INFO - DIV SUPER! cleanup carefully
2024-09-16 14:32:07,118 - INFO - DIV SUPER! cleanup carefully
2024-09-16 14:32:08,155 - INFO - DIV SUPER! cleanup carefully
2024-09-16 14:32:08,984 - INFO - DIV SUPER! cleanup carefully
2024-09-16 14:32:09,433 - INFO - DIV SUPER! cleanup carefully
2024-09-16 14:32:09,808 - INFO - DIV SUPER! cleanup carefully
2024-09-16 14:32:10,388 - INFO - DIV SUPER! cleanup carefully
2024-09-16 14:32:11,068 - INFO - DIV SUPER! cleanup carefully
2024-09-16 14:32:11,747 - ERROR - DIV gZo_w195 CAN NOT CAREFULLY CLEANUP!
ERORR:
Traceback (most recent call last):
  File "/home/sjd/Documents/Realstate-Ads-Data-divar-sheypoor/parser/lev2_parser/div_lev2_parser/fun_div_parser_lev2.py", line 25, in div_parser2
    p_clean_sec(data)
  File "/home/sjd/Documents/Realstate-Ads-Data-divar-sheypoor/parser/lev2_parser/div_lev2_parser/plus_cleaning_section.py", line 38, in p_clean_sec
    if bool(dicfdr(data['sections'][des_num1]['widgets'], "widget_type", "GROUP_INFO_ROW")):
KeyError: 'widgets'
2024-09-16 14:32:12,180 - INFO - DIV SUPER! cleanup carefully
2024-09-16 14:32:12,476 - INFO - DIV SUPER! cleanup carefully
2024-09-16 14:32:13,136 - INFO - DIV SUPER! cleanup carefully
2024-09-16 14:32:14,054 - INFO - DIV SUPER! cleanup carefully
2024-09-16 14:32:14,825 - INFO - DIV SUPER! cleanup carefully
2024-09-16 14:32:15,096 - INFO - DIV SUPER! cleanup carefully
2024-09-16 14:32:15,294 - INFO - DIV SUPER! cleanup carefully
2024-09-16 14:32:15,780 - INFO - DIV SUPER! cleanup carefully
2024-09-16 14:32:16,472 - INFO - DIV SUPER! cleanup carefully
2024-09-16 14:32:17,342 - INFO - DIV SUPER! cleanup carefully
2024-09-16 14:32:17,537 - INFO - DIV SUPER! cleanup carefully
2024-09-16 14:32:17,719 - INFO - DIV SUPER! cleanup carefully
2024-09-16 14:32:18,284 - INFO - DIV SUPER! cleanup carefully
2024-09-16 14:32:18,948 - INFO - DIV SUPER! cleanup carefully
2024-09-16 14:32:19,862 - INFO - DIV SUPER! cleanup carefully
2024-09-16 14:32:20,350 - INFO - DIV SUPER! cleanup carefully
2024-09-16 14:32:20,419 - INFO - DIV SUPER! cleanup carefully
2024-09-16 14:32:20,775 - INFO - DIV SUPER! cleanup carefully
2024-09-16 14:32:21,307 - INFO - DIV SUPER! cleanup carefully
2024-09-16 14:32:22,334 - INFO - DIV SUPER! cleanup carefully
2024-09-16 14:32:22,824 - INFO - DIV SUPER! cleanup carefully
2024-09-16 14:32:22,844 - INFO - DIV SUPER! cleanup carefully
2024-09-16 14:32:23,309 - INFO - DIV SUPER! cleanup carefully
2024-09-16 14:32:23,900 - INFO - DIV SUPER! cleanup carefully
2024-09-16 14:32:25,082 - INFO - DIV SUPER! cleanup carefully
2024-09-16 14:32:25,676 - INFO - DIV SUPER! cleanup carefully
2024-09-16 14:32:25,698 - INFO - DIV SUPER! cleanup carefully
2024-09-16 14:32:26,825 - INFO - DIV SUPER! cleanup carefully
2024-09-16 14:32:27,962 - INFO - DIV SUPER! cleanup carefully
2024-09-16 14:32:28,471 - INFO - DIV SUPER! cleanup carefully
2024-09-16 14:32:28,492 - INFO - DIV SUPER! cleanup carefully
2024-09-16 14:32:29,461 - INFO - DIV SUPER! cleanup carefully
2024-09-16 14:32:29,657 - INFO - DIV SUPER! cleanup carefully
2024-09-16 14:32:30,821 - INFO - DIV SUPER! cleanup carefully
2024-09-16 14:32:31,269 - INFO - DIV SUPER! cleanup carefully
2024-09-16 14:32:31,277 - INFO - DIV SUPER! cleanup carefully
2024-09-16 14:32:32,036 - INFO - DIV SUPER! cleanup carefully
2024-09-16 14:32:32,261 - INFO - DIV SUPER! cleanup carefully
2024-09-16 14:32:33,505 - INFO - DIV SUPER! cleanup carefully
2024-09-16 14:32:33,936 - INFO - DIV SUPER! cleanup carefully
2024-09-16 14:32:33,948 - INFO - DIV SUPER! cleanup carefully
2024-09-16 14:32:34,910 - INFO - DIV SUPER! cleanup carefully
2024-09-16 14:32:35,050 - INFO - DIV SUPER! cleanup carefully
2024-09-16 14:32:36,390 - INFO - DIV SUPER! cleanup carefully
2024-09-16 14:32:36,846 - INFO - DIV SUPER! cleanup carefully
2024-09-16 14:32:36,891 - INFO - DIV SUPER! cleanup carefully
2024-09-16 14:32:37,675 - INFO - DIV SUPER! cleanup carefully
2024-09-16 14:32:37,817 - INFO - DIV SUPER! cleanup carefully
2024-09-16 14:32:38,812 - INFO - DIV SUPER! cleanup carefully
2024-09-16 14:32:39,403 - INFO - DIV SUPER! cleanup carefully
2024-09-16 14:32:39,810 - INFO - DIV SUPER! cleanup carefully
2024-09-16 14:32:40,197 - INFO - DIV SUPER! cleanup carefully
2024-09-16 14:32:40,424 - INFO - DIV SUPER! cleanup carefully
2024-09-16 14:32:41,650 - INFO - DIV SUPER! cleanup carefully
2024-09-16 14:32:43,054 - INFO - DIV SUPER! cleanup carefully
2024-09-16 14:32:43,413 - INFO - DIV SUPER! cleanup carefully
2024-09-16 14:32:44,362 - INFO - DIV SUPER! cleanup carefully
2024-09-16 14:32:45,441 - INFO - DIV SUPER! cleanup carefully
2024-09-16 14:32:45,520 - INFO - DIV SUPER! cleanup carefully
2024-09-16 14:32:45,699 - INFO - DIV SUPER! cleanup carefully
2024-09-16 14:32:45,772 - INFO - DIV SUPER! cleanup carefully
2024-09-16 14:32:46,755 - INFO - DIV SUPER! cleanup carefully
2024-09-16 14:32:47,749 - INFO - DIV SUPER! cleanup carefully
2024-09-16 14:32:47,785 - INFO - DIV SUPER! cleanup carefully
2024-09-16 14:32:47,958 - INFO - DIV SUPER! cleanup carefully
2024-09-16 14:32:47,982 - INFO - DIV SUPER! cleanup carefully
2024-09-16 14:32:48,740 - INFO - DIV SUPER! cleanup carefully
2024-09-16 14:32:49,537 - INFO - DIV SUPER! cleanup carefully
2024-09-16 14:32:49,549 - INFO - DIV SUPER! cleanup carefully
2024-09-16 14:32:49,639 - INFO - DIV SUPER! cleanup carefully
2024-09-16 14:32:49,659 - INFO - DIV SUPER! cleanup carefully
2024-09-16 14:32:50,521 - ERROR - DIV gZZPaRY_ CAN NOT CAREFULLY CLEANUP!
ERORR:
Traceback (most recent call last):
  File "/home/sjd/Documents/Realstate-Ads-Data-divar-sheypoor/parser/lev2_parser/div_lev2_parser/fun_div_parser_lev2.py", line 25, in div_parser2
    p_clean_sec(data)
  File "/home/sjd/Documents/Realstate-Ads-Data-divar-sheypoor/parser/lev2_parser/div_lev2_parser/plus_cleaning_section.py", line 38, in p_clean_sec
    if bool(dicfdr(data['sections'][des_num1]['widgets'], "widget_type", "GROUP_INFO_ROW")):
KeyError: 'widgets'
2024-09-16 14:32:51,386 - INFO - DIV SUPER! cleanup carefully
2024-09-16 14:32:51,535 - INFO - DIV SUPER! cleanup carefully
2024-09-16 14:32:51,683 - INFO - DIV SUPER! cleanup carefully
2024-09-16 14:32:51,833 - INFO - DIV SUPER! cleanup carefully
2024-09-16 14:32:52,782 - INFO - DIV SUPER! cleanup carefully
2024-09-16 14:32:53,262 - INFO - DIV SUPER! cleanup carefully
2024-09-16 14:32:53,500 - INFO - DIV SUPER! cleanup carefully
2024-09-16 14:32:53,887 - INFO - DIV SUPER! cleanup carefully
2024-09-16 14:32:54,282 - INFO - DIV SUPER! cleanup carefully
2024-09-16 14:32:54,833 - INFO - DIV SUPER! cleanup carefully
2024-09-16 14:32:55,376 - INFO - DIV SUPER! cleanup carefully
2024-09-16 14:32:55,764 - INFO - DIV SUPER! cleanup carefully
2024-09-16 14:32:56,134 - INFO - DIV SUPER! cleanup carefully
2024-09-16 14:32:56,691 - INFO - DIV SUPER! cleanup carefully
2024-09-16 14:32:57,548 - INFO - DIV SUPER! cleanup carefully
2024-09-16 14:32:58,277 - INFO - DIV SUPER! cleanup carefully
2024-09-16 14:32:59,635 - INFO - DIV SUPER! cleanup carefully
2024-09-16 14:33:00,435 - INFO - DIV SUPER! cleanup carefully
2024-09-16 14:33:00,949 - INFO - DIV SUPER! cleanup carefully
2024-09-16 14:33:01,161 - INFO - DIV SUPER! cleanup carefully
2024-09-16 14:33:02,497 - INFO - DIV SUPER! cleanup carefully
2024-09-16 14:33:03,239 - INFO - DIV SUPER! cleanup carefully
2024-09-16 14:33:03,327 - INFO - DIV SUPER! cleanup carefully
2024-09-16 14:33:03,778 - INFO - DIV SUPER! cleanup carefully
2024-09-16 14:33:03,818 - INFO - DIV SUPER! cleanup carefully
2024-09-16 14:33:05,257 - INFO - DIV SUPER! cleanup carefully
2024-09-16 14:33:06,066 - INFO - DIV SUPER! cleanup carefully
2024-09-16 14:33:06,170 - INFO - DIV SUPER! cleanup carefully
2024-09-16 14:33:06,703 - INFO - DIV SUPER! cleanup carefully
2024-09-16 14:33:08,078 - INFO - DIV SUPER! cleanup carefully
2024-09-16 14:33:08,867 - INFO - DIV SUPER! cleanup carefully
2024-09-16 14:33:08,985 - INFO - DIV SUPER! cleanup carefully
2024-09-16 14:33:09,340 - ERROR - DIV gZUvRjxO CAN NOT CAREFULLY CLEANUP!
ERORR:
Traceback (most recent call last):
  File "/home/sjd/Documents/Realstate-Ads-Data-divar-sheypoor/parser/lev2_parser/div_lev2_parser/fun_div_parser_lev2.py", line 25, in div_parser2
    p_clean_sec(data)
  File "/home/sjd/Documents/Realstate-Ads-Data-divar-sheypoor/parser/lev2_parser/div_lev2_parser/plus_cleaning_section.py", line 38, in p_clean_sec
    if bool(dicfdr(data['sections'][des_num1]['widgets'], "widget_type", "GROUP_INFO_ROW")):
KeyError: 'widgets'
2024-09-16 14:33:09,492 - ERROR - DIV gZo_w6PD CAN NOT CAREFULLY CLEANUP!
ERORR:
Traceback (most recent call last):
  File "/home/sjd/Documents/Realstate-Ads-Data-divar-sheypoor/parser/lev2_parser/div_lev2_parser/fun_div_parser_lev2.py", line 25, in div_parser2
    p_clean_sec(data)
  File "/home/sjd/Documents/Realstate-Ads-Data-divar-sheypoor/parser/lev2_parser/div_lev2_parser/plus_cleaning_section.py", line 38, in p_clean_sec
    if bool(dicfdr(data['sections'][des_num1]['widgets'], "widget_type", "GROUP_INFO_ROW")):
KeyError: 'widgets'
2024-09-16 14:33:11,303 - INFO - DIV SUPER! cleanup carefully
2024-09-16 14:33:12,249 - INFO - DIV SUPER! cleanup carefully
2024-09-16 14:33:12,964 - INFO - DIV SUPER! cleanup carefully
2024-09-16 14:33:13,732 - INFO - DIV SUPER! cleanup carefully
2024-09-16 14:33:13,807 - INFO - DIV SUPER! cleanup carefully
2024-09-16 14:33:13,921 - INFO - DIV SUPER! cleanup carefully
2024-09-16 14:33:14,947 - INFO - DIV SUPER! cleanup carefully
2024-09-16 14:33:15,900 - INFO - DIV SUPER! cleanup carefully
2024-09-16 14:33:16,775 - INFO - DIV SUPER! cleanup carefully
2024-09-16 14:33:16,946 - INFO - DIV SUPER! cleanup carefully
2024-09-16 14:33:17,149 - INFO - DIV SUPER! cleanup carefully
2024-09-16 15:22:34,536 - INFO - DIV SUPER! cleanup carefully
2024-09-16 15:22:34,547 - INFO - DIV SUPER! cleanup carefully
2024-09-16 15:22:34,558 - INFO - DIV SUPER! cleanup carefully
2024-09-16 15:22:34,569 - INFO - DIV SUPER! cleanup carefully
2024-09-16 15:22:34,578 - INFO - DIV SUPER! cleanup carefully
2024-09-16 15:22:34,588 - INFO - DIV SUPER! cleanup carefully
2024-09-16 15:22:34,599 - INFO - DIV SUPER! cleanup carefully
2024-09-16 15:22:34,611 - INFO - DIV SUPER! cleanup carefully
2024-09-16 15:22:34,621 - INFO - DIV SUPER! cleanup carefully
2024-09-16 15:22:34,631 - INFO - DIV SUPER! cleanup carefully
2024-09-16 15:22:34,642 - INFO - DIV SUPER! cleanup carefully
2024-09-16 15:22:34,651 - INFO - DIV SUPER! cleanup carefully
2024-09-16 15:22:34,661 - INFO - DIV SUPER! cleanup carefully
2024-09-16 15:22:34,671 - INFO - DIV SUPER! cleanup carefully
2024-09-16 15:22:34,681 - INFO - DIV SUPER! cleanup carefully
2024-09-16 15:22:34,690 - INFO - DIV SUPER! cleanup carefully
2024-09-16 15:22:34,701 - INFO - DIV SUPER! cleanup carefully
2024-09-16 15:22:34,710 - INFO - DIV SUPER! cleanup carefully
2024-09-16 15:22:34,720 - INFO - DIV SUPER! cleanup carefully
2024-09-16 15:22:34,731 - INFO - DIV SUPER! cleanup carefully
2024-09-16 15:22:34,743 - INFO - DIV SUPER! cleanup carefully
2024-09-16 15:22:34,753 - INFO - DIV SUPER! cleanup carefully
2024-09-16 15:22:34,764 - INFO - DIV SUPER! cleanup carefully
2024-09-16 15:22:34,774 - INFO - DIV SUPER! cleanup carefully
2024-09-16 15:22:34,784 - INFO - DIV SUPER! cleanup carefully
2024-09-16 15:22:34,798 - INFO - DIV SUPER! cleanup carefully
2024-09-16 15:22:34,808 - INFO - DIV SUPER! cleanup carefully
2024-09-16 15:22:34,817 - INFO - DIV SUPER! cleanup carefully
2024-09-16 15:22:34,827 - INFO - DIV SUPER! cleanup carefully
2024-09-16 15:22:34,837 - INFO - DIV SUPER! cleanup carefully
2024-09-16 15:22:34,848 - INFO - DIV SUPER! cleanup carefully
2024-09-16 15:22:34,861 - INFO - DIV SUPER! cleanup carefully
2024-09-16 15:22:34,875 - INFO - DIV SUPER! cleanup carefully
2024-09-16 15:22:34,885 - INFO - DIV SUPER! cleanup carefully
2024-09-16 15:22:34,894 - INFO - DIV SUPER! cleanup carefully
2024-09-16 15:22:34,903 - INFO - DIV SUPER! cleanup carefully
2024-09-16 15:22:34,913 - INFO - DIV SUPER! cleanup carefully
2024-09-16 15:22:34,923 - INFO - DIV SUPER! cleanup carefully
2024-09-16 15:22:34,932 - INFO - DIV SUPER! cleanup carefully
2024-09-16 15:22:34,942 - INFO - DIV SUPER! cleanup carefully
2024-09-16 15:22:34,951 - INFO - DIV SUPER! cleanup carefully
2024-09-16 15:22:34,960 - INFO - DIV SUPER! cleanup carefully
2024-09-16 15:22:34,969 - INFO - DIV SUPER! cleanup carefully
2024-09-16 15:22:34,978 - INFO - DIV SUPER! cleanup carefully
2024-09-16 15:22:34,995 - INFO - DIV SUPER! cleanup carefully
2024-09-16 15:22:35,008 - INFO - DIV SUPER! cleanup carefully
2024-09-16 15:22:35,025 - INFO - DIV SUPER! cleanup carefully
2024-09-16 15:22:35,041 - INFO - DIV SUPER! cleanup carefully
2024-09-16 15:22:35,057 - INFO - DIV SUPER! cleanup carefully
2024-09-16 15:22:35,069 - INFO - DIV SUPER! cleanup carefully
2024-09-16 15:22:35,080 - INFO - DIV SUPER! cleanup carefully
2024-09-16 15:22:35,093 - INFO - DIV SUPER! cleanup carefully
2024-09-16 15:22:35,103 - INFO - DIV SUPER! cleanup carefully
2024-09-16 15:22:35,113 - INFO - DIV SUPER! cleanup carefully
2024-09-16 15:22:35,123 - INFO - DIV SUPER! cleanup carefully
2024-09-16 15:22:35,133 - INFO - DIV SUPER! cleanup carefully
2024-09-16 15:22:35,145 - INFO - DIV SUPER! cleanup carefully
2024-09-16 15:22:35,155 - INFO - DIV SUPER! cleanup carefully
2024-09-16 15:22:35,165 - INFO - DIV SUPER! cleanup carefully
2024-09-16 15:22:35,176 - INFO - DIV SUPER! cleanup carefully
2024-09-16 15:22:35,185 - INFO - DIV SUPER! cleanup carefully
2024-09-16 15:22:35,196 - INFO - DIV SUPER! cleanup carefully
2024-09-16 15:22:35,206 - INFO - DIV SUPER! cleanup carefully
2024-09-16 15:22:35,217 - INFO - DIV SUPER! cleanup carefully
2024-09-16 15:22:35,227 - INFO - DIV SUPER! cleanup carefully
2024-09-16 15:22:35,237 - INFO - DIV SUPER! cleanup carefully
2024-09-16 15:22:35,246 - INFO - DIV SUPER! cleanup carefully
2024-09-16 15:22:35,256 - INFO - DIV SUPER! cleanup carefully
2024-09-16 15:22:35,266 - INFO - DIV SUPER! cleanup carefully
2024-09-16 15:22:35,277 - INFO - DIV SUPER! cleanup carefully
2024-09-16 15:22:35,287 - INFO - DIV SUPER! cleanup carefully
2024-09-16 15:22:35,298 - INFO - DIV SUPER! cleanup carefully
2024-09-16 15:22:35,309 - INFO - DIV SUPER! cleanup carefully
2024-09-16 15:22:35,323 - INFO - DIV SUPER! cleanup carefully
2024-09-16 15:22:35,333 - INFO - DIV SUPER! cleanup carefully
2024-09-16 15:22:35,343 - INFO - DIV SUPER! cleanup carefully
2024-09-16 15:22:35,352 - INFO - DIV SUPER! cleanup carefully
2024-09-16 15:22:35,362 - INFO - DIV SUPER! cleanup carefully
2024-09-16 15:22:35,371 - INFO - DIV SUPER! cleanup carefully
2024-09-16 15:22:35,381 - INFO - DIV SUPER! cleanup carefully
2024-09-16 15:22:35,389 - INFO - DIV SUPER! cleanup carefully
2024-09-16 15:22:35,398 - INFO - DIV SUPER! cleanup carefully
2024-09-16 15:22:35,408 - INFO - DIV SUPER! cleanup carefully
2024-09-16 15:22:35,417 - INFO - DIV SUPER! cleanup carefully
2024-09-16 15:22:35,428 - INFO - DIV SUPER! cleanup carefully
2024-09-16 15:22:35,438 - INFO - DIV SUPER! cleanup carefully
2024-09-16 15:22:35,447 - INFO - DIV SUPER! cleanup carefully
2024-09-16 15:22:35,457 - INFO - DIV SUPER! cleanup carefully
2024-09-16 15:22:35,467 - INFO - DIV SUPER! cleanup carefully
2024-09-16 15:22:35,478 - INFO - DIV SUPER! cleanup carefully
2024-09-16 15:22:35,486 - ERROR - DIV gZEy_wEv CAN NOT CAREFULLY CLEANUP!
ERORR:
Traceback (most recent call last):
  File "/home/sjd/Documents/Realstate-Ads-Data-divar-sheypoor/parser/lev2_parser/div_lev2_parser/fun_div_parser_lev2.py", line 25, in div_parser2
    p_clean_sec(data)
  File "/home/sjd/Documents/Realstate-Ads-Data-divar-sheypoor/parser/lev2_parser/div_lev2_parser/plus_cleaning_section.py", line 38, in p_clean_sec
    if bool(dicfdr(data['sections'][des_num1]['widgets'], "widget_type", "GROUP_INFO_ROW")):
KeyError: 'widgets'
2024-09-16 15:22:35,487 - INFO - DIV SUPER! cleanup carefully
2024-09-16 15:22:35,497 - INFO - DIV SUPER! cleanup carefully
2024-09-16 15:22:35,508 - INFO - DIV SUPER! cleanup carefully
2024-09-16 15:22:35,517 - INFO - DIV SUPER! cleanup carefully
2024-09-16 15:22:35,528 - INFO - DIV SUPER! cleanup carefully
2024-09-16 15:22:35,538 - INFO - DIV SUPER! cleanup carefully
2024-09-16 15:22:35,549 - INFO - DIV SUPER! cleanup carefully
2024-09-16 15:22:35,560 - INFO - DIV SUPER! cleanup carefully
2024-09-16 15:22:35,571 - INFO - DIV SUPER! cleanup carefully
2024-09-16 15:22:35,582 - INFO - DIV SUPER! cleanup carefully
2024-09-16 15:22:35,591 - INFO - DIV SUPER! cleanup carefully
2024-09-16 15:22:35,599 - ERROR - DIV gZnHxFZT CAN NOT CAREFULLY CLEANUP!
ERORR:
Traceback (most recent call last):
  File "/home/sjd/Documents/Realstate-Ads-Data-divar-sheypoor/parser/lev2_parser/div_lev2_parser/fun_div_parser_lev2.py", line 25, in div_parser2
    p_clean_sec(data)
  File "/home/sjd/Documents/Realstate-Ads-Data-divar-sheypoor/parser/lev2_parser/div_lev2_parser/plus_cleaning_section.py", line 38, in p_clean_sec
    if bool(dicfdr(data['sections'][des_num1]['widgets'], "widget_type", "GROUP_INFO_ROW")):
KeyError: 'widgets'
2024-09-16 15:22:35,601 - INFO - DIV SUPER! cleanup carefully
2024-09-16 15:22:35,610 - INFO - DIV SUPER! cleanup carefully
2024-09-16 15:22:35,619 - INFO - DIV SUPER! cleanup carefully
2024-09-16 15:22:35,629 - INFO - DIV SUPER! cleanup carefully
2024-09-16 15:22:35,637 - INFO - DIV SUPER! cleanup carefully
2024-09-16 15:22:35,647 - INFO - DIV SUPER! cleanup carefully
2024-09-16 15:22:35,656 - INFO - DIV SUPER! cleanup carefully
2024-09-16 15:22:35,666 - INFO - DIV SUPER! cleanup carefully
2024-09-16 15:22:35,677 - INFO - DIV SUPER! cleanup carefully
2024-09-16 15:22:35,686 - INFO - DIV SUPER! cleanup carefully
2024-09-16 15:22:35,699 - INFO - DIV SUPER! cleanup carefully
2024-09-16 15:22:35,709 - INFO - DIV SUPER! cleanup carefully
2024-09-16 15:22:35,718 - INFO - DIV SUPER! cleanup carefully
2024-09-16 15:22:35,729 - INFO - DIV SUPER! cleanup carefully
2024-09-16 15:22:35,739 - INFO - DIV SUPER! cleanup carefully
2024-09-16 15:22:35,752 - INFO - DIV SUPER! cleanup carefully
2024-09-16 15:22:35,766 - INFO - DIV SUPER! cleanup carefully
2024-09-16 15:22:35,782 - INFO - DIV SUPER! cleanup carefully
2024-09-16 15:22:35,792 - INFO - DIV SUPER! cleanup carefully
2024-09-16 15:22:35,802 - INFO - DIV SUPER! cleanup carefully
2024-09-16 15:22:35,813 - INFO - DIV SUPER! cleanup carefully
2024-09-16 15:22:35,822 - INFO - DIV SUPER! cleanup carefully
2024-09-16 15:22:38,134 - INFO - DIV SUPER! cleanup carefully
2024-09-16 15:22:38,164 - INFO - DIV SUPER! cleanup carefully
2024-09-16 15:22:38,205 - INFO - DIV SUPER! cleanup carefully
2024-09-16 15:22:38,234 - INFO - DIV SUPER! cleanup carefully
2024-09-16 15:22:38,258 - INFO - DIV SUPER! cleanup carefully
2024-09-16 15:22:38,448 - INFO - DIV SUPER! cleanup carefully
2024-09-16 15:22:38,462 - INFO - DIV SUPER! cleanup carefully
2024-09-16 15:22:38,557 - INFO - DIV SUPER! cleanup carefully
2024-09-16 15:22:43,795 - INFO - DIV SUPER! cleanup carefully
2024-09-16 15:22:43,828 - INFO - DIV SUPER! cleanup carefully
2024-09-16 15:22:43,841 - INFO - DIV SUPER! cleanup carefully
2024-09-16 15:22:43,852 - INFO - DIV SUPER! cleanup carefully
2024-09-16 15:22:43,864 - INFO - DIV SUPER! cleanup carefully
2024-09-16 15:22:43,981 - INFO - DIV SUPER! cleanup carefully
2024-09-16 15:22:44,005 - INFO - DIV SUPER! cleanup carefully
2024-09-16 15:22:44,214 - INFO - DIV SUPER! cleanup carefully
2024-09-16 15:22:49,423 - INFO - DIV SUPER! cleanup carefully
2024-09-16 15:22:49,432 - INFO - DIV SUPER! cleanup carefully
2024-09-16 15:22:49,444 - INFO - DIV SUPER! cleanup carefully
2024-09-16 15:22:49,454 - INFO - DIV SUPER! cleanup carefully
2024-09-16 15:22:49,626 - INFO - DIV SUPER! cleanup carefully
2024-09-16 15:22:49,660 - INFO - DIV SUPER! cleanup carefully
2024-09-16 15:22:49,670 - INFO - DIV SUPER! cleanup carefully
2024-09-16 15:22:49,681 - INFO - DIV SUPER! cleanup carefully
2024-09-16 15:22:49,695 - INFO - DIV SUPER! cleanup carefully
2024-09-16 15:22:49,840 - INFO - DIV SUPER! cleanup carefully
2024-09-16 15:22:49,850 - INFO - DIV SUPER! cleanup carefully
2024-09-16 15:22:49,868 - INFO - DIV SUPER! cleanup carefully
2024-09-16 15:22:55,123 - INFO - DIV SUPER! cleanup carefully
2024-09-16 15:22:55,153 - INFO - DIV SUPER! cleanup carefully
2024-09-16 15:22:55,162 - INFO - DIV SUPER! cleanup carefully
2024-09-16 15:22:55,173 - INFO - DIV SUPER! cleanup carefully
2024-09-16 15:22:55,182 - INFO - DIV SUPER! cleanup carefully
2024-09-16 15:22:55,321 - INFO - DIV SUPER! cleanup carefully
2024-09-16 15:22:55,361 - INFO - DIV SUPER! cleanup carefully
2024-09-16 15:22:55,395 - INFO - DIV SUPER! cleanup carefully
2024-09-16 15:22:55,405 - INFO - DIV SUPER! cleanup carefully
2024-09-16 15:22:55,415 - INFO - DIV SUPER! cleanup carefully
2024-09-16 15:22:55,468 - INFO - DIV SUPER! cleanup carefully
2024-09-16 15:22:55,537 - INFO - DIV SUPER! cleanup carefully
2024-09-16 15:22:55,579 - INFO - DIV SUPER! cleanup carefully
2024-09-16 15:22:55,594 - INFO - DIV SUPER! cleanup carefully
2024-09-16 15:22:55,652 - INFO - DIV SUPER! cleanup carefully
2024-09-16 15:23:00,709 - INFO - DIV SUPER! cleanup carefully
2024-09-16 15:23:00,739 - INFO - DIV SUPER! cleanup carefully
2024-09-16 15:23:00,754 - INFO - DIV SUPER! cleanup carefully
2024-09-16 15:23:00,766 - INFO - DIV SUPER! cleanup carefully
2024-09-16 15:23:00,777 - INFO - DIV SUPER! cleanup carefully
2024-09-16 15:23:00,924 - INFO - DIV SUPER! cleanup carefully
2024-09-16 15:23:00,985 - INFO - DIV SUPER! cleanup carefully
2024-09-16 15:23:00,996 - INFO - DIV SUPER! cleanup carefully
2024-09-16 15:23:01,007 - INFO - DIV SUPER! cleanup carefully
2024-09-16 15:23:01,049 - INFO - DIV SUPER! cleanup carefully
2024-09-16 15:23:01,703 - INFO - DIV SUPER! cleanup carefully
2024-09-16 15:23:01,834 - INFO - DIV SUPER! cleanup carefully
2024-09-16 15:23:06,318 - INFO - DIV SUPER! cleanup carefully
2024-09-16 15:23:06,327 - INFO - DIV SUPER! cleanup carefully
2024-09-16 15:23:06,342 - INFO - DIV SUPER! cleanup carefully
2024-09-16 15:23:06,352 - INFO - DIV SUPER! cleanup carefully
2024-09-16 15:23:06,364 - INFO - DIV SUPER! cleanup carefully
2024-09-16 15:23:06,476 - INFO - DIV SUPER! cleanup carefully
2024-09-16 15:23:06,492 - INFO - DIV SUPER! cleanup carefully
2024-09-16 15:23:11,985 - INFO - DIV SUPER! cleanup carefully
2024-09-16 15:23:11,995 - INFO - DIV SUPER! cleanup carefully
2024-09-16 15:23:12,004 - INFO - DIV SUPER! cleanup carefully
2024-09-16 15:23:12,013 - INFO - DIV SUPER! cleanup carefully
2024-09-16 15:23:12,024 - INFO - DIV SUPER! cleanup carefully
2024-09-16 15:23:12,212 - INFO - DIV SUPER! cleanup carefully
2024-09-16 15:23:12,233 - INFO - DIV SUPER! cleanup carefully
2024-09-16 15:23:12,242 - INFO - DIV SUPER! cleanup carefully
2024-09-16 15:23:12,252 - INFO - DIV SUPER! cleanup carefully
2024-09-16 15:23:12,261 - INFO - DIV SUPER! cleanup carefully
2024-09-16 15:23:12,353 - INFO - DIV SUPER! cleanup carefully
2024-09-16 15:23:12,384 - INFO - DIV SUPER! cleanup carefully
2024-09-16 15:23:17,517 - INFO - DIV SUPER! cleanup carefully
2024-09-16 15:23:17,543 - INFO - DIV SUPER! cleanup carefully
2024-09-16 15:23:17,552 - INFO - DIV SUPER! cleanup carefully
2024-09-16 15:23:17,582 - INFO - DIV SUPER! cleanup carefully
2024-09-16 15:23:17,593 - INFO - DIV SUPER! cleanup carefully
2024-09-16 15:23:17,766 - INFO - DIV SUPER! cleanup carefully
2024-09-16 15:23:17,776 - INFO - DIV SUPER! cleanup carefully
2024-09-16 15:23:17,793 - INFO - DIV SUPER! cleanup carefully
2024-09-16 15:23:17,803 - INFO - DIV SUPER! cleanup carefully
2024-09-16 15:23:17,966 - INFO - DIV SUPER! cleanup carefully
2024-09-16 15:23:17,979 - INFO - DIV SUPER! cleanup carefully
2024-09-16 15:23:17,990 - INFO - DIV SUPER! cleanup carefully
2024-09-16 15:23:17,998 - INFO - DIV SUPER! cleanup carefully
2024-09-16 15:23:23,093 - INFO - DIV SUPER! cleanup carefully
2024-09-16 15:23:23,106 - INFO - DIV SUPER! cleanup carefully
2024-09-16 15:23:23,117 - INFO - DIV SUPER! cleanup carefully
2024-09-16 15:23:23,130 - INFO - DIV SUPER! cleanup carefully
2024-09-16 15:23:23,143 - INFO - DIV SUPER! cleanup carefully
2024-09-16 15:23:23,298 - INFO - DIV SUPER! cleanup carefully
2024-09-16 15:23:23,335 - INFO - DIV SUPER! cleanup carefully
2024-09-16 15:23:23,375 - INFO - DIV SUPER! cleanup carefully
2024-09-16 15:23:28,662 - INFO - DIV SUPER! cleanup carefully
2024-09-16 15:23:28,697 - INFO - DIV SUPER! cleanup carefully
2024-09-16 15:23:28,708 - INFO - DIV SUPER! cleanup carefully
2024-09-16 15:23:28,718 - INFO - DIV SUPER! cleanup carefully
2024-09-16 15:23:28,727 - INFO - DIV SUPER! cleanup carefully
2024-09-16 15:23:28,808 - INFO - DIV SUPER! cleanup carefully
2024-09-16 15:23:28,866 - INFO - DIV SUPER! cleanup carefully
2024-09-16 15:23:28,875 - INFO - DIV SUPER! cleanup carefully
2024-09-16 15:23:34,348 - INFO - DIV SUPER! cleanup carefully
2024-09-16 15:23:34,374 - INFO - DIV SUPER! cleanup carefully
2024-09-16 15:23:34,392 - INFO - DIV SUPER! cleanup carefully
2024-09-16 15:23:34,443 - INFO - DIV SUPER! cleanup carefully
2024-09-16 15:23:34,481 - INFO - DIV SUPER! cleanup carefully
2024-09-16 15:23:34,601 - INFO - DIV SUPER! cleanup carefully
2024-09-16 15:23:34,612 - INFO - DIV SUPER! cleanup carefully
2024-09-16 15:23:34,624 - INFO - DIV SUPER! cleanup carefully
2024-09-16 15:23:34,641 - INFO - DIV SUPER! cleanup carefully
2024-09-16 15:23:34,655 - INFO - DIV SUPER! cleanup carefully
2024-09-16 15:23:39,856 - INFO - DIV SUPER! cleanup carefully
2024-09-16 15:23:39,881 - INFO - DIV SUPER! cleanup carefully
2024-09-16 15:23:39,897 - INFO - DIV SUPER! cleanup carefully
2024-09-16 15:23:39,907 - INFO - DIV SUPER! cleanup carefully
2024-09-16 15:23:39,916 - INFO - DIV SUPER! cleanup carefully
2024-09-16 15:23:40,031 - INFO - DIV SUPER! cleanup carefully
2024-09-16 15:23:40,078 - INFO - DIV SUPER! cleanup carefully
2024-09-16 15:23:40,114 - INFO - DIV SUPER! cleanup carefully
2024-09-16 15:23:40,172 - INFO - DIV SUPER! cleanup carefully
2024-09-16 16:13:53,312 - INFO - DIV SUPER! cleanup carefully
2024-09-16 16:13:53,322 - INFO - DIV SUPER! cleanup carefully
2024-09-16 16:13:53,328 - INFO - DIV SUPER! cleanup carefully
2024-09-16 16:13:53,335 - INFO - DIV SUPER! cleanup carefully
2024-09-16 16:13:53,341 - INFO - DIV SUPER! cleanup carefully
2024-09-16 16:13:53,346 - INFO - DIV SUPER! cleanup carefully
2024-09-16 16:13:53,352 - INFO - DIV SUPER! cleanup carefully
2024-09-16 16:13:53,363 - INFO - DIV SUPER! cleanup carefully
2024-09-16 16:13:53,374 - INFO - DIV SUPER! cleanup carefully
2024-09-16 16:13:53,381 - INFO - DIV SUPER! cleanup carefully
2024-09-16 16:13:53,390 - INFO - DIV SUPER! cleanup carefully
2024-09-16 16:13:53,397 - INFO - DIV SUPER! cleanup carefully
2024-09-16 16:13:53,406 - INFO - DIV SUPER! cleanup carefully
2024-09-16 16:13:53,413 - INFO - DIV SUPER! cleanup carefully
2024-09-16 16:13:53,419 - INFO - DIV SUPER! cleanup carefully
2024-09-16 16:13:53,425 - INFO - DIV SUPER! cleanup carefully
2024-09-16 16:13:53,431 - INFO - DIV SUPER! cleanup carefully
2024-09-16 16:13:53,438 - INFO - DIV SUPER! cleanup carefully
2024-09-16 16:13:53,444 - INFO - DIV SUPER! cleanup carefully
2024-09-16 16:13:53,450 - INFO - DIV SUPER! cleanup carefully
2024-09-16 16:13:53,456 - INFO - DIV SUPER! cleanup carefully
2024-09-16 16:13:53,463 - INFO - DIV SUPER! cleanup carefully
2024-09-16 16:13:53,469 - INFO - DIV SUPER! cleanup carefully
2024-09-16 16:13:53,476 - INFO - DIV SUPER! cleanup carefully
2024-09-16 16:13:53,482 - INFO - DIV SUPER! cleanup carefully
2024-09-16 16:13:53,488 - INFO - DIV SUPER! cleanup carefully
2024-09-16 16:13:53,495 - INFO - DIV SUPER! cleanup carefully
2024-09-16 16:13:53,502 - INFO - DIV SUPER! cleanup carefully
2024-09-16 16:13:53,510 - INFO - DIV SUPER! cleanup carefully
2024-09-16 16:13:53,516 - INFO - DIV SUPER! cleanup carefully
2024-09-16 16:13:53,526 - INFO - DIV SUPER! cleanup carefully
2024-09-16 16:13:53,532 - INFO - DIV SUPER! cleanup carefully
2024-09-16 16:13:53,540 - INFO - DIV SUPER! cleanup carefully
2024-09-16 16:13:53,546 - INFO - DIV SUPER! cleanup carefully
2024-09-16 16:13:53,552 - INFO - DIV SUPER! cleanup carefully
2024-09-16 16:13:53,560 - INFO - DIV SUPER! cleanup carefully
2024-09-16 16:13:53,565 - INFO - DIV SUPER! cleanup carefully
2024-09-16 16:13:53,573 - INFO - DIV SUPER! cleanup carefully
2024-09-16 16:13:53,579 - INFO - DIV SUPER! cleanup carefully
2024-09-16 16:13:53,585 - INFO - DIV SUPER! cleanup carefully
2024-09-16 16:13:53,592 - INFO - DIV SUPER! cleanup carefully
2024-09-16 16:13:53,598 - INFO - DIV SUPER! cleanup carefully
2024-09-16 16:13:53,606 - INFO - DIV SUPER! cleanup carefully
2024-09-16 16:13:53,612 - INFO - DIV SUPER! cleanup carefully
2024-09-16 16:13:53,620 - ERROR - DIV gZobytjy CAN NOT CAREFULLY CLEANUP!
ERORR:
Traceback (most recent call last):
  File "/home/sjd/Documents/Realstate-Ads-Data-divar-sheypoor/parser/lev2_parser/div_lev2_parser/fun_div_parser_lev2.py", line 25, in div_parser2
    p_clean_sec(data)
  File "/home/sjd/Documents/Realstate-Ads-Data-divar-sheypoor/parser/lev2_parser/div_lev2_parser/plus_cleaning_section.py", line 38, in p_clean_sec
    if bool(dicfdr(data['sections'][des_num1]['widgets'], "widget_type", "GROUP_INFO_ROW")):
KeyError: 'widgets'
2024-09-16 16:13:53,621 - INFO - DIV SUPER! cleanup carefully
2024-09-16 16:13:53,654 - INFO - DIV SUPER! cleanup carefully
2024-09-16 16:13:54,659 - INFO - DIV SUPER! cleanup carefully
2024-09-16 16:13:55,818 - INFO - DIV SUPER! cleanup carefully
2024-09-16 16:13:56,967 - INFO - DIV SUPER! cleanup carefully
2024-09-16 16:13:58,488 - INFO - DIV SUPER! cleanup carefully
2024-09-16 16:13:59,111 - INFO - DIV SUPER! cleanup carefully
2024-09-16 16:13:59,121 - INFO - DIV SUPER! cleanup carefully
2024-09-16 16:13:59,136 - INFO - DIV SUPER! cleanup carefully
2024-09-16 16:13:59,610 - INFO - DIV SUPER! cleanup carefully
2024-09-16 16:14:00,198 - INFO - DIV SUPER! cleanup carefully
2024-09-16 16:14:00,205 - INFO - DIV SUPER! cleanup carefully
2024-09-16 16:14:00,214 - INFO - DIV SUPER! cleanup carefully
2024-09-16 16:14:00,538 - INFO - DIV SUPER! cleanup carefully
2024-09-16 16:14:00,739 - INFO - DIV SUPER! cleanup carefully
2024-09-16 16:14:01,272 - INFO - DIV SUPER! cleanup carefully
2024-09-16 16:14:01,291 - INFO - DIV SUPER! cleanup carefully
2024-09-16 16:14:01,305 - INFO - DIV SUPER! cleanup carefully
2024-09-16 16:14:01,618 - INFO - DIV SUPER! cleanup carefully
2024-09-16 16:14:01,890 - INFO - DIV SUPER! cleanup carefully
2024-09-16 16:14:02,699 - INFO - DIV SUPER! cleanup carefully
2024-09-16 16:14:02,998 - INFO - DIV SUPER! cleanup carefully
2024-09-16 16:14:04,160 - INFO - DIV SUPER! cleanup carefully
2024-09-16 16:14:05,272 - INFO - DIV SUPER! cleanup carefully
2024-09-16 16:14:06,388 - INFO - DIV SUPER! cleanup carefully
2024-09-16 16:14:07,471 - INFO - DIV SUPER! cleanup carefully
2024-09-16 16:14:07,740 - INFO - DIV SUPER! cleanup carefully
2024-09-16 16:14:07,776 - INFO - DIV SUPER! cleanup carefully
2024-09-16 16:14:07,786 - INFO - DIV SUPER! cleanup carefully
2024-09-16 16:14:07,794 - INFO - DIV SUPER! cleanup carefully
2024-09-16 16:14:08,548 - INFO - DIV SUPER! cleanup carefully
2024-09-16 16:14:08,889 - INFO - DIV SUPER! cleanup carefully
2024-09-16 16:14:08,901 - INFO - DIV SUPER! cleanup carefully
2024-09-16 16:14:08,910 - INFO - DIV SUPER! cleanup carefully
2024-09-16 16:14:08,921 - INFO - DIV SUPER! cleanup carefully
2024-09-16 16:14:09,664 - INFO - DIV SUPER! cleanup carefully
2024-09-16 16:14:10,009 - INFO - DIV SUPER! cleanup carefully
2024-09-16 16:14:10,052 - INFO - DIV SUPER! cleanup carefully
2024-09-16 16:14:10,060 - INFO - DIV SUPER! cleanup carefully
2024-09-16 16:14:10,066 - INFO - DIV SUPER! cleanup carefully
2024-09-16 16:14:10,809 - INFO - DIV SUPER! cleanup carefully
2024-09-16 16:14:11,166 - INFO - DIV SUPER! cleanup carefully
2024-09-16 16:14:11,190 - INFO - DIV SUPER! cleanup carefully
2024-09-16 16:14:11,208 - INFO - DIV SUPER! cleanup carefully
2024-09-16 16:14:11,216 - INFO - DIV SUPER! cleanup carefully
2024-09-16 16:14:11,930 - INFO - DIV SUPER! cleanup carefully
2024-09-16 16:14:12,294 - INFO - DIV SUPER! cleanup carefully
2024-09-16 16:14:12,305 - INFO - DIV SUPER! cleanup carefully
2024-09-16 16:14:12,312 - INFO - DIV SUPER! cleanup carefully
2024-09-16 16:14:12,652 - INFO - DIV SUPER! cleanup carefully
2024-09-16 16:14:13,051 - INFO - DIV SUPER! cleanup carefully
2024-09-16 16:14:14,102 - INFO - DIV SUPER! cleanup carefully
2024-09-16 16:14:15,196 - INFO - DIV SUPER! cleanup carefully
2024-09-16 16:14:16,211 - INFO - DIV SUPER! cleanup carefully
2024-09-16 16:14:16,234 - INFO - DIV SUPER! cleanup carefully
2024-09-16 16:14:16,245 - INFO - DIV SUPER! cleanup carefully
2024-09-16 16:14:16,304 - INFO - DIV SUPER! cleanup carefully
2024-09-16 16:14:16,546 - INFO - DIV SUPER! cleanup carefully
2024-09-16 16:14:17,322 - INFO - DIV SUPER! cleanup carefully
2024-09-16 16:14:17,328 - INFO - DIV SUPER! cleanup carefully
2024-09-16 16:14:17,336 - INFO - DIV SUPER! cleanup carefully
2024-09-16 16:14:17,427 - INFO - DIV SUPER! cleanup carefully
2024-09-16 16:14:17,657 - INFO - DIV SUPER! cleanup carefully
2024-09-16 16:14:18,451 - INFO - DIV SUPER! cleanup carefully
2024-09-16 16:14:18,477 - INFO - DIV SUPER! cleanup carefully
2024-09-16 16:14:18,500 - INFO - DIV SUPER! cleanup carefully
2024-09-16 16:14:18,780 - INFO - DIV SUPER! cleanup carefully
2024-09-16 16:14:19,613 - INFO - DIV SUPER! cleanup carefully
2024-09-16 16:14:20,959 - INFO - DIV SUPER! cleanup carefully
2024-09-16 16:14:22,069 - INFO - DIV SUPER! cleanup carefully
2024-09-16 16:14:23,224 - INFO - DIV SUPER! cleanup carefully
2024-09-16 16:14:24,319 - INFO - DIV SUPER! cleanup carefully
2024-09-16 16:14:24,686 - INFO - DIV SUPER! cleanup carefully
2024-09-16 16:14:24,692 - INFO - DIV SUPER! cleanup carefully
2024-09-16 16:14:24,698 - INFO - DIV SUPER! cleanup carefully
2024-09-16 16:14:24,731 - INFO - DIV SUPER! cleanup carefully
2024-09-16 16:14:25,438 - INFO - DIV SUPER! cleanup carefully
2024-09-16 16:14:25,822 - INFO - DIV SUPER! cleanup carefully
2024-09-16 16:14:25,898 - INFO - DIV SUPER! cleanup carefully
2024-09-16 16:14:26,206 - INFO - DIV SUPER! cleanup carefully
2024-09-16 16:14:26,270 - INFO - DIV SUPER! cleanup carefully
2024-09-16 16:14:26,580 - INFO - DIV SUPER! cleanup carefully
2024-09-16 16:14:26,929 - INFO - DIV SUPER! cleanup carefully
2024-09-16 16:14:26,990 - INFO - DIV SUPER! cleanup carefully
2024-09-16 16:14:27,347 - INFO - DIV SUPER! cleanup carefully
2024-09-16 16:14:27,358 - INFO - DIV SUPER! cleanup carefully
2024-09-16 16:14:27,693 - INFO - DIV SUPER! cleanup carefully
2024-09-16 16:14:28,029 - INFO - DIV SUPER! cleanup carefully
2024-09-16 16:14:28,412 - INFO - DIV SUPER! cleanup carefully
2024-09-16 16:14:28,465 - INFO - DIV SUPER! cleanup carefully
2024-09-16 16:14:28,561 - INFO - DIV SUPER! cleanup carefully
2024-09-16 16:14:29,119 - INFO - DIV SUPER! cleanup carefully
2024-09-16 16:14:29,131 - INFO - DIV SUPER! cleanup carefully
2024-09-16 16:14:29,513 - INFO - DIV SUPER! cleanup carefully
2024-09-16 16:14:29,641 - INFO - DIV SUPER! cleanup carefully
2024-09-16 16:14:30,238 - INFO - DIV SUPER! cleanup carefully
2024-09-16 16:14:31,303 - INFO - DIV SUPER! cleanup carefully
2024-09-16 16:14:32,437 - INFO - DIV SUPER! cleanup carefully
2024-09-16 16:14:33,199 - INFO - DIV SUPER! cleanup carefully
2024-09-16 16:14:33,205 - INFO - DIV SUPER! cleanup carefully
2024-09-16 16:14:33,223 - INFO - DIV SUPER! cleanup carefully
2024-09-16 16:14:33,230 - INFO - DIV SUPER! cleanup carefully
2024-09-16 16:14:33,573 - INFO - DIV SUPER! cleanup carefully
2024-09-16 16:14:34,321 - INFO - DIV SUPER! cleanup carefully
2024-09-16 16:14:34,353 - INFO - DIV SUPER! cleanup carefully
2024-09-16 16:14:34,358 - INFO - DIV SUPER! cleanup carefully
2024-09-16 16:14:34,636 - INFO - DIV SUPER! cleanup carefully
2024-09-16 16:14:34,777 - INFO - DIV SUPER! cleanup carefully
2024-09-16 16:14:35,447 - INFO - DIV SUPER! cleanup carefully
2024-09-16 16:14:35,454 - INFO - DIV SUPER! cleanup carefully
2024-09-16 16:14:35,468 - INFO - DIV SUPER! cleanup carefully
2024-09-16 16:14:35,754 - INFO - DIV SUPER! cleanup carefully
2024-09-16 16:14:35,845 - INFO - DIV SUPER! cleanup carefully
2024-09-16 16:14:36,522 - INFO - DIV SUPER! cleanup carefully
2024-09-16 16:14:36,564 - INFO - DIV SUPER! cleanup carefully
2024-09-16 16:14:36,581 - INFO - DIV SUPER! cleanup carefully
2024-09-16 16:14:36,879 - INFO - DIV SUPER! cleanup carefully
2024-09-16 16:14:36,962 - INFO - DIV SUPER! cleanup carefully
2024-09-16 16:14:37,771 - INFO - DIV SUPER! cleanup carefully
2024-09-16 16:14:37,777 - INFO - DIV SUPER! cleanup carefully
2024-09-16 16:14:38,283 - INFO - DIV SUPER! cleanup carefully
2024-09-16 16:14:38,457 - INFO - DIV SUPER! cleanup carefully
2024-09-16 16:14:39,347 - INFO - DIV SUPER! cleanup carefully
2024-09-16 16:14:40,833 - INFO - DIV SUPER! cleanup carefully
2024-09-16 16:14:41,937 - INFO - DIV SUPER! cleanup carefully
2024-09-16 16:14:41,965 - INFO - DIV SUPER! cleanup carefully
2024-09-16 16:14:41,972 - INFO - DIV SUPER! cleanup carefully
2024-09-16 16:14:41,978 - INFO - DIV SUPER! cleanup carefully
2024-09-16 16:14:42,293 - INFO - DIV SUPER! cleanup carefully
2024-09-16 16:14:43,034 - INFO - DIV SUPER! cleanup carefully
2024-09-16 16:14:43,059 - INFO - DIV SUPER! cleanup carefully
2024-09-16 16:14:43,064 - INFO - DIV SUPER! cleanup carefully
2024-09-16 16:14:43,093 - INFO - DIV SUPER! cleanup carefully
2024-09-16 16:14:43,374 - INFO - DIV SUPER! cleanup carefully
2024-09-16 16:14:44,143 - INFO - DIV SUPER! cleanup carefully
2024-09-16 16:14:44,151 - INFO - DIV SUPER! cleanup carefully
2024-09-16 16:14:44,159 - INFO - DIV SUPER! cleanup carefully
2024-09-16 16:14:44,192 - INFO - DIV SUPER! cleanup carefully
2024-09-16 16:14:44,462 - INFO - DIV SUPER! cleanup carefully
2024-09-16 16:14:45,259 - INFO - DIV SUPER! cleanup carefully
2024-09-16 16:14:45,267 - INFO - DIV SUPER! cleanup carefully
2024-09-16 16:14:45,580 - INFO - DIV SUPER! cleanup carefully
2024-09-16 16:14:46,372 - INFO - DIV SUPER! cleanup carefully
2024-09-16 16:14:57,519 - INFO - DIV SUPER! cleanup carefully
2024-09-16 16:15:08,612 - INFO - DIV SUPER! cleanup carefully
2024-09-16 16:15:18,627 - INFO - DIV SUPER! cleanup carefully
2024-09-16 16:15:28,640 - INFO - DIV SUPER! cleanup carefully
2024-09-16 16:15:38,648 - ERROR - DIV gZVDHtnp CAN NOT CAREFULLY CLEANUP!
ERORR:
Traceback (most recent call last):
  File "/home/sjd/Documents/Realstate-Ads-Data-divar-sheypoor/parser/lev2_parser/div_lev2_parser/fun_div_parser_lev2.py", line 25, in div_parser2
    p_clean_sec(data)
  File "/home/sjd/Documents/Realstate-Ads-Data-divar-sheypoor/parser/lev2_parser/div_lev2_parser/plus_cleaning_section.py", line 38, in p_clean_sec
    if bool(dicfdr(data['sections'][des_num1]['widgets'], "widget_type", "GROUP_INFO_ROW")):
KeyError: 'widgets'
2024-09-16 16:15:38,648 - INFO - DIV SUPER! cleanup carefully
2024-09-16 16:15:48,665 - INFO - DIV SUPER! cleanup carefully
2024-09-16 16:15:58,684 - INFO - DIV SUPER! cleanup carefully
2024-09-16 16:16:08,693 - INFO - DIV SUPER! cleanup carefully
2024-09-16 16:16:18,709 - INFO - DIV SUPER! cleanup carefully
2024-09-16 16:16:28,729 - INFO - DIV SUPER! cleanup carefully
2024-09-16 16:16:37,321 - INFO - DIV SUPER! cleanup carefully
2024-09-16 16:16:37,330 - INFO - DIV SUPER! cleanup carefully
2024-09-16 16:16:37,337 - INFO - DIV SUPER! cleanup carefully
2024-09-16 16:16:37,343 - INFO - DIV SUPER! cleanup carefully
2024-09-16 16:16:37,349 - INFO - DIV SUPER! cleanup carefully
2024-09-16 16:16:37,355 - INFO - DIV SUPER! cleanup carefully
2024-09-16 16:16:37,361 - INFO - DIV SUPER! cleanup carefully
2024-09-16 16:16:37,368 - INFO - DIV SUPER! cleanup carefully
2024-09-16 16:16:37,374 - INFO - DIV SUPER! cleanup carefully
2024-09-16 16:16:37,380 - INFO - DIV SUPER! cleanup carefully
2024-09-16 16:16:37,386 - INFO - DIV SUPER! cleanup carefully
2024-09-16 16:16:37,391 - INFO - DIV SUPER! cleanup carefully
2024-09-16 16:16:37,397 - INFO - DIV SUPER! cleanup carefully
2024-09-16 16:16:37,402 - INFO - DIV SUPER! cleanup carefully
2024-09-16 16:16:37,408 - INFO - DIV SUPER! cleanup carefully
2024-09-16 16:16:37,414 - INFO - DIV SUPER! cleanup carefully
2024-09-16 16:16:37,420 - INFO - DIV SUPER! cleanup carefully
2024-09-16 16:16:37,426 - INFO - DIV SUPER! cleanup carefully
2024-09-16 16:16:37,432 - INFO - DIV SUPER! cleanup carefully
2024-09-16 16:16:37,437 - INFO - DIV SUPER! cleanup carefully
2024-09-16 16:16:37,444 - INFO - DIV SUPER! cleanup carefully
2024-09-16 16:16:37,451 - INFO - DIV SUPER! cleanup carefully
2024-09-16 16:16:37,457 - INFO - DIV SUPER! cleanup carefully
2024-09-16 16:16:37,464 - INFO - DIV SUPER! cleanup carefully
2024-09-16 16:16:37,470 - INFO - DIV SUPER! cleanup carefully
2024-09-16 16:16:37,477 - INFO - DIV SUPER! cleanup carefully
2024-09-16 16:16:37,488 - INFO - DIV SUPER! cleanup carefully
2024-09-16 16:16:37,500 - INFO - DIV SUPER! cleanup carefully
2024-09-16 16:16:37,510 - INFO - DIV SUPER! cleanup carefully
2024-09-16 16:16:37,519 - INFO - DIV SUPER! cleanup carefully
2024-09-16 16:16:37,531 - INFO - DIV SUPER! cleanup carefully
2024-09-16 16:16:37,539 - INFO - DIV SUPER! cleanup carefully
2024-09-16 16:16:38,461 - INFO - DIV SUPER! cleanup carefully
2024-09-16 16:16:38,487 - INFO - DIV SUPER! cleanup carefully
2024-09-16 16:16:39,632 - INFO - DIV SUPER! cleanup carefully
2024-09-16 16:16:39,641 - INFO - DIV SUPER! cleanup carefully
2024-09-16 16:16:39,886 - INFO - DIV SUPER! cleanup carefully
2024-09-16 16:16:40,239 - INFO - DIV SUPER! cleanup carefully
2024-09-16 16:16:40,633 - INFO - DIV SUPER! cleanup carefully
2024-09-16 16:16:40,724 - INFO - DIV SUPER! cleanup carefully
2024-09-16 16:16:40,747 - INFO - DIV SUPER! cleanup carefully
2024-09-16 16:16:41,003 - INFO - DIV SUPER! cleanup carefully
2024-09-16 16:16:41,371 - INFO - DIV SUPER! cleanup carefully
2024-09-16 16:16:41,857 - INFO - DIV SUPER! cleanup carefully
2024-09-16 16:16:41,876 - INFO - DIV SUPER! cleanup carefully
2024-09-16 16:16:41,900 - INFO - DIV SUPER! cleanup carefully
2024-09-16 16:16:42,134 - INFO - DIV SUPER! cleanup carefully
2024-09-16 16:16:42,480 - INFO - DIV SUPER! cleanup carefully
2024-09-16 16:16:42,990 - INFO - DIV SUPER! cleanup carefully
2024-09-16 16:16:43,014 - INFO - DIV SUPER! cleanup carefully
2024-09-16 16:16:43,040 - INFO - DIV SUPER! cleanup carefully
2024-09-16 16:16:43,206 - INFO - DIV SUPER! cleanup carefully
2024-09-16 16:16:43,569 - INFO - DIV SUPER! cleanup carefully
2024-09-16 16:16:44,087 - INFO - DIV SUPER! cleanup carefully
2024-09-16 16:16:44,104 - INFO - DIV SUPER! cleanup carefully
2024-09-16 16:16:44,145 - INFO - DIV SUPER! cleanup carefully
2024-09-16 16:16:44,294 - INFO - DIV SUPER! cleanup carefully
2024-09-16 16:16:44,783 - INFO - DIV SUPER! cleanup carefully
2024-09-16 16:16:45,283 - INFO - DIV SUPER! cleanup carefully
2024-09-16 16:16:45,302 - INFO - DIV SUPER! cleanup carefully
2024-09-16 16:16:45,381 - INFO - DIV SUPER! cleanup carefully
2024-09-16 16:16:45,423 - INFO - DIV SUPER! cleanup carefully
2024-09-16 16:16:45,898 - INFO - DIV SUPER! cleanup carefully
2024-09-16 16:16:46,409 - INFO - DIV SUPER! cleanup carefully
2024-09-16 16:16:46,421 - INFO - DIV SUPER! cleanup carefully
2024-09-16 16:16:46,453 - INFO - DIV SUPER! cleanup carefully
2024-09-16 16:16:46,539 - INFO - DIV SUPER! cleanup carefully
2024-09-16 16:16:47,002 - INFO - DIV SUPER! cleanup carefully
2024-09-16 16:16:47,490 - INFO - DIV SUPER! cleanup carefully
2024-09-16 16:16:47,520 - INFO - DIV SUPER! cleanup carefully
2024-09-16 16:16:47,528 - INFO - DIV SUPER! cleanup carefully
2024-09-16 16:16:47,649 - INFO - DIV SUPER! cleanup carefully
2024-09-16 16:16:48,350 - INFO - DIV SUPER! cleanup carefully
2024-09-16 16:16:48,662 - INFO - DIV SUPER! cleanup carefully
2024-09-16 16:16:48,686 - INFO - DIV SUPER! cleanup carefully
2024-09-16 16:16:48,700 - INFO - DIV SUPER! cleanup carefully
2024-09-16 16:16:48,815 - INFO - DIV SUPER! cleanup carefully
2024-09-16 16:16:49,775 - INFO - DIV SUPER! cleanup carefully
2024-09-16 16:16:49,840 - INFO - DIV SUPER! cleanup carefully
2024-09-16 16:16:49,855 - INFO - DIV SUPER! cleanup carefully
2024-09-16 16:16:49,929 - INFO - DIV SUPER! cleanup carefully
2024-09-16 16:16:50,242 - INFO - DIV SUPER! cleanup carefully
2024-09-16 16:16:50,860 - INFO - DIV SUPER! cleanup carefully
2024-09-16 16:16:50,985 - INFO - DIV SUPER! cleanup carefully
2024-09-16 16:16:51,017 - INFO - DIV SUPER! cleanup carefully
2024-09-16 16:16:51,032 - INFO - DIV SUPER! cleanup carefully
2024-09-16 16:16:51,355 - INFO - DIV SUPER! cleanup carefully
2024-09-16 16:16:52,013 - INFO - DIV SUPER! cleanup carefully
2024-09-16 16:16:52,091 - INFO - DIV SUPER! cleanup carefully
2024-09-16 16:16:52,135 - INFO - DIV SUPER! cleanup carefully
2024-09-16 16:16:52,155 - INFO - DIV SUPER! cleanup carefully
2024-09-16 16:16:52,433 - INFO - DIV SUPER! cleanup carefully
2024-09-16 16:16:53,173 - INFO - DIV SUPER! cleanup carefully
2024-09-16 16:16:53,198 - INFO - DIV SUPER! cleanup carefully
2024-09-16 16:16:53,220 - INFO - DIV SUPER! cleanup carefully
2024-09-16 16:16:53,229 - INFO - DIV SUPER! cleanup carefully
2024-09-16 16:16:53,527 - INFO - DIV SUPER! cleanup carefully
2024-09-16 16:16:54,347 - INFO - DIV SUPER! cleanup carefully
2024-09-16 16:16:54,358 - INFO - DIV SUPER! cleanup carefully
2024-09-16 16:16:54,368 - INFO - DIV SUPER! cleanup carefully
2024-09-16 16:16:54,375 - INFO - DIV SUPER! cleanup carefully
2024-09-16 16:16:54,653 - INFO - DIV SUPER! cleanup carefully
2024-09-16 16:16:55,437 - INFO - DIV SUPER! cleanup carefully
2024-09-16 16:16:55,451 - INFO - DIV SUPER! cleanup carefully
2024-09-16 16:16:55,473 - INFO - DIV SUPER! cleanup carefully
2024-09-16 16:16:55,811 - INFO - DIV SUPER! cleanup carefully
2024-09-16 16:16:55,824 - INFO - DIV SUPER! cleanup carefully
2024-09-16 16:16:56,707 - INFO - DIV SUPER! cleanup carefully
2024-09-16 16:16:56,745 - INFO - DIV SUPER! cleanup carefully
2024-09-16 16:16:56,761 - INFO - DIV SUPER! cleanup carefully
2024-09-16 16:16:57,071 - INFO - DIV SUPER! cleanup carefully
2024-09-16 16:16:57,094 - INFO - DIV SUPER! cleanup carefully
2024-09-16 16:16:57,865 - INFO - DIV SUPER! cleanup carefully
2024-09-16 16:16:57,872 - INFO - DIV SUPER! cleanup carefully
2024-09-16 16:16:58,163 - INFO - DIV SUPER! cleanup carefully
2024-09-16 16:16:58,205 - INFO - DIV SUPER! cleanup carefully
2024-09-16 16:16:58,213 - INFO - DIV SUPER! cleanup carefully
2024-09-16 16:16:58,992 - INFO - DIV SUPER! cleanup carefully
2024-09-16 16:16:59,013 - INFO - DIV SUPER! cleanup carefully
2024-09-16 16:16:59,332 - INFO - DIV SUPER! cleanup carefully
2024-09-16 16:16:59,353 - INFO - DIV SUPER! cleanup carefully
2024-09-16 16:16:59,362 - INFO - DIV SUPER! cleanup carefully
2024-09-16 16:17:00,095 - INFO - DIV SUPER! cleanup carefully
2024-09-16 16:17:00,139 - INFO - DIV SUPER! cleanup carefully
2024-09-16 16:17:00,421 - INFO - DIV SUPER! cleanup carefully
2024-09-16 16:17:00,499 - INFO - DIV SUPER! cleanup carefully
2024-09-16 16:17:01,218 - INFO - DIV SUPER! cleanup carefully
2024-09-16 16:17:01,246 - INFO - DIV SUPER! cleanup carefully
2024-09-16 16:17:01,518 - INFO - DIV SUPER! cleanup carefully
2024-09-16 16:17:01,627 - INFO - DIV SUPER! cleanup carefully
2024-09-16 16:17:02,332 - INFO - DIV SUPER! cleanup carefully
2024-09-16 16:17:02,368 - INFO - DIV SUPER! cleanup carefully
2024-09-16 16:17:02,790 - INFO - DIV SUPER! cleanup carefully
2024-09-16 16:17:02,804 - INFO - DIV SUPER! cleanup carefully
2024-09-16 16:17:03,467 - INFO - DIV SUPER! cleanup carefully
2024-09-16 16:17:03,905 - INFO - DIV SUPER! cleanup carefully
2024-09-16 16:17:04,220 - INFO - DIV SUPER! cleanup carefully
2024-09-16 16:17:04,246 - INFO - DIV SUPER! cleanup carefully
2024-09-16 16:17:04,512 - INFO - DIV SUPER! cleanup carefully
2024-09-16 16:17:04,591 - INFO - DIV SUPER! cleanup carefully
2024-09-16 16:17:04,977 - INFO - DIV SUPER! cleanup carefully
2024-09-16 16:17:05,330 - INFO - DIV SUPER! cleanup carefully
2024-09-16 16:17:05,372 - INFO - DIV SUPER! cleanup carefully
2024-09-16 16:17:05,637 - INFO - DIV SUPER! cleanup carefully
2024-09-16 16:17:05,670 - INFO - DIV SUPER! cleanup carefully
2024-09-16 16:17:06,072 - INFO - DIV SUPER! cleanup carefully
2024-09-16 16:17:06,456 - INFO - DIV SUPER! cleanup carefully
2024-09-16 16:17:06,769 - INFO - DIV SUPER! cleanup carefully
2024-09-16 16:17:06,822 - INFO - DIV SUPER! cleanup carefully
2024-09-16 16:17:07,184 - INFO - DIV SUPER! cleanup carefully
2024-09-16 16:17:07,206 - INFO - DIV SUPER! cleanup carefully
2024-09-16 16:17:07,564 - INFO - DIV SUPER! cleanup carefully
2024-09-16 16:17:07,913 - INFO - DIV SUPER! cleanup carefully
2024-09-16 16:17:08,014 - INFO - DIV SUPER! cleanup carefully
2024-09-16 16:17:08,319 - INFO - DIV SUPER! cleanup carefully
2024-09-16 16:17:08,656 - INFO - DIV SUPER! cleanup carefully
2024-09-16 16:17:10,108 - INFO - DIV SUPER! cleanup carefully
2024-09-16 16:17:11,229 - INFO - DIV SUPER! cleanup carefully
2024-09-16 16:17:12,323 - INFO - DIV SUPER! cleanup carefully
2024-09-16 16:17:12,862 - INFO - DIV SUPER! cleanup carefully
2024-09-16 16:17:13,049 - INFO - DIV SUPER! cleanup carefully
2024-09-16 16:17:13,055 - INFO - DIV SUPER! cleanup carefully
2024-09-16 16:17:13,068 - INFO - DIV SUPER! cleanup carefully
2024-09-16 16:17:13,429 - INFO - DIV SUPER! cleanup carefully
2024-09-16 16:17:14,324 - INFO - DIV SUPER! cleanup carefully
2024-09-16 16:17:14,534 - INFO - DIV SUPER! cleanup carefully
2024-09-16 16:17:14,559 - INFO - DIV SUPER! cleanup carefully
2024-09-16 16:17:14,571 - INFO - DIV SUPER! cleanup carefully
2024-09-16 16:17:14,946 - INFO - DIV SUPER! cleanup carefully
2024-09-16 16:17:15,477 - INFO - DIV SUPER! cleanup carefully
2024-09-16 16:17:15,660 - INFO - DIV SUPER! cleanup carefully
2024-09-16 16:17:15,681 - INFO - DIV SUPER! cleanup carefully
2024-09-16 16:17:15,708 - INFO - DIV SUPER! cleanup carefully
2024-09-16 16:17:16,070 - INFO - DIV SUPER! cleanup carefully
2024-09-16 16:17:16,636 - INFO - DIV SUPER! cleanup carefully
2024-09-16 16:17:16,822 - INFO - DIV SUPER! cleanup carefully
2024-09-16 16:17:16,838 - INFO - DIV SUPER! cleanup carefully
2024-09-16 16:17:17,216 - INFO - DIV SUPER! cleanup carefully
2024-09-16 16:17:18,312 - INFO - DIV SUPER! cleanup carefully
2024-09-16 16:17:19,451 - INFO - DIV SUPER! cleanup carefully
2024-09-16 16:17:20,546 - INFO - DIV SUPER! cleanup carefully
2024-09-16 16:17:21,480 - INFO - DIV SUPER! cleanup carefully
2024-09-16 16:17:21,487 - INFO - DIV SUPER! cleanup carefully
2024-09-16 16:17:21,690 - INFO - DIV SUPER! cleanup carefully
2024-09-16 16:17:21,714 - INFO - DIV SUPER! cleanup carefully
2024-09-16 16:17:21,838 - INFO - DIV SUPER! cleanup carefully
2024-09-16 16:17:22,615 - INFO - DIV SUPER! cleanup carefully
2024-09-16 16:17:22,671 - INFO - DIV SUPER! cleanup carefully
2024-09-16 16:17:22,846 - INFO - DIV SUPER! cleanup carefully
2024-09-16 16:17:22,872 - INFO - DIV SUPER! cleanup carefully
2024-09-16 16:17:22,950 - INFO - DIV SUPER! cleanup carefully
2024-09-16 16:17:23,706 - INFO - DIV SUPER! cleanup carefully
2024-09-16 16:17:23,967 - INFO - DIV SUPER! cleanup carefully
2024-09-16 16:17:24,061 - INFO - DIV SUPER! cleanup carefully
2024-09-16 16:17:25,085 - INFO - DIV SUPER! cleanup carefully
2024-09-16 16:17:26,198 - INFO - DIV SUPER! cleanup carefully
2024-09-16 16:17:27,457 - INFO - DIV SUPER! cleanup carefully
2024-09-16 16:17:28,571 - INFO - DIV SUPER! cleanup carefully
2024-09-16 16:17:29,962 - INFO - DIV SUPER! cleanup carefully
2024-09-16 16:17:29,984 - INFO - DIV SUPER! cleanup carefully
2024-09-16 16:17:29,993 - INFO - DIV SUPER! cleanup carefully
2024-09-16 16:17:30,107 - INFO - DIV SUPER! cleanup carefully
2024-09-16 16:17:31,062 - INFO - DIV SUPER! cleanup carefully
2024-09-16 16:17:31,097 - ERROR - DIV gZofSlUU CAN NOT CAREFULLY CLEANUP!
ERORR:
Traceback (most recent call last):
  File "/home/sjd/Documents/Realstate-Ads-Data-divar-sheypoor/parser/lev2_parser/div_lev2_parser/fun_div_parser_lev2.py", line 25, in div_parser2
    p_clean_sec(data)
  File "/home/sjd/Documents/Realstate-Ads-Data-divar-sheypoor/parser/lev2_parser/div_lev2_parser/plus_cleaning_section.py", line 38, in p_clean_sec
    if bool(dicfdr(data['sections'][des_num1]['widgets'], "widget_type", "GROUP_INFO_ROW")):
KeyError: 'widgets'
2024-09-16 16:17:31,113 - INFO - DIV SUPER! cleanup carefully
2024-09-16 16:17:31,598 - INFO - DIV SUPER! cleanup carefully
2024-09-16 16:17:32,142 - INFO - DIV SUPER! cleanup carefully
2024-09-16 16:17:32,216 - INFO - DIV SUPER! cleanup carefully
2024-09-16 16:17:32,227 - INFO - DIV SUPER! cleanup carefully
2024-09-16 16:17:32,240 - INFO - DIV SUPER! cleanup carefully
2024-09-16 16:17:32,701 - INFO - DIV SUPER! cleanup carefully
2024-09-16 16:17:33,230 - INFO - DIV SUPER! cleanup carefully
2024-09-16 16:17:33,313 - INFO - DIV SUPER! cleanup carefully
2024-09-16 16:17:33,334 - INFO - DIV SUPER! cleanup carefully
2024-09-16 16:17:33,343 - INFO - DIV SUPER! cleanup carefully
2024-09-16 16:17:33,769 - INFO - DIV SUPER! cleanup carefully
2024-09-16 16:17:34,311 - INFO - DIV SUPER! cleanup carefully
2024-09-16 16:17:34,407 - INFO - DIV SUPER! cleanup carefully
2024-09-16 16:17:34,424 - INFO - DIV SUPER! cleanup carefully
2024-09-16 16:17:34,861 - INFO - DIV SUPER! cleanup carefully
2024-09-16 16:17:35,432 - INFO - DIV SUPER! cleanup carefully
2024-09-16 16:17:36,512 - INFO - DIV SUPER! cleanup carefully
2024-09-16 16:17:37,625 - INFO - DIV SUPER! cleanup carefully
2024-09-16 16:17:38,466 - INFO - DIV SUPER! cleanup carefully
2024-09-16 16:17:38,471 - INFO - DIV SUPER! cleanup carefully
2024-09-16 16:17:38,498 - INFO - DIV SUPER! cleanup carefully
2024-09-16 16:17:38,716 - INFO - DIV SUPER! cleanup carefully
2024-09-16 16:17:38,855 - INFO - DIV SUPER! cleanup carefully
2024-09-16 16:17:39,543 - INFO - DIV SUPER! cleanup carefully
2024-09-16 16:17:39,550 - INFO - DIV SUPER! cleanup carefully
2024-09-16 16:17:39,582 - INFO - DIV SUPER! cleanup carefully
2024-09-16 16:17:39,800 - INFO - DIV SUPER! cleanup carefully
2024-09-16 16:17:39,952 - INFO - DIV SUPER! cleanup carefully
2024-09-16 16:17:40,676 - INFO - DIV SUPER! cleanup carefully
2024-09-16 16:17:40,701 - INFO - DIV SUPER! cleanup carefully
2024-09-16 16:17:40,715 - INFO - DIV SUPER! cleanup carefully
2024-09-16 16:17:40,865 - INFO - DIV SUPER! cleanup carefully
2024-09-16 16:17:41,091 - INFO - DIV SUPER! cleanup carefully
2024-09-16 16:17:41,791 - INFO - DIV SUPER! cleanup carefully
2024-09-16 16:17:41,797 - INFO - DIV SUPER! cleanup carefully
2024-09-16 16:17:41,825 - INFO - DIV SUPER! cleanup carefully
2024-09-16 16:17:41,959 - INFO - DIV SUPER! cleanup carefully
2024-09-16 16:17:42,242 - INFO - DIV SUPER! cleanup carefully
2024-09-16 16:17:53,020 - INFO - DIV SUPER! cleanup carefully
2024-09-16 16:18:03,039 - INFO - DIV SUPER! cleanup carefully
2024-09-16 16:18:13,060 - INFO - DIV SUPER! cleanup carefully
2024-09-16 16:18:23,078 - INFO - DIV SUPER! cleanup carefully
2024-09-16 16:18:33,100 - INFO - DIV SUPER! cleanup carefully
2024-09-16 16:18:43,125 - INFO - DIV SUPER! cleanup carefully
2024-09-16 16:18:53,139 - INFO - DIV SUPER! cleanup carefully
2024-09-16 16:19:03,155 - INFO - DIV SUPER! cleanup carefully
2024-09-16 16:19:13,169 - INFO - DIV SUPER! cleanup carefully
2024-09-16 16:19:22,363 - INFO - DIV SUPER! cleanup carefully
2024-09-16 16:19:22,382 - INFO - DIV SUPER! cleanup carefully
2024-09-16 16:19:22,392 - INFO - DIV SUPER! cleanup carefully
2024-09-16 16:19:22,400 - INFO - DIV SUPER! cleanup carefully
2024-09-16 16:19:22,407 - INFO - DIV SUPER! cleanup carefully
2024-09-16 16:19:22,414 - INFO - DIV SUPER! cleanup carefully
2024-09-16 16:19:22,421 - INFO - DIV SUPER! cleanup carefully
2024-09-16 16:19:22,427 - INFO - DIV SUPER! cleanup carefully
2024-09-16 16:19:22,433 - INFO - DIV SUPER! cleanup carefully
2024-09-16 16:19:22,439 - INFO - DIV SUPER! cleanup carefully
2024-09-16 16:19:22,445 - INFO - DIV SUPER! cleanup carefully
2024-09-16 16:19:22,452 - INFO - DIV SUPER! cleanup carefully
2024-09-16 16:19:22,458 - INFO - DIV SUPER! cleanup carefully
2024-09-16 16:19:22,464 - INFO - DIV SUPER! cleanup carefully
2024-09-16 16:19:22,470 - INFO - DIV SUPER! cleanup carefully
2024-09-16 16:19:22,476 - INFO - DIV SUPER! cleanup carefully
2024-09-16 16:19:22,483 - INFO - DIV SUPER! cleanup carefully
2024-09-16 16:19:22,489 - INFO - DIV SUPER! cleanup carefully
2024-09-16 16:19:22,494 - INFO - DIV SUPER! cleanup carefully
2024-09-16 16:19:22,500 - INFO - DIV SUPER! cleanup carefully
2024-09-16 16:19:22,506 - INFO - DIV SUPER! cleanup carefully
2024-09-16 16:19:22,511 - INFO - DIV SUPER! cleanup carefully
2024-09-16 16:19:22,517 - INFO - DIV SUPER! cleanup carefully
2024-09-16 16:19:22,523 - INFO - DIV SUPER! cleanup carefully
2024-09-16 16:19:22,529 - INFO - DIV SUPER! cleanup carefully
2024-09-16 16:19:22,542 - INFO - DIV SUPER! cleanup carefully
2024-09-16 16:19:22,555 - INFO - DIV SUPER! cleanup carefully
2024-09-16 16:19:22,580 - INFO - DIV SUPER! cleanup carefully
2024-09-16 16:19:22,604 - INFO - DIV SUPER! cleanup carefully
2024-09-16 16:19:23,493 - INFO - DIV SUPER! cleanup carefully
2024-09-16 16:19:24,956 - INFO - DIV SUPER! cleanup carefully
2024-09-16 16:19:25,841 - INFO - DIV SUPER! cleanup carefully
2024-09-16 16:19:26,052 - INFO - DIV SUPER! cleanup carefully
2024-09-16 16:19:26,136 - INFO - DIV SUPER! cleanup carefully
2024-09-16 16:19:26,142 - INFO - DIV SUPER! cleanup carefully
2024-09-16 16:19:26,172 - INFO - DIV SUPER! cleanup carefully
2024-09-16 16:19:26,930 - INFO - DIV SUPER! cleanup carefully
2024-09-16 16:19:27,147 - INFO - DIV SUPER! cleanup carefully
2024-09-16 16:19:27,215 - INFO - DIV SUPER! cleanup carefully
2024-09-16 16:19:27,243 - INFO - DIV SUPER! cleanup carefully
2024-09-16 16:19:27,307 - INFO - DIV SUPER! cleanup carefully
2024-09-16 16:19:28,121 - INFO - DIV SUPER! cleanup carefully
2024-09-16 16:19:28,248 - INFO - DIV SUPER! cleanup carefully
2024-09-16 16:19:28,296 - INFO - DIV SUPER! cleanup carefully
2024-09-16 16:19:28,337 - INFO - DIV SUPER! cleanup carefully
2024-09-16 16:19:28,450 - INFO - DIV SUPER! cleanup carefully
2024-09-16 16:19:29,223 - INFO - DIV SUPER! cleanup carefully
2024-09-16 16:19:29,382 - INFO - DIV SUPER! cleanup carefully
2024-09-16 16:19:29,416 - INFO - DIV SUPER! cleanup carefully
2024-09-16 16:19:29,429 - INFO - DIV SUPER! cleanup carefully
2024-09-16 16:19:29,532 - INFO - DIV SUPER! cleanup carefully
2024-09-16 16:19:30,316 - INFO - DIV SUPER! cleanup carefully
2024-09-16 16:19:30,547 - INFO - DIV SUPER! cleanup carefully
2024-09-16 16:19:30,570 - INFO - DIV SUPER! cleanup carefully
2024-09-16 16:19:30,581 - INFO - DIV SUPER! cleanup carefully
2024-09-16 16:19:30,651 - INFO - DIV SUPER! cleanup carefully
2024-09-16 16:19:31,666 - INFO - DIV SUPER! cleanup carefully
2024-09-16 16:19:31,691 - INFO - DIV SUPER! cleanup carefully
2024-09-16 16:19:31,699 - INFO - DIV SUPER! cleanup carefully
2024-09-16 16:19:31,729 - INFO - DIV SUPER! cleanup carefully
2024-09-16 16:19:31,823 - INFO - DIV SUPER! cleanup carefully
2024-09-16 16:19:32,791 - INFO - DIV SUPER! cleanup carefully
2024-09-16 16:19:32,841 - INFO - DIV SUPER! cleanup carefully
2024-09-16 16:19:32,850 - INFO - DIV SUPER! cleanup carefully
2024-09-16 16:19:33,276 - INFO - DIV SUPER! cleanup carefully
2024-09-16 16:19:33,287 - INFO - DIV SUPER! cleanup carefully
2024-09-16 16:19:33,924 - INFO - DIV SUPER! cleanup carefully
2024-09-16 16:19:33,959 - INFO - DIV SUPER! cleanup carefully
2024-09-16 16:19:33,974 - INFO - DIV SUPER! cleanup carefully
2024-09-16 16:19:34,411 - INFO - DIV SUPER! cleanup carefully
2024-09-16 16:19:34,417 - INFO - DIV SUPER! cleanup carefully
2024-09-16 16:19:35,075 - INFO - DIV SUPER! cleanup carefully
2024-09-16 16:19:35,096 - ERROR - DIV gZhZWLqx CAN NOT CAREFULLY CLEANUP!
ERORR:
Traceback (most recent call last):
  File "/home/sjd/Documents/Realstate-Ads-Data-divar-sheypoor/parser/lev2_parser/div_lev2_parser/fun_div_parser_lev2.py", line 25, in div_parser2
    p_clean_sec(data)
  File "/home/sjd/Documents/Realstate-Ads-Data-divar-sheypoor/parser/lev2_parser/div_lev2_parser/plus_cleaning_section.py", line 38, in p_clean_sec
    if bool(dicfdr(data['sections'][des_num1]['widgets'], "widget_type", "GROUP_INFO_ROW")):
KeyError: 'widgets'
2024-09-16 16:19:35,101 - INFO - DIV SUPER! cleanup carefully
2024-09-16 16:19:35,482 - INFO - DIV SUPER! cleanup carefully
2024-09-16 16:19:35,511 - INFO - DIV SUPER! cleanup carefully
2024-09-16 16:19:36,210 - INFO - DIV SUPER! cleanup carefully
2024-09-16 16:19:36,240 - INFO - DIV SUPER! cleanup carefully
2024-09-16 16:19:36,250 - INFO - DIV SUPER! cleanup carefully
2024-09-16 16:19:36,574 - INFO - DIV SUPER! cleanup carefully
2024-09-16 16:19:36,611 - INFO - DIV SUPER! cleanup carefully
2024-09-16 16:19:37,354 - INFO - DIV SUPER! cleanup carefully
2024-09-16 16:19:37,361 - INFO - DIV SUPER! cleanup carefully
2024-09-16 16:19:37,401 - INFO - DIV SUPER! cleanup carefully
2024-09-16 16:19:37,726 - INFO - DIV SUPER! cleanup carefully
2024-09-16 16:19:37,743 - INFO - DIV SUPER! cleanup carefully
2024-09-16 16:19:38,482 - INFO - DIV SUPER! cleanup carefully
2024-09-16 16:19:38,491 - INFO - DIV SUPER! cleanup carefully
2024-09-16 16:19:38,852 - INFO - DIV SUPER! cleanup carefully
2024-09-16 16:19:38,864 - INFO - DIV SUPER! cleanup carefully
2024-09-16 16:19:38,873 - INFO - DIV SUPER! cleanup carefully
2024-09-16 16:19:39,583 - INFO - DIV SUPER! cleanup carefully
2024-09-16 16:19:39,617 - INFO - DIV SUPER! cleanup carefully
2024-09-16 16:19:39,993 - INFO - DIV SUPER! cleanup carefully
2024-09-16 16:19:40,004 - INFO - DIV SUPER! cleanup carefully
2024-09-16 16:19:40,012 - INFO - DIV SUPER! cleanup carefully
2024-09-16 16:19:40,657 - INFO - DIV SUPER! cleanup carefully
2024-09-16 16:19:40,747 - INFO - DIV SUPER! cleanup carefully
2024-09-16 16:19:41,109 - INFO - DIV SUPER! cleanup carefully
2024-09-16 16:19:41,137 - INFO - DIV SUPER! cleanup carefully
2024-09-16 16:19:41,150 - INFO - DIV SUPER! cleanup carefully
2024-09-16 16:19:41,747 - INFO - DIV SUPER! cleanup carefully
2024-09-16 16:19:41,875 - INFO - DIV SUPER! cleanup carefully
2024-09-16 16:19:42,207 - INFO - DIV SUPER! cleanup carefully
2024-09-16 16:19:42,242 - INFO - DIV SUPER! cleanup carefully
2024-09-16 16:19:42,454 - INFO - DIV SUPER! cleanup carefully
2024-09-16 16:19:42,858 - INFO - DIV SUPER! cleanup carefully
2024-09-16 16:19:43,009 - ERROR - DIV gZonyJ1o CAN NOT CAREFULLY CLEANUP!
ERORR:
Traceback (most recent call last):
  File "/home/sjd/Documents/Realstate-Ads-Data-divar-sheypoor/parser/lev2_parser/div_lev2_parser/fun_div_parser_lev2.py", line 25, in div_parser2
    p_clean_sec(data)
  File "/home/sjd/Documents/Realstate-Ads-Data-divar-sheypoor/parser/lev2_parser/div_lev2_parser/plus_cleaning_section.py", line 38, in p_clean_sec
    if bool(dicfdr(data['sections'][des_num1]['widgets'], "widget_type", "GROUP_INFO_ROW")):
KeyError: 'widgets'
2024-09-16 16:19:43,302 - INFO - DIV SUPER! cleanup carefully
2024-09-16 16:19:43,338 - INFO - DIV SUPER! cleanup carefully
2024-09-16 16:19:43,538 - INFO - DIV SUPER! cleanup carefully
2024-09-16 16:19:43,978 - INFO - DIV SUPER! cleanup carefully
2024-09-16 16:19:44,076 - INFO - DIV SUPER! cleanup carefully
2024-09-16 16:19:44,426 - INFO - DIV SUPER! cleanup carefully
2024-09-16 16:19:44,450 - INFO - DIV SUPER! cleanup carefully
2024-09-16 16:19:44,653 - INFO - DIV SUPER! cleanup carefully
2024-09-16 16:19:45,072 - INFO - DIV SUPER! cleanup carefully
2024-09-16 16:19:45,140 - INFO - DIV SUPER! cleanup carefully
2024-09-16 16:19:45,493 - INFO - DIV SUPER! cleanup carefully
2024-09-16 16:19:45,541 - INFO - DIV SUPER! cleanup carefully
2024-09-16 16:19:45,787 - INFO - DIV SUPER! cleanup carefully
2024-09-16 16:19:46,182 - INFO - DIV SUPER! cleanup carefully
2024-09-16 16:19:46,210 - INFO - DIV SUPER! cleanup carefully
2024-09-16 16:19:46,633 - INFO - DIV SUPER! cleanup carefully
2024-09-16 16:19:46,656 - INFO - DIV SUPER! cleanup carefully
2024-09-16 16:19:46,902 - INFO - DIV SUPER! cleanup carefully
2024-09-16 16:19:47,304 - INFO - DIV SUPER! cleanup carefully
2024-09-16 16:19:47,326 - INFO - DIV SUPER! cleanup carefully
2024-09-16 16:19:57,682 - INFO - DIV SUPER! cleanup carefully
2024-09-16 16:20:07,690 - INFO - DIV SUPER! cleanup carefully
2024-09-16 16:20:17,706 - INFO - DIV SUPER! cleanup carefully
2024-09-16 16:20:27,722 - INFO - DIV SUPER! cleanup carefully
2024-09-16 16:20:37,750 - INFO - DIV SUPER! cleanup carefully
2024-09-16 16:20:47,772 - INFO - DIV SUPER! cleanup carefully
2024-09-16 16:20:57,795 - INFO - DIV SUPER! cleanup carefully
2024-09-16 16:21:07,807 - INFO - DIV SUPER! cleanup carefully
2024-09-16 16:21:17,829 - INFO - DIV SUPER! cleanup carefully
2024-09-16 16:21:27,845 - INFO - DIV SUPER! cleanup carefully
2024-09-16 16:21:37,858 - INFO - DIV SUPER! cleanup carefully
2024-09-16 16:21:47,873 - INFO - DIV SUPER! cleanup carefully
2024-09-16 16:21:57,892 - INFO - DIV SUPER! cleanup carefully
2024-09-16 16:22:07,909 - INFO - DIV SUPER! cleanup carefully
2024-09-16 16:22:17,917 - INFO - DIV SUPER! cleanup carefully
2024-09-16 16:22:27,931 - INFO - DIV SUPER! cleanup carefully
2024-09-16 16:22:37,953 - INFO - DIV SUPER! cleanup carefully
2024-09-16 16:22:47,396 - INFO - DIV SUPER! cleanup carefully
2024-09-16 16:22:57,401 - INFO - DIV SUPER! cleanup carefully
2024-09-16 16:22:57,413 - INFO - DIV SUPER! cleanup carefully
2024-09-16 16:22:57,424 - INFO - DIV SUPER! cleanup carefully
2024-09-16 16:22:57,433 - INFO - DIV SUPER! cleanup carefully
2024-09-16 16:22:57,442 - INFO - DIV SUPER! cleanup carefully
2024-09-16 16:22:57,455 - INFO - DIV SUPER! cleanup carefully
2024-09-16 16:22:57,465 - INFO - DIV SUPER! cleanup carefully
2024-09-16 16:22:57,474 - INFO - DIV SUPER! cleanup carefully
2024-09-16 16:22:57,484 - INFO - DIV SUPER! cleanup carefully
2024-09-16 16:22:57,493 - INFO - DIV SUPER! cleanup carefully
2024-09-16 16:22:57,505 - INFO - DIV SUPER! cleanup carefully
2024-09-16 16:22:57,515 - INFO - DIV SUPER! cleanup carefully
2024-09-16 16:22:57,522 - INFO - DIV SUPER! cleanup carefully
2024-09-16 16:22:57,531 - INFO - DIV SUPER! cleanup carefully
2024-09-16 16:22:57,545 - ERROR - DIV QZ1yfaF0 CAN NOT CAREFULLY CLEANUP!
ERORR:
Traceback (most recent call last):
  File "/home/sjd/Documents/Realstate-Ads-Data-divar-sheypoor/parser/lev2_parser/div_lev2_parser/fun_div_parser_lev2.py", line 25, in div_parser2
    p_clean_sec(data)
  File "/home/sjd/Documents/Realstate-Ads-Data-divar-sheypoor/parser/lev2_parser/div_lev2_parser/plus_cleaning_section.py", line 38, in p_clean_sec
    if bool(dicfdr(data['sections'][des_num1]['widgets'], "widget_type", "GROUP_INFO_ROW")):
KeyError: 'widgets'
2024-09-16 16:22:57,547 - INFO - DIV SUPER! cleanup carefully
2024-09-16 16:22:57,560 - INFO - DIV SUPER! cleanup carefully
2024-09-16 16:22:57,571 - INFO - DIV SUPER! cleanup carefully
2024-09-16 16:22:57,579 - INFO - DIV SUPER! cleanup carefully
2024-09-16 16:22:57,587 - INFO - DIV SUPER! cleanup carefully
2024-09-16 16:22:57,593 - INFO - DIV SUPER! cleanup carefully
2024-09-16 16:22:57,605 - INFO - DIV SUPER! cleanup carefully
2024-09-16 16:22:57,620 - INFO - DIV SUPER! cleanup carefully
2024-09-16 16:22:57,636 - INFO - DIV SUPER! cleanup carefully
2024-09-16 16:22:57,652 - INFO - DIV SUPER! cleanup carefully
2024-09-16 16:22:57,670 - INFO - DIV SUPER! cleanup carefully
2024-09-16 16:22:57,681 - INFO - DIV SUPER! cleanup carefully
2024-09-16 16:22:57,690 - INFO - DIV SUPER! cleanup carefully
2024-09-16 16:22:57,697 - INFO - DIV SUPER! cleanup carefully
2024-09-16 16:22:57,703 - INFO - DIV SUPER! cleanup carefully
2024-09-16 16:22:57,715 - INFO - DIV SUPER! cleanup carefully
2024-09-16 16:22:57,722 - INFO - DIV SUPER! cleanup carefully
2024-09-16 16:22:57,729 - INFO - DIV SUPER! cleanup carefully
2024-09-16 16:22:57,735 - INFO - DIV SUPER! cleanup carefully
2024-09-16 16:22:57,742 - INFO - DIV SUPER! cleanup carefully
2024-09-16 16:22:57,748 - INFO - DIV SUPER! cleanup carefully
2024-09-16 16:22:57,757 - INFO - DIV SUPER! cleanup carefully
2024-09-16 16:22:57,764 - INFO - DIV SUPER! cleanup carefully
2024-09-16 16:22:57,770 - INFO - DIV SUPER! cleanup carefully
2024-09-16 16:22:57,780 - INFO - DIV SUPER! cleanup carefully
2024-09-16 16:22:57,788 - INFO - DIV SUPER! cleanup carefully
2024-09-16 16:22:57,798 - INFO - DIV SUPER! cleanup carefully
2024-09-16 16:22:57,805 - INFO - DIV SUPER! cleanup carefully
2024-09-16 16:22:57,814 - INFO - DIV SUPER! cleanup carefully
2024-09-16 16:22:57,822 - INFO - DIV SUPER! cleanup carefully
2024-09-16 16:22:57,829 - INFO - DIV SUPER! cleanup carefully
2024-09-16 16:22:57,839 - INFO - DIV SUPER! cleanup carefully
2024-09-16 16:22:57,849 - INFO - DIV SUPER! cleanup carefully
2024-09-16 16:22:57,856 - INFO - DIV SUPER! cleanup carefully
2024-09-16 16:22:57,864 - INFO - DIV SUPER! cleanup carefully
2024-09-16 16:22:57,871 - INFO - DIV SUPER! cleanup carefully
2024-09-16 16:22:57,878 - INFO - DIV SUPER! cleanup carefully
2024-09-16 16:22:57,886 - INFO - DIV SUPER! cleanup carefully
2024-09-16 16:22:57,892 - INFO - DIV SUPER! cleanup carefully
2024-09-16 16:22:57,900 - INFO - DIV SUPER! cleanup carefully
2024-09-16 16:22:57,908 - INFO - DIV SUPER! cleanup carefully
2024-09-16 16:22:57,915 - INFO - DIV SUPER! cleanup carefully
2024-09-16 16:22:57,924 - INFO - DIV SUPER! cleanup carefully
2024-09-16 16:22:57,930 - INFO - DIV SUPER! cleanup carefully
2024-09-16 16:22:57,937 - INFO - DIV SUPER! cleanup carefully
2024-09-16 16:22:57,944 - INFO - DIV SUPER! cleanup carefully
2024-09-16 16:22:57,951 - INFO - DIV SUPER! cleanup carefully
2024-09-16 16:22:57,958 - INFO - DIV SUPER! cleanup carefully
2024-09-16 16:22:57,964 - INFO - DIV SUPER! cleanup carefully
2024-09-16 16:22:57,970 - INFO - DIV SUPER! cleanup carefully
2024-09-16 16:22:57,977 - INFO - DIV SUPER! cleanup carefully
2024-09-16 16:22:57,984 - INFO - DIV SUPER! cleanup carefully
2024-09-16 16:22:58,086 - INFO - DIV SUPER! cleanup carefully
2024-09-16 16:22:58,182 - INFO - DIV SUPER! cleanup carefully
2024-09-16 16:22:58,216 - INFO - DIV SUPER! cleanup carefully
2024-09-16 16:22:58,483 - INFO - DIV SUPER! cleanup carefully
2024-09-16 16:22:58,498 - INFO - DIV SUPER! cleanup carefully
2024-09-16 16:22:59,168 - INFO - DIV SUPER! cleanup carefully
2024-09-16 16:22:59,303 - INFO - DIV SUPER! cleanup carefully
2024-09-16 16:22:59,614 - INFO - DIV SUPER! cleanup carefully
2024-09-16 16:22:59,630 - INFO - DIV SUPER! cleanup carefully
2024-09-16 16:22:59,832 - INFO - DIV SUPER! cleanup carefully
2024-09-16 16:23:00,254 - INFO - DIV SUPER! cleanup carefully
2024-09-16 16:23:00,370 - INFO - DIV SUPER! cleanup carefully
2024-09-16 16:23:00,702 - INFO - DIV SUPER! cleanup carefully
2024-09-16 16:23:00,722 - INFO - DIV SUPER! cleanup carefully
2024-09-16 16:23:00,977 - INFO - DIV SUPER! cleanup carefully
2024-09-16 16:23:01,356 - INFO - DIV SUPER! cleanup carefully
2024-09-16 16:23:01,442 - INFO - DIV SUPER! cleanup carefully
2024-09-16 16:23:01,785 - INFO - DIV SUPER! cleanup carefully
2024-09-16 16:23:02,118 - INFO - DIV SUPER! cleanup carefully
2024-09-16 16:23:02,471 - INFO - DIV SUPER! cleanup carefully
2024-09-16 16:23:02,509 - INFO - DIV SUPER! cleanup carefully
2024-09-16 16:23:02,876 - INFO - DIV SUPER! cleanup carefully
2024-09-16 16:23:03,079 - INFO - DIV SUPER! cleanup carefully
2024-09-16 16:23:03,242 - INFO - DIV SUPER! cleanup carefully
2024-09-16 16:23:03,630 - INFO - DIV SUPER! cleanup carefully
2024-09-16 16:23:04,030 - INFO - DIV SUPER! cleanup carefully
2024-09-16 16:23:04,063 - INFO - DIV SUPER! cleanup carefully
2024-09-16 16:23:04,247 - INFO - DIV SUPER! cleanup carefully
2024-09-16 16:23:04,441 - INFO - DIV SUPER! cleanup carefully
2024-09-16 16:23:04,707 - INFO - DIV SUPER! cleanup carefully
2024-09-16 16:23:05,140 - INFO - DIV SUPER! cleanup carefully
2024-09-16 16:23:05,164 - INFO - DIV SUPER! cleanup carefully
2024-09-16 16:23:05,332 - INFO - DIV SUPER! cleanup carefully
2024-09-16 16:23:05,525 - INFO - DIV SUPER! cleanup carefully
2024-09-16 16:23:05,833 - INFO - DIV SUPER! cleanup carefully
2024-09-16 16:23:06,260 - INFO - DIV SUPER! cleanup carefully
2024-09-16 16:23:06,268 - INFO - DIV SUPER! cleanup carefully
2024-09-16 16:23:06,431 - INFO - DIV SUPER! cleanup carefully
2024-09-16 16:23:06,653 - INFO - DIV SUPER! cleanup carefully
2024-09-16 16:23:06,973 - INFO - DIV SUPER! cleanup carefully
2024-09-16 16:23:07,364 - INFO - DIV SUPER! cleanup carefully
2024-09-16 16:23:07,373 - INFO - DIV SUPER! cleanup carefully
2024-09-16 16:23:07,813 - INFO - DIV SUPER! cleanup carefully
2024-09-16 16:23:08,419 - INFO - DIV SUPER! cleanup carefully
2024-09-16 16:23:08,548 - INFO - DIV SUPER! cleanup carefully
2024-09-16 16:23:08,716 - INFO - DIV SUPER! cleanup carefully
2024-09-16 16:23:08,737 - INFO - DIV SUPER! cleanup carefully
2024-09-16 16:23:08,937 - INFO - DIV SUPER! cleanup carefully
2024-09-16 16:23:09,525 - INFO - DIV SUPER! cleanup carefully
2024-09-16 16:23:09,666 - INFO - DIV SUPER! cleanup carefully
2024-09-16 16:23:09,836 - INFO - DIV SUPER! cleanup carefully
2024-09-16 16:23:09,869 - INFO - DIV SUPER! cleanup carefully
2024-09-16 16:23:10,054 - INFO - DIV SUPER! cleanup carefully
2024-09-16 16:23:10,631 - INFO - DIV SUPER! cleanup carefully
2024-09-16 16:23:10,758 - INFO - DIV SUPER! cleanup carefully
2024-09-16 16:23:10,994 - INFO - DIV SUPER! cleanup carefully
2024-09-16 16:23:11,011 - INFO - DIV SUPER! cleanup carefully
2024-09-16 16:23:11,176 - INFO - DIV SUPER! cleanup carefully
2024-09-16 16:23:11,745 - INFO - DIV SUPER! cleanup carefully
2024-09-16 16:23:11,809 - INFO - DIV SUPER! cleanup carefully
2024-09-16 16:23:12,264 - INFO - DIV SUPER! cleanup carefully
2024-09-16 16:23:12,457 - INFO - DIV SUPER! cleanup carefully
2024-09-16 16:23:12,464 - INFO - DIV SUPER! cleanup carefully
2024-09-16 16:23:12,806 - INFO - DIV SUPER! cleanup carefully
2024-09-16 16:23:12,949 - INFO - DIV SUPER! cleanup carefully
2024-09-16 16:23:13,414 - INFO - DIV SUPER! cleanup carefully
2024-09-16 16:23:13,578 - INFO - DIV SUPER! cleanup carefully
2024-09-16 16:23:13,592 - INFO - DIV SUPER! cleanup carefully
2024-09-16 16:23:13,897 - INFO - DIV SUPER! cleanup carefully
2024-09-16 16:23:14,048 - INFO - DIV SUPER! cleanup carefully
2024-09-16 16:23:14,523 - INFO - DIV SUPER! cleanup carefully
2024-09-16 16:23:14,659 - INFO - DIV SUPER! cleanup carefully
2024-09-16 16:23:15,009 - INFO - DIV SUPER! cleanup carefully
2024-09-16 16:23:15,045 - INFO - DIV SUPER! cleanup carefully
2024-09-16 16:23:15,153 - INFO - DIV SUPER! cleanup carefully
2024-09-16 16:23:15,650 - INFO - DIV SUPER! cleanup carefully
2024-09-16 16:23:15,744 - INFO - DIV SUPER! cleanup carefully
2024-09-16 16:23:16,143 - INFO - DIV SUPER! cleanup carefully
2024-09-16 16:23:16,173 - INFO - DIV SUPER! cleanup carefully
2024-09-16 16:23:16,288 - INFO - DIV SUPER! cleanup carefully
2024-09-16 16:23:16,772 - INFO - DIV SUPER! cleanup carefully
2024-09-16 16:23:16,819 - INFO - DIV SUPER! cleanup carefully
2024-09-16 16:23:17,301 - INFO - DIV SUPER! cleanup carefully
2024-09-16 16:23:17,417 - INFO - DIV SUPER! cleanup carefully
2024-09-16 16:23:17,603 - INFO - DIV SUPER! cleanup carefully
2024-09-16 16:23:17,893 - INFO - DIV SUPER! cleanup carefully
2024-09-16 16:23:17,900 - INFO - DIV SUPER! cleanup carefully
2024-09-16 16:23:18,449 - INFO - DIV SUPER! cleanup carefully
2024-09-16 16:23:18,540 - INFO - DIV SUPER! cleanup carefully
2024-09-16 16:23:18,757 - INFO - DIV SUPER! cleanup carefully
2024-09-16 16:23:18,984 - INFO - DIV SUPER! cleanup carefully
2024-09-16 16:23:19,166 - INFO - DIV SUPER! cleanup carefully
2024-09-16 16:23:19,536 - INFO - DIV SUPER! cleanup carefully
2024-09-16 16:23:19,653 - INFO - DIV SUPER! cleanup carefully
2024-09-16 16:23:20,057 - INFO - DIV SUPER! cleanup carefully
2024-09-16 16:23:20,078 - INFO - DIV SUPER! cleanup carefully
2024-09-16 16:23:20,286 - INFO - DIV SUPER! cleanup carefully
2024-09-16 16:23:20,663 - INFO - DIV SUPER! cleanup carefully
2024-09-16 16:23:20,759 - INFO - DIV SUPER! cleanup carefully
2024-09-16 16:23:21,137 - INFO - DIV SUPER! cleanup carefully
2024-09-16 16:23:21,158 - INFO - DIV SUPER! cleanup carefully
2024-09-16 16:23:21,412 - INFO - DIV SUPER! cleanup carefully
2024-09-16 16:23:21,772 - INFO - DIV SUPER! cleanup carefully
2024-09-16 16:23:22,247 - INFO - DIV SUPER! cleanup carefully
2024-09-16 16:23:22,254 - INFO - DIV SUPER! cleanup carefully
2024-09-16 16:23:22,354 - INFO - DIV SUPER! cleanup carefully
2024-09-16 16:23:22,989 - INFO - DIV SUPER! cleanup carefully
2024-09-16 16:23:22,996 - INFO - DIV SUPER! cleanup carefully
2024-09-16 16:23:23,369 - INFO - DIV SUPER! cleanup carefully
2024-09-16 16:23:23,386 - INFO - DIV SUPER! cleanup carefully
2024-09-16 16:23:23,488 - INFO - DIV SUPER! cleanup carefully
2024-09-16 16:23:24,088 - INFO - DIV SUPER! cleanup carefully
2024-09-16 16:23:24,098 - INFO - DIV SUPER! cleanup carefully
2024-09-16 16:23:24,469 - INFO - DIV SUPER! cleanup carefully
2024-09-16 16:23:24,492 - INFO - DIV SUPER! cleanup carefully
2024-09-16 16:23:24,599 - INFO - DIV SUPER! cleanup carefully
2024-09-16 16:23:25,202 - INFO - DIV SUPER! cleanup carefully
2024-09-16 16:23:25,229 - INFO - DIV SUPER! cleanup carefully
2024-09-16 16:23:25,584 - INFO - DIV SUPER! cleanup carefully
2024-09-16 16:23:25,640 - INFO - DIV SUPER! cleanup carefully
2024-09-16 16:23:25,688 - INFO - DIV SUPER! cleanup carefully
2024-09-16 16:23:26,344 - INFO - DIV SUPER! cleanup carefully
2024-09-16 16:23:26,366 - INFO - DIV SUPER! cleanup carefully
2024-09-16 16:23:26,733 - INFO - DIV SUPER! cleanup carefully
2024-09-16 16:23:26,749 - INFO - DIV SUPER! cleanup carefully
2024-09-16 16:23:26,788 - INFO - DIV SUPER! cleanup carefully
2024-09-16 16:23:27,524 - INFO - DIV SUPER! cleanup carefully
2024-09-16 16:23:27,540 - INFO - DIV SUPER! cleanup carefully
2024-09-16 16:23:27,922 - INFO - DIV SUPER! cleanup carefully
2024-09-16 16:23:27,934 - INFO - DIV SUPER! cleanup carefully
2024-09-16 16:23:27,940 - INFO - DIV SUPER! cleanup carefully
2024-09-16 16:23:28,639 - INFO - DIV SUPER! cleanup carefully
2024-09-16 16:23:28,679 - INFO - DIV SUPER! cleanup carefully
2024-09-16 16:23:29,044 - INFO - DIV SUPER! cleanup carefully
2024-09-16 16:23:29,051 - INFO - DIV SUPER! cleanup carefully
2024-09-16 16:23:29,057 - INFO - DIV SUPER! cleanup carefully
2024-09-16 16:23:29,740 - INFO - DIV SUPER! cleanup carefully
2024-09-16 16:23:29,794 - INFO - DIV SUPER! cleanup carefully
2024-09-16 16:23:30,163 - INFO - DIV SUPER! cleanup carefully
2024-09-16 16:23:30,184 - INFO - DIV SUPER! cleanup carefully
2024-09-16 16:23:30,644 - INFO - DIV SUPER! cleanup carefully
2024-09-16 16:23:30,933 - INFO - DIV SUPER! cleanup carefully
2024-09-16 16:23:31,824 - INFO - DIV SUPER! cleanup carefully
2024-09-16 16:23:31,839 - INFO - DIV SUPER! cleanup carefully
2024-09-16 16:23:31,968 - INFO - DIV SUPER! cleanup carefully
2024-09-16 16:23:33,035 - INFO - DIV SUPER! cleanup carefully
2024-09-16 16:23:33,280 - INFO - DIV SUPER! cleanup carefully
2024-09-16 16:23:33,303 - INFO - DIV SUPER! cleanup carefully
2024-09-16 16:23:33,377 - INFO - DIV SUPER! cleanup carefully
2024-09-16 16:23:33,400 - INFO - DIV SUPER! cleanup carefully
2024-09-16 16:23:34,128 - INFO - DIV SUPER! cleanup carefully
2024-09-16 16:23:34,339 - INFO - DIV SUPER! cleanup carefully
2024-09-16 16:23:34,472 - INFO - DIV SUPER! cleanup carefully
2024-09-16 16:23:34,481 - INFO - DIV SUPER! cleanup carefully
2024-09-16 16:23:35,501 - INFO - DIV SUPER! cleanup carefully
2024-09-16 16:23:35,587 - INFO - DIV SUPER! cleanup carefully
2024-09-16 16:23:41,639 - INFO - DIV SUPER! cleanup carefully
2024-09-16 16:23:41,650 - INFO - DIV SUPER! cleanup carefully
2024-09-16 16:23:41,669 - INFO - DIV SUPER! cleanup carefully
2024-09-16 16:23:41,675 - ERROR - DIV gZzKms_a CAN NOT CAREFULLY CLEANUP!
ERORR:
Traceback (most recent call last):
  File "/home/sjd/Documents/Realstate-Ads-Data-divar-sheypoor/parser/lev2_parser/div_lev2_parser/fun_div_parser_lev2.py", line 25, in div_parser2
    p_clean_sec(data)
  File "/home/sjd/Documents/Realstate-Ads-Data-divar-sheypoor/parser/lev2_parser/div_lev2_parser/plus_cleaning_section.py", line 38, in p_clean_sec
    if bool(dicfdr(data['sections'][des_num1]['widgets'], "widget_type", "GROUP_INFO_ROW")):
KeyError: 'widgets'
2024-09-16 16:23:41,676 - INFO - DIV SUPER! cleanup carefully
2024-09-16 16:23:42,765 - INFO - DIV SUPER! cleanup carefully
2024-09-16 16:23:42,797 - INFO - DIV SUPER! cleanup carefully
2024-09-16 16:23:42,822 - INFO - DIV SUPER! cleanup carefully
2024-09-16 16:23:42,829 - INFO - DIV SUPER! cleanup carefully
2024-09-16 16:23:42,836 - INFO - DIV SUPER! cleanup carefully
2024-09-16 16:23:43,824 - INFO - DIV SUPER! cleanup carefully
2024-09-16 16:23:43,875 - INFO - DIV SUPER! cleanup carefully
2024-09-16 16:23:43,890 - INFO - DIV SUPER! cleanup carefully
2024-09-16 16:23:43,941 - INFO - DIV SUPER! cleanup carefully
2024-09-16 16:23:43,970 - INFO - DIV SUPER! cleanup carefully
2024-09-16 16:23:44,912 - INFO - DIV SUPER! cleanup carefully
2024-09-16 16:23:44,951 - INFO - DIV SUPER! cleanup carefully
2024-09-16 16:23:44,977 - INFO - DIV SUPER! cleanup carefully
2024-09-16 16:23:45,038 - INFO - DIV SUPER! cleanup carefully
2024-09-16 16:23:45,074 - INFO - DIV SUPER! cleanup carefully
2024-09-16 16:23:45,990 - INFO - DIV SUPER! cleanup carefully
2024-09-16 16:23:46,122 - INFO - DIV SUPER! cleanup carefully
2024-09-16 16:23:46,139 - INFO - DIV SUPER! cleanup carefully
2024-09-16 16:23:50,356 - INFO - DIV SUPER! cleanup carefully
2024-09-16 16:23:50,377 - INFO - DIV SUPER! cleanup carefully
2024-09-16 16:23:50,384 - INFO - DIV SUPER! cleanup carefully
2024-09-16 16:23:50,392 - INFO - DIV SUPER! cleanup carefully
2024-09-16 16:23:51,581 - INFO - DIV SUPER! cleanup carefully
2024-09-16 16:23:51,587 - INFO - DIV SUPER! cleanup carefully
2024-09-16 16:23:51,595 - INFO - DIV SUPER! cleanup carefully
2024-09-16 16:23:51,602 - INFO - DIV SUPER! cleanup carefully
2024-09-16 16:23:51,608 - INFO - DIV SUPER! cleanup carefully
2024-09-16 16:23:52,651 - INFO - DIV SUPER! cleanup carefully
2024-09-16 16:23:52,666 - INFO - DIV SUPER! cleanup carefully
2024-09-16 16:23:52,700 - INFO - DIV SUPER! cleanup carefully
2024-09-16 16:23:52,709 - INFO - DIV SUPER! cleanup carefully
2024-09-16 16:23:52,716 - INFO - DIV SUPER! cleanup carefully
2024-09-16 16:23:53,734 - INFO - DIV SUPER! cleanup carefully
2024-09-16 16:23:53,776 - INFO - DIV SUPER! cleanup carefully
2024-09-16 16:23:53,806 - INFO - DIV SUPER! cleanup carefully
2024-09-16 16:23:53,812 - INFO - DIV SUPER! cleanup carefully
2024-09-16 16:23:53,838 - INFO - DIV SUPER! cleanup carefully
2024-09-16 16:23:54,841 - INFO - DIV SUPER! cleanup carefully
2024-09-16 16:23:54,848 - INFO - DIV SUPER! cleanup carefully
2024-09-16 16:23:54,989 - INFO - DIV SUPER! cleanup carefully
2024-09-16 16:23:55,000 - INFO - DIV SUPER! cleanup carefully
2024-09-16 16:23:58,966 - INFO - DIV SUPER! cleanup carefully
2024-09-16 16:23:58,992 - INFO - DIV SUPER! cleanup carefully
2024-09-16 16:23:59,003 - INFO - DIV SUPER! cleanup carefully
2024-09-16 16:23:59,047 - INFO - DIV SUPER! cleanup carefully
2024-09-16 16:23:59,310 - INFO - DIV SUPER! cleanup carefully
2024-09-16 16:24:00,048 - ERROR - DIV gZoPBYfV CAN NOT CAREFULLY CLEANUP!
ERORR:
Traceback (most recent call last):
  File "/home/sjd/Documents/Realstate-Ads-Data-divar-sheypoor/parser/lev2_parser/div_lev2_parser/fun_div_parser_lev2.py", line 25, in div_parser2
    p_clean_sec(data)
  File "/home/sjd/Documents/Realstate-Ads-Data-divar-sheypoor/parser/lev2_parser/div_lev2_parser/plus_cleaning_section.py", line 38, in p_clean_sec
    if bool(dicfdr(data['sections'][des_num1]['widgets'], "widget_type", "GROUP_INFO_ROW")):
KeyError: 'widgets'
2024-09-16 16:24:00,087 - INFO - DIV SUPER! cleanup carefully
2024-09-16 16:24:00,172 - INFO - DIV SUPER! cleanup carefully
2024-09-16 16:24:00,435 - INFO - DIV SUPER! cleanup carefully
2024-09-16 16:24:00,495 - INFO - DIV SUPER! cleanup carefully
2024-09-16 16:24:01,144 - INFO - DIV SUPER! cleanup carefully
2024-09-16 16:24:01,198 - INFO - DIV SUPER! cleanup carefully
2024-09-16 16:24:01,289 - INFO - DIV SUPER! cleanup carefully
2024-09-16 16:24:01,562 - INFO - DIV SUPER! cleanup carefully
2024-09-16 16:24:07,835 - INFO - DIV SUPER! cleanup carefully
2024-09-16 16:24:07,864 - INFO - DIV SUPER! cleanup carefully
2024-09-16 16:24:07,874 - INFO - DIV SUPER! cleanup carefully
2024-09-16 16:24:07,882 - INFO - DIV SUPER! cleanup carefully
2024-09-16 16:24:07,890 - INFO - DIV SUPER! cleanup carefully
2024-09-16 16:24:08,970 - INFO - DIV SUPER! cleanup carefully
2024-09-16 16:24:08,995 - INFO - DIV SUPER! cleanup carefully
2024-09-16 16:24:09,004 - INFO - DIV SUPER! cleanup carefully
2024-09-16 16:24:09,012 - INFO - DIV SUPER! cleanup carefully
2024-09-16 16:24:09,034 - INFO - DIV SUPER! cleanup carefully
2024-09-16 16:24:10,076 - INFO - DIV SUPER! cleanup carefully
2024-09-16 16:24:10,114 - INFO - DIV SUPER! cleanup carefully
2024-09-16 16:24:10,121 - INFO - DIV SUPER! cleanup carefully
2024-09-16 16:24:10,129 - INFO - DIV SUPER! cleanup carefully
2024-09-16 16:24:10,171 - INFO - DIV SUPER! cleanup carefully
2024-09-16 16:24:11,149 - INFO - DIV SUPER! cleanup carefully
2024-09-16 16:24:11,217 - INFO - DIV SUPER! cleanup carefully
2024-09-16 16:24:11,223 - INFO - DIV SUPER! cleanup carefully
2024-09-16 16:24:11,288 - INFO - DIV SUPER! cleanup carefully
2024-09-16 16:24:11,514 - INFO - DIV SUPER! cleanup carefully
2024-09-16 16:24:12,303 - INFO - DIV SUPER! cleanup carefully
2024-09-16 16:24:12,308 - INFO - DIV SUPER! cleanup carefully
2024-09-16 16:24:12,367 - INFO - DIV SUPER! cleanup carefully
2024-09-16 16:24:16,460 - INFO - DIV SUPER! cleanup carefully
2024-09-16 16:24:16,483 - INFO - DIV SUPER! cleanup carefully
2024-09-16 16:24:16,493 - INFO - DIV SUPER! cleanup carefully
2024-09-16 16:24:16,501 - INFO - DIV SUPER! cleanup carefully
2024-09-16 16:24:16,784 - INFO - DIV SUPER! cleanup carefully
2024-09-16 16:24:17,599 - INFO - DIV SUPER! cleanup carefully
2024-09-16 16:24:17,645 - INFO - DIV SUPER! cleanup carefully
2024-09-16 16:24:17,653 - INFO - DIV SUPER! cleanup carefully
2024-09-16 16:24:17,661 - INFO - DIV SUPER! cleanup carefully
2024-09-16 16:24:18,142 - INFO - DIV SUPER! cleanup carefully
2024-09-16 16:24:18,722 - INFO - DIV SUPER! cleanup carefully
2024-09-16 16:24:18,763 - INFO - DIV SUPER! cleanup carefully
2024-09-16 16:24:18,789 - INFO - DIV SUPER! cleanup carefully
2024-09-16 16:24:18,807 - INFO - DIV SUPER! cleanup carefully
2024-09-16 16:24:19,239 - INFO - DIV SUPER! cleanup carefully
2024-09-16 16:24:19,868 - INFO - DIV SUPER! cleanup carefully
2024-09-16 16:24:19,880 - ERROR - DIV gZorCI8j CAN NOT CAREFULLY CLEANUP!
ERORR:
Traceback (most recent call last):
  File "/home/sjd/Documents/Realstate-Ads-Data-divar-sheypoor/parser/lev2_parser/div_lev2_parser/fun_div_parser_lev2.py", line 25, in div_parser2
    p_clean_sec(data)
  File "/home/sjd/Documents/Realstate-Ads-Data-divar-sheypoor/parser/lev2_parser/div_lev2_parser/plus_cleaning_section.py", line 38, in p_clean_sec
    if bool(dicfdr(data['sections'][des_num1]['widgets'], "widget_type", "GROUP_INFO_ROW")):
KeyError: 'widgets'
2024-09-16 16:24:19,908 - INFO - DIV SUPER! cleanup carefully
2024-09-16 16:24:19,939 - INFO - DIV SUPER! cleanup carefully
2024-09-16 16:24:25,083 - INFO - DIV SUPER! cleanup carefully
2024-09-16 16:24:25,093 - INFO - DIV SUPER! cleanup carefully
2024-09-16 16:24:25,101 - INFO - DIV SUPER! cleanup carefully
2024-09-16 16:24:25,107 - INFO - DIV SUPER! cleanup carefully
2024-09-16 16:24:25,402 - INFO - DIV SUPER! cleanup carefully
2024-09-16 16:24:26,168 - INFO - DIV SUPER! cleanup carefully
2024-09-16 16:24:26,257 - INFO - DIV SUPER! cleanup carefully
2024-09-16 16:24:26,273 - INFO - DIV SUPER! cleanup carefully
2024-09-16 16:24:26,588 - INFO - DIV SUPER! cleanup carefully
2024-09-16 16:24:26,841 - INFO - DIV SUPER! cleanup carefully
2024-09-16 16:24:27,355 - INFO - DIV SUPER! cleanup carefully
2024-09-16 16:24:27,365 - INFO - DIV SUPER! cleanup carefully
2024-09-16 16:24:27,651 - INFO - DIV SUPER! cleanup carefully
2024-09-16 16:24:27,694 - INFO - DIV SUPER! cleanup carefully
2024-09-16 16:24:27,993 - INFO - DIV SUPER! cleanup carefully
2024-09-16 16:24:28,805 - INFO - DIV SUPER! cleanup carefully
2024-09-16 16:24:33,498 - INFO - DIV SUPER! cleanup carefully
2024-09-16 16:24:33,515 - INFO - DIV SUPER! cleanup carefully
2024-09-16 16:24:33,535 - INFO - DIV SUPER! cleanup carefully
2024-09-16 16:24:33,544 - INFO - DIV SUPER! cleanup carefully
2024-09-16 16:24:33,552 - INFO - DIV SUPER! cleanup carefully
2024-09-16 16:24:34,596 - INFO - DIV SUPER! cleanup carefully
2024-09-16 16:24:34,632 - INFO - DIV SUPER! cleanup carefully
2024-09-16 16:24:34,642 - INFO - DIV SUPER! cleanup carefully
2024-09-16 16:24:34,654 - INFO - DIV SUPER! cleanup carefully
2024-09-16 16:24:34,661 - INFO - DIV SUPER! cleanup carefully
2024-09-16 16:24:35,734 - INFO - DIV SUPER! cleanup carefully
2024-09-16 16:24:35,757 - INFO - DIV SUPER! cleanup carefully
2024-09-16 16:24:35,780 - INFO - DIV SUPER! cleanup carefully
2024-09-16 16:24:35,787 - INFO - DIV SUPER! cleanup carefully
2024-09-16 16:24:35,794 - INFO - DIV SUPER! cleanup carefully
2024-09-16 16:24:36,854 - INFO - DIV SUPER! cleanup carefully
2024-09-16 16:24:42,157 - INFO - DIV SUPER! cleanup carefully
2024-09-16 16:24:42,164 - INFO - DIV SUPER! cleanup carefully
2024-09-16 16:24:42,171 - INFO - DIV SUPER! cleanup carefully
2024-09-16 16:24:42,179 - INFO - DIV SUPER! cleanup carefully
2024-09-16 16:24:43,267 - INFO - DIV SUPER! cleanup carefully
2024-09-16 16:24:43,298 - INFO - DIV SUPER! cleanup carefully
2024-09-16 16:24:43,308 - INFO - DIV SUPER! cleanup carefully
2024-09-16 16:24:50,725 - INFO - DIV SUPER! cleanup carefully
2024-09-16 16:24:50,736 - INFO - DIV SUPER! cleanup carefully
2024-09-16 16:24:50,799 - INFO - DIV SUPER! cleanup carefully
2024-09-16 16:24:50,809 - INFO - DIV SUPER! cleanup carefully
2024-09-16 16:24:50,855 - INFO - DIV SUPER! cleanup carefully
2024-09-16 16:24:51,854 - INFO - DIV SUPER! cleanup carefully
2024-09-16 16:24:51,878 - INFO - DIV SUPER! cleanup carefully
2024-09-16 16:24:51,913 - INFO - DIV SUPER! cleanup carefully
2024-09-16 16:24:51,944 - INFO - DIV SUPER! cleanup carefully
2024-09-16 16:24:51,979 - INFO - DIV SUPER! cleanup carefully
2024-09-16 16:24:52,977 - INFO - DIV SUPER! cleanup carefully
2024-09-16 16:24:53,002 - INFO - DIV SUPER! cleanup carefully
2024-09-16 16:24:53,009 - INFO - DIV SUPER! cleanup carefully
2024-09-16 16:24:53,052 - INFO - DIV SUPER! cleanup carefully
2024-09-16 16:24:53,076 - INFO - DIV SUPER! cleanup carefully
2024-09-16 16:24:54,082 - INFO - DIV SUPER! cleanup carefully
2024-09-16 16:24:54,136 - INFO - DIV SUPER! cleanup carefully
2024-09-16 16:24:54,160 - INFO - DIV SUPER! cleanup carefully
2024-09-16 16:24:54,169 - INFO - DIV SUPER! cleanup carefully
2024-09-16 16:24:54,177 - INFO - DIV SUPER! cleanup carefully
2024-09-16 16:24:55,214 - INFO - DIV SUPER! cleanup carefully
2024-09-16 16:24:55,225 - INFO - DIV SUPER! cleanup carefully
2024-09-16 16:24:55,252 - INFO - DIV SUPER! cleanup carefully
2024-09-16 16:24:55,288 - INFO - DIV SUPER! cleanup carefully
2024-09-16 16:24:59,270 - INFO - DIV SUPER! cleanup carefully
2024-09-16 16:24:59,277 - INFO - DIV SUPER! cleanup carefully
2024-09-16 16:24:59,284 - INFO - DIV SUPER! cleanup carefully
2024-09-16 16:24:59,320 - INFO - DIV SUPER! cleanup carefully
2024-09-16 16:24:59,643 - INFO - DIV SUPER! cleanup carefully
2024-09-16 16:25:00,508 - INFO - DIV SUPER! cleanup carefully
2024-09-16 16:25:00,522 - INFO - DIV SUPER! cleanup carefully
2024-09-16 16:25:00,531 - INFO - DIV SUPER! cleanup carefully
2024-09-16 16:25:00,538 - INFO - DIV SUPER! cleanup carefully
2024-09-16 16:25:00,894 - INFO - DIV SUPER! cleanup carefully
2024-09-16 16:25:01,766 - INFO - DIV SUPER! cleanup carefully
2024-09-16 16:25:01,789 - INFO - DIV SUPER! cleanup carefully
2024-09-16 16:25:01,797 - INFO - DIV SUPER! cleanup carefully
2024-09-16 16:25:01,932 - INFO - DIV SUPER! cleanup carefully
2024-09-16 16:25:01,993 - INFO - DIV SUPER! cleanup carefully
2024-09-16 16:25:07,829 - INFO - DIV SUPER! cleanup carefully
2024-09-16 16:25:07,838 - INFO - DIV SUPER! cleanup carefully
2024-09-16 16:25:07,848 - INFO - DIV SUPER! cleanup carefully
2024-09-16 16:25:08,004 - INFO - DIV SUPER! cleanup carefully
2024-09-16 16:25:08,200 - INFO - DIV SUPER! cleanup carefully
2024-09-16 16:25:08,997 - INFO - DIV SUPER! cleanup carefully
2024-09-16 16:25:09,039 - INFO - DIV SUPER! cleanup carefully
2024-09-16 16:25:09,225 - INFO - DIV SUPER! cleanup carefully
2024-09-16 16:25:09,232 - INFO - DIV SUPER! cleanup carefully
2024-09-16 16:25:09,762 - INFO - DIV SUPER! cleanup carefully
2024-09-16 16:25:10,104 - INFO - DIV SUPER! cleanup carefully
2024-09-16 16:25:10,170 - INFO - DIV SUPER! cleanup carefully
2024-09-16 16:25:10,307 - INFO - DIV SUPER! cleanup carefully
2024-09-16 16:25:10,313 - INFO - DIV SUPER! cleanup carefully
2024-09-16 16:25:10,877 - INFO - DIV SUPER! cleanup carefully
2024-09-16 16:25:11,200 - INFO - DIV SUPER! cleanup carefully
2024-09-16 16:25:11,277 - INFO - DIV SUPER! cleanup carefully
2024-09-16 16:25:11,414 - INFO - DIV SUPER! cleanup carefully
2024-09-16 16:25:11,422 - INFO - DIV SUPER! cleanup carefully
2024-09-16 16:25:12,362 - INFO - DIV SUPER! cleanup carefully
2024-09-16 16:25:12,376 - INFO - DIV SUPER! cleanup carefully
2024-09-16 16:25:12,426 - INFO - DIV SUPER! cleanup carefully
2024-09-16 16:25:12,484 - INFO - DIV SUPER! cleanup carefully
2024-09-16 16:25:13,442 - INFO - DIV SUPER! cleanup carefully
2024-09-16 16:25:16,418 - INFO - DIV SUPER! cleanup carefully
2024-09-16 16:25:16,432 - INFO - DIV SUPER! cleanup carefully
2024-09-16 16:25:16,456 - INFO - DIV SUPER! cleanup carefully
2024-09-16 16:25:16,467 - INFO - DIV SUPER! cleanup carefully
2024-09-16 16:25:16,509 - INFO - DIV SUPER! cleanup carefully
2024-09-16 16:25:27,558 - INFO - DIV SUPER! cleanup carefully
2024-09-16 16:25:37,570 - INFO - DIV SUPER! cleanup carefully
2024-09-16 16:25:47,584 - INFO - DIV SUPER! cleanup carefully
2024-09-16 16:25:57,606 - INFO - DIV SUPER! cleanup carefully
2024-09-16 16:26:07,628 - INFO - DIV SUPER! cleanup carefully
2024-09-16 16:26:17,655 - INFO - DIV SUPER! cleanup carefully
2024-09-16 16:26:27,672 - INFO - DIV SUPER! cleanup carefully
2024-09-16 16:26:37,687 - INFO - DIV SUPER! cleanup carefully
2024-09-16 16:26:47,701 - INFO - DIV SUPER! cleanup carefully
