2024-09-07 15:09:14,853 - INFO - ADD TO DATABASE, SUCCESSFUL!
2024-09-07 15:09:14,878 - INFO - ADD TO DATABASE, SUCCESSFUL!
2024-09-07 15:09:14,903 - INFO - ADD TO DATABASE, SUCCESSFUL!
2024-09-07 15:09:14,927 - INFO - ADD TO DATABASE, SUCCESSFUL!
2024-09-07 15:09:14,952 - INFO - ADD TO DATABASE, SUCCESSFUL!
2024-09-07 15:09:14,974 - INFO - ADD TO DATABASE, SUCCESSFUL!
2024-09-07 15:09:15,023 - INFO - ADD TO DATABASE, SUCCESSFUL!
2024-09-07 15:09:15,051 - INFO - ADD TO DATABASE, SUCCESSFUL!
2024-09-07 15:09:15,079 - INFO - ADD TO DATABASE, SUCCESSFUL!
2024-09-07 15:09:15,106 - INFO - ADD TO DATABASE, SUCCESSFUL!
2024-09-07 15:09:15,133 - INFO - ADD TO DATABASE, SUCCESSFUL!
2024-09-07 15:09:15,158 - INFO - ADD TO DATABASE, SUCCESSFUL!
2024-09-07 15:09:15,207 - INFO - ADD TO DATABASE, SUCCESSFUL!
2024-09-07 15:09:15,235 - INFO - ADD TO DATABASE, SUCCESSFUL!
2024-09-07 15:09:15,259 - INFO - ADD TO DATABASE, SUCCESSFUL!
2024-09-07 15:09:15,291 - INFO - ADD TO DATABASE, SUCCESSFUL!
2024-09-07 15:09:15,316 - INFO - ADD TO DATABASE, SUCCESSFUL!
2024-09-07 15:09:15,341 - INFO - ADD TO DATABASE, SUCCESSFUL!
2024-09-07 15:09:15,366 - INFO - ADD TO DATABASE, SUCCESSFUL!
2024-09-07 15:09:15,391 - INFO - ADD TO DATABASE, SUCCESSFUL!
2024-09-07 15:09:15,416 - INFO - ADD TO DATABASE, SUCCESSFUL!
2024-09-07 15:09:15,439 - INFO - ADD TO DATABASE, SUCCESSFUL!
2024-09-07 15:09:15,461 - INFO - ADD TO DATABASE, SUCCESSFUL!
2024-09-07 15:09:15,482 - INFO - ADD TO DATABASE, SUCCESSFUL!
2024-09-07 15:09:15,503 - INFO - ADD TO DATABASE, SUCCESSFUL!
2024-09-07 15:09:15,523 - INFO - ADD TO DATABASE, SUCCESSFUL!
2024-09-07 15:09:15,544 - INFO - ADD TO DATABASE, SUCCESSFUL!
2024-09-07 15:09:15,566 - INFO - ADD TO DATABASE, SUCCESSFUL!
2024-09-07 15:09:15,588 - INFO - ADD TO DATABASE, SUCCESSFUL!
2024-09-07 15:09:15,611 - INFO - ADD TO DATABASE, SUCCESSFUL!
2024-09-07 15:09:15,633 - INFO - ADD TO DATABASE, SUCCESSFUL!
2024-09-07 15:09:15,655 - INFO - ADD TO DATABASE, SUCCESSFUL!
2024-09-07 15:09:15,677 - INFO - ADD TO DATABASE, SUCCESSFUL!
2024-09-07 15:09:15,700 - INFO - ADD TO DATABASE, SUCCESSFUL!
2024-09-07 15:09:15,721 - INFO - ADD TO DATABASE, SUCCESSFUL!
2024-09-07 15:09:15,743 - INFO - ADD TO DATABASE, SUCCESSFUL!
2024-09-07 15:09:15,763 - INFO - ADD TO DATABASE, SUCCESSFUL!
2024-09-07 15:09:15,784 - INFO - ADD TO DATABASE, SUCCESSFUL!
2024-09-07 15:09:15,806 - INFO - ADD TO DATABASE, SUCCESSFUL!
2024-09-07 15:09:15,827 - INFO - ADD TO DATABASE, SUCCESSFUL!
2024-09-07 15:09:15,849 - INFO - ADD TO DATABASE, SUCCESSFUL!
2024-09-07 15:09:15,871 - INFO - ADD TO DATABASE, SUCCESSFUL!
2024-09-07 15:09:15,893 - INFO - ADD TO DATABASE, SUCCESSFUL!
2024-09-07 15:09:15,913 - INFO - ADD TO DATABASE, SUCCESSFUL!
2024-09-07 15:09:15,935 - INFO - ADD TO DATABASE, SUCCESSFUL!
2024-09-07 15:09:15,961 - INFO - ADD TO DATABASE, SUCCESSFUL!
2024-09-07 15:09:15,987 - INFO - ADD TO DATABASE, SUCCESSFUL!
2024-09-07 15:09:16,010 - INFO - ADD TO DATABASE, SUCCESSFUL!
2024-09-07 15:09:16,031 - INFO - ADD TO DATABASE, SUCCESSFUL!
2024-09-07 15:09:16,054 - INFO - ADD TO DATABASE, SUCCESSFUL!
2024-09-07 15:09:16,076 - INFO - ADD TO DATABASE, SUCCESSFUL!
2024-09-07 15:09:16,097 - INFO - ADD TO DATABASE, SUCCESSFUL!
2024-09-07 15:09:16,118 - INFO - ADD TO DATABASE, SUCCESSFUL!
2024-09-07 15:09:16,138 - INFO - ADD TO DATABASE, SUCCESSFUL!
2024-09-07 15:09:16,160 - INFO - ADD TO DATABASE, SUCCESSFUL!
2024-09-07 15:09:16,182 - INFO - ADD TO DATABASE, SUCCESSFUL!
2024-09-07 15:09:16,203 - INFO - ADD TO DATABASE, SUCCESSFUL!
2024-09-07 15:09:16,225 - INFO - ADD TO DATABASE, SUCCESSFUL!
2024-09-07 15:09:16,289 - INFO - ADD TO DATABASE, SUCCESSFUL!
2024-09-07 15:09:16,337 - INFO - ADD TO DATABASE, SUCCESSFUL!
2024-09-07 15:09:16,381 - INFO - ADD TO DATABASE, SUCCESSFUL!
2024-09-07 15:09:16,420 - INFO - ADD TO DATABASE, SUCCESSFUL!
2024-09-07 15:09:16,459 - INFO - ADD TO DATABASE, SUCCESSFUL!
2024-09-07 15:09:16,497 - INFO - ADD TO DATABASE, SUCCESSFUL!
2024-09-07 15:09:16,537 - INFO - ADD TO DATABASE, SUCCESSFUL!
2024-09-07 15:09:16,576 - INFO - ADD TO DATABASE, SUCCESSFUL!
2024-09-07 15:09:16,614 - INFO - ADD TO DATABASE, SUCCESSFUL!
2024-09-07 15:09:16,655 - INFO - ADD TO DATABASE, SUCCESSFUL!
2024-09-07 15:09:16,693 - INFO - ADD TO DATABASE, SUCCESSFUL!
2024-09-07 15:09:16,726 - INFO - ADD TO DATABASE, SUCCESSFUL!
2024-09-07 15:09:16,759 - INFO - ADD TO DATABASE, SUCCESSFUL!
2024-09-07 15:09:16,793 - INFO - ADD TO DATABASE, SUCCESSFUL!
2024-09-07 15:09:16,826 - INFO - ADD TO DATABASE, SUCCESSFUL!
2024-09-07 15:09:16,859 - INFO - ADD TO DATABASE, SUCCESSFUL!
2024-09-07 15:09:16,893 - INFO - ADD TO DATABASE, SUCCESSFUL!
2024-09-07 15:09:16,927 - INFO - ADD TO DATABASE, SUCCESSFUL!
2024-09-07 15:09:16,961 - INFO - ADD TO DATABASE, SUCCESSFUL!
2024-09-07 15:09:16,994 - INFO - ADD TO DATABASE, SUCCESSFUL!
2024-09-07 15:09:17,024 - INFO - ADD TO DATABASE, SUCCESSFUL!
2024-09-07 15:09:17,049 - INFO - ADD TO DATABASE, SUCCESSFUL!
2024-09-07 15:09:17,074 - INFO - ADD TO DATABASE, SUCCESSFUL!
2024-09-07 15:09:17,099 - INFO - ADD TO DATABASE, SUCCESSFUL!
2024-09-07 15:09:17,124 - INFO - ADD TO DATABASE, SUCCESSFUL!
2024-09-07 15:09:17,149 - INFO - ADD TO DATABASE, SUCCESSFUL!
2024-09-07 15:09:17,174 - INFO - ADD TO DATABASE, SUCCESSFUL!
2024-09-07 15:09:17,199 - INFO - ADD TO DATABASE, SUCCESSFUL!
2024-09-07 15:09:17,225 - INFO - ADD TO DATABASE, SUCCESSFUL!
2024-09-07 15:09:17,271 - INFO - ADD TO DATABASE, SUCCESSFUL!
2024-09-07 15:09:17,317 - INFO - ADD TO DATABASE, SUCCESSFUL!
2024-09-07 15:09:17,346 - INFO - ADD TO DATABASE, SUCCESSFUL!
2024-09-07 15:09:17,376 - INFO - ADD TO DATABASE, SUCCESSFUL!
2024-09-07 15:09:17,406 - INFO - ADD TO DATABASE, SUCCESSFUL!
2024-09-07 15:09:17,462 - INFO - ADD TO DATABASE, SUCCESSFUL!
2024-09-07 15:09:17,503 - INFO - ADD TO DATABASE, SUCCESSFUL!
2024-09-07 15:09:17,544 - INFO - ADD TO DATABASE, SUCCESSFUL!
2024-09-07 15:09:17,586 - INFO - ADD TO DATABASE, SUCCESSFUL!
2024-09-07 15:09:17,628 - INFO - ADD TO DATABASE, SUCCESSFUL!
2024-09-07 15:09:17,669 - INFO - ADD TO DATABASE, SUCCESSFUL!
2024-09-07 15:09:17,711 - INFO - ADD TO DATABASE, SUCCESSFUL!
2024-09-07 15:09:17,755 - INFO - ADD TO DATABASE, SUCCESSFUL!
2024-09-07 15:09:17,799 - INFO - ADD TO DATABASE, SUCCESSFUL!
2024-09-07 15:09:17,841 - INFO - ADD TO DATABASE, SUCCESSFUL!
2024-09-07 15:09:17,897 - INFO - ADD TO DATABASE, SUCCESSFUL!
2024-09-07 15:09:17,929 - INFO - ADD TO DATABASE, SUCCESSFUL!
2024-09-07 15:09:17,956 - INFO - ADD TO DATABASE, SUCCESSFUL!
2024-09-07 15:09:17,982 - INFO - ADD TO DATABASE, SUCCESSFUL!
2024-09-07 15:09:18,007 - INFO - ADD TO DATABASE, SUCCESSFUL!
2024-09-07 15:09:18,033 - INFO - ADD TO DATABASE, SUCCESSFUL!
2024-09-07 15:33:55,977 - INFO - ADD TO DATABASE, SUCCESSFUL!
2024-09-07 15:33:56,018 - INFO - ADD TO DATABASE, SUCCESSFUL!
2024-09-07 15:33:56,055 - INFO - ADD TO DATABASE, SUCCESSFUL!
2024-09-07 15:33:56,081 - INFO - ADD TO DATABASE, SUCCESSFUL!
2024-09-07 15:33:56,107 - INFO - ADD TO DATABASE, SUCCESSFUL!
2024-09-07 15:33:56,133 - INFO - ADD TO DATABASE, SUCCESSFUL!
2024-09-07 15:33:56,158 - INFO - ADD TO DATABASE, SUCCESSFUL!
2024-09-07 15:33:56,181 - INFO - ADD TO DATABASE, SUCCESSFUL!
2024-09-07 15:33:56,215 - INFO - ADD TO DATABASE, SUCCESSFUL!
2024-09-07 15:33:56,269 - INFO - ADD TO DATABASE, SUCCESSFUL!
2024-09-07 15:33:56,310 - INFO - ADD TO DATABASE, SUCCESSFUL!
2024-09-07 15:33:56,341 - INFO - ADD TO DATABASE, SUCCESSFUL!
2024-09-07 15:33:56,375 - INFO - ADD TO DATABASE, SUCCESSFUL!
2024-09-07 15:33:56,403 - INFO - ADD TO DATABASE, SUCCESSFUL!
2024-09-07 15:33:56,428 - INFO - ADD TO DATABASE, SUCCESSFUL!
2024-09-07 15:33:56,450 - INFO - ADD TO DATABASE, SUCCESSFUL!
2024-09-07 15:33:56,476 - INFO - ADD TO DATABASE, SUCCESSFUL!
2024-09-07 15:33:56,498 - INFO - ADD TO DATABASE, SUCCESSFUL!
2024-09-07 15:33:56,520 - INFO - ADD TO DATABASE, SUCCESSFUL!
2024-09-07 15:33:56,542 - INFO - ADD TO DATABASE, SUCCESSFUL!
2024-09-07 15:33:56,564 - INFO - ADD TO DATABASE, SUCCESSFUL!
2024-09-07 15:33:56,585 - INFO - ADD TO DATABASE, SUCCESSFUL!
2024-09-07 15:33:56,608 - INFO - ADD TO DATABASE, SUCCESSFUL!
2024-09-07 15:33:56,630 - INFO - ADD TO DATABASE, SUCCESSFUL!
2024-09-07 15:33:56,654 - INFO - ADD TO DATABASE, SUCCESSFUL!
2024-09-07 15:33:56,677 - INFO - ADD TO DATABASE, SUCCESSFUL!
2024-09-07 15:33:56,700 - INFO - ADD TO DATABASE, SUCCESSFUL!
2024-09-07 15:33:56,723 - INFO - ADD TO DATABASE, SUCCESSFUL!
2024-09-07 15:33:56,744 - INFO - ADD TO DATABASE, SUCCESSFUL!
2024-09-07 15:33:56,765 - INFO - ADD TO DATABASE, SUCCESSFUL!
2024-09-07 15:33:56,787 - INFO - ADD TO DATABASE, SUCCESSFUL!
2024-09-07 15:33:56,809 - INFO - ADD TO DATABASE, SUCCESSFUL!
2024-09-07 15:33:56,832 - INFO - ADD TO DATABASE, SUCCESSFUL!
2024-09-07 15:33:56,853 - INFO - ADD TO DATABASE, SUCCESSFUL!
2024-09-07 15:33:56,876 - INFO - ADD TO DATABASE, SUCCESSFUL!
2024-09-07 15:33:56,900 - INFO - ADD TO DATABASE, SUCCESSFUL!
2024-09-07 15:33:56,923 - INFO - ADD TO DATABASE, SUCCESSFUL!
2024-09-07 15:33:56,944 - INFO - ADD TO DATABASE, SUCCESSFUL!
2024-09-07 15:33:56,967 - INFO - ADD TO DATABASE, SUCCESSFUL!
2024-09-07 15:33:56,989 - INFO - ADD TO DATABASE, SUCCESSFUL!
2024-09-07 15:33:57,012 - INFO - ADD TO DATABASE, SUCCESSFUL!
2024-09-07 15:33:57,035 - INFO - ADD TO DATABASE, SUCCESSFUL!
2024-09-07 15:33:57,057 - INFO - ADD TO DATABASE, SUCCESSFUL!
2024-09-07 15:33:57,080 - INFO - ADD TO DATABASE, SUCCESSFUL!
2024-09-07 15:33:57,107 - INFO - ADD TO DATABASE, SUCCESSFUL!
2024-09-07 15:33:57,131 - INFO - ADD TO DATABASE, SUCCESSFUL!
2024-09-07 15:33:57,160 - INFO - ADD TO DATABASE, SUCCESSFUL!
2024-09-07 15:33:57,182 - INFO - ADD TO DATABASE, SUCCESSFUL!
2024-09-07 15:33:57,203 - INFO - ADD TO DATABASE, SUCCESSFUL!
2024-09-07 15:36:13,849 - ERROR - CAN NOT  ADD {real_state["token"]} TO DB!
ERORR:
Traceback (most recent call last):
  File "/home/sjd/Desktop/Realstate-Ads-Data-divar-sheypoor-/sc_ads/saver/fun_save2db.py", line 81, in save2db
    columns = real_state.keys()
AttributeError: 'NoneType' object has no attribute 'keys'
2024-09-07 15:36:13,878 - INFO - ADD TO DATABASE, SUCCESSFUL!
2024-09-07 15:36:13,900 - INFO - ADD TO DATABASE, SUCCESSFUL!
2024-09-07 15:36:13,923 - INFO - ADD TO DATABASE, SUCCESSFUL!
2024-09-07 15:36:13,948 - INFO - ADD TO DATABASE, SUCCESSFUL!
2024-09-07 15:36:13,970 - INFO - ADD TO DATABASE, SUCCESSFUL!
2024-09-07 15:36:13,992 - INFO - ADD TO DATABASE, SUCCESSFUL!
2024-09-07 15:36:14,013 - INFO - ADD TO DATABASE, SUCCESSFUL!
2024-09-07 15:36:14,034 - INFO - ADD TO DATABASE, SUCCESSFUL!
2024-09-07 15:36:14,057 - INFO - ADD TO DATABASE, SUCCESSFUL!
2024-09-07 15:36:14,079 - INFO - ADD TO DATABASE, SUCCESSFUL!
2024-09-07 15:36:14,099 - INFO - ADD TO DATABASE, SUCCESSFUL!
2024-09-07 15:36:14,120 - INFO - ADD TO DATABASE, SUCCESSFUL!
2024-09-07 15:36:14,141 - INFO - ADD TO DATABASE, SUCCESSFUL!
2024-09-07 15:36:14,163 - INFO - ADD TO DATABASE, SUCCESSFUL!
2024-09-07 15:36:14,184 - INFO - ADD TO DATABASE, SUCCESSFUL!
2024-09-07 15:36:14,213 - INFO - ADD TO DATABASE, SUCCESSFUL!
2024-09-07 15:36:14,234 - INFO - ADD TO DATABASE, SUCCESSFUL!
2024-09-07 15:36:14,254 - INFO - ADD TO DATABASE, SUCCESSFUL!
2024-09-07 15:36:14,275 - INFO - ADD TO DATABASE, SUCCESSFUL!
2024-09-07 15:36:14,295 - INFO - ADD TO DATABASE, SUCCESSFUL!
2024-09-07 15:36:14,317 - INFO - ADD TO DATABASE, SUCCESSFUL!
2024-09-07 15:36:14,364 - INFO - ADD TO DATABASE, SUCCESSFUL!
2024-09-07 15:36:14,387 - INFO - ADD TO DATABASE, SUCCESSFUL!
2024-09-07 15:36:14,409 - INFO - ADD TO DATABASE, SUCCESSFUL!
2024-09-07 15:36:14,430 - INFO - ADD TO DATABASE, SUCCESSFUL!
2024-09-07 15:36:14,452 - INFO - ADD TO DATABASE, SUCCESSFUL!
2024-09-07 15:36:14,475 - INFO - ADD TO DATABASE, SUCCESSFUL!
2024-09-07 15:36:14,498 - INFO - ADD TO DATABASE, SUCCESSFUL!
2024-09-07 15:36:14,520 - INFO - ADD TO DATABASE, SUCCESSFUL!
2024-09-07 15:36:14,543 - INFO - ADD TO DATABASE, SUCCESSFUL!
2024-09-07 15:36:14,592 - INFO - ADD TO DATABASE, SUCCESSFUL!
2024-09-07 15:36:14,615 - INFO - ADD TO DATABASE, SUCCESSFUL!
2024-09-07 15:36:14,635 - INFO - ADD TO DATABASE, SUCCESSFUL!
2024-09-07 15:36:14,656 - INFO - ADD TO DATABASE, SUCCESSFUL!
2024-09-07 15:36:14,677 - INFO - ADD TO DATABASE, SUCCESSFUL!
2024-09-07 15:36:14,735 - INFO - ADD TO DATABASE, SUCCESSFUL!
2024-09-07 15:36:14,769 - INFO - ADD TO DATABASE, SUCCESSFUL!
2024-09-07 15:36:14,793 - INFO - ADD TO DATABASE, SUCCESSFUL!
2024-09-07 15:36:14,815 - INFO - ADD TO DATABASE, SUCCESSFUL!
2024-09-07 15:36:14,837 - INFO - ADD TO DATABASE, SUCCESSFUL!
2024-09-07 15:36:14,858 - INFO - ADD TO DATABASE, SUCCESSFUL!
2024-09-07 15:36:14,880 - INFO - ADD TO DATABASE, SUCCESSFUL!
2024-09-07 15:36:14,901 - INFO - ADD TO DATABASE, SUCCESSFUL!
2024-09-07 15:36:14,923 - INFO - ADD TO DATABASE, SUCCESSFUL!
2024-09-07 15:36:14,945 - INFO - ADD TO DATABASE, SUCCESSFUL!
2024-09-07 15:36:14,967 - INFO - ADD TO DATABASE, SUCCESSFUL!
2024-09-07 15:36:15,018 - INFO - ADD TO DATABASE, SUCCESSFUL!
2024-09-07 15:36:15,068 - INFO - ADD TO DATABASE, SUCCESSFUL!
2024-09-07 15:36:15,105 - INFO - ADD TO DATABASE, SUCCESSFUL!
2024-09-07 15:36:15,143 - INFO - ADD TO DATABASE, SUCCESSFUL!
2024-09-07 15:36:15,173 - INFO - ADD TO DATABASE, SUCCESSFUL!
2024-09-07 15:36:15,206 - INFO - ADD TO DATABASE, SUCCESSFUL!
2024-09-07 15:36:15,235 - INFO - ADD TO DATABASE, SUCCESSFUL!
2024-09-07 15:36:15,264 - INFO - ADD TO DATABASE, SUCCESSFUL!
2024-09-07 15:36:15,286 - INFO - ADD TO DATABASE, SUCCESSFUL!
2024-09-07 15:36:15,310 - INFO - ADD TO DATABASE, SUCCESSFUL!
2024-09-07 15:36:15,332 - INFO - ADD TO DATABASE, SUCCESSFUL!
2024-09-07 15:36:15,353 - INFO - ADD TO DATABASE, SUCCESSFUL!
2024-09-07 15:36:15,374 - INFO - ADD TO DATABASE, SUCCESSFUL!
2024-09-07 15:36:15,396 - INFO - ADD TO DATABASE, SUCCESSFUL!
2024-09-07 15:36:15,420 - INFO - ADD TO DATABASE, SUCCESSFUL!
2024-09-07 15:36:15,444 - INFO - ADD TO DATABASE, SUCCESSFUL!
2024-09-07 15:36:15,469 - INFO - ADD TO DATABASE, SUCCESSFUL!
2024-09-07 15:36:15,491 - INFO - ADD TO DATABASE, SUCCESSFUL!
2024-09-07 15:36:15,512 - INFO - ADD TO DATABASE, SUCCESSFUL!
2024-09-07 15:36:15,560 - INFO - ADD TO DATABASE, SUCCESSFUL!
2024-09-07 15:36:15,584 - INFO - ADD TO DATABASE, SUCCESSFUL!
2024-09-07 15:36:15,608 - INFO - ADD TO DATABASE, SUCCESSFUL!
2024-09-07 15:36:15,633 - INFO - ADD TO DATABASE, SUCCESSFUL!
2024-09-07 15:36:15,690 - INFO - ADD TO DATABASE, SUCCESSFUL!
2024-09-07 15:36:15,718 - INFO - ADD TO DATABASE, SUCCESSFUL!
2024-09-07 15:36:15,745 - INFO - ADD TO DATABASE, SUCCESSFUL!
2024-09-07 15:36:15,772 - INFO - ADD TO DATABASE, SUCCESSFUL!
2024-09-07 15:36:15,798 - INFO - ADD TO DATABASE, SUCCESSFUL!
2024-09-07 15:36:15,825 - INFO - ADD TO DATABASE, SUCCESSFUL!
2024-09-07 15:36:15,852 - INFO - ADD TO DATABASE, SUCCESSFUL!
2024-09-07 15:36:15,878 - INFO - ADD TO DATABASE, SUCCESSFUL!
2024-09-07 15:36:15,907 - INFO - ADD TO DATABASE, SUCCESSFUL!
2024-09-07 15:36:15,936 - INFO - ADD TO DATABASE, SUCCESSFUL!
2024-09-07 15:36:15,963 - INFO - ADD TO DATABASE, SUCCESSFUL!
2024-09-07 15:38:25,692 - ERROR - 444074252 IS ALREADY EXISTS!
2024-09-07 15:38:25,693 - ERROR - CAN NOT  ADD 444074252 TO DB!
ERORR:
Traceback (most recent call last):
  File "/home/sjd/Desktop/Realstate-Ads-Data-divar-sheypoor-/sc_ads/saver/fun_save2db.py", line 91, in save2db
    cur2.execute(insert_query, values)
psycopg2.errors.UniqueViolation: duplicate key value violates unique constraint "rs_table_pkey"
DETAIL:  Key (token)=(444074252) already exists.

2024-09-07 15:38:25,723 - ERROR - 421453604 IS ALREADY EXISTS!
2024-09-07 15:38:25,723 - ERROR - CAN NOT  ADD 421453604 TO DB!
ERORR:
Traceback (most recent call last):
  File "/home/sjd/Desktop/Realstate-Ads-Data-divar-sheypoor-/sc_ads/saver/fun_save2db.py", line 91, in save2db
    cur2.execute(insert_query, values)
psycopg2.errors.UniqueViolation: duplicate key value violates unique constraint "rs_table_pkey"
DETAIL:  Key (token)=(421453604) already exists.

2024-09-07 15:38:25,752 - ERROR - 443328393 IS ALREADY EXISTS!
2024-09-07 15:38:25,753 - ERROR - CAN NOT  ADD 443328393 TO DB!
ERORR:
Traceback (most recent call last):
  File "/home/sjd/Desktop/Realstate-Ads-Data-divar-sheypoor-/sc_ads/saver/fun_save2db.py", line 91, in save2db
    cur2.execute(insert_query, values)
psycopg2.errors.UniqueViolation: duplicate key value violates unique constraint "rs_table_pkey"
DETAIL:  Key (token)=(443328393) already exists.

2024-09-07 15:38:25,775 - ERROR - 442714873 IS ALREADY EXISTS!
2024-09-07 15:38:25,775 - ERROR - CAN NOT  ADD 442714873 TO DB!
ERORR:
Traceback (most recent call last):
  File "/home/sjd/Desktop/Realstate-Ads-Data-divar-sheypoor-/sc_ads/saver/fun_save2db.py", line 91, in save2db
    cur2.execute(insert_query, values)
psycopg2.errors.UniqueViolation: duplicate key value violates unique constraint "rs_table_pkey"
DETAIL:  Key (token)=(442714873) already exists.

2024-09-07 15:38:25,798 - ERROR - 442848156 IS ALREADY EXISTS!
2024-09-07 15:38:25,798 - ERROR - CAN NOT  ADD 442848156 TO DB!
ERORR:
Traceback (most recent call last):
  File "/home/sjd/Desktop/Realstate-Ads-Data-divar-sheypoor-/sc_ads/saver/fun_save2db.py", line 91, in save2db
    cur2.execute(insert_query, values)
psycopg2.errors.UniqueViolation: duplicate key value violates unique constraint "rs_table_pkey"
DETAIL:  Key (token)=(442848156) already exists.

2024-09-07 15:38:25,826 - ERROR - 443404628 IS ALREADY EXISTS!
2024-09-07 15:38:25,827 - ERROR - CAN NOT  ADD 443404628 TO DB!
ERORR:
Traceback (most recent call last):
  File "/home/sjd/Desktop/Realstate-Ads-Data-divar-sheypoor-/sc_ads/saver/fun_save2db.py", line 91, in save2db
    cur2.execute(insert_query, values)
psycopg2.errors.UniqueViolation: duplicate key value violates unique constraint "rs_table_pkey"
DETAIL:  Key (token)=(443404628) already exists.

2024-09-07 15:38:25,864 - ERROR - 443108287 IS ALREADY EXISTS!
2024-09-07 15:38:25,864 - ERROR - CAN NOT  ADD 443108287 TO DB!
ERORR:
Traceback (most recent call last):
  File "/home/sjd/Desktop/Realstate-Ads-Data-divar-sheypoor-/sc_ads/saver/fun_save2db.py", line 91, in save2db
    cur2.execute(insert_query, values)
psycopg2.errors.UniqueViolation: duplicate key value violates unique constraint "rs_table_pkey"
DETAIL:  Key (token)=(443108287) already exists.

2024-09-07 15:38:25,898 - ERROR - 437750657 IS ALREADY EXISTS!
2024-09-07 15:38:25,898 - ERROR - CAN NOT  ADD 437750657 TO DB!
ERORR:
Traceback (most recent call last):
  File "/home/sjd/Desktop/Realstate-Ads-Data-divar-sheypoor-/sc_ads/saver/fun_save2db.py", line 91, in save2db
    cur2.execute(insert_query, values)
psycopg2.errors.UniqueViolation: duplicate key value violates unique constraint "rs_table_pkey"
DETAIL:  Key (token)=(437750657) already exists.

2024-09-07 15:38:25,934 - ERROR - 444074149 IS ALREADY EXISTS!
2024-09-07 15:38:25,935 - ERROR - CAN NOT  ADD 444074149 TO DB!
ERORR:
Traceback (most recent call last):
  File "/home/sjd/Desktop/Realstate-Ads-Data-divar-sheypoor-/sc_ads/saver/fun_save2db.py", line 91, in save2db
    cur2.execute(insert_query, values)
psycopg2.errors.UniqueViolation: duplicate key value violates unique constraint "rs_table_pkey"
DETAIL:  Key (token)=(444074149) already exists.

2024-09-07 15:38:25,970 - ERROR - 443964460 IS ALREADY EXISTS!
2024-09-07 15:38:25,971 - ERROR - CAN NOT  ADD 443964460 TO DB!
ERORR:
Traceback (most recent call last):
  File "/home/sjd/Desktop/Realstate-Ads-Data-divar-sheypoor-/sc_ads/saver/fun_save2db.py", line 91, in save2db
    cur2.execute(insert_query, values)
psycopg2.errors.UniqueViolation: duplicate key value violates unique constraint "rs_table_pkey"
DETAIL:  Key (token)=(443964460) already exists.

2024-09-07 15:38:26,001 - ERROR - 444074277 IS ALREADY EXISTS!
2024-09-07 15:38:26,001 - ERROR - CAN NOT  ADD 444074277 TO DB!
ERORR:
Traceback (most recent call last):
  File "/home/sjd/Desktop/Realstate-Ads-Data-divar-sheypoor-/sc_ads/saver/fun_save2db.py", line 91, in save2db
    cur2.execute(insert_query, values)
psycopg2.errors.UniqueViolation: duplicate key value violates unique constraint "rs_table_pkey"
DETAIL:  Key (token)=(444074277) already exists.

2024-09-07 15:38:26,030 - ERROR - 443534559 IS ALREADY EXISTS!
2024-09-07 15:38:26,031 - ERROR - CAN NOT  ADD 443534559 TO DB!
ERORR:
Traceback (most recent call last):
  File "/home/sjd/Desktop/Realstate-Ads-Data-divar-sheypoor-/sc_ads/saver/fun_save2db.py", line 91, in save2db
    cur2.execute(insert_query, values)
psycopg2.errors.UniqueViolation: duplicate key value violates unique constraint "rs_table_pkey"
DETAIL:  Key (token)=(443534559) already exists.

2024-09-07 15:38:26,055 - ERROR - 441188546 IS ALREADY EXISTS!
2024-09-07 15:38:26,055 - ERROR - CAN NOT  ADD 441188546 TO DB!
ERORR:
Traceback (most recent call last):
  File "/home/sjd/Desktop/Realstate-Ads-Data-divar-sheypoor-/sc_ads/saver/fun_save2db.py", line 91, in save2db
    cur2.execute(insert_query, values)
psycopg2.errors.UniqueViolation: duplicate key value violates unique constraint "rs_table_pkey"
DETAIL:  Key (token)=(441188546) already exists.

2024-09-07 15:38:26,077 - ERROR - 443273883 IS ALREADY EXISTS!
2024-09-07 15:38:26,077 - ERROR - CAN NOT  ADD 443273883 TO DB!
ERORR:
Traceback (most recent call last):
  File "/home/sjd/Desktop/Realstate-Ads-Data-divar-sheypoor-/sc_ads/saver/fun_save2db.py", line 91, in save2db
    cur2.execute(insert_query, values)
psycopg2.errors.UniqueViolation: duplicate key value violates unique constraint "rs_table_pkey"
DETAIL:  Key (token)=(443273883) already exists.

2024-09-07 15:38:26,100 - ERROR - 443964513 IS ALREADY EXISTS!
2024-09-07 15:38:26,100 - ERROR - CAN NOT  ADD 443964513 TO DB!
ERORR:
Traceback (most recent call last):
  File "/home/sjd/Desktop/Realstate-Ads-Data-divar-sheypoor-/sc_ads/saver/fun_save2db.py", line 91, in save2db
    cur2.execute(insert_query, values)
psycopg2.errors.UniqueViolation: duplicate key value violates unique constraint "rs_table_pkey"
DETAIL:  Key (token)=(443964513) already exists.

2024-09-07 15:38:26,123 - ERROR - 436389203 IS ALREADY EXISTS!
2024-09-07 15:38:26,124 - ERROR - CAN NOT  ADD 436389203 TO DB!
ERORR:
Traceback (most recent call last):
  File "/home/sjd/Desktop/Realstate-Ads-Data-divar-sheypoor-/sc_ads/saver/fun_save2db.py", line 91, in save2db
    cur2.execute(insert_query, values)
psycopg2.errors.UniqueViolation: duplicate key value violates unique constraint "rs_table_pkey"
DETAIL:  Key (token)=(436389203) already exists.

2024-09-07 15:38:26,146 - ERROR - 417667776 IS ALREADY EXISTS!
2024-09-07 15:38:26,146 - ERROR - CAN NOT  ADD 417667776 TO DB!
ERORR:
Traceback (most recent call last):
  File "/home/sjd/Desktop/Realstate-Ads-Data-divar-sheypoor-/sc_ads/saver/fun_save2db.py", line 91, in save2db
    cur2.execute(insert_query, values)
psycopg2.errors.UniqueViolation: duplicate key value violates unique constraint "rs_table_pkey"
DETAIL:  Key (token)=(417667776) already exists.

2024-09-07 15:38:26,168 - ERROR - 442819228 IS ALREADY EXISTS!
2024-09-07 15:38:26,169 - ERROR - CAN NOT  ADD 442819228 TO DB!
ERORR:
Traceback (most recent call last):
  File "/home/sjd/Desktop/Realstate-Ads-Data-divar-sheypoor-/sc_ads/saver/fun_save2db.py", line 91, in save2db
    cur2.execute(insert_query, values)
psycopg2.errors.UniqueViolation: duplicate key value violates unique constraint "rs_table_pkey"
DETAIL:  Key (token)=(442819228) already exists.

2024-09-07 15:38:26,201 - INFO - ADD TO DATABASE, SUCCESSFUL!
2024-09-07 15:38:26,229 - ERROR - 408912173 IS ALREADY EXISTS!
2024-09-07 15:38:26,229 - ERROR - CAN NOT  ADD 408912173 TO DB!
ERORR:
Traceback (most recent call last):
  File "/home/sjd/Desktop/Realstate-Ads-Data-divar-sheypoor-/sc_ads/saver/fun_save2db.py", line 91, in save2db
    cur2.execute(insert_query, values)
psycopg2.errors.UniqueViolation: duplicate key value violates unique constraint "rs_table_pkey"
DETAIL:  Key (token)=(408912173) already exists.

2024-09-07 15:38:26,252 - ERROR - 440220740 IS ALREADY EXISTS!
2024-09-07 15:38:26,252 - ERROR - CAN NOT  ADD 440220740 TO DB!
ERORR:
Traceback (most recent call last):
  File "/home/sjd/Desktop/Realstate-Ads-Data-divar-sheypoor-/sc_ads/saver/fun_save2db.py", line 91, in save2db
    cur2.execute(insert_query, values)
psycopg2.errors.UniqueViolation: duplicate key value violates unique constraint "rs_table_pkey"
DETAIL:  Key (token)=(440220740) already exists.

2024-09-07 15:38:26,281 - INFO - ADD TO DATABASE, SUCCESSFUL!
2024-09-07 15:38:26,305 - ERROR - 404783597 IS ALREADY EXISTS!
2024-09-07 15:38:26,305 - ERROR - CAN NOT  ADD 404783597 TO DB!
ERORR:
Traceback (most recent call last):
  File "/home/sjd/Desktop/Realstate-Ads-Data-divar-sheypoor-/sc_ads/saver/fun_save2db.py", line 91, in save2db
    cur2.execute(insert_query, values)
psycopg2.errors.UniqueViolation: duplicate key value violates unique constraint "rs_table_pkey"
DETAIL:  Key (token)=(404783597) already exists.

2024-09-07 15:38:26,328 - INFO - ADD TO DATABASE, SUCCESSFUL!
2024-09-07 15:38:26,347 - ERROR - 444074249 IS ALREADY EXISTS!
2024-09-07 15:38:26,347 - ERROR - CAN NOT  ADD 444074249 TO DB!
ERORR:
Traceback (most recent call last):
  File "/home/sjd/Desktop/Realstate-Ads-Data-divar-sheypoor-/sc_ads/saver/fun_save2db.py", line 91, in save2db
    cur2.execute(insert_query, values)
psycopg2.errors.UniqueViolation: duplicate key value violates unique constraint "rs_table_pkey"
DETAIL:  Key (token)=(444074249) already exists.

2024-09-07 15:38:26,370 - ERROR - 443964381 IS ALREADY EXISTS!
2024-09-07 15:38:26,370 - ERROR - CAN NOT  ADD 443964381 TO DB!
ERORR:
Traceback (most recent call last):
  File "/home/sjd/Desktop/Realstate-Ads-Data-divar-sheypoor-/sc_ads/saver/fun_save2db.py", line 91, in save2db
    cur2.execute(insert_query, values)
psycopg2.errors.UniqueViolation: duplicate key value violates unique constraint "rs_table_pkey"
DETAIL:  Key (token)=(443964381) already exists.

2024-09-07 15:38:26,391 - ERROR - 443096614 IS ALREADY EXISTS!
2024-09-07 15:38:26,392 - ERROR - CAN NOT  ADD 443096614 TO DB!
ERORR:
Traceback (most recent call last):
  File "/home/sjd/Desktop/Realstate-Ads-Data-divar-sheypoor-/sc_ads/saver/fun_save2db.py", line 91, in save2db
    cur2.execute(insert_query, values)
psycopg2.errors.UniqueViolation: duplicate key value violates unique constraint "rs_table_pkey"
DETAIL:  Key (token)=(443096614) already exists.

2024-09-07 15:38:26,414 - ERROR - 440883942 IS ALREADY EXISTS!
2024-09-07 15:38:26,415 - ERROR - CAN NOT  ADD 440883942 TO DB!
ERORR:
Traceback (most recent call last):
  File "/home/sjd/Desktop/Realstate-Ads-Data-divar-sheypoor-/sc_ads/saver/fun_save2db.py", line 91, in save2db
    cur2.execute(insert_query, values)
psycopg2.errors.UniqueViolation: duplicate key value violates unique constraint "rs_table_pkey"
DETAIL:  Key (token)=(440883942) already exists.

2024-09-07 15:38:26,439 - ERROR - 437124756 IS ALREADY EXISTS!
2024-09-07 15:38:26,439 - ERROR - CAN NOT  ADD 437124756 TO DB!
ERORR:
Traceback (most recent call last):
  File "/home/sjd/Desktop/Realstate-Ads-Data-divar-sheypoor-/sc_ads/saver/fun_save2db.py", line 91, in save2db
    cur2.execute(insert_query, values)
psycopg2.errors.UniqueViolation: duplicate key value violates unique constraint "rs_table_pkey"
DETAIL:  Key (token)=(437124756) already exists.

2024-09-07 15:38:26,464 - ERROR - 442886793 IS ALREADY EXISTS!
2024-09-07 15:38:26,465 - ERROR - CAN NOT  ADD 442886793 TO DB!
ERORR:
Traceback (most recent call last):
  File "/home/sjd/Desktop/Realstate-Ads-Data-divar-sheypoor-/sc_ads/saver/fun_save2db.py", line 91, in save2db
    cur2.execute(insert_query, values)
psycopg2.errors.UniqueViolation: duplicate key value violates unique constraint "rs_table_pkey"
DETAIL:  Key (token)=(442886793) already exists.

2024-09-07 15:38:26,491 - ERROR - 444074174 IS ALREADY EXISTS!
2024-09-07 15:38:26,491 - ERROR - CAN NOT  ADD 444074174 TO DB!
ERORR:
Traceback (most recent call last):
  File "/home/sjd/Desktop/Realstate-Ads-Data-divar-sheypoor-/sc_ads/saver/fun_save2db.py", line 91, in save2db
    cur2.execute(insert_query, values)
psycopg2.errors.UniqueViolation: duplicate key value violates unique constraint "rs_table_pkey"
DETAIL:  Key (token)=(444074174) already exists.

2024-09-07 15:38:26,514 - ERROR - 422926717 IS ALREADY EXISTS!
2024-09-07 15:38:26,514 - ERROR - CAN NOT  ADD 422926717 TO DB!
ERORR:
Traceback (most recent call last):
  File "/home/sjd/Desktop/Realstate-Ads-Data-divar-sheypoor-/sc_ads/saver/fun_save2db.py", line 91, in save2db
    cur2.execute(insert_query, values)
psycopg2.errors.UniqueViolation: duplicate key value violates unique constraint "rs_table_pkey"
DETAIL:  Key (token)=(422926717) already exists.

2024-09-07 15:38:26,533 - ERROR - 441889080 IS ALREADY EXISTS!
2024-09-07 15:38:26,533 - ERROR - CAN NOT  ADD 441889080 TO DB!
ERORR:
Traceback (most recent call last):
  File "/home/sjd/Desktop/Realstate-Ads-Data-divar-sheypoor-/sc_ads/saver/fun_save2db.py", line 91, in save2db
    cur2.execute(insert_query, values)
psycopg2.errors.UniqueViolation: duplicate key value violates unique constraint "rs_table_pkey"
DETAIL:  Key (token)=(441889080) already exists.

2024-09-07 15:38:26,553 - ERROR - 442005038 IS ALREADY EXISTS!
2024-09-07 15:38:26,553 - ERROR - CAN NOT  ADD 442005038 TO DB!
ERORR:
Traceback (most recent call last):
  File "/home/sjd/Desktop/Realstate-Ads-Data-divar-sheypoor-/sc_ads/saver/fun_save2db.py", line 91, in save2db
    cur2.execute(insert_query, values)
psycopg2.errors.UniqueViolation: duplicate key value violates unique constraint "rs_table_pkey"
DETAIL:  Key (token)=(442005038) already exists.

2024-09-07 15:38:26,574 - ERROR - 427215925 IS ALREADY EXISTS!
2024-09-07 15:38:26,575 - ERROR - CAN NOT  ADD 427215925 TO DB!
ERORR:
Traceback (most recent call last):
  File "/home/sjd/Desktop/Realstate-Ads-Data-divar-sheypoor-/sc_ads/saver/fun_save2db.py", line 91, in save2db
    cur2.execute(insert_query, values)
psycopg2.errors.UniqueViolation: duplicate key value violates unique constraint "rs_table_pkey"
DETAIL:  Key (token)=(427215925) already exists.

2024-09-07 15:38:26,596 - ERROR - 442937843 IS ALREADY EXISTS!
2024-09-07 15:38:26,596 - ERROR - CAN NOT  ADD 442937843 TO DB!
ERORR:
Traceback (most recent call last):
  File "/home/sjd/Desktop/Realstate-Ads-Data-divar-sheypoor-/sc_ads/saver/fun_save2db.py", line 91, in save2db
    cur2.execute(insert_query, values)
psycopg2.errors.UniqueViolation: duplicate key value violates unique constraint "rs_table_pkey"
DETAIL:  Key (token)=(442937843) already exists.

2024-09-07 15:38:26,617 - ERROR - 443964526 IS ALREADY EXISTS!
2024-09-07 15:38:26,618 - ERROR - CAN NOT  ADD 443964526 TO DB!
ERORR:
Traceback (most recent call last):
  File "/home/sjd/Desktop/Realstate-Ads-Data-divar-sheypoor-/sc_ads/saver/fun_save2db.py", line 91, in save2db
    cur2.execute(insert_query, values)
psycopg2.errors.UniqueViolation: duplicate key value violates unique constraint "rs_table_pkey"
DETAIL:  Key (token)=(443964526) already exists.

2024-09-07 15:38:26,640 - ERROR - 441732329 IS ALREADY EXISTS!
2024-09-07 15:38:26,640 - ERROR - CAN NOT  ADD 441732329 TO DB!
ERORR:
Traceback (most recent call last):
  File "/home/sjd/Desktop/Realstate-Ads-Data-divar-sheypoor-/sc_ads/saver/fun_save2db.py", line 91, in save2db
    cur2.execute(insert_query, values)
psycopg2.errors.UniqueViolation: duplicate key value violates unique constraint "rs_table_pkey"
DETAIL:  Key (token)=(441732329) already exists.

2024-09-07 15:38:26,662 - ERROR - 441616507 IS ALREADY EXISTS!
2024-09-07 15:38:26,663 - ERROR - CAN NOT  ADD 441616507 TO DB!
ERORR:
Traceback (most recent call last):
  File "/home/sjd/Desktop/Realstate-Ads-Data-divar-sheypoor-/sc_ads/saver/fun_save2db.py", line 91, in save2db
    cur2.execute(insert_query, values)
psycopg2.errors.UniqueViolation: duplicate key value violates unique constraint "rs_table_pkey"
DETAIL:  Key (token)=(441616507) already exists.

2024-09-07 15:38:26,684 - ERROR - 440021933 IS ALREADY EXISTS!
2024-09-07 15:38:26,685 - ERROR - CAN NOT  ADD 440021933 TO DB!
ERORR:
Traceback (most recent call last):
  File "/home/sjd/Desktop/Realstate-Ads-Data-divar-sheypoor-/sc_ads/saver/fun_save2db.py", line 91, in save2db
    cur2.execute(insert_query, values)
psycopg2.errors.UniqueViolation: duplicate key value violates unique constraint "rs_table_pkey"
DETAIL:  Key (token)=(440021933) already exists.

2024-09-07 15:38:26,705 - ERROR - 441858395 IS ALREADY EXISTS!
2024-09-07 15:38:26,706 - ERROR - CAN NOT  ADD 441858395 TO DB!
ERORR:
Traceback (most recent call last):
  File "/home/sjd/Desktop/Realstate-Ads-Data-divar-sheypoor-/sc_ads/saver/fun_save2db.py", line 91, in save2db
    cur2.execute(insert_query, values)
psycopg2.errors.UniqueViolation: duplicate key value violates unique constraint "rs_table_pkey"
DETAIL:  Key (token)=(441858395) already exists.

2024-09-07 15:38:26,729 - ERROR - 436808780 IS ALREADY EXISTS!
2024-09-07 15:38:26,729 - ERROR - CAN NOT  ADD 436808780 TO DB!
ERORR:
Traceback (most recent call last):
  File "/home/sjd/Desktop/Realstate-Ads-Data-divar-sheypoor-/sc_ads/saver/fun_save2db.py", line 91, in save2db
    cur2.execute(insert_query, values)
psycopg2.errors.UniqueViolation: duplicate key value violates unique constraint "rs_table_pkey"
DETAIL:  Key (token)=(436808780) already exists.

2024-09-07 15:38:26,750 - ERROR - 440926526 IS ALREADY EXISTS!
2024-09-07 15:38:26,750 - ERROR - CAN NOT  ADD 440926526 TO DB!
ERORR:
Traceback (most recent call last):
  File "/home/sjd/Desktop/Realstate-Ads-Data-divar-sheypoor-/sc_ads/saver/fun_save2db.py", line 91, in save2db
    cur2.execute(insert_query, values)
psycopg2.errors.UniqueViolation: duplicate key value violates unique constraint "rs_table_pkey"
DETAIL:  Key (token)=(440926526) already exists.

2024-09-07 15:38:26,774 - ERROR - 443962224 IS ALREADY EXISTS!
2024-09-07 15:38:26,774 - ERROR - CAN NOT  ADD 443962224 TO DB!
ERORR:
Traceback (most recent call last):
  File "/home/sjd/Desktop/Realstate-Ads-Data-divar-sheypoor-/sc_ads/saver/fun_save2db.py", line 91, in save2db
    cur2.execute(insert_query, values)
psycopg2.errors.UniqueViolation: duplicate key value violates unique constraint "rs_table_pkey"
DETAIL:  Key (token)=(443962224) already exists.

2024-09-07 15:38:26,795 - ERROR - 443964486 IS ALREADY EXISTS!
2024-09-07 15:38:26,796 - ERROR - CAN NOT  ADD 443964486 TO DB!
ERORR:
Traceback (most recent call last):
  File "/home/sjd/Desktop/Realstate-Ads-Data-divar-sheypoor-/sc_ads/saver/fun_save2db.py", line 91, in save2db
    cur2.execute(insert_query, values)
psycopg2.errors.UniqueViolation: duplicate key value violates unique constraint "rs_table_pkey"
DETAIL:  Key (token)=(443964486) already exists.

2024-09-07 15:38:26,817 - ERROR - 443200629 IS ALREADY EXISTS!
2024-09-07 15:38:26,817 - ERROR - CAN NOT  ADD 443200629 TO DB!
ERORR:
Traceback (most recent call last):
  File "/home/sjd/Desktop/Realstate-Ads-Data-divar-sheypoor-/sc_ads/saver/fun_save2db.py", line 91, in save2db
    cur2.execute(insert_query, values)
psycopg2.errors.UniqueViolation: duplicate key value violates unique constraint "rs_table_pkey"
DETAIL:  Key (token)=(443200629) already exists.

2024-09-07 15:38:26,841 - INFO - ADD TO DATABASE, SUCCESSFUL!
2024-09-07 15:38:26,866 - INFO - ADD TO DATABASE, SUCCESSFUL!
2024-09-07 15:38:26,888 - ERROR - 441015600 IS ALREADY EXISTS!
2024-09-07 15:38:26,889 - ERROR - CAN NOT  ADD 441015600 TO DB!
ERORR:
Traceback (most recent call last):
  File "/home/sjd/Desktop/Realstate-Ads-Data-divar-sheypoor-/sc_ads/saver/fun_save2db.py", line 91, in save2db
    cur2.execute(insert_query, values)
psycopg2.errors.UniqueViolation: duplicate key value violates unique constraint "rs_table_pkey"
DETAIL:  Key (token)=(441015600) already exists.

2024-09-07 15:38:26,913 - INFO - ADD TO DATABASE, SUCCESSFUL!
2024-09-07 15:38:26,936 - ERROR - 443963919 IS ALREADY EXISTS!
2024-09-07 15:38:26,937 - ERROR - CAN NOT  ADD 443963919 TO DB!
ERORR:
Traceback (most recent call last):
  File "/home/sjd/Desktop/Realstate-Ads-Data-divar-sheypoor-/sc_ads/saver/fun_save2db.py", line 91, in save2db
    cur2.execute(insert_query, values)
psycopg2.errors.UniqueViolation: duplicate key value violates unique constraint "rs_table_pkey"
DETAIL:  Key (token)=(443963919) already exists.

2024-09-07 15:38:26,964 - INFO - ADD TO DATABASE, SUCCESSFUL!
2024-09-07 15:38:26,990 - ERROR - 443596343 IS ALREADY EXISTS!
2024-09-07 15:38:26,990 - ERROR - CAN NOT  ADD 443596343 TO DB!
ERORR:
Traceback (most recent call last):
  File "/home/sjd/Desktop/Realstate-Ads-Data-divar-sheypoor-/sc_ads/saver/fun_save2db.py", line 91, in save2db
    cur2.execute(insert_query, values)
psycopg2.errors.UniqueViolation: duplicate key value violates unique constraint "rs_table_pkey"
DETAIL:  Key (token)=(443596343) already exists.

2024-09-07 15:38:27,017 - ERROR - 428816983 IS ALREADY EXISTS!
2024-09-07 15:38:27,017 - ERROR - CAN NOT  ADD 428816983 TO DB!
ERORR:
Traceback (most recent call last):
  File "/home/sjd/Desktop/Realstate-Ads-Data-divar-sheypoor-/sc_ads/saver/fun_save2db.py", line 91, in save2db
    cur2.execute(insert_query, values)
psycopg2.errors.UniqueViolation: duplicate key value violates unique constraint "rs_table_pkey"
DETAIL:  Key (token)=(428816983) already exists.

2024-09-07 15:38:27,040 - ERROR - 444023600 IS ALREADY EXISTS!
2024-09-07 15:38:27,041 - ERROR - CAN NOT  ADD 444023600 TO DB!
ERORR:
Traceback (most recent call last):
  File "/home/sjd/Desktop/Realstate-Ads-Data-divar-sheypoor-/sc_ads/saver/fun_save2db.py", line 91, in save2db
    cur2.execute(insert_query, values)
psycopg2.errors.UniqueViolation: duplicate key value violates unique constraint "rs_table_pkey"
DETAIL:  Key (token)=(444023600) already exists.

2024-09-07 15:38:27,062 - ERROR - 402307056 IS ALREADY EXISTS!
2024-09-07 15:38:27,063 - ERROR - CAN NOT  ADD 402307056 TO DB!
ERORR:
Traceback (most recent call last):
  File "/home/sjd/Desktop/Realstate-Ads-Data-divar-sheypoor-/sc_ads/saver/fun_save2db.py", line 91, in save2db
    cur2.execute(insert_query, values)
psycopg2.errors.UniqueViolation: duplicate key value violates unique constraint "rs_table_pkey"
DETAIL:  Key (token)=(402307056) already exists.

2024-09-07 15:38:27,084 - ERROR - 443023989 IS ALREADY EXISTS!
2024-09-07 15:38:27,085 - ERROR - CAN NOT  ADD 443023989 TO DB!
ERORR:
Traceback (most recent call last):
  File "/home/sjd/Desktop/Realstate-Ads-Data-divar-sheypoor-/sc_ads/saver/fun_save2db.py", line 91, in save2db
    cur2.execute(insert_query, values)
psycopg2.errors.UniqueViolation: duplicate key value violates unique constraint "rs_table_pkey"
DETAIL:  Key (token)=(443023989) already exists.

2024-09-07 15:38:27,133 - INFO - ADD TO DATABASE, SUCCESSFUL!
2024-09-07 15:38:27,152 - ERROR - 442827231 IS ALREADY EXISTS!
2024-09-07 15:38:27,153 - ERROR - CAN NOT  ADD 442827231 TO DB!
ERORR:
Traceback (most recent call last):
  File "/home/sjd/Desktop/Realstate-Ads-Data-divar-sheypoor-/sc_ads/saver/fun_save2db.py", line 91, in save2db
    cur2.execute(insert_query, values)
psycopg2.errors.UniqueViolation: duplicate key value violates unique constraint "rs_table_pkey"
DETAIL:  Key (token)=(442827231) already exists.

2024-09-07 15:38:27,175 - ERROR - 417667219 IS ALREADY EXISTS!
2024-09-07 15:38:27,175 - ERROR - CAN NOT  ADD 417667219 TO DB!
ERORR:
Traceback (most recent call last):
  File "/home/sjd/Desktop/Realstate-Ads-Data-divar-sheypoor-/sc_ads/saver/fun_save2db.py", line 91, in save2db
    cur2.execute(insert_query, values)
psycopg2.errors.UniqueViolation: duplicate key value violates unique constraint "rs_table_pkey"
DETAIL:  Key (token)=(417667219) already exists.

2024-09-07 15:38:27,196 - ERROR - 443579727 IS ALREADY EXISTS!
2024-09-07 15:38:27,196 - ERROR - CAN NOT  ADD 443579727 TO DB!
ERORR:
Traceback (most recent call last):
  File "/home/sjd/Desktop/Realstate-Ads-Data-divar-sheypoor-/sc_ads/saver/fun_save2db.py", line 91, in save2db
    cur2.execute(insert_query, values)
psycopg2.errors.UniqueViolation: duplicate key value violates unique constraint "rs_table_pkey"
DETAIL:  Key (token)=(443579727) already exists.

2024-09-07 15:38:27,219 - ERROR - 402887363 IS ALREADY EXISTS!
2024-09-07 15:38:27,220 - ERROR - CAN NOT  ADD 402887363 TO DB!
ERORR:
Traceback (most recent call last):
  File "/home/sjd/Desktop/Realstate-Ads-Data-divar-sheypoor-/sc_ads/saver/fun_save2db.py", line 91, in save2db
    cur2.execute(insert_query, values)
psycopg2.errors.UniqueViolation: duplicate key value violates unique constraint "rs_table_pkey"
DETAIL:  Key (token)=(402887363) already exists.

2024-09-07 15:38:27,242 - ERROR - 415823661 IS ALREADY EXISTS!
2024-09-07 15:38:27,243 - ERROR - CAN NOT  ADD 415823661 TO DB!
ERORR:
Traceback (most recent call last):
  File "/home/sjd/Desktop/Realstate-Ads-Data-divar-sheypoor-/sc_ads/saver/fun_save2db.py", line 91, in save2db
    cur2.execute(insert_query, values)
psycopg2.errors.UniqueViolation: duplicate key value violates unique constraint "rs_table_pkey"
DETAIL:  Key (token)=(415823661) already exists.

2024-09-07 15:38:27,264 - ERROR - 441084783 IS ALREADY EXISTS!
2024-09-07 15:38:27,264 - ERROR - CAN NOT  ADD 441084783 TO DB!
ERORR:
Traceback (most recent call last):
  File "/home/sjd/Desktop/Realstate-Ads-Data-divar-sheypoor-/sc_ads/saver/fun_save2db.py", line 91, in save2db
    cur2.execute(insert_query, values)
psycopg2.errors.UniqueViolation: duplicate key value violates unique constraint "rs_table_pkey"
DETAIL:  Key (token)=(441084783) already exists.

2024-09-07 15:38:27,284 - ERROR - 423706789 IS ALREADY EXISTS!
2024-09-07 15:38:27,285 - ERROR - CAN NOT  ADD 423706789 TO DB!
ERORR:
Traceback (most recent call last):
  File "/home/sjd/Desktop/Realstate-Ads-Data-divar-sheypoor-/sc_ads/saver/fun_save2db.py", line 91, in save2db
    cur2.execute(insert_query, values)
psycopg2.errors.UniqueViolation: duplicate key value violates unique constraint "rs_table_pkey"
DETAIL:  Key (token)=(423706789) already exists.

2024-09-07 15:38:27,309 - ERROR - 444074262 IS ALREADY EXISTS!
2024-09-07 15:38:27,309 - ERROR - CAN NOT  ADD 444074262 TO DB!
ERORR:
Traceback (most recent call last):
  File "/home/sjd/Desktop/Realstate-Ads-Data-divar-sheypoor-/sc_ads/saver/fun_save2db.py", line 91, in save2db
    cur2.execute(insert_query, values)
psycopg2.errors.UniqueViolation: duplicate key value violates unique constraint "rs_table_pkey"
DETAIL:  Key (token)=(444074262) already exists.

2024-09-07 15:38:27,330 - ERROR - 442820197 IS ALREADY EXISTS!
2024-09-07 15:38:27,331 - ERROR - CAN NOT  ADD 442820197 TO DB!
ERORR:
Traceback (most recent call last):
  File "/home/sjd/Desktop/Realstate-Ads-Data-divar-sheypoor-/sc_ads/saver/fun_save2db.py", line 91, in save2db
    cur2.execute(insert_query, values)
psycopg2.errors.UniqueViolation: duplicate key value violates unique constraint "rs_table_pkey"
DETAIL:  Key (token)=(442820197) already exists.

2024-09-07 15:38:27,354 - ERROR - 435393521 IS ALREADY EXISTS!
2024-09-07 15:38:27,354 - ERROR - CAN NOT  ADD 435393521 TO DB!
ERORR:
Traceback (most recent call last):
  File "/home/sjd/Desktop/Realstate-Ads-Data-divar-sheypoor-/sc_ads/saver/fun_save2db.py", line 91, in save2db
    cur2.execute(insert_query, values)
psycopg2.errors.UniqueViolation: duplicate key value violates unique constraint "rs_table_pkey"
DETAIL:  Key (token)=(435393521) already exists.

2024-09-07 15:38:27,377 - ERROR - 423091894 IS ALREADY EXISTS!
2024-09-07 15:38:27,377 - ERROR - CAN NOT  ADD 423091894 TO DB!
ERORR:
Traceback (most recent call last):
  File "/home/sjd/Desktop/Realstate-Ads-Data-divar-sheypoor-/sc_ads/saver/fun_save2db.py", line 91, in save2db
    cur2.execute(insert_query, values)
psycopg2.errors.UniqueViolation: duplicate key value violates unique constraint "rs_table_pkey"
DETAIL:  Key (token)=(423091894) already exists.

2024-09-07 15:38:27,399 - ERROR - 438908504 IS ALREADY EXISTS!
2024-09-07 15:38:27,399 - ERROR - CAN NOT  ADD 438908504 TO DB!
ERORR:
Traceback (most recent call last):
  File "/home/sjd/Desktop/Realstate-Ads-Data-divar-sheypoor-/sc_ads/saver/fun_save2db.py", line 91, in save2db
    cur2.execute(insert_query, values)
psycopg2.errors.UniqueViolation: duplicate key value violates unique constraint "rs_table_pkey"
DETAIL:  Key (token)=(438908504) already exists.

2024-09-07 15:38:27,421 - ERROR - 442093484 IS ALREADY EXISTS!
2024-09-07 15:38:27,421 - ERROR - CAN NOT  ADD 442093484 TO DB!
ERORR:
Traceback (most recent call last):
  File "/home/sjd/Desktop/Realstate-Ads-Data-divar-sheypoor-/sc_ads/saver/fun_save2db.py", line 91, in save2db
    cur2.execute(insert_query, values)
psycopg2.errors.UniqueViolation: duplicate key value violates unique constraint "rs_table_pkey"
DETAIL:  Key (token)=(442093484) already exists.

2024-09-07 15:38:27,444 - ERROR - 438759273 IS ALREADY EXISTS!
2024-09-07 15:38:27,444 - ERROR - CAN NOT  ADD 438759273 TO DB!
ERORR:
Traceback (most recent call last):
  File "/home/sjd/Desktop/Realstate-Ads-Data-divar-sheypoor-/sc_ads/saver/fun_save2db.py", line 91, in save2db
    cur2.execute(insert_query, values)
psycopg2.errors.UniqueViolation: duplicate key value violates unique constraint "rs_table_pkey"
DETAIL:  Key (token)=(438759273) already exists.

2024-09-07 15:38:27,467 - ERROR - 443964428 IS ALREADY EXISTS!
2024-09-07 15:38:27,467 - ERROR - CAN NOT  ADD 443964428 TO DB!
ERORR:
Traceback (most recent call last):
  File "/home/sjd/Desktop/Realstate-Ads-Data-divar-sheypoor-/sc_ads/saver/fun_save2db.py", line 91, in save2db
    cur2.execute(insert_query, values)
psycopg2.errors.UniqueViolation: duplicate key value violates unique constraint "rs_table_pkey"
DETAIL:  Key (token)=(443964428) already exists.

2024-09-07 15:38:27,490 - ERROR - 443609637 IS ALREADY EXISTS!
2024-09-07 15:38:27,491 - ERROR - CAN NOT  ADD 443609637 TO DB!
ERORR:
Traceback (most recent call last):
  File "/home/sjd/Desktop/Realstate-Ads-Data-divar-sheypoor-/sc_ads/saver/fun_save2db.py", line 91, in save2db
    cur2.execute(insert_query, values)
psycopg2.errors.UniqueViolation: duplicate key value violates unique constraint "rs_table_pkey"
DETAIL:  Key (token)=(443609637) already exists.

2024-09-07 15:38:27,512 - ERROR - 442550874 IS ALREADY EXISTS!
2024-09-07 15:38:27,512 - ERROR - CAN NOT  ADD 442550874 TO DB!
ERORR:
Traceback (most recent call last):
  File "/home/sjd/Desktop/Realstate-Ads-Data-divar-sheypoor-/sc_ads/saver/fun_save2db.py", line 91, in save2db
    cur2.execute(insert_query, values)
psycopg2.errors.UniqueViolation: duplicate key value violates unique constraint "rs_table_pkey"
DETAIL:  Key (token)=(442550874) already exists.

2024-09-07 15:38:27,532 - ERROR - 443797298 IS ALREADY EXISTS!
2024-09-07 15:38:27,533 - ERROR - CAN NOT  ADD 443797298 TO DB!
ERORR:
Traceback (most recent call last):
  File "/home/sjd/Desktop/Realstate-Ads-Data-divar-sheypoor-/sc_ads/saver/fun_save2db.py", line 91, in save2db
    cur2.execute(insert_query, values)
psycopg2.errors.UniqueViolation: duplicate key value violates unique constraint "rs_table_pkey"
DETAIL:  Key (token)=(443797298) already exists.

2024-09-07 15:38:27,551 - ERROR - 434388195 IS ALREADY EXISTS!
2024-09-07 15:38:27,552 - ERROR - CAN NOT  ADD 434388195 TO DB!
ERORR:
Traceback (most recent call last):
  File "/home/sjd/Desktop/Realstate-Ads-Data-divar-sheypoor-/sc_ads/saver/fun_save2db.py", line 91, in save2db
    cur2.execute(insert_query, values)
psycopg2.errors.UniqueViolation: duplicate key value violates unique constraint "rs_table_pkey"
DETAIL:  Key (token)=(434388195) already exists.

2024-09-07 15:38:27,575 - ERROR - 402423241 IS ALREADY EXISTS!
2024-09-07 15:38:27,575 - ERROR - CAN NOT  ADD 402423241 TO DB!
ERORR:
Traceback (most recent call last):
  File "/home/sjd/Desktop/Realstate-Ads-Data-divar-sheypoor-/sc_ads/saver/fun_save2db.py", line 91, in save2db
    cur2.execute(insert_query, values)
psycopg2.errors.UniqueViolation: duplicate key value violates unique constraint "rs_table_pkey"
DETAIL:  Key (token)=(402423241) already exists.

2024-09-07 15:38:27,597 - ERROR - 442776715 IS ALREADY EXISTS!
2024-09-07 15:38:27,597 - ERROR - CAN NOT  ADD 442776715 TO DB!
ERORR:
Traceback (most recent call last):
  File "/home/sjd/Desktop/Realstate-Ads-Data-divar-sheypoor-/sc_ads/saver/fun_save2db.py", line 91, in save2db
    cur2.execute(insert_query, values)
psycopg2.errors.UniqueViolation: duplicate key value violates unique constraint "rs_table_pkey"
DETAIL:  Key (token)=(442776715) already exists.

2024-09-07 15:38:27,616 - ERROR - 436770445 IS ALREADY EXISTS!
2024-09-07 15:38:27,616 - ERROR - CAN NOT  ADD 436770445 TO DB!
ERORR:
Traceback (most recent call last):
  File "/home/sjd/Desktop/Realstate-Ads-Data-divar-sheypoor-/sc_ads/saver/fun_save2db.py", line 91, in save2db
    cur2.execute(insert_query, values)
psycopg2.errors.UniqueViolation: duplicate key value violates unique constraint "rs_table_pkey"
DETAIL:  Key (token)=(436770445) already exists.

2024-09-07 15:38:27,638 - ERROR - 437351178 IS ALREADY EXISTS!
2024-09-07 15:38:27,638 - ERROR - CAN NOT  ADD 437351178 TO DB!
ERORR:
Traceback (most recent call last):
  File "/home/sjd/Desktop/Realstate-Ads-Data-divar-sheypoor-/sc_ads/saver/fun_save2db.py", line 91, in save2db
    cur2.execute(insert_query, values)
psycopg2.errors.UniqueViolation: duplicate key value violates unique constraint "rs_table_pkey"
DETAIL:  Key (token)=(437351178) already exists.

2024-09-07 15:38:27,659 - ERROR - 441641807 IS ALREADY EXISTS!
2024-09-07 15:38:27,660 - ERROR - CAN NOT  ADD 441641807 TO DB!
ERORR:
Traceback (most recent call last):
  File "/home/sjd/Desktop/Realstate-Ads-Data-divar-sheypoor-/sc_ads/saver/fun_save2db.py", line 91, in save2db
    cur2.execute(insert_query, values)
psycopg2.errors.UniqueViolation: duplicate key value violates unique constraint "rs_table_pkey"
DETAIL:  Key (token)=(441641807) already exists.

2024-09-07 15:38:27,683 - ERROR - 441993864 IS ALREADY EXISTS!
2024-09-07 15:38:27,683 - ERROR - CAN NOT  ADD 441993864 TO DB!
ERORR:
Traceback (most recent call last):
  File "/home/sjd/Desktop/Realstate-Ads-Data-divar-sheypoor-/sc_ads/saver/fun_save2db.py", line 91, in save2db
    cur2.execute(insert_query, values)
psycopg2.errors.UniqueViolation: duplicate key value violates unique constraint "rs_table_pkey"
DETAIL:  Key (token)=(441993864) already exists.

2024-09-07 15:38:27,709 - ERROR - 443964538 IS ALREADY EXISTS!
2024-09-07 15:38:27,710 - ERROR - CAN NOT  ADD 443964538 TO DB!
ERORR:
Traceback (most recent call last):
  File "/home/sjd/Desktop/Realstate-Ads-Data-divar-sheypoor-/sc_ads/saver/fun_save2db.py", line 91, in save2db
    cur2.execute(insert_query, values)
psycopg2.errors.UniqueViolation: duplicate key value violates unique constraint "rs_table_pkey"
DETAIL:  Key (token)=(443964538) already exists.

2024-09-07 15:38:27,733 - ERROR - 419489889 IS ALREADY EXISTS!
2024-09-07 15:38:27,734 - ERROR - CAN NOT  ADD 419489889 TO DB!
ERORR:
Traceback (most recent call last):
  File "/home/sjd/Desktop/Realstate-Ads-Data-divar-sheypoor-/sc_ads/saver/fun_save2db.py", line 91, in save2db
    cur2.execute(insert_query, values)
psycopg2.errors.UniqueViolation: duplicate key value violates unique constraint "rs_table_pkey"
DETAIL:  Key (token)=(419489889) already exists.

2024-09-07 15:38:27,756 - ERROR - 442861645 IS ALREADY EXISTS!
2024-09-07 15:38:27,757 - ERROR - CAN NOT  ADD 442861645 TO DB!
ERORR:
Traceback (most recent call last):
  File "/home/sjd/Desktop/Realstate-Ads-Data-divar-sheypoor-/sc_ads/saver/fun_save2db.py", line 91, in save2db
    cur2.execute(insert_query, values)
psycopg2.errors.UniqueViolation: duplicate key value violates unique constraint "rs_table_pkey"
DETAIL:  Key (token)=(442861645) already exists.

2024-09-07 15:38:27,779 - INFO - ADD TO DATABASE, SUCCESSFUL!
2024-09-07 15:38:27,798 - ERROR - 403690942 IS ALREADY EXISTS!
2024-09-07 15:38:27,798 - ERROR - CAN NOT  ADD 403690942 TO DB!
ERORR:
Traceback (most recent call last):
  File "/home/sjd/Desktop/Realstate-Ads-Data-divar-sheypoor-/sc_ads/saver/fun_save2db.py", line 91, in save2db
    cur2.execute(insert_query, values)
psycopg2.errors.UniqueViolation: duplicate key value violates unique constraint "rs_table_pkey"
DETAIL:  Key (token)=(403690942) already exists.

2024-09-07 15:38:27,819 - ERROR - 443964503 IS ALREADY EXISTS!
2024-09-07 15:38:27,819 - ERROR - CAN NOT  ADD 443964503 TO DB!
ERORR:
Traceback (most recent call last):
  File "/home/sjd/Desktop/Realstate-Ads-Data-divar-sheypoor-/sc_ads/saver/fun_save2db.py", line 91, in save2db
    cur2.execute(insert_query, values)
psycopg2.errors.UniqueViolation: duplicate key value violates unique constraint "rs_table_pkey"
DETAIL:  Key (token)=(443964503) already exists.

2024-09-07 15:38:27,842 - ERROR - 443964218 IS ALREADY EXISTS!
2024-09-07 15:38:27,842 - ERROR - CAN NOT  ADD 443964218 TO DB!
ERORR:
Traceback (most recent call last):
  File "/home/sjd/Desktop/Realstate-Ads-Data-divar-sheypoor-/sc_ads/saver/fun_save2db.py", line 91, in save2db
    cur2.execute(insert_query, values)
psycopg2.errors.UniqueViolation: duplicate key value violates unique constraint "rs_table_pkey"
DETAIL:  Key (token)=(443964218) already exists.

2024-09-07 15:38:27,864 - ERROR - 408747687 IS ALREADY EXISTS!
2024-09-07 15:38:27,864 - ERROR - CAN NOT  ADD 408747687 TO DB!
ERORR:
Traceback (most recent call last):
  File "/home/sjd/Desktop/Realstate-Ads-Data-divar-sheypoor-/sc_ads/saver/fun_save2db.py", line 91, in save2db
    cur2.execute(insert_query, values)
psycopg2.errors.UniqueViolation: duplicate key value violates unique constraint "rs_table_pkey"
DETAIL:  Key (token)=(408747687) already exists.

2024-09-07 15:38:27,884 - ERROR - 441546956 IS ALREADY EXISTS!
2024-09-07 15:38:27,884 - ERROR - CAN NOT  ADD 441546956 TO DB!
ERORR:
Traceback (most recent call last):
  File "/home/sjd/Desktop/Realstate-Ads-Data-divar-sheypoor-/sc_ads/saver/fun_save2db.py", line 91, in save2db
    cur2.execute(insert_query, values)
psycopg2.errors.UniqueViolation: duplicate key value violates unique constraint "rs_table_pkey"
DETAIL:  Key (token)=(441546956) already exists.

2024-09-07 15:38:27,909 - INFO - ADD TO DATABASE, SUCCESSFUL!
2024-09-07 15:38:27,928 - ERROR - 443962174 IS ALREADY EXISTS!
2024-09-07 15:38:27,929 - ERROR - CAN NOT  ADD 443962174 TO DB!
ERORR:
Traceback (most recent call last):
  File "/home/sjd/Desktop/Realstate-Ads-Data-divar-sheypoor-/sc_ads/saver/fun_save2db.py", line 91, in save2db
    cur2.execute(insert_query, values)
psycopg2.errors.UniqueViolation: duplicate key value violates unique constraint "rs_table_pkey"
DETAIL:  Key (token)=(443962174) already exists.

2024-09-07 15:38:27,950 - INFO - ADD TO DATABASE, SUCCESSFUL!
2024-09-07 15:38:27,968 - ERROR - 442828341 IS ALREADY EXISTS!
2024-09-07 15:38:27,968 - ERROR - CAN NOT  ADD 442828341 TO DB!
ERORR:
Traceback (most recent call last):
  File "/home/sjd/Desktop/Realstate-Ads-Data-divar-sheypoor-/sc_ads/saver/fun_save2db.py", line 91, in save2db
    cur2.execute(insert_query, values)
psycopg2.errors.UniqueViolation: duplicate key value violates unique constraint "rs_table_pkey"
DETAIL:  Key (token)=(442828341) already exists.

2024-09-07 15:38:27,991 - INFO - ADD TO DATABASE, SUCCESSFUL!
2024-09-07 15:38:28,010 - ERROR - 437826292 IS ALREADY EXISTS!
2024-09-07 15:38:28,011 - ERROR - CAN NOT  ADD 437826292 TO DB!
ERORR:
Traceback (most recent call last):
  File "/home/sjd/Desktop/Realstate-Ads-Data-divar-sheypoor-/sc_ads/saver/fun_save2db.py", line 91, in save2db
    cur2.execute(insert_query, values)
psycopg2.errors.UniqueViolation: duplicate key value violates unique constraint "rs_table_pkey"
DETAIL:  Key (token)=(437826292) already exists.

2024-09-07 15:38:28,029 - ERROR - 436654348 IS ALREADY EXISTS!
2024-09-07 15:38:28,030 - ERROR - CAN NOT  ADD 436654348 TO DB!
ERORR:
Traceback (most recent call last):
  File "/home/sjd/Desktop/Realstate-Ads-Data-divar-sheypoor-/sc_ads/saver/fun_save2db.py", line 91, in save2db
    cur2.execute(insert_query, values)
psycopg2.errors.UniqueViolation: duplicate key value violates unique constraint "rs_table_pkey"
DETAIL:  Key (token)=(436654348) already exists.

2024-09-07 15:38:28,052 - INFO - ADD TO DATABASE, SUCCESSFUL!
2024-09-07 15:38:28,072 - ERROR - 426138172 IS ALREADY EXISTS!
2024-09-07 15:38:28,072 - ERROR - CAN NOT  ADD 426138172 TO DB!
ERORR:
Traceback (most recent call last):
  File "/home/sjd/Desktop/Realstate-Ads-Data-divar-sheypoor-/sc_ads/saver/fun_save2db.py", line 91, in save2db
    cur2.execute(insert_query, values)
psycopg2.errors.UniqueViolation: duplicate key value violates unique constraint "rs_table_pkey"
DETAIL:  Key (token)=(426138172) already exists.

2024-09-07 15:38:28,096 - ERROR - 424561220 IS ALREADY EXISTS!
2024-09-07 15:38:28,096 - ERROR - CAN NOT  ADD 424561220 TO DB!
ERORR:
Traceback (most recent call last):
  File "/home/sjd/Desktop/Realstate-Ads-Data-divar-sheypoor-/sc_ads/saver/fun_save2db.py", line 91, in save2db
    cur2.execute(insert_query, values)
psycopg2.errors.UniqueViolation: duplicate key value violates unique constraint "rs_table_pkey"
DETAIL:  Key (token)=(424561220) already exists.

2024-09-07 15:38:28,123 - ERROR - 433203076 IS ALREADY EXISTS!
2024-09-07 15:38:28,124 - ERROR - CAN NOT  ADD 433203076 TO DB!
ERORR:
Traceback (most recent call last):
  File "/home/sjd/Desktop/Realstate-Ads-Data-divar-sheypoor-/sc_ads/saver/fun_save2db.py", line 91, in save2db
    cur2.execute(insert_query, values)
psycopg2.errors.UniqueViolation: duplicate key value violates unique constraint "rs_table_pkey"
DETAIL:  Key (token)=(433203076) already exists.

2024-09-07 15:38:28,145 - INFO - ADD TO DATABASE, SUCCESSFUL!
2024-09-07 15:38:28,164 - ERROR - 443964543 IS ALREADY EXISTS!
2024-09-07 15:38:28,164 - ERROR - CAN NOT  ADD 443964543 TO DB!
ERORR:
Traceback (most recent call last):
  File "/home/sjd/Desktop/Realstate-Ads-Data-divar-sheypoor-/sc_ads/saver/fun_save2db.py", line 91, in save2db
    cur2.execute(insert_query, values)
psycopg2.errors.UniqueViolation: duplicate key value violates unique constraint "rs_table_pkey"
DETAIL:  Key (token)=(443964543) already exists.

2024-09-07 15:38:28,185 - ERROR - 443962191 IS ALREADY EXISTS!
2024-09-07 15:38:28,186 - ERROR - CAN NOT  ADD 443962191 TO DB!
ERORR:
Traceback (most recent call last):
  File "/home/sjd/Desktop/Realstate-Ads-Data-divar-sheypoor-/sc_ads/saver/fun_save2db.py", line 91, in save2db
    cur2.execute(insert_query, values)
psycopg2.errors.UniqueViolation: duplicate key value violates unique constraint "rs_table_pkey"
DETAIL:  Key (token)=(443962191) already exists.

2024-09-07 15:38:28,209 - ERROR - 443964532 IS ALREADY EXISTS!
2024-09-07 15:38:28,210 - ERROR - CAN NOT  ADD 443964532 TO DB!
ERORR:
Traceback (most recent call last):
  File "/home/sjd/Desktop/Realstate-Ads-Data-divar-sheypoor-/sc_ads/saver/fun_save2db.py", line 91, in save2db
    cur2.execute(insert_query, values)
psycopg2.errors.UniqueViolation: duplicate key value violates unique constraint "rs_table_pkey"
DETAIL:  Key (token)=(443964532) already exists.

2024-09-07 15:38:28,232 - ERROR - 439492999 IS ALREADY EXISTS!
2024-09-07 15:38:28,232 - ERROR - CAN NOT  ADD 439492999 TO DB!
ERORR:
Traceback (most recent call last):
  File "/home/sjd/Desktop/Realstate-Ads-Data-divar-sheypoor-/sc_ads/saver/fun_save2db.py", line 91, in save2db
    cur2.execute(insert_query, values)
psycopg2.errors.UniqueViolation: duplicate key value violates unique constraint "rs_table_pkey"
DETAIL:  Key (token)=(439492999) already exists.

2024-09-07 15:38:28,250 - ERROR - 443964371 IS ALREADY EXISTS!
2024-09-07 15:38:28,251 - ERROR - CAN NOT  ADD 443964371 TO DB!
ERORR:
Traceback (most recent call last):
  File "/home/sjd/Desktop/Realstate-Ads-Data-divar-sheypoor-/sc_ads/saver/fun_save2db.py", line 91, in save2db
    cur2.execute(insert_query, values)
psycopg2.errors.UniqueViolation: duplicate key value violates unique constraint "rs_table_pkey"
DETAIL:  Key (token)=(443964371) already exists.

2024-09-07 15:38:28,272 - INFO - ADD TO DATABASE, SUCCESSFUL!
2024-09-07 15:38:28,293 - ERROR - 443794134 IS ALREADY EXISTS!
2024-09-07 15:38:28,294 - ERROR - CAN NOT  ADD 443794134 TO DB!
ERORR:
Traceback (most recent call last):
  File "/home/sjd/Desktop/Realstate-Ads-Data-divar-sheypoor-/sc_ads/saver/fun_save2db.py", line 91, in save2db
    cur2.execute(insert_query, values)
psycopg2.errors.UniqueViolation: duplicate key value violates unique constraint "rs_table_pkey"
DETAIL:  Key (token)=(443794134) already exists.

2024-09-07 15:38:28,314 - ERROR - 440789216 IS ALREADY EXISTS!
2024-09-07 15:38:28,314 - ERROR - CAN NOT  ADD 440789216 TO DB!
ERORR:
Traceback (most recent call last):
  File "/home/sjd/Desktop/Realstate-Ads-Data-divar-sheypoor-/sc_ads/saver/fun_save2db.py", line 91, in save2db
    cur2.execute(insert_query, values)
psycopg2.errors.UniqueViolation: duplicate key value violates unique constraint "rs_table_pkey"
DETAIL:  Key (token)=(440789216) already exists.

2024-09-07 15:38:28,338 - INFO - ADD TO DATABASE, SUCCESSFUL!
2024-09-07 15:38:28,358 - ERROR - 438757231 IS ALREADY EXISTS!
2024-09-07 15:38:28,358 - ERROR - CAN NOT  ADD 438757231 TO DB!
ERORR:
Traceback (most recent call last):
  File "/home/sjd/Desktop/Realstate-Ads-Data-divar-sheypoor-/sc_ads/saver/fun_save2db.py", line 91, in save2db
    cur2.execute(insert_query, values)
psycopg2.errors.UniqueViolation: duplicate key value violates unique constraint "rs_table_pkey"
DETAIL:  Key (token)=(438757231) already exists.

2024-09-07 15:38:28,379 - ERROR - 442614624 IS ALREADY EXISTS!
2024-09-07 15:38:28,379 - ERROR - CAN NOT  ADD 442614624 TO DB!
ERORR:
Traceback (most recent call last):
  File "/home/sjd/Desktop/Realstate-Ads-Data-divar-sheypoor-/sc_ads/saver/fun_save2db.py", line 91, in save2db
    cur2.execute(insert_query, values)
psycopg2.errors.UniqueViolation: duplicate key value violates unique constraint "rs_table_pkey"
DETAIL:  Key (token)=(442614624) already exists.

2024-09-07 15:38:28,399 - ERROR - 435706413 IS ALREADY EXISTS!
2024-09-07 15:38:28,399 - ERROR - CAN NOT  ADD 435706413 TO DB!
ERORR:
Traceback (most recent call last):
  File "/home/sjd/Desktop/Realstate-Ads-Data-divar-sheypoor-/sc_ads/saver/fun_save2db.py", line 91, in save2db
    cur2.execute(insert_query, values)
psycopg2.errors.UniqueViolation: duplicate key value violates unique constraint "rs_table_pkey"
DETAIL:  Key (token)=(435706413) already exists.

2024-09-07 15:38:28,423 - INFO - ADD TO DATABASE, SUCCESSFUL!
2024-09-07 15:38:28,444 - ERROR - 442754605 IS ALREADY EXISTS!
2024-09-07 15:38:28,444 - ERROR - CAN NOT  ADD 442754605 TO DB!
ERORR:
Traceback (most recent call last):
  File "/home/sjd/Desktop/Realstate-Ads-Data-divar-sheypoor-/sc_ads/saver/fun_save2db.py", line 91, in save2db
    cur2.execute(insert_query, values)
psycopg2.errors.UniqueViolation: duplicate key value violates unique constraint "rs_table_pkey"
DETAIL:  Key (token)=(442754605) already exists.

2024-09-07 15:38:28,466 - ERROR - 443962226 IS ALREADY EXISTS!
2024-09-07 15:38:28,467 - ERROR - CAN NOT  ADD 443962226 TO DB!
ERORR:
Traceback (most recent call last):
  File "/home/sjd/Desktop/Realstate-Ads-Data-divar-sheypoor-/sc_ads/saver/fun_save2db.py", line 91, in save2db
    cur2.execute(insert_query, values)
psycopg2.errors.UniqueViolation: duplicate key value violates unique constraint "rs_table_pkey"
DETAIL:  Key (token)=(443962226) already exists.

2024-09-07 15:38:28,490 - ERROR - 443760808 IS ALREADY EXISTS!
2024-09-07 15:38:28,490 - ERROR - CAN NOT  ADD 443760808 TO DB!
ERORR:
Traceback (most recent call last):
  File "/home/sjd/Desktop/Realstate-Ads-Data-divar-sheypoor-/sc_ads/saver/fun_save2db.py", line 91, in save2db
    cur2.execute(insert_query, values)
psycopg2.errors.UniqueViolation: duplicate key value violates unique constraint "rs_table_pkey"
DETAIL:  Key (token)=(443760808) already exists.

2024-09-07 15:38:28,513 - ERROR - 443964514 IS ALREADY EXISTS!
2024-09-07 15:38:28,513 - ERROR - CAN NOT  ADD 443964514 TO DB!
ERORR:
Traceback (most recent call last):
  File "/home/sjd/Desktop/Realstate-Ads-Data-divar-sheypoor-/sc_ads/saver/fun_save2db.py", line 91, in save2db
    cur2.execute(insert_query, values)
psycopg2.errors.UniqueViolation: duplicate key value violates unique constraint "rs_table_pkey"
DETAIL:  Key (token)=(443964514) already exists.

2024-09-07 15:38:28,533 - ERROR - 426274811 IS ALREADY EXISTS!
2024-09-07 15:38:28,533 - ERROR - CAN NOT  ADD 426274811 TO DB!
ERORR:
Traceback (most recent call last):
  File "/home/sjd/Desktop/Realstate-Ads-Data-divar-sheypoor-/sc_ads/saver/fun_save2db.py", line 91, in save2db
    cur2.execute(insert_query, values)
psycopg2.errors.UniqueViolation: duplicate key value violates unique constraint "rs_table_pkey"
DETAIL:  Key (token)=(426274811) already exists.

2024-09-07 15:38:28,553 - ERROR - 443095163 IS ALREADY EXISTS!
2024-09-07 15:38:28,554 - ERROR - CAN NOT  ADD 443095163 TO DB!
ERORR:
Traceback (most recent call last):
  File "/home/sjd/Desktop/Realstate-Ads-Data-divar-sheypoor-/sc_ads/saver/fun_save2db.py", line 91, in save2db
    cur2.execute(insert_query, values)
psycopg2.errors.UniqueViolation: duplicate key value violates unique constraint "rs_table_pkey"
DETAIL:  Key (token)=(443095163) already exists.

2024-09-07 15:38:28,575 - ERROR - 443223963 IS ALREADY EXISTS!
2024-09-07 15:38:28,576 - ERROR - CAN NOT  ADD 443223963 TO DB!
ERORR:
Traceback (most recent call last):
  File "/home/sjd/Desktop/Realstate-Ads-Data-divar-sheypoor-/sc_ads/saver/fun_save2db.py", line 91, in save2db
    cur2.execute(insert_query, values)
psycopg2.errors.UniqueViolation: duplicate key value violates unique constraint "rs_table_pkey"
DETAIL:  Key (token)=(443223963) already exists.

2024-09-07 15:38:28,595 - ERROR - 442861768 IS ALREADY EXISTS!
2024-09-07 15:38:28,596 - ERROR - CAN NOT  ADD 442861768 TO DB!
ERORR:
Traceback (most recent call last):
  File "/home/sjd/Desktop/Realstate-Ads-Data-divar-sheypoor-/sc_ads/saver/fun_save2db.py", line 91, in save2db
    cur2.execute(insert_query, values)
psycopg2.errors.UniqueViolation: duplicate key value violates unique constraint "rs_table_pkey"
DETAIL:  Key (token)=(442861768) already exists.

2024-09-07 15:38:28,618 - INFO - ADD TO DATABASE, SUCCESSFUL!
2024-09-07 15:38:28,641 - ERROR - 443964500 IS ALREADY EXISTS!
2024-09-07 15:38:28,642 - ERROR - CAN NOT  ADD 443964500 TO DB!
ERORR:
Traceback (most recent call last):
  File "/home/sjd/Desktop/Realstate-Ads-Data-divar-sheypoor-/sc_ads/saver/fun_save2db.py", line 91, in save2db
    cur2.execute(insert_query, values)
psycopg2.errors.UniqueViolation: duplicate key value violates unique constraint "rs_table_pkey"
DETAIL:  Key (token)=(443964500) already exists.

2024-09-07 15:38:28,663 - ERROR - 441120238 IS ALREADY EXISTS!
2024-09-07 15:38:28,664 - ERROR - CAN NOT  ADD 441120238 TO DB!
ERORR:
Traceback (most recent call last):
  File "/home/sjd/Desktop/Realstate-Ads-Data-divar-sheypoor-/sc_ads/saver/fun_save2db.py", line 91, in save2db
    cur2.execute(insert_query, values)
psycopg2.errors.UniqueViolation: duplicate key value violates unique constraint "rs_table_pkey"
DETAIL:  Key (token)=(441120238) already exists.

2024-09-07 15:38:28,682 - ERROR - 434675518 IS ALREADY EXISTS!
2024-09-07 15:38:28,682 - ERROR - CAN NOT  ADD 434675518 TO DB!
ERORR:
Traceback (most recent call last):
  File "/home/sjd/Desktop/Realstate-Ads-Data-divar-sheypoor-/sc_ads/saver/fun_save2db.py", line 91, in save2db
    cur2.execute(insert_query, values)
psycopg2.errors.UniqueViolation: duplicate key value violates unique constraint "rs_table_pkey"
DETAIL:  Key (token)=(434675518) already exists.

2024-09-07 15:38:28,701 - ERROR - 443964504 IS ALREADY EXISTS!
2024-09-07 15:38:28,702 - ERROR - CAN NOT  ADD 443964504 TO DB!
ERORR:
Traceback (most recent call last):
  File "/home/sjd/Desktop/Realstate-Ads-Data-divar-sheypoor-/sc_ads/saver/fun_save2db.py", line 91, in save2db
    cur2.execute(insert_query, values)
psycopg2.errors.UniqueViolation: duplicate key value violates unique constraint "rs_table_pkey"
DETAIL:  Key (token)=(443964504) already exists.

2024-09-07 15:38:28,722 - ERROR - 443656856 IS ALREADY EXISTS!
2024-09-07 15:38:28,723 - ERROR - CAN NOT  ADD 443656856 TO DB!
ERORR:
Traceback (most recent call last):
  File "/home/sjd/Desktop/Realstate-Ads-Data-divar-sheypoor-/sc_ads/saver/fun_save2db.py", line 91, in save2db
    cur2.execute(insert_query, values)
psycopg2.errors.UniqueViolation: duplicate key value violates unique constraint "rs_table_pkey"
DETAIL:  Key (token)=(443656856) already exists.

2024-09-07 15:38:28,741 - ERROR - 436843226 IS ALREADY EXISTS!
2024-09-07 15:38:28,742 - ERROR - CAN NOT  ADD 436843226 TO DB!
ERORR:
Traceback (most recent call last):
  File "/home/sjd/Desktop/Realstate-Ads-Data-divar-sheypoor-/sc_ads/saver/fun_save2db.py", line 91, in save2db
    cur2.execute(insert_query, values)
psycopg2.errors.UniqueViolation: duplicate key value violates unique constraint "rs_table_pkey"
DETAIL:  Key (token)=(436843226) already exists.

2024-09-07 15:38:28,760 - ERROR - 443095470 IS ALREADY EXISTS!
2024-09-07 15:38:28,761 - ERROR - CAN NOT  ADD 443095470 TO DB!
ERORR:
Traceback (most recent call last):
  File "/home/sjd/Desktop/Realstate-Ads-Data-divar-sheypoor-/sc_ads/saver/fun_save2db.py", line 91, in save2db
    cur2.execute(insert_query, values)
psycopg2.errors.UniqueViolation: duplicate key value violates unique constraint "rs_table_pkey"
DETAIL:  Key (token)=(443095470) already exists.

2024-09-07 15:38:28,779 - ERROR - 441016799 IS ALREADY EXISTS!
2024-09-07 15:38:28,780 - ERROR - CAN NOT  ADD 441016799 TO DB!
ERORR:
Traceback (most recent call last):
  File "/home/sjd/Desktop/Realstate-Ads-Data-divar-sheypoor-/sc_ads/saver/fun_save2db.py", line 91, in save2db
    cur2.execute(insert_query, values)
psycopg2.errors.UniqueViolation: duplicate key value violates unique constraint "rs_table_pkey"
DETAIL:  Key (token)=(441016799) already exists.

2024-09-07 15:38:28,799 - ERROR - 441117234 IS ALREADY EXISTS!
2024-09-07 15:38:28,799 - ERROR - CAN NOT  ADD 441117234 TO DB!
ERORR:
Traceback (most recent call last):
  File "/home/sjd/Desktop/Realstate-Ads-Data-divar-sheypoor-/sc_ads/saver/fun_save2db.py", line 91, in save2db
    cur2.execute(insert_query, values)
psycopg2.errors.UniqueViolation: duplicate key value violates unique constraint "rs_table_pkey"
DETAIL:  Key (token)=(441117234) already exists.

2024-09-07 15:38:28,821 - INFO - ADD TO DATABASE, SUCCESSFUL!
2024-09-07 15:38:28,840 - ERROR - 441018294 IS ALREADY EXISTS!
2024-09-07 15:38:28,841 - ERROR - CAN NOT  ADD 441018294 TO DB!
ERORR:
Traceback (most recent call last):
  File "/home/sjd/Desktop/Realstate-Ads-Data-divar-sheypoor-/sc_ads/saver/fun_save2db.py", line 91, in save2db
    cur2.execute(insert_query, values)
psycopg2.errors.UniqueViolation: duplicate key value violates unique constraint "rs_table_pkey"
DETAIL:  Key (token)=(441018294) already exists.

2024-09-07 15:38:28,861 - INFO - ADD TO DATABASE, SUCCESSFUL!
2024-09-07 15:38:28,880 - ERROR - 443388671 IS ALREADY EXISTS!
2024-09-07 15:38:28,880 - ERROR - CAN NOT  ADD 443388671 TO DB!
ERORR:
Traceback (most recent call last):
  File "/home/sjd/Desktop/Realstate-Ads-Data-divar-sheypoor-/sc_ads/saver/fun_save2db.py", line 91, in save2db
    cur2.execute(insert_query, values)
psycopg2.errors.UniqueViolation: duplicate key value violates unique constraint "rs_table_pkey"
DETAIL:  Key (token)=(443388671) already exists.

2024-09-07 15:38:28,899 - ERROR - 442718805 IS ALREADY EXISTS!
2024-09-07 15:38:28,900 - ERROR - CAN NOT  ADD 442718805 TO DB!
ERORR:
Traceback (most recent call last):
  File "/home/sjd/Desktop/Realstate-Ads-Data-divar-sheypoor-/sc_ads/saver/fun_save2db.py", line 91, in save2db
    cur2.execute(insert_query, values)
psycopg2.errors.UniqueViolation: duplicate key value violates unique constraint "rs_table_pkey"
DETAIL:  Key (token)=(442718805) already exists.

2024-09-07 15:38:28,917 - ERROR - 440888010 IS ALREADY EXISTS!
2024-09-07 15:38:28,918 - ERROR - CAN NOT  ADD 440888010 TO DB!
ERORR:
Traceback (most recent call last):
  File "/home/sjd/Desktop/Realstate-Ads-Data-divar-sheypoor-/sc_ads/saver/fun_save2db.py", line 91, in save2db
    cur2.execute(insert_query, values)
psycopg2.errors.UniqueViolation: duplicate key value violates unique constraint "rs_table_pkey"
DETAIL:  Key (token)=(440888010) already exists.

2024-09-07 15:38:28,936 - ERROR - 443214133 IS ALREADY EXISTS!
2024-09-07 15:38:28,937 - ERROR - CAN NOT  ADD 443214133 TO DB!
ERORR:
Traceback (most recent call last):
  File "/home/sjd/Desktop/Realstate-Ads-Data-divar-sheypoor-/sc_ads/saver/fun_save2db.py", line 91, in save2db
    cur2.execute(insert_query, values)
psycopg2.errors.UniqueViolation: duplicate key value violates unique constraint "rs_table_pkey"
DETAIL:  Key (token)=(443214133) already exists.

2024-09-07 15:38:28,958 - ERROR - 443964424 IS ALREADY EXISTS!
2024-09-07 15:38:28,958 - ERROR - CAN NOT  ADD 443964424 TO DB!
ERORR:
Traceback (most recent call last):
  File "/home/sjd/Desktop/Realstate-Ads-Data-divar-sheypoor-/sc_ads/saver/fun_save2db.py", line 91, in save2db
    cur2.execute(insert_query, values)
psycopg2.errors.UniqueViolation: duplicate key value violates unique constraint "rs_table_pkey"
DETAIL:  Key (token)=(443964424) already exists.

2024-09-07 15:38:28,977 - ERROR - 440646218 IS ALREADY EXISTS!
2024-09-07 15:38:28,977 - ERROR - CAN NOT  ADD 440646218 TO DB!
ERORR:
Traceback (most recent call last):
  File "/home/sjd/Desktop/Realstate-Ads-Data-divar-sheypoor-/sc_ads/saver/fun_save2db.py", line 91, in save2db
    cur2.execute(insert_query, values)
psycopg2.errors.UniqueViolation: duplicate key value violates unique constraint "rs_table_pkey"
DETAIL:  Key (token)=(440646218) already exists.

2024-09-07 15:38:28,998 - INFO - ADD TO DATABASE, SUCCESSFUL!
2024-09-07 15:38:29,044 - ERROR - 386806814 IS ALREADY EXISTS!
2024-09-07 15:38:29,045 - ERROR - CAN NOT  ADD 386806814 TO DB!
ERORR:
Traceback (most recent call last):
  File "/home/sjd/Desktop/Realstate-Ads-Data-divar-sheypoor-/sc_ads/saver/fun_save2db.py", line 91, in save2db
    cur2.execute(insert_query, values)
psycopg2.errors.UniqueViolation: duplicate key value violates unique constraint "rs_table_pkey"
DETAIL:  Key (token)=(386806814) already exists.

2024-09-07 15:38:29,077 - ERROR - 442861894 IS ALREADY EXISTS!
2024-09-07 15:38:29,077 - ERROR - CAN NOT  ADD 442861894 TO DB!
ERORR:
Traceback (most recent call last):
  File "/home/sjd/Desktop/Realstate-Ads-Data-divar-sheypoor-/sc_ads/saver/fun_save2db.py", line 91, in save2db
    cur2.execute(insert_query, values)
psycopg2.errors.UniqueViolation: duplicate key value violates unique constraint "rs_table_pkey"
DETAIL:  Key (token)=(442861894) already exists.

2024-09-07 15:38:29,104 - ERROR - 443962131 IS ALREADY EXISTS!
2024-09-07 15:38:29,104 - ERROR - CAN NOT  ADD 443962131 TO DB!
ERORR:
Traceback (most recent call last):
  File "/home/sjd/Desktop/Realstate-Ads-Data-divar-sheypoor-/sc_ads/saver/fun_save2db.py", line 91, in save2db
    cur2.execute(insert_query, values)
psycopg2.errors.UniqueViolation: duplicate key value violates unique constraint "rs_table_pkey"
DETAIL:  Key (token)=(443962131) already exists.

2024-09-07 15:38:29,132 - INFO - ADD TO DATABASE, SUCCESSFUL!
2024-09-07 15:38:29,158 - INFO - ADD TO DATABASE, SUCCESSFUL!
2024-09-07 15:38:29,182 - ERROR - 442023388 IS ALREADY EXISTS!
2024-09-07 15:38:29,182 - ERROR - CAN NOT  ADD 442023388 TO DB!
ERORR:
Traceback (most recent call last):
  File "/home/sjd/Desktop/Realstate-Ads-Data-divar-sheypoor-/sc_ads/saver/fun_save2db.py", line 91, in save2db
    cur2.execute(insert_query, values)
psycopg2.errors.UniqueViolation: duplicate key value violates unique constraint "rs_table_pkey"
DETAIL:  Key (token)=(442023388) already exists.

2024-09-07 15:38:29,208 - INFO - ADD TO DATABASE, SUCCESSFUL!
2024-09-07 15:38:29,233 - ERROR - 443964432 IS ALREADY EXISTS!
2024-09-07 15:38:29,233 - ERROR - CAN NOT  ADD 443964432 TO DB!
ERORR:
Traceback (most recent call last):
  File "/home/sjd/Desktop/Realstate-Ads-Data-divar-sheypoor-/sc_ads/saver/fun_save2db.py", line 91, in save2db
    cur2.execute(insert_query, values)
psycopg2.errors.UniqueViolation: duplicate key value violates unique constraint "rs_table_pkey"
DETAIL:  Key (token)=(443964432) already exists.

2024-09-07 15:38:29,261 - INFO - ADD TO DATABASE, SUCCESSFUL!
2024-09-07 15:38:29,287 - INFO - ADD TO DATABASE, SUCCESSFUL!
2024-09-07 15:38:29,314 - INFO - ADD TO DATABASE, SUCCESSFUL!
2024-09-07 15:38:29,341 - INFO - ADD TO DATABASE, SUCCESSFUL!
2024-09-07 15:38:29,368 - INFO - ADD TO DATABASE, SUCCESSFUL!
2024-09-07 15:38:29,419 - INFO - ADD TO DATABASE, SUCCESSFUL!
2024-09-10 13:52:45,448 - INFO - ADD TO DATABASE, SUCCESSFUL!
2024-09-10 13:52:45,508 - INFO - ADD TO DATABASE, SUCCESSFUL!
2024-09-10 13:52:45,537 - INFO - ADD TO DATABASE, SUCCESSFUL!
2024-09-10 13:52:45,567 - INFO - ADD TO DATABASE, SUCCESSFUL!
2024-09-10 13:52:45,598 - INFO - ADD TO DATABASE, SUCCESSFUL!
2024-09-10 13:52:45,627 - INFO - ADD TO DATABASE, SUCCESSFUL!
2024-09-10 13:52:45,656 - INFO - ADD TO DATABASE, SUCCESSFUL!
2024-09-10 13:52:45,685 - INFO - ADD TO DATABASE, SUCCESSFUL!
2024-09-10 13:52:45,716 - INFO - ADD TO DATABASE, SUCCESSFUL!
2024-09-10 13:52:45,744 - INFO - ADD TO DATABASE, SUCCESSFUL!
2024-09-10 13:52:45,773 - INFO - ADD TO DATABASE, SUCCESSFUL!
2024-09-10 13:52:45,805 - INFO - ADD TO DATABASE, SUCCESSFUL!
2024-09-10 13:52:45,835 - INFO - ADD TO DATABASE, SUCCESSFUL!
2024-09-10 13:52:45,866 - INFO - ADD TO DATABASE, SUCCESSFUL!
2024-09-10 13:52:45,897 - INFO - ADD TO DATABASE, SUCCESSFUL!
2024-09-10 13:52:45,927 - INFO - ADD TO DATABASE, SUCCESSFUL!
2024-09-10 13:52:45,957 - INFO - ADD TO DATABASE, SUCCESSFUL!
2024-09-10 13:52:45,990 - INFO - ADD TO DATABASE, SUCCESSFUL!
2024-09-10 13:52:46,024 - INFO - ADD TO DATABASE, SUCCESSFUL!
2024-09-10 13:52:46,052 - INFO - ADD TO DATABASE, SUCCESSFUL!
2024-09-10 13:52:46,080 - INFO - ADD TO DATABASE, SUCCESSFUL!
2024-09-10 13:52:46,108 - INFO - ADD TO DATABASE, SUCCESSFUL!
2024-09-10 13:52:46,139 - INFO - ADD TO DATABASE, SUCCESSFUL!
2024-09-10 13:52:46,167 - INFO - ADD TO DATABASE, SUCCESSFUL!
2024-09-10 13:52:46,196 - INFO - ADD TO DATABASE, SUCCESSFUL!
2024-09-10 13:52:46,223 - INFO - ADD TO DATABASE, SUCCESSFUL!
2024-09-10 13:52:46,249 - INFO - ADD TO DATABASE, SUCCESSFUL!
2024-09-10 13:52:46,277 - INFO - ADD TO DATABASE, SUCCESSFUL!
2024-09-10 13:52:46,309 - INFO - ADD TO DATABASE, SUCCESSFUL!
2024-09-10 13:52:46,338 - INFO - ADD TO DATABASE, SUCCESSFUL!
2024-09-10 13:52:46,365 - INFO - ADD TO DATABASE, SUCCESSFUL!
2024-09-10 13:52:46,396 - INFO - ADD TO DATABASE, SUCCESSFUL!
2024-09-10 13:52:46,423 - INFO - ADD TO DATABASE, SUCCESSFUL!
2024-09-10 13:52:46,450 - INFO - ADD TO DATABASE, SUCCESSFUL!
2024-09-10 13:52:46,478 - INFO - ADD TO DATABASE, SUCCESSFUL!
2024-09-10 13:52:46,509 - INFO - ADD TO DATABASE, SUCCESSFUL!
2024-09-10 13:52:46,540 - INFO - ADD TO DATABASE, SUCCESSFUL!
2024-09-10 13:52:46,570 - INFO - ADD TO DATABASE, SUCCESSFUL!
2024-09-10 13:52:46,600 - INFO - ADD TO DATABASE, SUCCESSFUL!
2024-09-10 13:52:46,629 - INFO - ADD TO DATABASE, SUCCESSFUL!
2024-09-10 13:52:46,661 - INFO - ADD TO DATABASE, SUCCESSFUL!
2024-09-10 13:52:46,689 - INFO - ADD TO DATABASE, SUCCESSFUL!
2024-09-10 13:52:46,717 - INFO - ADD TO DATABASE, SUCCESSFUL!
2024-09-10 13:52:46,788 - INFO - ADD TO DATABASE, SUCCESSFUL!
2024-09-10 13:52:46,834 - INFO - ADD TO DATABASE, SUCCESSFUL!
2024-09-10 13:52:46,870 - INFO - ADD TO DATABASE, SUCCESSFUL!
2024-09-10 13:52:46,906 - INFO - ADD TO DATABASE, SUCCESSFUL!
2024-09-10 13:52:46,936 - INFO - ADD TO DATABASE, SUCCESSFUL!
2024-09-10 13:52:46,966 - INFO - ADD TO DATABASE, SUCCESSFUL!
2024-09-10 13:52:46,995 - INFO - ADD TO DATABASE, SUCCESSFUL!
2024-09-10 13:52:47,023 - INFO - ADD TO DATABASE, SUCCESSFUL!
2024-09-10 13:52:47,054 - INFO - ADD TO DATABASE, SUCCESSFUL!
2024-09-10 13:52:47,082 - INFO - ADD TO DATABASE, SUCCESSFUL!
2024-09-10 13:52:47,109 - INFO - ADD TO DATABASE, SUCCESSFUL!
2024-09-10 13:52:47,136 - INFO - ADD TO DATABASE, SUCCESSFUL!
2024-09-10 13:52:47,167 - INFO - ADD TO DATABASE, SUCCESSFUL!
2024-09-10 13:52:47,197 - INFO - ADD TO DATABASE, SUCCESSFUL!
2024-09-10 13:52:47,224 - INFO - ADD TO DATABASE, SUCCESSFUL!
2024-09-10 13:52:47,253 - INFO - ADD TO DATABASE, SUCCESSFUL!
2024-09-10 13:52:47,281 - INFO - ADD TO DATABASE, SUCCESSFUL!
2024-09-10 13:52:47,311 - INFO - ADD TO DATABASE, SUCCESSFUL!
2024-09-10 13:52:47,340 - INFO - ADD TO DATABASE, SUCCESSFUL!
2024-09-10 13:52:47,370 - INFO - ADD TO DATABASE, SUCCESSFUL!
2024-09-10 13:52:47,424 - INFO - ADD TO DATABASE, SUCCESSFUL!
2024-09-10 13:52:47,477 - INFO - ADD TO DATABASE, SUCCESSFUL!
2024-09-10 13:52:47,506 - INFO - ADD TO DATABASE, SUCCESSFUL!
2024-09-10 13:52:47,535 - INFO - ADD TO DATABASE, SUCCESSFUL!
2024-09-10 13:52:47,562 - INFO - ADD TO DATABASE, SUCCESSFUL!
2024-09-10 13:52:47,589 - INFO - ADD TO DATABASE, SUCCESSFUL!
2024-09-10 13:52:47,620 - INFO - ADD TO DATABASE, SUCCESSFUL!
2024-09-10 13:52:47,652 - INFO - ADD TO DATABASE, SUCCESSFUL!
2024-09-10 13:52:47,687 - INFO - ADD TO DATABASE, SUCCESSFUL!
2024-09-10 13:52:47,714 - INFO - ADD TO DATABASE, SUCCESSFUL!
2024-09-10 13:52:47,741 - INFO - ADD TO DATABASE, SUCCESSFUL!
2024-09-10 13:52:47,770 - INFO - ADD TO DATABASE, SUCCESSFUL!
2024-09-10 13:52:47,799 - INFO - ADD TO DATABASE, SUCCESSFUL!
2024-09-10 13:52:47,827 - INFO - ADD TO DATABASE, SUCCESSFUL!
2024-09-10 13:52:47,857 - INFO - ADD TO DATABASE, SUCCESSFUL!
2024-09-10 13:52:47,886 - INFO - ADD TO DATABASE, SUCCESSFUL!
2024-09-10 13:52:47,913 - INFO - ADD TO DATABASE, SUCCESSFUL!
2024-09-10 13:52:47,960 - INFO - ADD TO DATABASE, SUCCESSFUL!
2024-09-10 13:52:47,993 - INFO - ADD TO DATABASE, SUCCESSFUL!
2024-09-10 13:52:48,021 - INFO - ADD TO DATABASE, SUCCESSFUL!
2024-09-10 13:52:48,050 - INFO - ADD TO DATABASE, SUCCESSFUL!
2024-09-10 13:52:48,077 - INFO - ADD TO DATABASE, SUCCESSFUL!
2024-09-10 13:52:48,106 - INFO - ADD TO DATABASE, SUCCESSFUL!
2024-09-10 13:52:48,135 - INFO - ADD TO DATABASE, SUCCESSFUL!
2024-09-10 13:52:48,165 - INFO - ADD TO DATABASE, SUCCESSFUL!
2024-09-10 13:52:48,193 - INFO - ADD TO DATABASE, SUCCESSFUL!
2024-09-10 13:52:48,222 - INFO - ADD TO DATABASE, SUCCESSFUL!
2024-09-10 13:52:48,251 - INFO - ADD TO DATABASE, SUCCESSFUL!
2024-09-10 13:52:48,278 - INFO - ADD TO DATABASE, SUCCESSFUL!
2024-09-10 13:52:48,307 - INFO - ADD TO DATABASE, SUCCESSFUL!
2024-09-10 13:52:48,333 - INFO - ADD TO DATABASE, SUCCESSFUL!
2024-09-10 13:52:48,361 - INFO - ADD TO DATABASE, SUCCESSFUL!
2024-09-10 13:52:48,387 - INFO - ADD TO DATABASE, SUCCESSFUL!
2024-09-10 13:52:48,416 - INFO - ADD TO DATABASE, SUCCESSFUL!
2024-09-10 13:52:48,448 - INFO - ADD TO DATABASE, SUCCESSFUL!
2024-09-10 13:52:48,481 - INFO - ADD TO DATABASE, SUCCESSFUL!
2024-09-10 13:52:48,515 - INFO - ADD TO DATABASE, SUCCESSFUL!
2024-09-10 13:52:48,549 - INFO - ADD TO DATABASE, SUCCESSFUL!
2024-09-10 13:52:48,575 - INFO - ADD TO DATABASE, SUCCESSFUL!
2024-09-10 13:52:48,604 - INFO - ADD TO DATABASE, SUCCESSFUL!
2024-09-10 13:52:48,632 - INFO - ADD TO DATABASE, SUCCESSFUL!
2024-09-10 13:52:48,659 - INFO - ADD TO DATABASE, SUCCESSFUL!
2024-09-10 13:52:48,688 - INFO - ADD TO DATABASE, SUCCESSFUL!
2024-09-10 13:52:48,717 - INFO - ADD TO DATABASE, SUCCESSFUL!
2024-09-10 13:52:48,746 - INFO - ADD TO DATABASE, SUCCESSFUL!
2024-09-10 13:52:48,773 - INFO - ADD TO DATABASE, SUCCESSFUL!
2024-09-10 13:52:48,800 - INFO - ADD TO DATABASE, SUCCESSFUL!
2024-09-10 13:52:48,827 - INFO - ADD TO DATABASE, SUCCESSFUL!
2024-09-10 13:52:48,855 - INFO - ADD TO DATABASE, SUCCESSFUL!
2024-09-10 13:52:48,882 - INFO - ADD TO DATABASE, SUCCESSFUL!
2024-09-10 13:52:48,908 - INFO - ADD TO DATABASE, SUCCESSFUL!
2024-09-10 13:52:48,939 - INFO - ADD TO DATABASE, SUCCESSFUL!
2024-09-10 13:52:48,974 - INFO - ADD TO DATABASE, SUCCESSFUL!
2024-09-10 13:52:49,003 - INFO - ADD TO DATABASE, SUCCESSFUL!
2024-09-10 13:52:49,035 - INFO - ADD TO DATABASE, SUCCESSFUL!
2024-09-10 13:52:49,071 - INFO - ADD TO DATABASE, SUCCESSFUL!
2024-09-10 13:52:49,101 - INFO - ADD TO DATABASE, SUCCESSFUL!
2024-09-10 13:52:49,139 - INFO - ADD TO DATABASE, SUCCESSFUL!
2024-09-10 13:52:49,166 - INFO - ADD TO DATABASE, SUCCESSFUL!
2024-09-10 13:52:49,194 - INFO - ADD TO DATABASE, SUCCESSFUL!
2024-09-10 13:52:49,223 - INFO - ADD TO DATABASE, SUCCESSFUL!
2024-09-10 13:52:49,252 - INFO - ADD TO DATABASE, SUCCESSFUL!
2024-09-10 13:52:49,280 - INFO - ADD TO DATABASE, SUCCESSFUL!
2024-09-10 13:52:49,306 - INFO - ADD TO DATABASE, SUCCESSFUL!
2024-09-10 13:52:49,333 - INFO - ADD TO DATABASE, SUCCESSFUL!
2024-09-10 13:52:49,360 - INFO - ADD TO DATABASE, SUCCESSFUL!
2024-09-10 13:52:49,386 - INFO - ADD TO DATABASE, SUCCESSFUL!
2024-09-10 13:52:49,416 - INFO - ADD TO DATABASE, SUCCESSFUL!
2024-09-10 13:52:49,444 - INFO - ADD TO DATABASE, SUCCESSFUL!
2024-09-10 13:52:49,471 - INFO - ADD TO DATABASE, SUCCESSFUL!
2024-09-10 13:52:49,498 - INFO - ADD TO DATABASE, SUCCESSFUL!
2024-09-10 13:52:49,526 - INFO - ADD TO DATABASE, SUCCESSFUL!
2024-09-10 13:52:49,552 - INFO - ADD TO DATABASE, SUCCESSFUL!
2024-09-10 13:52:49,579 - INFO - ADD TO DATABASE, SUCCESSFUL!
2024-09-10 13:52:49,606 - INFO - ADD TO DATABASE, SUCCESSFUL!
2024-09-10 13:52:49,634 - INFO - ADD TO DATABASE, SUCCESSFUL!
2024-09-10 13:52:49,674 - INFO - ADD TO DATABASE, SUCCESSFUL!
2024-09-10 13:52:49,705 - INFO - ADD TO DATABASE, SUCCESSFUL!
