2024-09-16 14:31:48,831 - INFO - JSON IS READY!
2024-09-16 14:31:48,838 - INFO - JSON IS READY!
2024-09-16 14:31:48,844 - INFO - JSON IS READY!
2024-09-16 14:31:48,850 - INFO - JSON IS READY!
2024-09-16 14:31:48,855 - INFO - JSON IS READY!
2024-09-16 14:31:48,861 - INFO - JSON IS READY!
2024-09-16 14:31:48,866 - INFO - JSON IS READY!
2024-09-16 14:31:48,873 - INFO - JSON IS READY!
2024-09-16 14:31:52,170 - INFO - JSON IS READY!
2024-09-16 14:31:55,793 - INFO - JSON IS READY!
2024-09-16 14:31:59,364 - INFO - JSON IS READY!
2024-09-16 14:31:59,818 - INFO - JSON IS READY!
2024-09-16 14:32:03,739 - INFO - JSON IS READY!
2024-09-16 14:32:07,612 - INFO - JSON IS READY!
2024-09-16 14:32:11,595 - INFO - JSON IS READY!
2024-09-16 14:32:15,405 - INFO - JSON IS READY!
2024-09-16 14:32:18,941 - INFO - JSON IS READY!
2024-09-16 14:32:22,358 - INFO - JSON IS READY!
2024-09-16 14:32:24,821 - INFO - JSON IS READY!
2024-09-16 14:32:24,907 - INFO - JSON IS READY!
2024-09-16 14:32:29,161 - INFO - JSON IS READY!
2024-09-16 14:32:32,853 - INFO - JSON IS READY!
2024-09-16 14:32:36,792 - INFO - JSON IS READY!
2024-09-16 14:32:40,430 - INFO - JSON IS READY!
2024-09-16 14:32:44,271 - INFO - JSON IS READY!
2024-09-16 14:32:47,491 - INFO - JSON IS READY!
2024-09-16 14:32:49,311 - INFO - JSON IS READY!
2024-09-16 14:32:49,346 - INFO - JSON IS READY!
2024-09-16 14:32:50,058 - INFO - JSON IS READY!
2024-09-16 14:32:52,055 - INFO - JSON IS READY!
2024-09-16 14:32:52,082 - INFO - JSON IS READY!
2024-09-16 14:32:52,788 - INFO - JSON IS READY!
2024-09-16 14:32:54,912 - INFO - JSON IS READY!
2024-09-16 14:32:55,006 - INFO - JSON IS READY!
2024-09-16 14:32:55,956 - INFO - JSON IS READY!
2024-09-16 14:32:59,897 - INFO - JSON IS READY!
2024-09-16 14:33:02,013 - INFO - JSON IS READY!
2024-09-16 14:33:02,071 - INFO - JSON IS READY!
2024-09-16 14:33:03,781 - INFO - JSON IS READY!
2024-09-16 14:33:05,782 - INFO - JSON IS READY!
2024-09-16 14:33:05,791 - INFO - JSON IS READY!
2024-09-16 14:33:07,686 - INFO - JSON IS READY!
2024-09-16 14:33:11,671 - INFO - JSON IS READY!
2024-09-16 14:33:14,843 - INFO - JSON IS READY!
2024-09-16 14:33:14,919 - INFO - JSON IS READY!
2024-09-16 14:33:15,360 - INFO - JSON IS READY!
2024-09-16 15:29:05,167 - INFO - JSON IS READY!
2024-09-16 15:29:05,181 - INFO - JSON IS READY!
2024-09-16 15:29:05,192 - INFO - JSON IS READY!
2024-09-16 15:29:05,201 - INFO - JSON IS READY!
2024-09-16 15:29:05,210 - INFO - JSON IS READY!
2024-09-16 15:29:05,220 - INFO - JSON IS READY!
2024-09-16 15:29:05,230 - INFO - JSON IS READY!
2024-09-16 15:29:05,241 - INFO - JSON IS READY!
2024-09-16 15:29:05,249 - INFO - JSON IS READY!
2024-09-16 15:29:05,259 - INFO - JSON IS READY!
2024-09-16 15:29:05,268 - INFO - JSON IS READY!
2024-09-16 15:29:05,279 - INFO - JSON IS READY!
2024-09-16 15:29:05,290 - INFO - JSON IS READY!
2024-09-16 15:29:05,300 - INFO - JSON IS READY!
2024-09-16 15:29:05,312 - INFO - JSON IS READY!
2024-09-16 15:29:05,322 - INFO - JSON IS READY!
2024-09-16 15:29:05,332 - INFO - JSON IS READY!
2024-09-16 15:29:05,343 - INFO - JSON IS READY!
2024-09-16 15:29:05,352 - INFO - JSON IS READY!
2024-09-16 15:29:05,361 - INFO - JSON IS READY!
2024-09-16 15:29:05,372 - INFO - JSON IS READY!
2024-09-16 15:29:05,382 - INFO - JSON IS READY!
2024-09-16 15:29:05,391 - INFO - JSON IS READY!
2024-09-16 15:29:05,400 - INFO - JSON IS READY!
2024-09-16 15:29:05,410 - INFO - JSON IS READY!
2024-09-16 15:29:05,420 - INFO - JSON IS READY!
2024-09-16 15:29:05,430 - INFO - JSON IS READY!
2024-09-16 15:29:05,443 - INFO - JSON IS READY!
2024-09-16 15:29:05,455 - INFO - JSON IS READY!
2024-09-16 15:29:05,465 - INFO - JSON IS READY!
2024-09-16 15:29:05,477 - INFO - JSON IS READY!
2024-09-16 15:29:05,487 - INFO - JSON IS READY!
2024-09-16 15:29:05,497 - INFO - JSON IS READY!
2024-09-16 15:29:05,506 - INFO - JSON IS READY!
2024-09-16 15:29:05,515 - INFO - JSON IS READY!
2024-09-16 15:29:05,524 - INFO - JSON IS READY!
2024-09-16 15:29:05,535 - INFO - JSON IS READY!
2024-09-16 15:29:05,545 - ERROR - CAN NOT  PREPARE 442787699!
ERORR:
Traceback (most recent call last):
  File "/home/sjd/Documents/Realstate-Ads-Data-divar-sheypoor/parser/lev3_parser/syp_lev3_parser/fun_syp_parser_lev3.py", line 109, in syp_parser3
    real_state['room'] = int(data['main']['property'][decnum(data['main']['property'], 'تعداد اتاق')]['تعداد اتاق'])
ValueError: invalid literal for int() with base 10: 'بدون اتاق'
2024-09-16 15:29:05,546 - INFO - JSON IS READY!
2024-09-16 15:29:05,556 - INFO - JSON IS READY!
2024-09-16 15:29:05,568 - INFO - JSON IS READY!
2024-09-16 15:29:05,579 - INFO - JSON IS READY!
2024-09-16 15:29:05,588 - INFO - JSON IS READY!
2024-09-16 15:29:05,597 - INFO - JSON IS READY!
2024-09-16 15:29:05,606 - INFO - JSON IS READY!
2024-09-16 15:29:05,615 - INFO - JSON IS READY!
2024-09-16 15:29:05,623 - INFO - JSON IS READY!
2024-09-16 15:29:05,632 - INFO - JSON IS READY!
2024-09-16 15:29:05,641 - INFO - JSON IS READY!
2024-09-16 15:29:05,650 - INFO - JSON IS READY!
2024-09-16 15:29:05,659 - INFO - JSON IS READY!
2024-09-16 15:29:05,672 - INFO - JSON IS READY!
2024-09-16 15:29:05,680 - INFO - JSON IS READY!
2024-09-16 15:29:05,688 - INFO - JSON IS READY!
2024-09-16 15:29:05,697 - INFO - JSON IS READY!
2024-09-16 15:29:05,705 - INFO - JSON IS READY!
2024-09-16 15:29:05,714 - INFO - JSON IS READY!
2024-09-16 15:29:05,723 - INFO - JSON IS READY!
2024-09-16 15:29:05,733 - INFO - JSON IS READY!
2024-09-16 15:29:05,742 - INFO - JSON IS READY!
2024-09-16 15:29:05,751 - INFO - JSON IS READY!
2024-09-16 15:29:05,759 - INFO - JSON IS READY!
2024-09-16 15:29:05,767 - INFO - JSON IS READY!
2024-09-16 15:29:05,775 - INFO - JSON IS READY!
2024-09-16 15:29:05,784 - INFO - JSON IS READY!
2024-09-16 15:29:05,794 - INFO - JSON IS READY!
2024-09-16 15:29:05,803 - INFO - JSON IS READY!
2024-09-16 15:29:05,813 - INFO - JSON IS READY!
2024-09-16 15:29:05,821 - INFO - JSON IS READY!
2024-09-16 15:29:05,830 - INFO - JSON IS READY!
2024-09-16 15:29:05,841 - INFO - JSON IS READY!
2024-09-16 15:29:05,851 - INFO - JSON IS READY!
2024-09-16 15:29:05,861 - INFO - JSON IS READY!
2024-09-16 15:29:05,870 - INFO - JSON IS READY!
2024-09-16 15:29:05,879 - INFO - JSON IS READY!
2024-09-16 15:29:05,888 - INFO - JSON IS READY!
2024-09-16 15:29:05,899 - INFO - JSON IS READY!
2024-09-16 15:29:05,908 - INFO - JSON IS READY!
2024-09-16 15:29:05,916 - INFO - JSON IS READY!
2024-09-16 15:29:05,925 - INFO - JSON IS READY!
2024-09-16 15:29:05,934 - INFO - JSON IS READY!
2024-09-16 15:29:05,943 - INFO - JSON IS READY!
2024-09-16 15:29:05,952 - INFO - JSON IS READY!
2024-09-16 16:14:13,807 - INFO - JSON IS READY!
2024-09-16 16:14:13,813 - INFO - JSON IS READY!
2024-09-16 16:14:13,819 - INFO - JSON IS READY!
2024-09-16 16:14:13,825 - INFO - JSON IS READY!
2024-09-16 16:14:13,830 - INFO - JSON IS READY!
2024-09-16 16:14:13,836 - INFO - JSON IS READY!
2024-09-16 16:14:13,842 - INFO - JSON IS READY!
2024-09-16 16:14:13,848 - INFO - JSON IS READY!
2024-09-16 16:14:13,855 - INFO - JSON IS READY!
2024-09-16 16:14:13,860 - INFO - JSON IS READY!
2024-09-16 16:14:13,867 - INFO - JSON IS READY!
2024-09-16 16:14:13,873 - INFO - JSON IS READY!
2024-09-16 16:14:13,879 - INFO - JSON IS READY!
2024-09-16 16:14:13,886 - INFO - JSON IS READY!
2024-09-16 16:14:13,893 - INFO - JSON IS READY!
2024-09-16 16:14:13,899 - INFO - JSON IS READY!
2024-09-16 16:14:13,905 - INFO - JSON IS READY!
2024-09-16 16:14:13,911 - INFO - JSON IS READY!
2024-09-16 16:14:13,917 - INFO - JSON IS READY!
2024-09-16 16:14:13,924 - INFO - JSON IS READY!
2024-09-16 16:14:14,108 - INFO - JSON IS READY!
2024-09-16 16:14:15,924 - INFO - JSON IS READY!
2024-09-16 16:14:16,984 - INFO - JSON IS READY!
2024-09-16 16:14:16,996 - INFO - JSON IS READY!
2024-09-16 16:14:17,717 - INFO - JSON IS READY!
2024-09-16 16:14:19,581 - INFO - JSON IS READY!
2024-09-16 16:14:21,393 - INFO - JSON IS READY!
2024-09-16 16:14:23,224 - INFO - JSON IS READY!
2024-09-16 16:14:25,002 - INFO - JSON IS READY!
2024-09-16 16:14:25,415 - INFO - JSON IS READY!
2024-09-16 16:14:26,876 - INFO - JSON IS READY!
2024-09-16 16:14:28,654 - INFO - JSON IS READY!
2024-09-16 16:14:30,561 - INFO - JSON IS READY!
2024-09-16 16:14:32,363 - INFO - JSON IS READY!
2024-09-16 16:14:33,923 - INFO - JSON IS READY!
2024-09-16 16:14:33,946 - INFO - JSON IS READY!
2024-09-16 16:14:34,210 - INFO - JSON IS READY!
2024-09-16 16:14:35,739 - INFO - JSON IS READY!
2024-09-16 16:14:35,769 - INFO - JSON IS READY!
2024-09-16 16:14:36,061 - INFO - JSON IS READY!
2024-09-16 16:14:38,200 - INFO - JSON IS READY!
2024-09-16 16:14:40,020 - INFO - JSON IS READY!
2024-09-16 16:14:41,968 - INFO - JSON IS READY!
2024-09-16 16:14:42,671 - INFO - JSON IS READY!
2024-09-16 16:14:43,752 - INFO - JSON IS READY!
2024-09-16 16:14:45,583 - INFO - JSON IS READY!
2024-09-16 16:15:07,442 - INFO - JSON IS READY!
2024-09-16 16:15:19,309 - INFO - JSON IS READY!
2024-09-16 16:15:31,094 - INFO - JSON IS READY!
2024-09-16 16:15:41,112 - INFO - JSON IS READY!
2024-09-16 16:15:51,132 - INFO - JSON IS READY!
2024-09-16 16:16:01,146 - INFO - JSON IS READY!
2024-09-16 16:16:11,163 - INFO - JSON IS READY!
2024-09-16 16:16:21,178 - INFO - JSON IS READY!
2024-09-16 16:16:31,193 - INFO - JSON IS READY!
2024-09-16 16:16:41,208 - INFO - JSON IS READY!
2024-09-16 16:16:41,233 - INFO - JSON IS READY!
2024-09-16 16:16:41,246 - INFO - JSON IS READY!
2024-09-16 16:16:41,256 - INFO - JSON IS READY!
2024-09-16 16:16:41,263 - INFO - JSON IS READY!
2024-09-16 16:16:41,271 - INFO - JSON IS READY!
2024-09-16 16:16:41,278 - INFO - JSON IS READY!
2024-09-16 16:16:41,286 - INFO - JSON IS READY!
2024-09-16 16:16:41,293 - INFO - JSON IS READY!
2024-09-16 16:16:41,302 - INFO - JSON IS READY!
2024-09-16 16:16:41,309 - INFO - JSON IS READY!
2024-09-16 16:16:41,316 - INFO - JSON IS READY!
2024-09-16 16:16:41,323 - INFO - JSON IS READY!
2024-09-16 16:16:41,335 - INFO - JSON IS READY!
2024-09-16 16:16:41,351 - INFO - JSON IS READY!
2024-09-16 16:16:41,370 - INFO - JSON IS READY!
2024-09-16 16:16:41,379 - INFO - JSON IS READY!
2024-09-16 16:16:41,392 - INFO - JSON IS READY!
2024-09-16 16:16:42,713 - INFO - JSON IS READY!
2024-09-16 16:16:42,778 - INFO - JSON IS READY!
2024-09-16 16:16:42,818 - INFO - JSON IS READY!
2024-09-16 16:16:44,680 - INFO - JSON IS READY!
2024-09-16 16:16:44,698 - INFO - JSON IS READY!
2024-09-16 16:16:44,721 - INFO - JSON IS READY!
2024-09-16 16:16:46,472 - INFO - JSON IS READY!
2024-09-16 16:16:46,533 - INFO - JSON IS READY!
2024-09-16 16:16:46,546 - INFO - JSON IS READY!
2024-09-16 16:16:48,361 - INFO - JSON IS READY!
2024-09-16 16:16:48,376 - INFO - JSON IS READY!
2024-09-16 16:16:48,392 - INFO - JSON IS READY!
2024-09-16 16:16:50,187 - INFO - JSON IS READY!
2024-09-16 16:16:50,214 - INFO - JSON IS READY!
2024-09-16 16:16:50,344 - INFO - JSON IS READY!
2024-09-16 16:16:52,029 - INFO - JSON IS READY!
2024-09-16 16:16:52,053 - INFO - JSON IS READY!
2024-09-16 16:16:52,149 - INFO - JSON IS READY!
2024-09-16 16:16:53,944 - INFO - JSON IS READY!
2024-09-16 16:17:04,919 - INFO - JSON IS READY!
2024-09-16 16:17:04,928 - INFO - JSON IS READY!
2024-09-16 16:17:13,620 - ERROR - CAN NOT  PREPARE 444376203!
ERORR:
Traceback (most recent call last):
  File "/home/sjd/Documents/Realstate-Ads-Data-divar-sheypoor/parser/lev3_parser/syp_lev3_parser/fun_syp_parser_lev3.py", line 109, in syp_parser3
    real_state['room'] = int(data['main']['property'][decnum(data['main']['property'], 'تعداد اتاق')]['تعداد اتاق'])
ValueError: invalid literal for int() with base 10: '5 به بالا'
2024-09-16 16:17:13,666 - INFO - JSON IS READY!
2024-09-16 16:17:22,264 - INFO - JSON IS READY!
2024-09-16 16:17:30,669 - INFO - JSON IS READY!
2024-09-16 16:17:39,258 - INFO - JSON IS READY!
2024-09-16 16:18:47,246 - INFO - JSON IS READY!
2024-09-16 16:18:57,276 - INFO - JSON IS READY!
2024-09-16 16:19:07,297 - INFO - JSON IS READY!
2024-09-16 16:19:17,318 - INFO - JSON IS READY!
2024-09-16 16:19:27,339 - INFO - JSON IS READY!
2024-09-16 16:19:27,348 - INFO - JSON IS READY!
2024-09-16 16:19:27,355 - INFO - JSON IS READY!
2024-09-16 16:19:27,362 - INFO - JSON IS READY!
2024-09-16 16:19:27,371 - INFO - JSON IS READY!
2024-09-16 16:19:27,378 - INFO - JSON IS READY!
2024-09-16 16:19:32,591 - INFO - JSON IS READY!
2024-09-16 16:19:32,601 - INFO - JSON IS READY!
2024-09-16 16:19:32,609 - INFO - JSON IS READY!
2024-09-16 16:19:34,396 - INFO - JSON IS READY!
2024-09-16 16:19:34,446 - INFO - JSON IS READY!
2024-09-16 16:19:34,466 - INFO - JSON IS READY!
2024-09-16 16:19:36,247 - INFO - JSON IS READY!
2024-09-16 16:19:36,268 - INFO - JSON IS READY!
2024-09-16 16:19:36,285 - INFO - JSON IS READY!
2024-09-16 16:19:38,137 - INFO - JSON IS READY!
2024-09-16 16:19:38,161 - INFO - JSON IS READY!
2024-09-16 16:19:38,183 - INFO - JSON IS READY!
2024-09-16 16:19:40,001 - INFO - JSON IS READY!
2024-09-16 16:19:41,133 - INFO - JSON IS READY!
2024-09-16 16:19:41,161 - INFO - JSON IS READY!
2024-09-16 16:19:41,872 - INFO - JSON IS READY!
2024-09-16 16:19:42,935 - INFO - JSON IS READY!
2024-09-16 16:19:43,020 - INFO - JSON IS READY!
2024-09-16 16:19:43,729 - INFO - JSON IS READY!
2024-09-16 16:20:29,700 - INFO - JSON IS READY!
2024-09-16 16:20:39,716 - INFO - JSON IS READY!
2024-09-16 16:20:49,735 - INFO - JSON IS READY!
2024-09-16 16:20:59,765 - INFO - JSON IS READY!
2024-09-16 16:21:09,791 - INFO - JSON IS READY!
2024-09-16 16:21:19,815 - INFO - JSON IS READY!
2024-09-16 16:21:29,833 - INFO - JSON IS READY!
2024-09-16 16:21:39,854 - INFO - JSON IS READY!
2024-09-16 16:21:49,873 - INFO - JSON IS READY!
2024-09-16 16:21:59,886 - INFO - JSON IS READY!
2024-09-16 16:22:09,903 - INFO - JSON IS READY!
2024-09-16 16:22:19,926 - INFO - JSON IS READY!
2024-09-16 16:22:29,948 - INFO - JSON IS READY!
2024-09-16 16:22:39,975 - INFO - JSON IS READY!
2024-09-16 16:22:49,992 - INFO - JSON IS READY!
2024-09-16 16:22:57,400 - INFO - JSON IS READY!
2024-09-16 16:22:57,416 - INFO - JSON IS READY!
2024-09-16 16:22:57,429 - INFO - JSON IS READY!
2024-09-16 16:22:57,439 - INFO - JSON IS READY!
2024-09-16 16:22:57,455 - INFO - JSON IS READY!
2024-09-16 16:22:57,464 - INFO - JSON IS READY!
2024-09-16 16:22:57,475 - INFO - JSON IS READY!
2024-09-16 16:22:57,486 - INFO - JSON IS READY!
2024-09-16 16:22:57,499 - INFO - JSON IS READY!
2024-09-16 16:22:57,509 - INFO - JSON IS READY!
2024-09-16 16:22:57,521 - INFO - JSON IS READY!
2024-09-16 16:22:57,533 - INFO - JSON IS READY!
2024-09-16 16:22:57,552 - INFO - JSON IS READY!
2024-09-16 16:22:57,566 - INFO - JSON IS READY!
2024-09-16 16:22:57,575 - INFO - JSON IS READY!
2024-09-16 16:22:57,586 - INFO - JSON IS READY!
2024-09-16 16:22:57,593 - INFO - JSON IS READY!
2024-09-16 16:22:57,604 - INFO - JSON IS READY!
2024-09-16 16:22:57,616 - INFO - JSON IS READY!
2024-09-16 16:22:57,634 - INFO - JSON IS READY!
2024-09-16 16:22:57,650 - INFO - JSON IS READY!
2024-09-16 16:22:57,670 - INFO - JSON IS READY!
2024-09-16 16:22:57,682 - INFO - JSON IS READY!
2024-09-16 16:22:57,690 - INFO - JSON IS READY!
2024-09-16 16:22:59,224 - INFO - JSON IS READY!
2024-09-16 16:22:59,238 - INFO - JSON IS READY!
2024-09-16 16:22:59,275 - INFO - JSON IS READY!
2024-09-16 16:23:01,030 - INFO - JSON IS READY!
2024-09-16 16:23:01,100 - INFO - JSON IS READY!
2024-09-16 16:23:01,109 - INFO - JSON IS READY!
2024-09-16 16:23:02,884 - INFO - JSON IS READY!
2024-09-16 16:23:02,971 - INFO - JSON IS READY!
2024-09-16 16:23:03,391 - INFO - JSON IS READY!
2024-09-16 16:23:04,720 - INFO - JSON IS READY!
2024-09-16 16:23:04,782 - INFO - JSON IS READY!
2024-09-16 16:23:05,219 - INFO - JSON IS READY!
2024-09-16 16:23:06,527 - INFO - JSON IS READY!
2024-09-16 16:23:06,590 - INFO - JSON IS READY!
2024-09-16 16:23:07,019 - INFO - JSON IS READY!
2024-09-16 16:23:08,378 - INFO - JSON IS READY!
2024-09-16 16:23:08,458 - INFO - JSON IS READY!
2024-09-16 16:23:08,958 - INFO - JSON IS READY!
2024-09-16 16:23:10,097 - INFO - JSON IS READY!
2024-09-16 16:23:10,283 - INFO - JSON IS READY!
2024-09-16 16:23:10,721 - INFO - JSON IS READY!
2024-09-16 16:23:11,915 - INFO - JSON IS READY!
2024-09-16 16:23:12,132 - INFO - JSON IS READY!
2024-09-16 16:23:12,573 - INFO - JSON IS READY!
2024-09-16 16:23:13,792 - INFO - JSON IS READY!
2024-09-16 16:23:13,843 - INFO - JSON IS READY!
2024-09-16 16:23:14,373 - INFO - JSON IS READY!
2024-09-16 16:23:16,149 - INFO - JSON IS READY!
2024-09-16 16:23:16,474 - INFO - JSON IS READY!
2024-09-16 16:23:16,499 - INFO - JSON IS READY!
2024-09-16 16:23:33,783 - INFO - JSON IS READY!
2024-09-16 16:23:33,803 - INFO - JSON IS READY!
2024-09-16 16:23:33,823 - INFO - JSON IS READY!
2024-09-16 16:23:35,671 - INFO - JSON IS READY!
2024-09-16 16:23:35,692 - INFO - JSON IS READY!
2024-09-16 16:23:35,704 - INFO - JSON IS READY!
2024-09-16 16:23:37,569 - INFO - JSON IS READY!
2024-09-16 16:23:51,125 - INFO - JSON IS READY!
2024-09-16 16:23:51,179 - INFO - JSON IS READY!
2024-09-16 16:23:51,218 - INFO - JSON IS READY!
2024-09-16 16:23:59,706 - INFO - JSON IS READY!
2024-09-16 16:23:59,725 - INFO - JSON IS READY!
2024-09-16 16:24:08,511 - INFO - JSON IS READY!
2024-09-16 16:24:08,527 - INFO - JSON IS READY!
2024-09-16 16:24:08,592 - INFO - JSON IS READY!
2024-09-16 16:24:17,192 - ERROR - CAN NOT  PREPARE 444376431!
ERORR:
Traceback (most recent call last):
  File "/home/sjd/Documents/Realstate-Ads-Data-divar-sheypoor/parser/lev3_parser/syp_lev3_parser/fun_syp_parser_lev3.py", line 109, in syp_parser3
    real_state['room'] = int(data['main']['property'][decnum(data['main']['property'], 'تعداد اتاق')]['تعداد اتاق'])
ValueError: invalid literal for int() with base 10: 'بدون اتاق'
2024-09-16 16:24:17,226 - INFO - JSON IS READY!
2024-09-16 16:24:25,820 - INFO - JSON IS READY!
2024-09-16 16:24:25,832 - INFO - JSON IS READY!
2024-09-16 16:24:25,846 - ERROR - CAN NOT  PREPARE 443003087!
ERORR:
Traceback (most recent call last):
  File "/home/sjd/Documents/Realstate-Ads-Data-divar-sheypoor/parser/lev3_parser/syp_lev3_parser/fun_syp_parser_lev3.py", line 109, in syp_parser3
    real_state['room'] = int(data['main']['property'][decnum(data['main']['property'], 'تعداد اتاق')]['تعداد اتاق'])
ValueError: invalid literal for int() with base 10: '۵ به بالا'
2024-09-16 16:24:27,666 - INFO - JSON IS READY!
2024-09-16 16:24:27,703 - INFO - JSON IS READY!
2024-09-16 16:24:27,767 - INFO - JSON IS READY!
2024-09-16 16:24:29,555 - INFO - JSON IS READY!
2024-09-16 16:24:29,603 - INFO - JSON IS READY!
2024-09-16 16:24:34,317 - INFO - JSON IS READY!
2024-09-16 16:24:34,327 - INFO - JSON IS READY!
2024-09-16 16:24:34,358 - INFO - JSON IS READY!
2024-09-16 16:24:42,844 - INFO - JSON IS READY!
2024-09-16 16:24:42,889 - INFO - JSON IS READY!
2024-09-16 16:24:51,486 - INFO - JSON IS READY!
2024-09-16 16:24:51,536 - INFO - JSON IS READY!
2024-09-16 16:24:51,559 - INFO - JSON IS READY!
2024-09-16 16:24:53,325 - INFO - JSON IS READY!
2024-09-16 16:24:53,358 - INFO - JSON IS READY!
2024-09-16 16:25:00,006 - INFO - JSON IS READY!
2024-09-16 16:25:08,581 - ERROR - CAN NOT  PREPARE 438242944!
ERORR:
Traceback (most recent call last):
  File "/home/sjd/Documents/Realstate-Ads-Data-divar-sheypoor/parser/lev3_parser/syp_lev3_parser/fun_syp_parser_lev3.py", line 109, in syp_parser3
    real_state['room'] = int(data['main']['property'][decnum(data['main']['property'], 'تعداد اتاق')]['تعداد اتاق'])
ValueError: invalid literal for int() with base 10: '۵ به بالا'
2024-09-16 16:25:08,591 - INFO - JSON IS READY!
2024-09-16 16:25:08,602 - INFO - JSON IS READY!
2024-09-16 16:25:10,327 - INFO - JSON IS READY!
2024-09-16 16:25:17,213 - INFO - JSON IS READY!
2024-09-16 16:25:17,236 - INFO - JSON IS READY!
2024-09-16 16:25:17,248 - INFO - JSON IS READY!
2024-09-16 16:25:39,059 - INFO - JSON IS READY!
2024-09-16 16:25:49,078 - INFO - JSON IS READY!
2024-09-16 16:26:05,708 - INFO - JSON IS READY!
2024-09-16 16:26:34,637 - INFO - JSON IS READY!
2024-09-16 16:26:44,663 - INFO - JSON IS READY!
2024-09-16 16:26:54,686 - INFO - JSON IS READY!
